<?xml version="1.0" encoding="UTF-8" ?>
<ODM xmlns="http://www.cdisc.org/ns/odm/v1.3" xmlns:ds="http://www.w3.org/2000/09/xmldsig#" xmlns:xsi="http://www.w3.org/2001/XMLSchema-instance" xmlns:redcap="https://projectredcap.org" xsi:schemaLocation="http://www.cdisc.org/ns/odm/v1.3 schema/odm/ODM1-3-1.xsd" ODMVersion="1.3.1" FileOID="000-00-0000" FileType="Snapshot" Description="GECCO_TEST (2021-01-14)" AsOfDateTime="2021-02-02T09:48:43" CreationDateTime="2021-02-02T09:48:43" SourceSystem="REDCap" SourceSystemVersion="10.0.19">
<ClinicalData StudyOID="Project.GECCOTEST20210114" MetaDataVersionOID="Metadata.GECCOTEST20210114_2021-02-02_0948">
	<SubjectData SubjectKey="2" redcap:RecordIdField="record_id">
			<FormData FormOID="Form.krankheitsbeginn_aufnahme" FormRepeatKey="1">
				<ItemGroupData ItemGroupOID="krankheitsbeginn_aufnahme.record_id" ItemGroupRepeatKey="1">
					<ItemData ItemOID="record_id" Value="2"/>
					<ItemData ItemOID="redcap_data_access_group" Value=""/>
				</ItemGroupData>
				<ItemGroupData ItemGroupOID="krankheitsbeginn_aufnahme.patient_id" ItemGroupRepeatKey="1">
					<ItemData ItemOID="patient_id" Value="123456789"/>
				</ItemGroupData>
				<ItemGroupData ItemGroupOID="krankheitsbeginn_aufnahme.aufnahmedatum" ItemGroupRepeatKey="1">
					<ItemData ItemOID="aufnahmedatum" Value=""/>
				</ItemGroupData>
				<ItemGroupData ItemGroupOID="krankheitsbeginn_aufnahme.erkrankungsphase_zum_zeitpunkt_der_diagnose_code" ItemGroupRepeatKey="1">
					<ItemData ItemOID="erkrankungsphase_zum_zeitpunkt_der_diagnose_code" Value="2.16.840.1.113883.6.1_88859-4__2.16.840.1.113883.6.96_385349001"/>
					<ItemData ItemOID="erkrankungsphase_zum_zeitpunkt_der_diagnose" Value="2.16.840.1.113883.6.96_255604002__2.16.840.1.113883.6.96_371923003"/>
				</ItemGroupData>
				<ItemGroupData ItemGroupOID="krankheitsbeginn_aufnahme.krankheitsbeginn_aufnahme_complete" ItemGroupRepeatKey="1">
					<ItemData ItemOID="krankheitsbeginn_aufnahme_complete" Value="2"/>
				</ItemGroupData>
			</FormData>
			<FormData FormOID="Form.studieneinschluss_einschlusskriterien" FormRepeatKey="1">
				<ItemGroupData ItemGroupOID="studieneinschluss_einschlusskriterien.covid19_aufnahme_code" ItemGroupRepeatKey="1">
					<ItemData ItemOID="covid19_aufnahme_code" Value="&lt;No code given!&gt;"/>
					<ItemData ItemOID="covid19_aufnahme" Value="2.16.840.1.113883.6.96_373066001"/>
				</ItemGroupData>
				<ItemGroupData ItemGroupOID="studieneinschluss_einschlusskriterien.interventionelle_studienteilnahme_code" ItemGroupRepeatKey="1">
					<ItemData ItemOID="interventionelle_studienteilnahme_code" Value="&lt;No code given!&gt;"/>
					<ItemData ItemOID="interventionelle_studienteilnahme" Value="2.16.840.1.113883.6.96_261665006"/>
				</ItemGroupData>
				<ItemGroupData ItemGroupOID="studieneinschluss_einschlusskriterien.studieneinschluss_einschlusskriterien_complete" ItemGroupRepeatKey="1">
					<ItemData ItemOID="studieneinschluss_einschlusskriterien_complete" Value="2"/>
				</ItemGroupData>
			</FormData>
			<FormData FormOID="Form.anamnese_risikofaktoren" FormRepeatKey="1">
				<ItemGroupData ItemGroupOID="anamnese_risikofaktoren.chronische_lungenerkrankungen_code" ItemGroupRepeatKey="1">
					<ItemData ItemOID="chronische_lungenerkrankungen_code" Value="1.2.276.0.76.5.409_J98.4__2.16.840.1.113883.6.96_413839001"/>
					<ItemData ItemOID="chronische_lungenerkrankungen" Value="1.2.276.0.76.5.409_J98.4__2.16.840.1.113883.6.96_413839001__2.16.840.1.113883.6.96_410594000"/>
				</ItemGroupData>
				<ItemGroupData ItemGroupOID="anamnese_risikofaktoren.chronische_lungenerkrankungen_asthma" ItemGroupRepeatKey="1">
					<ItemData ItemOID="chronische_lungenerkrankungen_asthma" Value=""/>
					<ItemData ItemOID="chronische_lungenerkrankungen_copd" Value=""/>
					<ItemData ItemOID="chronische_lungenerkrankungen_lungenfibrose" Value=""/>
					<ItemData ItemOID="chronische_lungenerkrankungen_lungenhochdruck_pulmonale_hypertonie" Value=""/>
					<ItemData ItemOID="chronische_lungenerkrankungen_ohs" Value=""/>
					<ItemData ItemOID="chronische_lungenerkrankungen_schlafapnoe" Value=""/>
					<ItemData ItemOID="chronische_lungenerkrankungen_osas" Value=""/>
					<ItemData ItemOID="chronische_lungenerkrankungen_cystische_fibrose" Value=""/>
					<ItemData ItemOID="chronische_lungenerkrankungen_andere" Value=""/>
					<ItemData ItemOID="chronische_lungenerkrankungen_andere_textfeld" Value=""/>
				</ItemGroupData>
				<ItemGroupData ItemGroupOID="anamnese_risikofaktoren.herzkreislauferkrankungen_code" ItemGroupRepeatKey="1">
					<ItemData ItemOID="herzkreislauferkrankungen_code" Value="1.2.276.0.76.5.409_I51.6__2.16.840.1.113883.6.96_49601007"/>
					<ItemData ItemOID="herzkreislauferkrankungen" Value="1.2.276.0.76.5.409_I51.6__2.16.840.1.113883.6.96_49601007__2.16.840.1.113883.6.96_410594000"/>
				</ItemGroupData>
				<ItemGroupData ItemGroupOID="anamnese_risikofaktoren.herzkreislauferkrankungen_bluthochdruck" ItemGroupRepeatKey="1">
					<ItemData ItemOID="herzkreislauferkrankungen_bluthochdruck" Value=""/>
					<ItemData ItemOID="herzkreislauferkrankungen_zustand_nach_herzinfarkt" Value=""/>
					<ItemData ItemOID="herzkreislauferkrankungen_herzrhythmusstoerungen" Value=""/>
					<ItemData ItemOID="herzkreislauferkrankungen_herzinsuffizienz" Value=""/>
					<ItemData ItemOID="herzkreislauferkrankungen_pavk" Value=""/>
					<ItemData ItemOID="herzkreislauferkrankungen_zustand_nach_revaskularisation" Value=""/>
					<ItemData ItemOID="herzkreislauferkrankungen_koronare_herzerkrankung_khk" Value=""/>
					<ItemData ItemOID="herzkreislauferkrankungen_carotisstenose" Value=""/>
					<ItemData ItemOID="herzkreislauferkrankungen_andere" Value=""/>
					<ItemData ItemOID="herzkreislauferkrankungen_andere_textfeld" Value=""/>
				</ItemGroupData>
				<ItemGroupData ItemGroupOID="anamnese_risikofaktoren.chronische_lebererkrankungen_code" ItemGroupRepeatKey="1">
					<ItemData ItemOID="chronische_lebererkrankungen_code" Value="1.2.276.0.76.5.409_K76.9__2.16.840.1.113883.6.96_328383001"/>
					<ItemData ItemOID="chronische_lebererkrankungen" Value="1.2.276.0.76.5.409_K76.9__2.16.840.1.113883.6.96_328383001__2.16.840.1.113883.6.96_410605003"/>
				</ItemGroupData>
				<ItemGroupData ItemGroupOID="anamnese_risikofaktoren.chronische_lebererkrankungen_fettleber" ItemGroupRepeatKey="1">
					<ItemData ItemOID="chronische_lebererkrankungen_fettleber" Value="1.2.276.0.76.5.409_K70.0__1.2.276.0.76.5.409_K76.0__2.16.840.1.113883.6.96_197321007__2.16.840.1.113883.6.96_410594000"/>
					<ItemData ItemOID="chronische_lebererkrankungen_leberzirrhose" Value="1.2.276.0.76.5.409_K74.6__2.16.840.1.113883.6.96_19943007__2.16.840.1.113883.6.96_410605003"/>
					<ItemData ItemOID="chronische_lebererkrankungen_chronische_infektioese_hepatitis" Value="1.2.276.0.76.5.409_B18.9__2.16.840.1.113883.6.96_10295004__2.16.840.1.113883.6.96_410594000"/>
					<ItemData ItemOID="chronische_lebererkrankungen_autoimmune_lebererkrankungen" Value="2.16.840.1.113883.6.96_235890007__2.16.840.1.113883.6.96_410594000"/>
					<ItemData ItemOID="chronische_lebererkrankungen_andere" Value="1.2.276.0.76.5.409_K70-K77__2.16.840.1.113883.6.96_LESSTHAN235856003__2.16.840.1.113883.6.96_410594000"/>
					<ItemData ItemOID="chronische_lebererkrankungen_andere_textfeld" Value=""/>
				</ItemGroupData>
				<ItemGroupData ItemGroupOID="anamnese_risikofaktoren.rheumatologischeimmunologische_erkrankungen_code" ItemGroupRepeatKey="1">
					<ItemData ItemOID="rheumatologischeimmunologische_erkrankungen_code" Value="2.16.840.1.113883.6.96_396332003__2.16.840.1.113883.6.96_414029004"/>
					<ItemData ItemOID="rheumatologischeimmunologische_erkrankungen" Value="2.16.840.1.113883.6.96_396332003__2.16.840.1.113883.6.96_414029004__2.16.840.1.113883.6.96_410605003"/>
				</ItemGroupData>
				<ItemGroupData ItemGroupOID="anamnese_risikofaktoren.rheumatologischeimmunologische_erkrankungen_chronisch_entzuendl_darmerkrankung" ItemGroupRepeatKey="1">
					<ItemData ItemOID="rheumatologischeimmunologische_erkrankungen_chronisch_entzuendl_darmerkrankung" Value=""/>
					<ItemData ItemOID="rheumatologischeimmunologische_erkrankungen_rheumatoide_arthritis" Value=""/>
					<ItemData ItemOID="rheumatologischeimmunologische_erkrankungen_kollagenosen" Value=""/>
					<ItemData ItemOID="rheumatologischeimmunologische_erkrankungen_vaskulitiden" Value=""/>
					<ItemData ItemOID="rheumatologischeimmunologische_erkrankungen_angeborene_immundefekte" Value=""/>
					<ItemData ItemOID="rheumatologischeimmunologische_erkrankungen_andere" Value=""/>
					<ItemData ItemOID="rheumatologischeimmunologische_erkrankungen_andere_textfeld" Value=""/>
				</ItemGroupData>
				<ItemGroupData ItemGroupOID="anamnese_risikofaktoren.bestehende_hivinfektion_code" ItemGroupRepeatKey="1">
					<ItemData ItemOID="bestehende_hivinfektion_code" Value="1.2.276.0.76.5.409_B24__2.16.840.1.113883.6.96_86406008"/>
					<ItemData ItemOID="bestehende_hivinfektion" Value="2.16.840.1.113883.4.642.4.1048_unknown__2.16.840.1.113883.6.96_261665006"/>
				</ItemGroupData>
				<ItemGroupData ItemGroupOID="anamnese_risikofaktoren.organtransplantiert_code" ItemGroupRepeatKey="1">
					<ItemData ItemOID="organtransplantiert_code" Value="1.2.276.0.76.5.409_Z94.9__2.16.840.1.113883.6.96_161663000"/>
					<ItemData ItemOID="organtransplantiert" Value="1.2.276.0.76.5.409_Z94.9__2.16.840.1.113883.6.96_161663000__2.16.840.1.113883.6.96_410594000"/>
				</ItemGroupData>
				<ItemGroupData ItemGroupOID="anamnese_risikofaktoren.organtransplantiert_herz" ItemGroupRepeatKey="1">
					<ItemData ItemOID="organtransplantiert_herz" Value=""/>
					<ItemData ItemOID="organtransplantiert_lunge" Value=""/>
					<ItemData ItemOID="organtransplantiert_leber" Value=""/>
					<ItemData ItemOID="organtransplantiert_nieren" Value=""/>
					<ItemData ItemOID="organtransplantiert_darm" Value=""/>
					<ItemData ItemOID="organtransplantiert_haut" Value=""/>
					<ItemData ItemOID="organtransplantiert_hornhaut" Value=""/>
					<ItemData ItemOID="organtransplantiert_gehoerknoechelchen" Value=""/>
					<ItemData ItemOID="organtransplantiert_herzklappen" Value=""/>
					<ItemData ItemOID="organtransplantiert_blutgefaess" Value=""/>
					<ItemData ItemOID="organtransplantiert_hirnhaut" Value=""/>
					<ItemData ItemOID="organtransplantiert_knochengewebe" Value=""/>
					<ItemData ItemOID="organtransplantiert_knorpelgewebe" Value=""/>
					<ItemData ItemOID="organtransplantiert_sehne" Value=""/>
				</ItemGroupData>
				<ItemGroupData ItemGroupOID="anamnese_risikofaktoren.diabetes_code" ItemGroupRepeatKey="1">
					<ItemData ItemOID="diabetes_code" Value="1.2.276.0.76.5.409_E14__2.16.840.1.113883.6.96_73211009"/>
					<ItemData ItemOID="diabetes" Value="1.2.276.0.76.5.409_E11.9__2.16.840.1.113883.6.96_44054006"/>
				</ItemGroupData>
				<ItemGroupData ItemGroupOID="anamnese_risikofaktoren.aktive_tumorkrebserkrankungen_code" ItemGroupRepeatKey="1">
					<ItemData ItemOID="aktive_tumorkrebserkrankungen_code" Value="1.2.276.0.76.5.409_C80.9__2.16.840.1.113883.6.96_363346000"/>
					<ItemData ItemOID="aktive_tumorkrebserkrankungen" Value="2.16.840.1.113883.6.96_410594000"/>
				</ItemGroupData>
				<ItemGroupData ItemGroupOID="anamnese_risikofaktoren.raucherstatus_code" ItemGroupRepeatKey="1">
					<ItemData ItemOID="raucherstatus_code" Value="2.16.840.1.113883.6.1_72166-2"/>
					<ItemData ItemOID="raucherstatus" Value="2.16.840.1.113883.6.1_LA18978-9"/>
				</ItemGroupData>
				<ItemGroupData ItemGroupOID="anamnese_risikofaktoren.chronische_neurologische_oder_psychiatrische_erkrankungen_code" ItemGroupRepeatKey="1">
					<ItemData ItemOID="chronische_neurologische_oder_psychiatrische_erkrankungen_code" Value="1.2.276.0.76.5.409_F99__1.2.276.0.76.5.409_G96.9__2.16.840.1.113883.6.96_74732009__2.16.840.1.113883.6.96_128283000"/>
					<ItemData ItemOID="chronische_neurologische_oder_psychiatrische_erkrankungen" Value="1.2.276.0.76.5.409_F99__1.2.276.0.76.5.409_G96.9__2.16.840.1.113883.6.96_74732009__2.16.840.1.113883.6.96_128283000__2.16.840.1.113883.6.96_410594000"/>
				</ItemGroupData>
				<ItemGroupData ItemGroupOID="anamnese_risikofaktoren.chronische_neurologische_oder_psychiatrische_erkrankungen_m_parkinson" ItemGroupRepeatKey="1">
					<ItemData ItemOID="chronische_neurologische_oder_psychiatrische_erkrankungen_m_parkinson" Value=""/>
					<ItemData ItemOID="chronische_neurologische_oder_psychiatrische_erkrankungen_demenz" Value=""/>
					<ItemData ItemOID="chronische_neurologische_oder_psychiatrische_erkrankungen_multiple_sklerose" Value=""/>
					<ItemData ItemOID="chronische_neurologische_oder_psychiatrische_erkrankungen_neuromuskulaere_erkrankungen" Value=""/>
					<ItemData ItemOID="chronische_neurologische_oder_psychiatrische_erkrankungen_epilepsie" Value=""/>
					<ItemData ItemOID="chronische_neurologische_oder_psychiatrische_erkrankungen_migraene" Value=""/>
					<ItemData ItemOID="chronische_neurologische_oder_psychiatrische_erkrankungen_zn_apoplex_mit_residuen" Value=""/>
					<ItemData ItemOID="chronische_neurologische_oder_psychiatrische_erkrankungen_zn_apoplex_ohne_residuen" Value=""/>
					<ItemData ItemOID="chronische_neurologische_oder_psychiatrische_erkrankungen_psychose" Value=""/>
					<ItemData ItemOID="chronische_neurologische_oder_psychiatrische_erkrankungen_depression" Value=""/>
					<ItemData ItemOID="chronische_neurologische_oder_psychiatrische_erkrankungen_angsterkrankung" Value=""/>
				</ItemGroupData>
				<ItemGroupData ItemGroupOID="anamnese_risikofaktoren.bestehende_sauerstoff_oder_beatmungstherapie_code" ItemGroupRepeatKey="1">
					<ItemData ItemOID="bestehende_sauerstoff_oder_beatmungstherapie_code" Value="2.16.840.1.113883.6.96_53950000"/>
					<ItemData ItemOID="bestehende_sauerstoff_oder_beatmungstherapie" Value="2.16.840.1.113883.4.642.4.1048_not-performed__2.16.840.1.113883.4.642.4.110_not-done"/>
				</ItemGroupData>
				<ItemGroupData ItemGroupOID="anamnese_risikofaktoren.chronische_nierenerkrankungen_code" ItemGroupRepeatKey="1">
					<ItemData ItemOID="chronische_nierenerkrankungen_code" Value="1.2.276.0.76.5.409_N18.9__2.16.840.1.113883.6.96_709044004"/>
					<ItemData ItemOID="chronische_nierenerkrankungen" Value="2.16.840.1.113883.6.96_410594000"/>
				</ItemGroupData>
				<ItemGroupData ItemGroupOID="anamnese_risikofaktoren.chronische_nierenerkrankungen_schweregrad" ItemGroupRepeatKey="1">
					<ItemData ItemOID="chronische_nierenerkrankungen_schweregrad" Value=""/>
				</ItemGroupData>
				<ItemGroupData ItemGroupOID="anamnese_risikofaktoren.reiseaktivitat_code" ItemGroupRepeatKey="1">
					<ItemData ItemOID="reiseaktivitat_code" Value="2.16.840.1.113883.6.1_8691-8__2.16.840.1.113883.6.96_443846001"/>
					<ItemData ItemOID="reiseaktivitat" Value="2.16.840.1.113883.6.96_373066001"/>
				</ItemGroupData>
				<ItemGroupData ItemGroupOID="anamnese_risikofaktoren.reiseaktivitat_start_date_1" ItemGroupRepeatKey="1">
					<ItemData ItemOID="reiseaktivitat_start_date_1" Value=""/>
				</ItemGroupData>
				<ItemGroupData ItemGroupOID="anamnese_risikofaktoren.reiseaktivitat_country_1" ItemGroupRepeatKey="1">
					<ItemData ItemOID="reiseaktivitat_country_1" Value=""/>
					<ItemData ItemOID="reiseaktivitat_state_1" Value=""/>
					<ItemData ItemOID="reiseaktivitat_city_1" Value=""/>
					<ItemData ItemOID="reiseaktivitat_end_date_1" Value=""/>
				</ItemGroupData>
				<ItemGroupData ItemGroupOID="anamnese_risikofaktoren.reiseaktivitat_start_date_2" ItemGroupRepeatKey="1">
					<ItemData ItemOID="reiseaktivitat_start_date_2" Value=""/>
				</ItemGroupData>
				<ItemGroupData ItemGroupOID="anamnese_risikofaktoren.reiseaktivitat_country_2" ItemGroupRepeatKey="1">
					<ItemData ItemOID="reiseaktivitat_country_2" Value=""/>
					<ItemData ItemOID="reiseaktivitat_state_2" Value=""/>
					<ItemData ItemOID="reiseaktivitat_city_2" Value=""/>
					<ItemData ItemOID="reiseaktivitat_end_date_2" Value=""/>
				</ItemGroupData>
				<ItemGroupData ItemGroupOID="anamnese_risikofaktoren.reiseaktivitat_start_date_3" ItemGroupRepeatKey="1">
					<ItemData ItemOID="reiseaktivitat_start_date_3" Value=""/>
				</ItemGroupData>
				<ItemGroupData ItemGroupOID="anamnese_risikofaktoren.reiseaktivitat_country_3" ItemGroupRepeatKey="1">
					<ItemData ItemOID="reiseaktivitat_country_3" Value=""/>
					<ItemData ItemOID="reiseaktivitat_state_3" Value=""/>
					<ItemData ItemOID="reiseaktivitat_city_3" Value=""/>
					<ItemData ItemOID="reiseaktivitat_end_date_3" Value=""/>
				</ItemGroupData>
				<ItemGroupData ItemGroupOID="anamnese_risikofaktoren.reiseaktivitat_start_date_4" ItemGroupRepeatKey="1">
					<ItemData ItemOID="reiseaktivitat_start_date_4" Value=""/>
				</ItemGroupData>
				<ItemGroupData ItemGroupOID="anamnese_risikofaktoren.reiseaktivitat_country_4" ItemGroupRepeatKey="1">
					<ItemData ItemOID="reiseaktivitat_country_4" Value=""/>
					<ItemData ItemOID="reiseaktivitat_state_4" Value=""/>
					<ItemData ItemOID="reiseaktivitat_city_4" Value=""/>
					<ItemData ItemOID="reiseaktivitat_end_date_4" Value=""/>
				</ItemGroupData>
				<ItemGroupData ItemGroupOID="anamnese_risikofaktoren.reiseaktivitat_start_date_5" ItemGroupRepeatKey="1">
					<ItemData ItemOID="reiseaktivitat_start_date_5" Value=""/>
				</ItemGroupData>
				<ItemGroupData ItemGroupOID="anamnese_risikofaktoren.reiseaktivitat_country_5" ItemGroupRepeatKey="1">
					<ItemData ItemOID="reiseaktivitat_country_5" Value=""/>
					<ItemData ItemOID="reiseaktivitat_state_5" Value=""/>
					<ItemData ItemOID="reiseaktivitat_city_5" Value=""/>
					<ItemData ItemOID="reiseaktivitat_end_date_5" Value=""/>
				</ItemGroupData>
				<ItemGroupData ItemGroupOID="anamnese_risikofaktoren.reiseaktivitat_start_date_6" ItemGroupRepeatKey="1">
					<ItemData ItemOID="reiseaktivitat_start_date_6" Value=""/>
				</ItemGroupData>
				<ItemGroupData ItemGroupOID="anamnese_risikofaktoren.reiseaktivitat_country_6" ItemGroupRepeatKey="1">
					<ItemData ItemOID="reiseaktivitat_country_6" Value=""/>
					<ItemData ItemOID="reiseaktivitat_state_6" Value=""/>
					<ItemData ItemOID="reiseaktivitat_city_6" Value=""/>
					<ItemData ItemOID="reiseaktivitat_end_date_6" Value=""/>
				</ItemGroupData>
				<ItemGroupData ItemGroupOID="anamnese_risikofaktoren.reiseaktivitat_start_date_7" ItemGroupRepeatKey="1">
					<ItemData ItemOID="reiseaktivitat_start_date_7" Value=""/>
				</ItemGroupData>
				<ItemGroupData ItemGroupOID="anamnese_risikofaktoren.reiseaktivitat_country_7" ItemGroupRepeatKey="1">
					<ItemData ItemOID="reiseaktivitat_country_7" Value=""/>
					<ItemData ItemOID="reiseaktivitat_state_7" Value=""/>
					<ItemData ItemOID="reiseaktivitat_city_7" Value=""/>
					<ItemData ItemOID="reiseaktivitat_end_date_7" Value=""/>
				</ItemGroupData>
				<ItemGroupData ItemGroupOID="anamnese_risikofaktoren.reiseaktivitat_start_date_8" ItemGroupRepeatKey="1">
					<ItemData ItemOID="reiseaktivitat_start_date_8" Value=""/>
				</ItemGroupData>
				<ItemGroupData ItemGroupOID="anamnese_risikofaktoren.reiseaktivitat_country_8" ItemGroupRepeatKey="1">
					<ItemData ItemOID="reiseaktivitat_country_8" Value=""/>
					<ItemData ItemOID="reiseaktivitat_state_8" Value=""/>
					<ItemData ItemOID="reiseaktivitat_city_8" Value=""/>
					<ItemData ItemOID="reiseaktivitat_end_date_8" Value=""/>
				</ItemGroupData>
				<ItemGroupData ItemGroupOID="anamnese_risikofaktoren.reiseaktivitat_start_date_9" ItemGroupRepeatKey="1">
					<ItemData ItemOID="reiseaktivitat_start_date_9" Value=""/>
				</ItemGroupData>
				<ItemGroupData ItemGroupOID="anamnese_risikofaktoren.reiseaktivitat_country_9" ItemGroupRepeatKey="1">
					<ItemData ItemOID="reiseaktivitat_country_9" Value=""/>
					<ItemData ItemOID="reiseaktivitat_state_9" Value=""/>
					<ItemData ItemOID="reiseaktivitat_city_9" Value=""/>
					<ItemData ItemOID="reiseaktivitat_end_date_9" Value=""/>
				</ItemGroupData>
				<ItemGroupData ItemGroupOID="anamnese_risikofaktoren.reiseaktivitat_start_date_10" ItemGroupRepeatKey="1">
					<ItemData ItemOID="reiseaktivitat_start_date_10" Value=""/>
				</ItemGroupData>
				<ItemGroupData ItemGroupOID="anamnese_risikofaktoren.reiseaktivitat_country_10" ItemGroupRepeatKey="1">
					<ItemData ItemOID="reiseaktivitat_country_10" Value=""/>
					<ItemData ItemOID="reiseaktivitat_state_10" Value=""/>
					<ItemData ItemOID="reiseaktivitat_city_10" Value=""/>
					<ItemData ItemOID="reiseaktivitat_end_date_10" Value=""/>
				</ItemGroupData>
				<ItemGroupData ItemGroupOID="anamnese_risikofaktoren.magengeschwure_code" ItemGroupRepeatKey="1">
					<ItemData ItemOID="magengeschwure_code" Value="1.2.276.0.76.5.409_K28__2.16.840.1.113883.6.96_40845000"/>
					<ItemData ItemOID="magengeschwure" Value="2.16.840.1.113883.6.96_410594000"/>
				</ItemGroupData>
				<ItemGroupData ItemGroupOID="anamnese_risikofaktoren.impfungen_code" ItemGroupRepeatKey="1">
					<ItemData ItemOID="impfungen_code" Value="&lt;No code given!&gt;"/>
				</ItemGroupData>
				<ItemGroupData ItemGroupOID="anamnese_risikofaktoren.impfungen_influenza" ItemGroupRepeatKey="1">
					<ItemData ItemOID="impfungen_influenza" Value="2.16.840.1.113883.6.96_6142004__2.16.840.1.113883.6.96_261665006"/>
					<ItemData ItemOID="impfungen_pneumokokken" Value="2.16.840.1.113883.6.96_16814004__2.16.840.1.113883.6.96_261665006"/>
					<ItemData ItemOID="impfungen_bcg" Value="2.16.840.1.113883.6.96_56717001__2.16.840.1.113883.6.96_261665006"/>
					<ItemData ItemOID="impfungen_covid_19" Value="2.16.840.1.113883.6.96_840539006__2.16.840.1.113883.6.96_261665006"/>
					<ItemData ItemOID="impfungen_andere" Value="NoCodeSystem_NoCode__2.16.840.1.113883.6.96_261665006"/>
					<ItemData ItemOID="impfungen_influenza_datum" Value=""/>
					<ItemData ItemOID="impfungen_pneumokokken_datum" Value=""/>
					<ItemData ItemOID="impfungen_bcg_datum" Value=""/>
					<ItemData ItemOID="impfungen_covid_19_datum" Value=""/>
					<ItemData ItemOID="impfungen_andere_datum" Value=""/>
					<ItemData ItemOID="impfungen_andere_textfeld" Value=""/>
				</ItemGroupData>
				<ItemGroupData ItemGroupOID="anamnese_risikofaktoren.dnranordnung_code" ItemGroupRepeatKey="1">
					<ItemData ItemOID="dnranordnung_code" Value="2.16.840.1.113883.6.96_304251008"/>
					<ItemData ItemOID="dnranordnung" Value="2.16.840.1.113883.6.96_304253006"/>
				</ItemGroupData>
				<ItemGroupData ItemGroupOID="anamnese_risikofaktoren.anamnese_risikofaktoren_complete" ItemGroupRepeatKey="1">
					<ItemData ItemOID="anamnese_risikofaktoren_complete" Value="0"/>
				</ItemGroupData>
			</FormData>
			<FormData FormOID="Form.bildgebung" FormRepeatKey="1">
				<ItemGroupData ItemGroupOID="bildgebung.bildgebende_verfahren_code" ItemGroupRepeatKey="1">
					<ItemData ItemOID="bildgebende_verfahren_code" Value="2.16.840.1.113883.6.96_363679005"/>
					<ItemData ItemOID="bildgebende_verfahren" Value="1"/>
				</ItemGroupData>
				<ItemGroupData ItemGroupOID="bildgebung.bildgebende_verfahren_ct" ItemGroupRepeatKey="1">
					<ItemData ItemOID="bildgebende_verfahren_ct" Value="1.2.840.10008.2.16.4_CT__2.16.840.1.113883.6.96_77477000COLON363704007EQUAL39607008__2.16.840.1.113883.6.96_410605003"/>
					<ItemData ItemOID="bildgebende_verfahren_roentgen" Value="1.2.840.10008.2.16.4_RG__2.16.840.1.113883.6.96_168537006COLON363704007EQUAL39607008__2.16.840.1.113883.6.96_410594000"/>
					<ItemData ItemOID="bildgebende_verfahren_us" Value="1.2.840.10008.2.16.4_US__2.16.840.1.113883.6.96_16310003COLON363704007EQUAL39607008__2.16.840.1.113883.6.96_410594000"/>
				</ItemGroupData>
				<ItemGroupData ItemGroupOID="bildgebung.befund_bildgebender_verfahren_code" ItemGroupRepeatKey="1">
					<ItemData ItemOID="befund_bildgebender_verfahren_code" Value="2.16.840.1.113883.6.96_118247008"/>
				</ItemGroupData>
				<ItemGroupData ItemGroupOID="bildgebung.befund_bildgebender_verfahren_ct" ItemGroupRepeatKey="1">
					<ItemData ItemOID="befund_bildgebender_verfahren_ct" Value=""/>
					<ItemData ItemOID="befund_bildgebender_verfahren_roentgen" Value=""/>
					<ItemData ItemOID="befund_bildgebender_verfahren_us" Value=""/>
				</ItemGroupData>
				<ItemGroupData ItemGroupOID="bildgebung.bildgebung_complete" ItemGroupRepeatKey="1">
					<ItemData ItemOID="bildgebung_complete" Value="2"/>
				</ItemGroupData>
			</FormData>
			<FormData FormOID="Form.demographie" FormRepeatKey="1">
				<ItemGroupData ItemGroupOID="demographie.geburtsdatum_code" ItemGroupRepeatKey="1">
					<ItemData ItemOID="geburtsdatum_code" Value="2.16.840.1.113883.6.1_21112-8__2.16.840.1.113883.6.96_184099003"/>
					<ItemData ItemOID="geburtsdatum" Value="1980-05-20"/>
				</ItemGroupData>
				<ItemGroupData ItemGroupOID="demographie.ethnische_zugehorigkeit_code" ItemGroupRepeatKey="1">
					<ItemData ItemOID="ethnische_zugehorigkeit_code" Value="2.16.840.1.113883.6.96_372148003"/>
					<ItemData ItemOID="ethnische_zugehorigkeit" Value="2.16.840.1.113883.6.96_14045001"/>
				</ItemGroupData>
				<ItemGroupData ItemGroupOID="demographie.biologisches_geschlecht_code" ItemGroupRepeatKey="1">
					<ItemData ItemOID="biologisches_geschlecht_code" Value="2.16.840.1.113883.6.1_76689-9"/>
					<ItemData ItemOID="biologisches_geschlecht" Value="2.16.840.1.113883.4.642.4.2_male"/>
				</ItemGroupData>
				<ItemGroupData ItemGroupOID="demographie.schwangerschaft_code" ItemGroupRepeatKey="1">
					<ItemData ItemOID="schwangerschaft_code" Value="2.16.840.1.113883.6.1_82810-3"/>
					<ItemData ItemOID="schwangerschaft" Value=""/>
				</ItemGroupData>
				<ItemGroupData ItemGroupOID="demographie.alter_code" ItemGroupRepeatKey="1">
					<ItemData ItemOID="alter_code" Value="2.16.840.1.113883.6.1_30525-0__2.16.840.1.113883.6.96_424144002"/>
					<ItemData ItemOID="alter" Value=""/>
				</ItemGroupData>
				<ItemGroupData ItemGroupOID="demographie.frailtyscore_code" ItemGroupRepeatKey="1">
					<ItemData ItemOID="frailtyscore_code" Value="2.16.840.1.113883.6.96_763264000"/>
					<ItemData ItemOID="frailtyscore" Value="2.25.289763784830452322853973378638183835703_2"/>
				</ItemGroupData>
				<ItemGroupData ItemGroupOID="demographie.gewicht_unit" ItemGroupRepeatKey="1">
					<ItemData ItemOID="gewicht_unit" Value="1"/>
				</ItemGroupData>
				<ItemGroupData ItemGroupOID="demographie.gewicht_code" ItemGroupRepeatKey="1">
					<ItemData ItemOID="gewicht_code" Value="2.16.840.1.113883.6.1_29463-7__2.16.840.1.113883.6.96_27113001"/>
					<ItemData ItemOID="gewicht" Value="100"/>
				</ItemGroupData>
				<ItemGroupData ItemGroupOID="demographie.korpergrose_unit" ItemGroupRepeatKey="1">
					<ItemData ItemOID="korpergrose_unit" Value="1"/>
				</ItemGroupData>
				<ItemGroupData ItemGroupOID="demographie.korpergrose_code" ItemGroupRepeatKey="1">
					<ItemData ItemOID="korpergrose_code" Value="2.16.840.1.113883.6.1_8302-2__2.16.840.1.113883.6.96_50373000"/>
					<ItemData ItemOID="korpergrose" Value="180"/>
				</ItemGroupData>
				<ItemGroupData ItemGroupOID="demographie.demographie_complete" ItemGroupRepeatKey="1">
					<ItemData ItemOID="demographie_complete" Value="1"/>
				</ItemGroupData>
			</FormData>
			<FormData FormOID="Form.epidemiologische_faktoren" FormRepeatKey="1">
				<ItemGroupData ItemGroupOID="epidemiologische_faktoren.kontakt_mit_an_covid19_erkrankter_personq_code" ItemGroupRepeatKey="1">
					<ItemData ItemOID="kontakt_mit_an_covid19_erkrankter_personq_code" Value="2.16.840.1.113883.6.1_88636-6"/>
					<ItemData ItemOID="kontakt_mit_an_covid19_erkrankter_personq" Value="2.16.840.1.113883.6.96_840546002"/>
				</ItemGroupData>
				<ItemGroupData ItemGroupOID="epidemiologische_faktoren.epidemiologische_faktoren_complete" ItemGroupRepeatKey="1">
					<ItemData ItemOID="epidemiologische_faktoren_complete" Value="2"/>
				</ItemGroupData>
			</FormData>
			<FormData FormOID="Form.komplikationen" FormRepeatKey="1">
				<ItemGroupData ItemGroupOID="komplikationen.komplikation_code" ItemGroupRepeatKey="1">
					<ItemData ItemOID="komplikation_code" Value="2.16.840.1.113883.6.1_19817-6__2.16.840.1.113883.6.96_116223007"/>
					<ItemData ItemOID="komplikation" Value="1"/>
				</ItemGroupData>
				<ItemGroupData ItemGroupOID="komplikationen.komplikation_thrombembolische_ereignisse" ItemGroupRepeatKey="1">
					<ItemData ItemOID="komplikation_thrombembolische_ereignisse" Value="2.16.840.1.113883.6.96_439127006__2.16.840.1.113883.6.96_414086009__2.16.840.1.113883.6.96_410594000"/>
					<ItemData ItemOID="komplikation_venoese_thrombose" Value=""/>
					<ItemData ItemOID="komplikation_lungenarterienembolie" Value=""/>
					<ItemData ItemOID="komplikation_stroke" Value=""/>
					<ItemData ItemOID="komplikation_myokardinfarkt" Value=""/>
					<ItemData ItemOID="komplikation_andere" Value=""/>
					<ItemData ItemOID="komplikation_andere_textfeld" Value=""/>
					<ItemData ItemOID="komplikation_pulmonale_co_infektionen" Value="1.2.276.0.76.5.409_J18.9__2.16.840.1.113883.6.96_128601007__2.16.840.1.113883.6.96_410594000"/>
					<ItemData ItemOID="komplikation_blutstrominfektionen" Value="1.2.276.0.76.5.409_A41.9__2.16.840.1.113883.6.96_434156008__2.16.840.1.113883.6.96_410605003"/>
				</ItemGroupData>
				<ItemGroupData ItemGroupOID="komplikationen.komplikationen_complete" ItemGroupRepeatKey="1">
					<ItemData ItemOID="komplikationen_complete" Value="2"/>
				</ItemGroupData>
			</FormData>
			<FormData FormOID="Form.symptome" FormRepeatKey="1">
				<ItemGroupData ItemGroupOID="symptome.symptome_code" ItemGroupRepeatKey="1">
					<ItemData ItemOID="symptome_code" Value="2.16.840.1.113883.6.1_75325-1"/>
					<ItemData ItemOID="symptome" Value="1"/>
				</ItemGroupData>
				<ItemGroupData ItemGroupOID="symptome.symptome_geruchs_bzw_geschmacksstoerungen" ItemGroupRepeatKey="1">
					<ItemData ItemOID="symptome_geruchs_bzw_geschmacksstoerungen" Value="2.16.840.1.113883.6.96_36955009__2.16.840.1.113883.6.96_44169009__2.16.840.1.113883.6.96_410605003"/>
					<ItemData ItemOID="symptome_bauchschmerzen" Value="2.16.840.1.113883.6.96_21522001__2.16.840.1.113883.6.96_410594000"/>
					<ItemData ItemOID="symptome_bewusstseinsstoerungen_verwirrtheit" Value="2.16.840.1.113883.6.96_40917007__2.16.840.1.113883.6.96_410594000"/>
					<ItemData ItemOID="symptome_durchfall" Value="2.16.840.1.113883.6.96_62315008__2.16.840.1.113883.6.96_410594000"/>
					<ItemData ItemOID="symptome_erbrechen" Value="2.16.840.1.113883.6.96_422400008__2.16.840.1.113883.6.96_410594000"/>
					<ItemData ItemOID="symptome_husten" Value="2.16.840.1.113883.6.96_49727002__2.16.840.1.113883.6.96_410605003"/>
					<ItemData ItemOID="symptome_kurzatmigkeit_dyspnoe" Value="2.16.840.1.113883.6.96_267036007__2.16.840.1.113883.6.96_410605003"/>
					<ItemData ItemOID="symptome_uebelkeit" Value="2.16.840.1.113883.6.96_422587007__2.16.840.1.113883.6.96_410594000"/>
					<ItemData ItemOID="symptome_fieber" Value="2.16.840.1.113883.6.96_426000000__2.16.840.1.113883.6.96_410605003"/>
					<ItemData ItemOID="symptome_kopfschmerzen" Value="2.16.840.1.113883.6.96_25064002__2.16.840.1.113883.6.96_410594000"/>
					<ItemData ItemOID="symptome_andere_symptome" Value="NoCodeSystem_NoCode__2.16.840.1.113883.6.96_410594000"/>
					<ItemData ItemOID="symptome_andere_symptome_textfeld" Value=""/>
				</ItemGroupData>
				<ItemGroupData ItemGroupOID="symptome.schweregrad_code" ItemGroupRepeatKey="1">
					<ItemData ItemOID="schweregrad_code" Value="&lt;No code given!&gt;"/>
				</ItemGroupData>
				<ItemGroupData ItemGroupOID="symptome.symptome_geruchs_bzw_geschmacksstoerungen_schweregrad" ItemGroupRepeatKey="1">
					<ItemData ItemOID="symptome_geruchs_bzw_geschmacksstoerungen_schweregrad" Value="2.16.840.1.113883.6.96_6736007"/>
					<ItemData ItemOID="symptome_bauchschmerzen_schweregrad" Value=""/>
					<ItemData ItemOID="symptome_bewusstseinsstoerungen_verwirrtheit_schweregrad" Value=""/>
					<ItemData ItemOID="symptome_durchfall_schweregrad" Value=""/>
					<ItemData ItemOID="symptome_erbrechen_schweregrad" Value=""/>
					<ItemData ItemOID="symptome_husten_schweregrad" Value="2.16.840.1.113883.6.96_24484000"/>
					<ItemData ItemOID="symptome_kurzatmigkeit_dyspnoe_schweregrad" Value="2.16.840.1.113883.6.96_6736007"/>
					<ItemData ItemOID="symptome_uebelkeit_schweregrad" Value=""/>
					<ItemData ItemOID="symptome_fieber_schweregrad" Value="2.16.840.1.113883.6.96_6736007"/>
					<ItemData ItemOID="symptome_kopfschmerzen_schweregrad" Value=""/>
					<ItemData ItemOID="symptome_andere_symptome_schweregrad" Value=""/>
				</ItemGroupData>
				<ItemGroupData ItemGroupOID="symptome.symptome_complete" ItemGroupRepeatKey="1">
					<ItemData ItemOID="symptome_complete" Value="2"/>
				</ItemGroupData>
			</FormData>
			<FormData FormOID="Form.medikation" FormRepeatKey="1">
				<ItemGroupData ItemGroupOID="medikation.medikation_datum" ItemGroupRepeatKey="1">
					<ItemData ItemOID="medikation_datum" Value=""/>
				</ItemGroupData>
				<ItemGroupData ItemGroupOID="medikation.covid19therapie_code" ItemGroupRepeatKey="1">
					<ItemData ItemOID="covid19therapie_code" Value="&lt;No code given!&gt;"/>
					<ItemData ItemOID="covid19therapie" Value="1"/>
				</ItemGroupData>
				<ItemGroupData ItemGroupOID="medikation.covid19therapie_antipyretika" ItemGroupRepeatKey="1">
					<ItemData ItemOID="covid19therapie_antipyretika" Value="1.2.276.0.76.5.498_N02B__2.25.24197857203266734864793317670504947440_antipyretic__2.16.840.1.113883.6.96_410605003"/>
					<ItemData ItemOID="covid19therapie_kortikosteroide" Value="1.2.276.0.76.5.498_G01B__1.2.276.0.76.5.498_H02__1.2.276.0.76.5.498_M01BA__1.2.276.0.76.5.498_R03AK__1.2.276.0.76.5.498_S02B__1.2.276.0.76.5.498_R03AL__2.16.840.1.113883.6.96_768759001__2.16.840.1.113883.6.96_410594000"/>
					<ItemData ItemOID="covid19therapie_kortikosteroide_code" Value=""/>
					<ItemData ItemOID="covid19therapie_atazanavir" Value="1.2.276.0.76.5.498_J05AE08__1.2.276.0.76.5.498_J05AR15__1.2.276.0.76.5.498_J05AR23__2.16.840.1.113883.6.96_413591007__2.16.840.1.113883.6.96_410594000"/>
					<ItemData ItemOID="covid19therapie_atazanavir_code" Value=""/>
					<ItemData ItemOID="covid19therapie_darunavir" Value="1.2.276.0.76.5.498_J05AR22__1.2.276.0.76.5.498_J05AE10__1.2.276.0.76.5.498_J05AR14__2.16.840.1.113883.6.96_424096001__2.16.840.1.113883.6.96_410594000"/>
					<ItemData ItemOID="covid19therapie_darunavir_code" Value=""/>
					<ItemData ItemOID="covid19therapie_chloroquine_phosphate" Value="1.2.276.0.76.5.498_P01BA01__2.16.840.1.113883.6.96_14728000__2.16.840.1.113883.6.96_410594000"/>
					<ItemData ItemOID="covid19therapie_hydroxychloroquine" Value="1.2.276.0.76.5.498_P01BA02__2.16.840.1.113883.6.96_83490000__2.16.840.1.113883.6.96_410594000"/>
					<ItemData ItemOID="covid19therapie_ivermectin" Value="1.2.276.0.76.5.498_D11AX22__1.2.276.0.76.5.498_P02CF01__2.16.840.1.113883.6.96_96138006__2.16.840.1.113883.6.96_410594000"/>
					<ItemData ItemOID="covid19therapie_lopinavir_ritonavir" Value="1.2.276.0.76.5.498_J05AR10__2.16.840.1.113883.6.96_134573001__2.16.840.1.113883.6.96_410594000"/>
					<ItemData ItemOID="covid19therapie_ganciclovir" Value="1.2.276.0.76.5.498_J05AB06__1.2.276.0.76.5.498_S01AD09__2.16.840.1.113883.6.96_78025001__2.16.840.1.113883.6.96_410594000"/>
					<ItemData ItemOID="covid19therapie_oseltamivir" Value="1.2.276.0.76.5.498_J05AH02__2.16.840.1.113883.6.96_386142008__2.16.840.1.113883.6.96_410594000"/>
					<ItemData ItemOID="covid19therapie_remdesivir" Value="2.16.840.1.113883.4.9_3QKI37EEHE__2.16.840.1.113883.6.96_870518005__2.16.840.1.113883.6.96_410605003"/>
					<ItemData ItemOID="covid19therapie_ribavirin" Value="1.2.276.0.76.5.498_J05AP01__2.16.840.1.113883.6.96_35063004__2.16.840.1.113883.6.96_410594000"/>
					<ItemData ItemOID="covid19therapie_camostat" Value="1.2.276.0.76.5.498_B02AB04__2.25.24197857203266734864793317670504947440_camostat__2.16.840.1.113883.6.96_410594000"/>
					<ItemData ItemOID="covid19therapie_favipiravir" Value="1.2.276.0.76.5.498_J05AX27__2.25.24197857203266734864793317670504947440_favipiravir__2.16.840.1.113883.6.96_410594000"/>
					<ItemData ItemOID="covid19therapie_convalescent_plasma" Value="2.16.840.1.113883.6.18.2.6_E9743__2.16.840.1.113883.6.18.2.6_E9744__2.16.840.1.113883.6.18.2.6_E9745__2.16.840.1.113883.6.18.2.6_E9746__2.16.840.1.113883.6.18.2.6_E9747__2.16.840.1.113883.6.18.2.6_E9748__2.16.840.1.113883.6.18.2.6_E9749__2.16.840.1.113883.6.18.2.6_E9750__2.16.840.1.113883.6.18.2.6_E9752__2.25.24197857203266734864793317670504947440_convalescent-plasma__2.16.840.1.113883.6.96_410594000"/>
					<ItemData ItemOID="covid19therapie_convalescent_plasma_code" Value=""/>
					<ItemData ItemOID="covid19therapie_steroids_gt_05_mg_kg_prednisone_equivalents" Value="2.25.24197857203266734864793317670504947440_steroids-gt__2.16.840.1.113883.6.96_410594000"/>
					<ItemData ItemOID="covid19therapie_steroids_lt_05_mg_kg_prednisone_equivalents" Value="2.25.24197857203266734864793317670504947440_steroids-st__2.16.840.1.113883.6.96_410594000"/>
					<ItemData ItemOID="covid19therapie_tocilizumab" Value="1.2.276.0.76.5.487_6-005.m__1.2.276.0.76.5.487_6-005.n__1.2.276.0.76.5.498_L04AC07__2.16.840.1.113883.6.96_444649004__2.16.840.1.113883.6.96_410594000"/>
					<ItemData ItemOID="covid19therapie_tocilizumab_code" Value=""/>
					<ItemData ItemOID="covid19therapie_sarilumab" Value="1.2.276.0.76.5.487_6-00a.g__1.2.276.0.76.5.498_L04AC14__2.16.840.1.113883.6.96_763522001__2.16.840.1.113883.6.96_410594000"/>
					<ItemData ItemOID="covid19therapie_cni_or_mtor_inhibitors_eg_cyclosporin_a_tacrolimus_sirolimus_everolimus" Value="1.2.276.0.76.5.487_6-005.8__1.2.276.0.76.5.487_6-004.e__1.2.276.0.76.5.498_L01XE10__1.2.276.0.76.5.498_S01XA18__1.2.276.0.76.5.498_L01XE18__1.2.276.0.76.5.498_L04AA18__1.2.276.0.76.5.498_L04AA10__1.2.276.0.76.5.498_D11AH01__1.2.276.0.76.5.498_L04AD__1.2.276.0.76.5.498_L04AB__2.16.840.1.113883.6.96_416587008__2.16.840.1.113883.6.96_410594000"/>
					<ItemData ItemOID="covid19therapie_cni_or_mtor_inhibitors_eg_cyclosporin_a_tacrolimus_sirolimus_everolimus_code" Value=""/>
					<ItemData ItemOID="covid19therapie_anti_tnf_alpha_inhibitors_eg_adalimumab_etanercept" Value="1.2.276.0.76.5.487_6-001.d__1.2.276.0.76.5.487_6-002.b__1.2.276.0.76.5.487_6-005.7__1.2.276.0.76.5.487_6-005.2__1.2.276.0.76.5.487_6-001.e__2.16.840.1.113883.6.96_416897008__2.16.840.1.113883.6.96_410594000"/>
					<ItemData ItemOID="covid19therapie_anti_tnf_alpha_inhibitors_eg_adalimumab_etanercept_code" Value=""/>
					<ItemData ItemOID="covid19therapie_il1_receptor_antangonists" Value="1.2.276.0.76.5.487_6-006.7__1.2.276.0.76.5.498_L04AC__2.16.840.1.113883.6.96_430817009__2.16.840.1.113883.6.96_410594000"/>
					<ItemData ItemOID="covid19therapie_ruxolitinib" Value="1.2.276.0.76.5.487_6-009.4__2.16.840.1.113883.6.96_703779004__2.16.840.1.113883.6.96_410594000"/>
					<ItemData ItemOID="covid19therapie_colchicine" Value="1.2.276.0.76.5.498_M04AC01__2.16.840.1.113883.6.96_73133000__2.16.840.1.113883.6.96_410594000"/>
					<ItemData ItemOID="covid19therapie_interferone_any" Value="1.2.276.0.76.5.498_S01AD05__2.16.840.1.113883.6.96_768865007__2.16.840.1.113883.6.96_410594000"/>
					<ItemData ItemOID="covid19therapie_25_hydroxyvitamin_d" Value="1.2.276.0.76.5.498_A11CC06__2.16.840.1.113883.6.96_88519001__2.16.840.1.113883.6.96_410605003"/>
					<ItemData ItemOID="covid19therapie_zinc" Value="1.2.276.0.76.5.498_A12CB__2.16.840.1.113883.6.96_764877006__2.16.840.1.113883.6.96_410594000"/>
					<ItemData ItemOID="covid19therapie_andere" Value="NoCodeSystem_NoCode__2.16.840.1.113883.6.96_410594000"/>
					<ItemData ItemOID="covid19therapie_andere_textfeld" Value=""/>
				</ItemGroupData>
				<ItemGroupData ItemGroupOID="medikation.acehemmer_code" ItemGroupRepeatKey="1">
					<ItemData ItemOID="acehemmer_code" Value="2.16.840.1.113883.6.96_41549009"/>
					<ItemData ItemOID="acehemmer" Value="2.16.840.1.113883.4.642.4.1379_active"/>
				</ItemGroupData>
				<ItemGroupData ItemGroupOID="medikation.immunglobuline_code" ItemGroupRepeatKey="1">
					<ItemData ItemOID="immunglobuline_code" Value="2.16.840.1.113883.6.96_333710000"/>
					<ItemData ItemOID="immunglobuline" Value="2.16.840.1.113883.4.642.4.1379_not-taken"/>
				</ItemGroupData>
				<ItemGroupData ItemGroupOID="medikation.antikoagulation_code" ItemGroupRepeatKey="1">
					<ItemData ItemOID="antikoagulation_code" Value="2.16.840.1.113883.6.96_81839001"/>
					<ItemData ItemOID="antikoagulation" Value="3"/>
				</ItemGroupData>
				<ItemGroupData ItemGroupOID="medikation.antikoagulation_unfraktioniertes_heparin" ItemGroupRepeatKey="1">
					<ItemData ItemOID="antikoagulation_unfraktioniertes_heparin" Value=""/>
					<ItemData ItemOID="antikoagulation_unfraktioniertes_heparin_code" Value=""/>
					<ItemData ItemOID="antikoagulation_niedermolekulares_heparin" Value="1.2.276.0.76.5.498_B01AB08__1.2.276.0.76.5.498_B01AB13__1.2.276.0.76.5.498_B01AB04__1.2.276.0.76.5.498_B01AB05__1.2.276.0.76.5.498_B01AB06__1.2.276.0.76.5.498_B01AB10__1.2.276.0.76.5.498_B01AB12__1.2.276.0.76.5.498_B01AB63__1.2.276.0.76.5.498_B01AB07__1.2.276.0.76.5.498_B01AB11__2.16.840.1.113883.6.96_410605003"/>
					<ItemData ItemOID="antikoagulation_niedermolekulares_heparin_code" Value="1.2.276.0.76.5.498_B01AB05"/>
					<ItemData ItemOID="antikoagulation_argatroban" Value=""/>
					<ItemData ItemOID="antikoagulation_plaettchenaggregationshemmer" Value=""/>
					<ItemData ItemOID="antikoagulation_danaparoid" Value=""/>
					<ItemData ItemOID="antikoagulation_phenprocoumon" Value=""/>
					<ItemData ItemOID="antikoagulation_doak" Value=""/>
					<ItemData ItemOID="antikoagulation_doak_code" Value=""/>
					<ItemData ItemOID="antikoagulation_sonstige" Value=""/>
					<ItemData ItemOID="antikoagulation_sonstige_textfeld" Value=""/>
				</ItemGroupData>
				<ItemGroupData ItemGroupOID="medikation.medikation_complete" ItemGroupRepeatKey="1">
					<ItemData ItemOID="medikation_complete" Value="1"/>
				</ItemGroupData>
			</FormData>
			<FormData FormOID="Form.therapie" FormRepeatKey="1">
				<ItemGroupData ItemGroupOID="therapie.dialyse_hamofiltration_code" ItemGroupRepeatKey="1">
					<ItemData ItemOID="dialyse_hamofiltration_code" Value="2.16.840.1.113883.6.96_108241001"/>
					<ItemData ItemOID="dialyse_hamofiltration" Value="2.16.840.1.113883.4.642.4.1048_not-performed__2.16.840.1.113883.4.642.4.110_not-done"/>
				</ItemGroupData>
				<ItemGroupData ItemGroupOID="therapie.apherese_code" ItemGroupRepeatKey="1">
					<ItemData ItemOID="apherese_code" Value="2.16.840.1.113883.6.96_127788007"/>
					<ItemData ItemOID="apherese" Value="2.16.840.1.113883.4.642.4.1048_not-performed__2.16.840.1.113883.4.642.4.110_not-done"/>
				</ItemGroupData>
				<ItemGroupData ItemGroupOID="therapie.bauchlage_code" ItemGroupRepeatKey="1">
					<ItemData ItemOID="bauchlage_code" Value="2.16.840.1.113883.6.96_431182000"/>
					<ItemData ItemOID="bauchlage" Value="2.16.840.1.113883.4.642.4.110_completed__2.16.840.1.113883.4.642.4.110_in-progress"/>
				</ItemGroupData>
				<ItemGroupData ItemGroupOID="therapie.liegt_der_patient_auf_der_intensivstationq_code" ItemGroupRepeatKey="1">
					<ItemData ItemOID="liegt_der_patient_auf_der_intensivstationq_code" Value="&lt;No code given!&gt;"/>
					<ItemData ItemOID="liegt_der_patient_auf_der_intensivstationq" Value="2.16.840.1.113883.6.96_373066001"/>
				</ItemGroupData>
				<ItemGroupData ItemGroupOID="therapie.ecmotherapie_code" ItemGroupRepeatKey="1">
					<ItemData ItemOID="ecmotherapie_code" Value="2.16.840.1.113883.6.96_233573008"/>
					<ItemData ItemOID="ecmotherapie" Value="2.16.840.1.113883.4.642.4.1048_not-performed__2.16.840.1.113883.4.642.4.110_not-done"/>
				</ItemGroupData>
				<ItemGroupData ItemGroupOID="therapie.beatmungstherapie_code" ItemGroupRepeatKey="1">
					<ItemData ItemOID="beatmungstherapie_code" Value="&lt;No code given!&gt;"/>
					<ItemData ItemOID="beatmungstherapie" Value="2.16.840.1.113883.6.96_40617009COLON425391005EQUAL129121000"/>
				</ItemGroupData>
				<ItemGroupData ItemGroupOID="therapie.therapie_complete" ItemGroupRepeatKey="1">
					<ItemData ItemOID="therapie_complete" Value="2"/>
				</ItemGroupData>
			</FormData>
			<FormData FormOID="Form.vitalparameter" FormRepeatKey="1">
				<ItemGroupData ItemGroupOID="vitalparameter.vitalparameter_datum" ItemGroupRepeatKey="1">
					<ItemData ItemOID="vitalparameter_datum" Value=""/>
				</ItemGroupData>
				<ItemGroupData ItemGroupOID="vitalparameter.pa_co2_unit" ItemGroupRepeatKey="1">
					<ItemData ItemOID="pa_co2_unit" Value="1"/>
				</ItemGroupData>
				<ItemGroupData ItemGroupOID="vitalparameter.pa_co2_code" ItemGroupRepeatKey="1">
					<ItemData ItemOID="pa_co2_code" Value="2.16.840.1.113883.6.1_2019-8__2.16.840.1.113883.6.1_11557-6__2.16.840.1.113883.6.1_2020-6"/>
					<ItemData ItemOID="pa_co2" Value="55"/>
				</ItemGroupData>
				<ItemGroupData ItemGroupOID="vitalparameter.pa_o2_unit" ItemGroupRepeatKey="1">
					<ItemData ItemOID="pa_o2_unit" Value="1"/>
				</ItemGroupData>
				<ItemGroupData ItemGroupOID="vitalparameter.pa_o2_code" ItemGroupRepeatKey="1">
					<ItemData ItemOID="pa_o2_code" Value="2.16.840.1.113883.6.1_2703-7__2.16.840.1.113883.6.1_11556-8__2.16.840.1.113883.6.1_2704-5"/>
					<ItemData ItemOID="pa_o2" Value="102"/>
				</ItemGroupData>
				<ItemGroupData ItemGroupOID="vitalparameter.fi_o2_unit" ItemGroupRepeatKey="1">
					<ItemData ItemOID="fi_o2_unit" Value="1"/>
				</ItemGroupData>
				<ItemGroupData ItemGroupOID="vitalparameter.fi_o2_code" ItemGroupRepeatKey="1">
					<ItemData ItemOID="fi_o2_code" Value="2.16.840.1.113883.6.1_3150-0__2.16.840.1.113883.6.96_250774007"/>
					<ItemData ItemOID="fi_o2" Value="80"/>
				</ItemGroupData>
				<ItemGroupData ItemGroupOID="vitalparameter.p_hwert_unit" ItemGroupRepeatKey="1">
					<ItemData ItemOID="p_hwert_unit" Value="1"/>
				</ItemGroupData>
				<ItemGroupData ItemGroupOID="vitalparameter.p_hwert_code" ItemGroupRepeatKey="1">
					<ItemData ItemOID="p_hwert_code" Value="2.16.840.1.113883.6.1_2753-2__2.16.840.1.113883.6.1_2746-6__2.16.840.1.113883.6.1_2745-8__2.16.840.1.113883.6.1_2744-1__2.16.840.1.113883.6.1_19213-8__2.16.840.1.113883.6.1_11558-4"/>
					<ItemData ItemOID="p_hwert" Value="7.2"/>
				</ItemGroupData>
				<ItemGroupData ItemGroupOID="vitalparameter.sofascore_code" ItemGroupRepeatKey="1">
					<ItemData ItemOID="sofascore_code" Value=""/>
				</ItemGroupData>
				<ItemGroupData ItemGroupOID="vitalparameter.sofa_score_resp" ItemGroupRepeatKey="1">
					<ItemData ItemOID="sofa_score_resp" Value="sofa_resp2"/>
					<ItemData ItemOID="sofa_score_resp_calc" Value="2"/>
					<ItemData ItemOID="sofa_score_ns" Value="sofa_ns2"/>
					<ItemData ItemOID="sofa_score_ns_calc" Value="2"/>
					<ItemData ItemOID="sofa_score_cvs" Value="sofa_cvs2"/>
					<ItemData ItemOID="sofa_score_cvs_calc" Value="2"/>
					<ItemData ItemOID="sofa_score_liv" Value="sofa_liv1"/>
					<ItemData ItemOID="sofa_score_liv_calc" Value="1"/>
					<ItemData ItemOID="sofa_score_coa" Value="sofa_coa2"/>
					<ItemData ItemOID="sofa_score_coa_calc" Value="2"/>
					<ItemData ItemOID="sofa_score_kid" Value="sofa_kid2"/>
					<ItemData ItemOID="sofa_score_kid_calc" Value="2"/>
					<ItemData ItemOID="sofa_total_score" Value="11"/>
				</ItemGroupData>
				<ItemGroupData ItemGroupOID="vitalparameter.atemfrequenz_unit" ItemGroupRepeatKey="1">
					<ItemData ItemOID="atemfrequenz_unit" Value="1"/>
				</ItemGroupData>
				<ItemGroupData ItemGroupOID="vitalparameter.atemfrequenz_code" ItemGroupRepeatKey="1">
					<ItemData ItemOID="atemfrequenz_code" Value="2.16.840.1.113883.6.1_9279-1__2.16.840.1.113883.6.96_86290005"/>
					<ItemData ItemOID="atemfrequenz" Value="45"/>
				</ItemGroupData>
				<ItemGroupData ItemGroupOID="vitalparameter.blutdruck_systolisch_unit" ItemGroupRepeatKey="1">
					<ItemData ItemOID="blutdruck_systolisch_unit" Value="1"/>
				</ItemGroupData>
				<ItemGroupData ItemGroupOID="vitalparameter.blutdruck_systolisch_code" ItemGroupRepeatKey="1">
					<ItemData ItemOID="blutdruck_systolisch_code" Value="2.16.840.1.113883.6.1_8480-6__2.16.840.1.113883.6.96_271649006"/>
					<ItemData ItemOID="blutdruck_systolisch" Value="50"/>
				</ItemGroupData>
				<ItemGroupData ItemGroupOID="vitalparameter.blutdruck_diastolisch_unit" ItemGroupRepeatKey="1">
					<ItemData ItemOID="blutdruck_diastolisch_unit" Value="1"/>
				</ItemGroupData>
				<ItemGroupData ItemGroupOID="vitalparameter.blutdruck_diastolisch_code" ItemGroupRepeatKey="1">
					<ItemData ItemOID="blutdruck_diastolisch_code" Value="2.16.840.1.113883.6.1_8462-4__2.16.840.1.113883.6.96_271650006"/>
					<ItemData ItemOID="blutdruck_diastolisch" Value="103"/>
				</ItemGroupData>
				<ItemGroupData ItemGroupOID="vitalparameter.herzfrequenz_unit" ItemGroupRepeatKey="1">
					<ItemData ItemOID="herzfrequenz_unit" Value="1"/>
				</ItemGroupData>
				<ItemGroupData ItemGroupOID="vitalparameter.herzfrequenz_code" ItemGroupRepeatKey="1">
					<ItemData ItemOID="herzfrequenz_code" Value="2.16.840.1.113883.6.1_8867-4__2.16.840.1.113883.6.96_364075005"/>
					<ItemData ItemOID="herzfrequenz" Value="85"/>
				</ItemGroupData>
				<ItemGroupData ItemGroupOID="vitalparameter.korpertemperatur_unit" ItemGroupRepeatKey="1">
					<ItemData ItemOID="korpertemperatur_unit" Value="1"/>
				</ItemGroupData>
				<ItemGroupData ItemGroupOID="vitalparameter.korpertemperatur_code" ItemGroupRepeatKey="1">
					<ItemData ItemOID="korpertemperatur_code" Value="2.16.840.1.113883.6.1_8310-5__2.16.840.1.113883.6.96_386725007"/>
					<ItemData ItemOID="korpertemperatur" Value="39.5"/>
				</ItemGroupData>
				<ItemGroupData ItemGroupOID="vitalparameter.periphere_sauerstoffsattigung_unit" ItemGroupRepeatKey="1">
					<ItemData ItemOID="periphere_sauerstoffsattigung_unit" Value="1"/>
				</ItemGroupData>
				<ItemGroupData ItemGroupOID="vitalparameter.periphere_sauerstoffsattigung_code" ItemGroupRepeatKey="1">
					<ItemData ItemOID="periphere_sauerstoffsattigung_code" Value="2.16.840.1.113883.6.1_2708-6__2.16.840.1.113883.6.1_59408-5__2.16.840.1.113883.6.1_20564-1__2.16.840.1.113883.6.96_431314004"/>
					<ItemData ItemOID="periphere_sauerstoffsattigung" Value="88"/>
				</ItemGroupData>
				<ItemGroupData ItemGroupOID="vitalparameter.vitalparameter_complete" ItemGroupRepeatKey="1">
					<ItemData ItemOID="vitalparameter_complete" Value="2"/>
				</ItemGroupData>
			</FormData>
			<FormData FormOID="Form.outcome_bei_entlassung" FormRepeatKey="1">
				<ItemGroupData ItemGroupOID="outcome_bei_entlassung.entlassdatum" ItemGroupRepeatKey="1">
					<ItemData ItemOID="entlassdatum" Value=""/>
				</ItemGroupData>
				<ItemGroupData ItemGroupOID="outcome_bei_entlassung.respiratorisches_outcome_code" ItemGroupRepeatKey="1">
					<ItemData ItemOID="respiratorisches_outcome_code" Value="2.16.840.1.113883.6.96_444932008"/>
					<ItemData ItemOID="respiratorisches_outcome" Value="2.16.840.1.113883.6.96_410594000"/>
				</ItemGroupData>
				<ItemGroupData ItemGroupOID="outcome_bei_entlassung.entlassungsart_code" ItemGroupRepeatKey="1">
					<ItemData ItemOID="entlassungsart_code" Value="2.16.840.1.113883.6.1_55128-3"/>
					<ItemData ItemOID="entlassungsart" Value="2.16.840.1.113883.6.96_3457005"/>
				</ItemGroupData>
				<ItemGroupData ItemGroupOID="outcome_bei_entlassung.ergebnis_folgeabstrich_code" ItemGroupRepeatKey="1">
					<ItemData ItemOID="ergebnis_folgeabstrich_code" Value="&lt;No code given!&gt;"/>
					<ItemData ItemOID="ergebnis_folgeabstrich" Value="2.16.840.1.113883.6.96_260415000"/>
				</ItemGroupData>
				<ItemGroupData ItemGroupOID="outcome_bei_entlassung.outcome_bei_entlassung_complete" ItemGroupRepeatKey="1">
					<ItemData ItemOID="outcome_bei_entlassung_complete" Value="2"/>
				</ItemGroupData>
			</FormData>
			<FormData FormOID="Form.laborwerte" FormRepeatKey="1">
				<ItemGroupData ItemGroupOID="laborwerte.labor_datum" ItemGroupRepeatKey="1">
					<ItemData ItemOID="labor_datum" Value=""/>
				</ItemGroupData>
				<ItemGroupData ItemGroupOID="laborwerte.crp_code" ItemGroupRepeatKey="1">
					<ItemData ItemOID="crp_code" Value="2.16.840.1.113883.6.1_48421-2__2.16.840.1.113883.6.1_71426-1__2.16.840.1.113883.6.1_76486-0__2.16.840.1.113883.6.1_30522-7__2.16.840.1.113883.6.1_1988-5__2.16.840.1.113883.6.1_76485-2"/>
					<ItemData ItemOID="crp" Value=""/>
				</ItemGroupData>
				<ItemGroupData ItemGroupOID="laborwerte.crp_unit" ItemGroupRepeatKey="1">
					<ItemData ItemOID="crp_unit" Value=""/>
				</ItemGroupData>
				<ItemGroupData ItemGroupOID="laborwerte.ferritin_code" ItemGroupRepeatKey="1">
					<ItemData ItemOID="ferritin_code" Value="2.16.840.1.113883.6.1_20567-4__2.16.840.1.113883.6.1_86914-9__2.16.840.1.113883.6.1_14723-1__2.16.840.1.113883.6.1_2276-4__2.16.840.1.113883.6.1_24373-3"/>
					<ItemData ItemOID="ferritin" Value=""/>
				</ItemGroupData>
				<ItemGroupData ItemGroupOID="laborwerte.ferritin_unit" ItemGroupRepeatKey="1">
					<ItemData ItemOID="ferritin_unit" Value=""/>
				</ItemGroupData>
				<ItemGroupData ItemGroupOID="laborwerte.bilirubin_code" ItemGroupRepeatKey="1">
					<ItemData ItemOID="bilirubin_code" Value="2.16.840.1.113883.6.1_59828-4__2.16.840.1.113883.6.1_59827-6__2.16.840.1.113883.6.1_42719-5__2.16.840.1.113883.6.1_14631-6__2.16.840.1.113883.6.1_1971-1__2.16.840.1.113883.6.1_1975-2"/>
					<ItemData ItemOID="bilirubin" Value=""/>
				</ItemGroupData>
				<ItemGroupData ItemGroupOID="laborwerte.bilirubin_unit" ItemGroupRepeatKey="1">
					<ItemData ItemOID="bilirubin_unit" Value=""/>
				</ItemGroupData>
				<ItemGroupData ItemGroupOID="laborwerte.ddimer_code" ItemGroupRepeatKey="1">
					<ItemData ItemOID="ddimer_code" Value="2.16.840.1.113883.6.1_48065-7__2.16.840.1.113883.6.1_48066-5__2.16.840.1.113883.6.1_48067-3__2.16.840.1.113883.6.1_55398-2__2.16.840.1.113883.6.1_71427-9__2.16.840.1.113883.6.1_7799-0__2.16.840.1.113883.6.1_91556-1__2.16.840.1.113883.6.1_38898-3__2.16.840.1.113883.6.1_3246-6__2.16.840.1.113883.6.1_48058-2"/>
					<ItemData ItemOID="ddimer" Value=""/>
				</ItemGroupData>
				<ItemGroupData ItemGroupOID="laborwerte.ddimer_unit" ItemGroupRepeatKey="1">
					<ItemData ItemOID="ddimer_unit" Value=""/>
				</ItemGroupData>
				<ItemGroupData ItemGroupOID="laborwerte.gammagt_code" ItemGroupRepeatKey="1">
					<ItemData ItemOID="gammagt_code" Value="2.16.840.1.113883.6.1_2325-9__2.16.840.1.113883.6.1_2324-2"/>
					<ItemData ItemOID="gammagt" Value=""/>
				</ItemGroupData>
				<ItemGroupData ItemGroupOID="laborwerte.gammagt_unit" ItemGroupRepeatKey="1">
					<ItemData ItemOID="gammagt_unit" Value="1"/>
				</ItemGroupData>
				<ItemGroupData ItemGroupOID="laborwerte.gotast_code" ItemGroupRepeatKey="1">
					<ItemData ItemOID="gotast_code" Value="2.16.840.1.113883.6.1_88112-8__2.16.840.1.113883.6.1_30239-8__2.16.840.1.113883.6.1_1920-8"/>
					<ItemData ItemOID="gotast" Value=""/>
				</ItemGroupData>
				<ItemGroupData ItemGroupOID="laborwerte.gotast_unit" ItemGroupRepeatKey="1">
					<ItemData ItemOID="gotast_unit" Value="1"/>
				</ItemGroupData>
				<ItemGroupData ItemGroupOID="laborwerte.ldh_code" ItemGroupRepeatKey="1">
					<ItemData ItemOID="ldh_code" Value="2.16.840.1.113883.6.1_2532-0__2.16.840.1.113883.6.1_60017-1__2.16.840.1.113883.6.1_14803-1__2.16.840.1.113883.6.1_14804-9__2.16.840.1.113883.6.1_14805-6"/>
					<ItemData ItemOID="ldh" Value=""/>
				</ItemGroupData>
				<ItemGroupData ItemGroupOID="laborwerte.ldh_unit" ItemGroupRepeatKey="1">
					<ItemData ItemOID="ldh_unit" Value="1"/>
				</ItemGroupData>
				<ItemGroupData ItemGroupOID="laborwerte.kardiale_troponine_code" ItemGroupRepeatKey="1">
					<ItemData ItemOID="kardiale_troponine_code" Value="2.16.840.1.113883.6.1_49563-0__2.16.840.1.113883.6.1_89579-7__2.16.840.1.113883.6.1_67151-1__2.16.840.1.113883.6.1_6598-7__2.16.840.1.113883.6.1_6597-9__2.16.840.1.113883.6.1_48425-3__2.16.840.1.113883.6.1_42757-5__2.16.840.1.113883.6.1_10839-9"/>
					<ItemData ItemOID="kardiale_troponine" Value=""/>
				</ItemGroupData>
				<ItemGroupData ItemGroupOID="laborwerte.kardiale_troponine_unit" ItemGroupRepeatKey="1">
					<ItemData ItemOID="kardiale_troponine_unit" Value=""/>
				</ItemGroupData>
				<ItemGroupData ItemGroupOID="laborwerte.hamoglobin_code" ItemGroupRepeatKey="1">
					<ItemData ItemOID="hamoglobin_code" Value="2.16.840.1.113883.6.1_76769-9__2.16.840.1.113883.6.1_718-7__2.16.840.1.113883.6.1_20509-6__2.16.840.1.113883.6.1_55782-7__2.16.840.1.113883.6.1_75928-2__2.16.840.1.113883.6.1_14775-1__2.16.840.1.113883.6.1_30313-1__2.16.840.1.113883.6.1_30350-3__2.16.840.1.113883.6.1_30351-1__2.16.840.1.113883.6.1_30352-9__2.16.840.1.113883.6.1_76768-1__2.16.840.1.113883.6.1_59260-0"/>
					<ItemData ItemOID="hamoglobin" Value=""/>
				</ItemGroupData>
				<ItemGroupData ItemGroupOID="laborwerte.hamoglobin_unit" ItemGroupRepeatKey="1">
					<ItemData ItemOID="hamoglobin_unit" Value=""/>
				</ItemGroupData>
				<ItemGroupData ItemGroupOID="laborwerte.kreatinin_code" ItemGroupRepeatKey="1">
					<ItemData ItemOID="kreatinin_code" Value="2.16.840.1.113883.6.1_14682-9__2.16.840.1.113883.6.1_2160-0__2.16.840.1.113883.6.1_21232-4__2.16.840.1.113883.6.1_25386-4__2.16.840.1.113883.6.1_12190-5__2.16.840.1.113883.6.1_59826-8__2.16.840.1.113883.6.1_38483-4"/>
					<ItemData ItemOID="kreatinin" Value=""/>
				</ItemGroupData>
				<ItemGroupData ItemGroupOID="laborwerte.kreatinin_unit" ItemGroupRepeatKey="1">
					<ItemData ItemOID="kreatinin_unit" Value=""/>
				</ItemGroupData>
				<ItemGroupData ItemGroupOID="laborwerte.laktat_code" ItemGroupRepeatKey="1">
					<ItemData ItemOID="laktat_code" Value="2.16.840.1.113883.6.1_14118-4__2.16.840.1.113883.6.1_30242-2__2.16.840.1.113883.6.1_2524-7__2.16.840.1.113883.6.1_2519-7__2.16.840.1.113883.6.1_2518-9__2.16.840.1.113883.6.1_19240-1__2.16.840.1.113883.6.1_19239-3__2.16.840.1.113883.6.1_2520-5__2.16.840.1.113883.6.1_32693-4__2.16.840.1.113883.6.1_59032-3__2.16.840.1.113883.6.1_27941-4"/>
					<ItemData ItemOID="laktat" Value=""/>
				</ItemGroupData>
				<ItemGroupData ItemGroupOID="laborwerte.laktat_unit" ItemGroupRepeatKey="1">
					<ItemData ItemOID="laktat_unit" Value=""/>
				</ItemGroupData>
				<ItemGroupData ItemGroupOID="laborwerte.leukozyten_absolut_code" ItemGroupRepeatKey="1">
					<ItemData ItemOID="leukozyten_absolut_code" Value="2.16.840.1.113883.6.1_804-5__2.16.840.1.113883.6.1_6690-2__2.16.840.1.113883.6.1_49498-9__2.16.840.1.113883.6.1_26464-8"/>
					<ItemData ItemOID="leukozyten_absolut" Value=""/>
				</ItemGroupData>
				<ItemGroupData ItemGroupOID="laborwerte.leukozyten_absolut_unit" ItemGroupRepeatKey="1">
					<ItemData ItemOID="leukozyten_absolut_unit" Value="1"/>
				</ItemGroupData>
				<ItemGroupData ItemGroupOID="laborwerte.lymphozyten_absolut_code" ItemGroupRepeatKey="1">
					<ItemData ItemOID="lymphozyten_absolut_code" Value="2.16.840.1.113883.6.1_732-8__2.16.840.1.113883.6.1_731-0__2.16.840.1.113883.6.1_30364-4__2.16.840.1.113883.6.1_26474-7"/>
					<ItemData ItemOID="lymphozyten_absolut" Value=""/>
				</ItemGroupData>
				<ItemGroupData ItemGroupOID="laborwerte.lymphozyten_absolut_unit" ItemGroupRepeatKey="1">
					<ItemData ItemOID="lymphozyten_absolut_unit" Value="1"/>
				</ItemGroupData>
				<ItemGroupData ItemGroupOID="laborwerte.neutrophile_absolut_code" ItemGroupRepeatKey="1">
					<ItemData ItemOID="neutrophile_absolut_code" Value="2.16.840.1.113883.6.1_753-4__2.16.840.1.113883.6.1_751-8__2.16.840.1.113883.6.1_26499-4"/>
					<ItemData ItemOID="neutrophile_absolut" Value=""/>
				</ItemGroupData>
				<ItemGroupData ItemGroupOID="laborwerte.neutrophile_absolut_unit" ItemGroupRepeatKey="1">
					<ItemData ItemOID="neutrophile_absolut_unit" Value="1"/>
				</ItemGroupData>
				<ItemGroupData ItemGroupOID="laborwerte.ptt_code" ItemGroupRepeatKey="1">
					<ItemData ItemOID="ptt_code" Value="2.16.840.1.113883.6.1_16631-4__2.16.840.1.113883.6.1_43734-3__2.16.840.1.113883.6.1_14979-9__2.16.840.1.113883.6.1_3173-2"/>
					<ItemData ItemOID="ptt" Value=""/>
				</ItemGroupData>
				<ItemGroupData ItemGroupOID="laborwerte.ptt_unit" ItemGroupRepeatKey="1">
					<ItemData ItemOID="ptt_unit" Value="1"/>
				</ItemGroupData>
				<ItemGroupData ItemGroupOID="laborwerte.thrombozyten_absolut_code" ItemGroupRepeatKey="1">
					<ItemData ItemOID="thrombozyten_absolut_code" Value="2.16.840.1.113883.6.1_74775-8__2.16.840.1.113883.6.1_13056-7__2.16.840.1.113883.6.1_26516-5__2.16.840.1.113883.6.1_74464-9__2.16.840.1.113883.6.1_778-1__2.16.840.1.113883.6.1_49497-1__2.16.840.1.113883.6.1_777-3__2.16.840.1.113883.6.1_26515-7"/>
					<ItemData ItemOID="thrombozyten_absolut" Value=""/>
				</ItemGroupData>
				<ItemGroupData ItemGroupOID="laborwerte.thrombozyten_absolut_unit" ItemGroupRepeatKey="1">
					<ItemData ItemOID="thrombozyten_absolut_unit" Value="1"/>
				</ItemGroupData>
				<ItemGroupData ItemGroupOID="laborwerte.inr_code" ItemGroupRepeatKey="1">
					<ItemData ItemOID="inr_code" Value="2.16.840.1.113883.6.1_6301-6__2.16.840.1.113883.6.1_46418-0__2.16.840.1.113883.6.1_34714-6"/>
					<ItemData ItemOID="inr" Value=""/>
				</ItemGroupData>
				<ItemGroupData ItemGroupOID="laborwerte.inr_unit" ItemGroupRepeatKey="1">
					<ItemData ItemOID="inr_unit" Value="1"/>
				</ItemGroupData>
				<ItemGroupData ItemGroupOID="laborwerte.serumalbumin_code" ItemGroupRepeatKey="1">
					<ItemData ItemOID="serumalbumin_code" Value="2.16.840.1.113883.6.1_76631-1__2.16.840.1.113883.6.1_62235-7__2.16.840.1.113883.6.1_62234-0__2.16.840.1.113883.6.1_61152-5__2.16.840.1.113883.6.1_61151-7__2.16.840.1.113883.6.1_2862-1__2.16.840.1.113883.6.1_1751-7__2.16.840.1.113883.6.1_54347-0"/>
					<ItemData ItemOID="serumalbumin" Value=""/>
				</ItemGroupData>
				<ItemGroupData ItemGroupOID="laborwerte.serumalbumin_unit" ItemGroupRepeatKey="1">
					<ItemData ItemOID="serumalbumin_unit" Value=""/>
				</ItemGroupData>
				<ItemGroupData ItemGroupOID="laborwerte.antithrombin_iii_code" ItemGroupRepeatKey="1">
					<ItemData ItemOID="antithrombin_iii_code" Value="2.16.840.1.113883.6.1_27811-9__2.16.840.1.113883.6.1_3176-5__2.16.840.1.113883.6.1_91120-6__2.16.840.1.113883.6.1_3174-0"/>
					<ItemData ItemOID="antithrombin_iii" Value=""/>
				</ItemGroupData>
				<ItemGroupData ItemGroupOID="laborwerte.antithrombin_iii_unit" ItemGroupRepeatKey="1">
					<ItemData ItemOID="antithrombin_iii_unit" Value=""/>
				</ItemGroupData>
				<ItemGroupData ItemGroupOID="laborwerte.pct_procalcitonin_code" ItemGroupRepeatKey="1">
					<ItemData ItemOID="pct_procalcitonin_code" Value="2.16.840.1.113883.6.1_75241-0__2.16.840.1.113883.6.1_33959-8"/>
					<ItemData ItemOID="pct_procalcitonin" Value=""/>
				</ItemGroupData>
				<ItemGroupData ItemGroupOID="laborwerte.pct_procalcitonin_unit" ItemGroupRepeatKey="1">
					<ItemData ItemOID="pct_procalcitonin_unit" Value="1"/>
				</ItemGroupData>
				<ItemGroupData ItemGroupOID="laborwerte.il6_interleukin_6_code" ItemGroupRepeatKey="1">
					<ItemData ItemOID="il6_interleukin_6_code" Value="2.16.840.1.113883.6.1_44322-6__2.16.840.1.113883.6.1_26881-3__2.16.840.1.113883.6.1_49919-4__2.16.840.1.113883.6.1_49732-1"/>
					<ItemData ItemOID="il6_interleukin_6" Value=""/>
				</ItemGroupData>
				<ItemGroupData ItemGroupOID="laborwerte.il6_interleukin_6_unit" ItemGroupRepeatKey="1">
					<ItemData ItemOID="il6_interleukin_6_unit" Value="1"/>
				</ItemGroupData>
				<ItemGroupData ItemGroupOID="laborwerte.ntprobnp_code" ItemGroupRepeatKey="1">
					<ItemData ItemOID="ntprobnp_code" Value="2.16.840.1.113883.6.1_83107-3__2.16.840.1.113883.6.1_33762-6"/>
					<ItemData ItemOID="ntprobnp" Value=""/>
				</ItemGroupData>
				<ItemGroupData ItemGroupOID="laborwerte.ntprobnp_unit" ItemGroupRepeatKey="1">
					<ItemData ItemOID="ntprobnp_unit" Value="1"/>
				</ItemGroupData>
				<ItemGroupData ItemGroupOID="laborwerte.fibrinogen_code" ItemGroupRepeatKey="1">
					<ItemData ItemOID="fibrinogen_code" Value="2.16.840.1.113883.6.1_30902-1__2.16.840.1.113883.6.1_48664-7__2.16.840.1.113883.6.1_3255-7"/>
					<ItemData ItemOID="fibrinogen" Value=""/>
				</ItemGroupData>
				<ItemGroupData ItemGroupOID="laborwerte.fibrinogen_unit" ItemGroupRepeatKey="1">
					<ItemData ItemOID="fibrinogen_unit" Value=""/>
				</ItemGroupData>
				<ItemGroupData ItemGroupOID="laborwerte.sarsco_v2rtpcr_code" ItemGroupRepeatKey="1">
					<ItemData ItemOID="sarsco_v2rtpcr_code" Value="2.16.840.1.113883.6.1_94500-6"/>
					<ItemData ItemOID="sarsco_v2rtpcr" Value=""/>
				</ItemGroupData>
				<ItemGroupData ItemGroupOID="laborwerte.sarsco_v2_covid19_ig_g_ia_ql_code" ItemGroupRepeatKey="1">
					<ItemData ItemOID="sarsco_v2_covid19_ig_g_ia_ql_code" Value="2.16.840.1.113883.6.1_94563-4"/>
					<ItemData ItemOID="sarsco_v2_covid19_ig_g_ia_ql" Value=""/>
				</ItemGroupData>
				<ItemGroupData ItemGroupOID="laborwerte.sarsco_v2_covid19_ig_g_ia_qn_code" ItemGroupRepeatKey="1">
					<ItemData ItemOID="sarsco_v2_covid19_ig_g_ia_qn_code" Value="2.16.840.1.113883.6.1_94505-5"/>
					<ItemData ItemOID="sarsco_v2_covid19_ig_g_ia_qn" Value=""/>
				</ItemGroupData>
				<ItemGroupData ItemGroupOID="laborwerte.sarsco_v2_covid19_ig_g_ia_qn_unit" ItemGroupRepeatKey="1">
					<ItemData ItemOID="sarsco_v2_covid19_ig_g_ia_qn_unit" Value="1"/>
				</ItemGroupData>
				<ItemGroupData ItemGroupOID="laborwerte.sarsco_v2_covid19_ig_m_ia_ql_code" ItemGroupRepeatKey="1">
					<ItemData ItemOID="sarsco_v2_covid19_ig_m_ia_ql_code" Value="2.16.840.1.113883.6.1_94564-2"/>
					<ItemData ItemOID="sarsco_v2_covid19_ig_m_ia_ql" Value=""/>
				</ItemGroupData>
				<ItemGroupData ItemGroupOID="laborwerte.sarsco_v2_covid19_ig_m_ia_qn_code" ItemGroupRepeatKey="1">
					<ItemData ItemOID="sarsco_v2_covid19_ig_m_ia_qn_code" Value="2.16.840.1.113883.6.1_94506-3"/>
					<ItemData ItemOID="sarsco_v2_covid19_ig_m_ia_qn" Value=""/>
				</ItemGroupData>
				<ItemGroupData ItemGroupOID="laborwerte.sarsco_v2_covid19_ig_m_ia_qn_unit" ItemGroupRepeatKey="1">
					<ItemData ItemOID="sarsco_v2_covid19_ig_m_ia_qn_unit" Value="1"/>
				</ItemGroupData>
				<ItemGroupData ItemGroupOID="laborwerte.sarsco_v2_covid19_ig_a_ia_ql_code" ItemGroupRepeatKey="1">
					<ItemData ItemOID="sarsco_v2_covid19_ig_a_ia_ql_code" Value="2.16.840.1.113883.6.1_94562-6"/>
					<ItemData ItemOID="sarsco_v2_covid19_ig_a_ia_ql" Value=""/>
				</ItemGroupData>
				<ItemGroupData ItemGroupOID="laborwerte.sarsco_v2_covid19_ig_a_ia_qn_code" ItemGroupRepeatKey="1">
					<ItemData ItemOID="sarsco_v2_covid19_ig_a_ia_qn_code" Value="2.16.840.1.113883.6.1_94720-0"/>
					<ItemData ItemOID="sarsco_v2_covid19_ig_a_ia_qn" Value=""/>
				</ItemGroupData>
				<ItemGroupData ItemGroupOID="laborwerte.sarsco_v2_covid19_ig_a_ia_qn_unit" ItemGroupRepeatKey="1">
					<ItemData ItemOID="sarsco_v2_covid19_ig_a_ia_qn_unit" Value="1"/>
				</ItemGroupData>
				<ItemGroupData ItemGroupOID="laborwerte.sarsco_v2_covid19_ab_ia_ql_code" ItemGroupRepeatKey="1">
					<ItemData ItemOID="sarsco_v2_covid19_ab_ia_ql_code" Value="2.16.840.1.113883.6.1_94762-2"/>
					<ItemData ItemOID="sarsco_v2_covid19_ab_ia_ql" Value=""/>
				</ItemGroupData>
				<ItemGroupData ItemGroupOID="laborwerte.sarsco_v2_covid19_ab_ia_qn_code" ItemGroupRepeatKey="1">
					<ItemData ItemOID="sarsco_v2_covid19_ab_ia_qn_code" Value="2.16.840.1.113883.6.1_94769-7"/>
					<ItemData ItemOID="sarsco_v2_covid19_ab_ia_qn" Value=""/>
				</ItemGroupData>
				<ItemGroupData ItemGroupOID="laborwerte.sarsco_v2_covid19_ab_ia_qn_unit" ItemGroupRepeatKey="1">
					<ItemData ItemOID="sarsco_v2_covid19_ab_ia_qn_unit" Value="1"/>
				</ItemGroupData>
				<ItemGroupData ItemGroupOID="laborwerte.laborwerte_complete" ItemGroupRepeatKey="1">
					<ItemData ItemOID="laborwerte_complete" Value="0"/>
				</ItemGroupData>
			</FormData>
	</SubjectData>
	<SubjectData SubjectKey="3" redcap:RecordIdField="record_id">
			<FormData FormOID="Form.krankheitsbeginn_aufnahme" FormRepeatKey="1">
				<ItemGroupData ItemGroupOID="krankheitsbeginn_aufnahme.record_id" ItemGroupRepeatKey="1">
					<ItemData ItemOID="record_id" Value="3"/>
					<ItemData ItemOID="redcap_data_access_group" Value=""/>
				</ItemGroupData>
				<ItemGroupData ItemGroupOID="krankheitsbeginn_aufnahme.patient_id" ItemGroupRepeatKey="1">
					<ItemData ItemOID="patient_id" Value="252"/>
				</ItemGroupData>
				<ItemGroupData ItemGroupOID="krankheitsbeginn_aufnahme.aufnahmedatum" ItemGroupRepeatKey="1">
					<ItemData ItemOID="aufnahmedatum" Value=""/>
				</ItemGroupData>
				<ItemGroupData ItemGroupOID="krankheitsbeginn_aufnahme.erkrankungsphase_zum_zeitpunkt_der_diagnose_code" ItemGroupRepeatKey="1">
					<ItemData ItemOID="erkrankungsphase_zum_zeitpunkt_der_diagnose_code" Value="2.16.840.1.113883.6.1_88859-4__2.16.840.1.113883.6.96_385349001"/>
					<ItemData ItemOID="erkrankungsphase_zum_zeitpunkt_der_diagnose" Value="2.16.840.1.113883.6.96_24484000__2.16.840.1.113883.6.96_442452003"/>
				</ItemGroupData>
				<ItemGroupData ItemGroupOID="krankheitsbeginn_aufnahme.krankheitsbeginn_aufnahme_complete" ItemGroupRepeatKey="1">
					<ItemData ItemOID="krankheitsbeginn_aufnahme_complete" Value="1"/>
				</ItemGroupData>
			</FormData>
			<FormData FormOID="Form.studieneinschluss_einschlusskriterien" FormRepeatKey="1">
				<ItemGroupData ItemGroupOID="studieneinschluss_einschlusskriterien.covid19_aufnahme_code" ItemGroupRepeatKey="1">
					<ItemData ItemOID="covid19_aufnahme_code" Value="&lt;No code given!&gt;"/>
					<ItemData ItemOID="covid19_aufnahme" Value="2.16.840.1.113883.6.96_373066001"/>
				</ItemGroupData>
				<ItemGroupData ItemGroupOID="studieneinschluss_einschlusskriterien.interventionelle_studienteilnahme_code" ItemGroupRepeatKey="1">
					<ItemData ItemOID="interventionelle_studienteilnahme_code" Value="&lt;No code given!&gt;"/>
					<ItemData ItemOID="interventionelle_studienteilnahme" Value="2.16.840.1.113883.6.96_373066001"/>
				</ItemGroupData>
				<ItemGroupData ItemGroupOID="studieneinschluss_einschlusskriterien.studieneinschluss_einschlusskriterien_complete" ItemGroupRepeatKey="1">
					<ItemData ItemOID="studieneinschluss_einschlusskriterien_complete" Value="2"/>
				</ItemGroupData>
			</FormData>
			<FormData FormOID="Form.anamnese_risikofaktoren" FormRepeatKey="1">
				<ItemGroupData ItemGroupOID="anamnese_risikofaktoren.chronische_lungenerkrankungen_code" ItemGroupRepeatKey="1">
					<ItemData ItemOID="chronische_lungenerkrankungen_code" Value="1.2.276.0.76.5.409_J98.4__2.16.840.1.113883.6.96_413839001"/>
					<ItemData ItemOID="chronische_lungenerkrankungen" Value="1.2.276.0.76.5.409_J98.4__2.16.840.1.113883.6.96_413839001__2.16.840.1.113883.6.96_410605003"/>
				</ItemGroupData>
				<ItemGroupData ItemGroupOID="anamnese_risikofaktoren.chronische_lungenerkrankungen_asthma" ItemGroupRepeatKey="1">
					<ItemData ItemOID="chronische_lungenerkrankungen_asthma" Value="1.2.276.0.76.5.409_J45.9__2.16.840.1.113883.6.96_195967001__2.16.840.1.113883.6.96_410594000"/>
					<ItemData ItemOID="chronische_lungenerkrankungen_copd" Value="1.2.276.0.76.5.409_J44.9__2.16.840.1.113883.6.96_13645005__2.16.840.1.113883.6.96_410605003"/>
					<ItemData ItemOID="chronische_lungenerkrankungen_lungenfibrose" Value="1.2.276.0.76.5.409_J84.1__2.16.840.1.113883.6.96_51615001__2.16.840.1.113883.6.96_410594000"/>
					<ItemData ItemOID="chronische_lungenerkrankungen_lungenhochdruck_pulmonale_hypertonie" Value="1.2.276.0.76.5.409_I27.0__2.16.840.1.113883.6.96_70995007__2.16.840.1.113883.6.96_410594000"/>
					<ItemData ItemOID="chronische_lungenerkrankungen_ohs" Value="1.2.276.0.76.5.409_E66.29__2.16.840.1.113883.6.96_190966007__2.16.840.1.113883.6.96_261665006"/>
					<ItemData ItemOID="chronische_lungenerkrankungen_schlafapnoe" Value="1.2.276.0.76.5.409_G47.3__2.16.840.1.113883.6.96_73430006__2.16.840.1.113883.6.96_410594000"/>
					<ItemData ItemOID="chronische_lungenerkrankungen_osas" Value="1.2.276.0.76.5.409_G47.31__2.16.840.1.113883.6.96_78275009__2.16.840.1.113883.6.96_410594000"/>
					<ItemData ItemOID="chronische_lungenerkrankungen_cystische_fibrose" Value="1.2.276.0.76.5.409_E84.9__2.16.840.1.113883.6.96_190905008__2.16.840.1.113883.6.96_410594000"/>
					<ItemData ItemOID="chronische_lungenerkrankungen_andere" Value="2.16.840.1.113883.6.96_LESSTHAN106048009__2.16.840.1.113883.6.96_410594000"/>
					<ItemData ItemOID="chronische_lungenerkrankungen_andere_textfeld" Value=""/>
				</ItemGroupData>
				<ItemGroupData ItemGroupOID="anamnese_risikofaktoren.herzkreislauferkrankungen_code" ItemGroupRepeatKey="1">
					<ItemData ItemOID="herzkreislauferkrankungen_code" Value="1.2.276.0.76.5.409_I51.6__2.16.840.1.113883.6.96_49601007"/>
					<ItemData ItemOID="herzkreislauferkrankungen" Value="1.2.276.0.76.5.409_I51.6__2.16.840.1.113883.6.96_49601007__2.16.840.1.113883.6.96_410605003"/>
				</ItemGroupData>
				<ItemGroupData ItemGroupOID="anamnese_risikofaktoren.herzkreislauferkrankungen_bluthochdruck" ItemGroupRepeatKey="1">
					<ItemData ItemOID="herzkreislauferkrankungen_bluthochdruck" Value="1.2.276.0.76.5.409_I10.90__2.16.840.1.113883.6.96_38341003__2.16.840.1.113883.6.96_410605003"/>
					<ItemData ItemOID="herzkreislauferkrankungen_zustand_nach_herzinfarkt" Value="1.2.276.0.76.5.409_I25.29__2.16.840.1.113883.6.96_417662000COLON246090004EQUAL22298006__2.16.840.1.113883.6.96_410594000"/>
					<ItemData ItemOID="herzkreislauferkrankungen_herzrhythmusstoerungen" Value="1.2.276.0.76.5.409_I49.9__2.16.840.1.113883.6.96_698247007__2.16.840.1.113883.6.96_410594000"/>
					<ItemData ItemOID="herzkreislauferkrankungen_herzinsuffizienz" Value="1.2.276.0.76.5.409_I50.9__2.16.840.1.113883.6.96_84114007__2.16.840.1.113883.6.96_410605003"/>
					<ItemData ItemOID="herzkreislauferkrankungen_pavk" Value="1.2.276.0.76.5.409_I73.9__2.16.840.1.113883.6.96_399957001__2.16.840.1.113883.6.96_410594000"/>
					<ItemData ItemOID="herzkreislauferkrankungen_zustand_nach_revaskularisation" Value="1.2.276.0.76.5.409_Z95.5__1.2.276.0.76.5.409_Z95.1__2.16.840.1.113883.6.96_416940007COLON363589002EQUAL81266008__2.16.840.1.113883.6.96_410594000"/>
					<ItemData ItemOID="herzkreislauferkrankungen_koronare_herzerkrankung_khk" Value="1.2.276.0.76.5.409_I25.1__2.16.840.1.113883.6.96_53741008__2.16.840.1.113883.6.96_410594000"/>
					<ItemData ItemOID="herzkreislauferkrankungen_carotisstenose" Value="1.2.276.0.76.5.409_I65.2__2.16.840.1.113883.6.96_64586002__2.16.840.1.113883.6.96_410594000"/>
					<ItemData ItemOID="herzkreislauferkrankungen_andere" Value="1.2.276.0.76.5.409_I00-I99__2.16.840.1.113883.6.96_LESSTHAN49601007__2.16.840.1.113883.6.96_410594000"/>
					<ItemData ItemOID="herzkreislauferkrankungen_andere_textfeld" Value=""/>
				</ItemGroupData>
				<ItemGroupData ItemGroupOID="anamnese_risikofaktoren.chronische_lebererkrankungen_code" ItemGroupRepeatKey="1">
					<ItemData ItemOID="chronische_lebererkrankungen_code" Value="1.2.276.0.76.5.409_K76.9__2.16.840.1.113883.6.96_328383001"/>
					<ItemData ItemOID="chronische_lebererkrankungen" Value="1.2.276.0.76.5.409_K76.9__2.16.840.1.113883.6.96_328383001__2.16.840.1.113883.6.96_410594000"/>
				</ItemGroupData>
				<ItemGroupData ItemGroupOID="anamnese_risikofaktoren.chronische_lebererkrankungen_fettleber" ItemGroupRepeatKey="1">
					<ItemData ItemOID="chronische_lebererkrankungen_fettleber" Value=""/>
					<ItemData ItemOID="chronische_lebererkrankungen_leberzirrhose" Value=""/>
					<ItemData ItemOID="chronische_lebererkrankungen_chronische_infektioese_hepatitis" Value=""/>
					<ItemData ItemOID="chronische_lebererkrankungen_autoimmune_lebererkrankungen" Value=""/>
					<ItemData ItemOID="chronische_lebererkrankungen_andere" Value=""/>
					<ItemData ItemOID="chronische_lebererkrankungen_andere_textfeld" Value=""/>
				</ItemGroupData>
				<ItemGroupData ItemGroupOID="anamnese_risikofaktoren.rheumatologischeimmunologische_erkrankungen_code" ItemGroupRepeatKey="1">
					<ItemData ItemOID="rheumatologischeimmunologische_erkrankungen_code" Value="2.16.840.1.113883.6.96_396332003__2.16.840.1.113883.6.96_414029004"/>
					<ItemData ItemOID="rheumatologischeimmunologische_erkrankungen" Value="2.16.840.1.113883.6.96_396332003__2.16.840.1.113883.6.96_414029004__2.16.840.1.113883.6.96_410594000"/>
				</ItemGroupData>
				<ItemGroupData ItemGroupOID="anamnese_risikofaktoren.rheumatologischeimmunologische_erkrankungen_chronisch_entzuendl_darmerkrankung" ItemGroupRepeatKey="1">
					<ItemData ItemOID="rheumatologischeimmunologische_erkrankungen_chronisch_entzuendl_darmerkrankung" Value=""/>
					<ItemData ItemOID="rheumatologischeimmunologische_erkrankungen_rheumatoide_arthritis" Value=""/>
					<ItemData ItemOID="rheumatologischeimmunologische_erkrankungen_kollagenosen" Value=""/>
					<ItemData ItemOID="rheumatologischeimmunologische_erkrankungen_vaskulitiden" Value=""/>
					<ItemData ItemOID="rheumatologischeimmunologische_erkrankungen_angeborene_immundefekte" Value=""/>
					<ItemData ItemOID="rheumatologischeimmunologische_erkrankungen_andere" Value=""/>
					<ItemData ItemOID="rheumatologischeimmunologische_erkrankungen_andere_textfeld" Value=""/>
				</ItemGroupData>
				<ItemGroupData ItemGroupOID="anamnese_risikofaktoren.bestehende_hivinfektion_code" ItemGroupRepeatKey="1">
					<ItemData ItemOID="bestehende_hivinfektion_code" Value="1.2.276.0.76.5.409_B24__2.16.840.1.113883.6.96_86406008"/>
					<ItemData ItemOID="bestehende_hivinfektion" Value=""/>
				</ItemGroupData>
				<ItemGroupData ItemGroupOID="anamnese_risikofaktoren.organtransplantiert_code" ItemGroupRepeatKey="1">
					<ItemData ItemOID="organtransplantiert_code" Value="1.2.276.0.76.5.409_Z94.9__2.16.840.1.113883.6.96_161663000"/>
					<ItemData ItemOID="organtransplantiert" Value="1.2.276.0.76.5.409_Z94.9__2.16.840.1.113883.6.96_161663000__2.16.840.1.113883.6.96_410605003"/>
				</ItemGroupData>
				<ItemGroupData ItemGroupOID="anamnese_risikofaktoren.organtransplantiert_herz" ItemGroupRepeatKey="1">
					<ItemData ItemOID="organtransplantiert_herz" Value="1.2.276.0.76.5.409_Z94.1__2.16.840.1.113883.6.96_302509004__2.16.840.1.113883.6.96_410605003"/>
					<ItemData ItemOID="organtransplantiert_lunge" Value=""/>
					<ItemData ItemOID="organtransplantiert_leber" Value=""/>
					<ItemData ItemOID="organtransplantiert_nieren" Value=""/>
					<ItemData ItemOID="organtransplantiert_darm" Value=""/>
					<ItemData ItemOID="organtransplantiert_haut" Value=""/>
					<ItemData ItemOID="organtransplantiert_hornhaut" Value=""/>
					<ItemData ItemOID="organtransplantiert_gehoerknoechelchen" Value=""/>
					<ItemData ItemOID="organtransplantiert_herzklappen" Value=""/>
					<ItemData ItemOID="organtransplantiert_blutgefaess" Value=""/>
					<ItemData ItemOID="organtransplantiert_hirnhaut" Value=""/>
					<ItemData ItemOID="organtransplantiert_knochengewebe" Value=""/>
					<ItemData ItemOID="organtransplantiert_knorpelgewebe" Value=""/>
					<ItemData ItemOID="organtransplantiert_sehne" Value=""/>
				</ItemGroupData>
				<ItemGroupData ItemGroupOID="anamnese_risikofaktoren.diabetes_code" ItemGroupRepeatKey="1">
					<ItemData ItemOID="diabetes_code" Value="1.2.276.0.76.5.409_E14__2.16.840.1.113883.6.96_73211009"/>
					<ItemData ItemOID="diabetes" Value="2.16.840.1.113883.6.96_410594000"/>
				</ItemGroupData>
				<ItemGroupData ItemGroupOID="anamnese_risikofaktoren.aktive_tumorkrebserkrankungen_code" ItemGroupRepeatKey="1">
					<ItemData ItemOID="aktive_tumorkrebserkrankungen_code" Value="1.2.276.0.76.5.409_C80.9__2.16.840.1.113883.6.96_363346000"/>
					<ItemData ItemOID="aktive_tumorkrebserkrankungen" Value="2.16.840.1.113883.4.642.1.1074_active"/>
				</ItemGroupData>
				<ItemGroupData ItemGroupOID="anamnese_risikofaktoren.raucherstatus_code" ItemGroupRepeatKey="1">
					<ItemData ItemOID="raucherstatus_code" Value="2.16.840.1.113883.6.1_72166-2"/>
					<ItemData ItemOID="raucherstatus" Value="2.16.840.1.113883.6.1_LA18980-5"/>
				</ItemGroupData>
				<ItemGroupData ItemGroupOID="anamnese_risikofaktoren.chronische_neurologische_oder_psychiatrische_erkrankungen_code" ItemGroupRepeatKey="1">
					<ItemData ItemOID="chronische_neurologische_oder_psychiatrische_erkrankungen_code" Value="1.2.276.0.76.5.409_F99__1.2.276.0.76.5.409_G96.9__2.16.840.1.113883.6.96_74732009__2.16.840.1.113883.6.96_128283000"/>
					<ItemData ItemOID="chronische_neurologische_oder_psychiatrische_erkrankungen" Value="1.2.276.0.76.5.409_F99__1.2.276.0.76.5.409_G96.9__2.16.840.1.113883.6.96_74732009__2.16.840.1.113883.6.96_128283000__2.16.840.1.113883.6.96_410594000"/>
				</ItemGroupData>
				<ItemGroupData ItemGroupOID="anamnese_risikofaktoren.chronische_neurologische_oder_psychiatrische_erkrankungen_m_parkinson" ItemGroupRepeatKey="1">
					<ItemData ItemOID="chronische_neurologische_oder_psychiatrische_erkrankungen_m_parkinson" Value=""/>
					<ItemData ItemOID="chronische_neurologische_oder_psychiatrische_erkrankungen_demenz" Value=""/>
					<ItemData ItemOID="chronische_neurologische_oder_psychiatrische_erkrankungen_multiple_sklerose" Value=""/>
					<ItemData ItemOID="chronische_neurologische_oder_psychiatrische_erkrankungen_neuromuskulaere_erkrankungen" Value=""/>
					<ItemData ItemOID="chronische_neurologische_oder_psychiatrische_erkrankungen_epilepsie" Value=""/>
					<ItemData ItemOID="chronische_neurologische_oder_psychiatrische_erkrankungen_migraene" Value=""/>
					<ItemData ItemOID="chronische_neurologische_oder_psychiatrische_erkrankungen_zn_apoplex_mit_residuen" Value=""/>
					<ItemData ItemOID="chronische_neurologische_oder_psychiatrische_erkrankungen_zn_apoplex_ohne_residuen" Value=""/>
					<ItemData ItemOID="chronische_neurologische_oder_psychiatrische_erkrankungen_psychose" Value=""/>
					<ItemData ItemOID="chronische_neurologische_oder_psychiatrische_erkrankungen_depression" Value=""/>
					<ItemData ItemOID="chronische_neurologische_oder_psychiatrische_erkrankungen_angsterkrankung" Value=""/>
				</ItemGroupData>
				<ItemGroupData ItemGroupOID="anamnese_risikofaktoren.bestehende_sauerstoff_oder_beatmungstherapie_code" ItemGroupRepeatKey="1">
					<ItemData ItemOID="bestehende_sauerstoff_oder_beatmungstherapie_code" Value="2.16.840.1.113883.6.96_53950000"/>
					<ItemData ItemOID="bestehende_sauerstoff_oder_beatmungstherapie" Value="2.16.840.1.113883.4.642.4.1048_not-performed__2.16.840.1.113883.4.642.4.110_not-done"/>
				</ItemGroupData>
				<ItemGroupData ItemGroupOID="anamnese_risikofaktoren.chronische_nierenerkrankungen_code" ItemGroupRepeatKey="1">
					<ItemData ItemOID="chronische_nierenerkrankungen_code" Value="1.2.276.0.76.5.409_N18.9__2.16.840.1.113883.6.96_709044004"/>
					<ItemData ItemOID="chronische_nierenerkrankungen" Value="2.16.840.1.113883.6.96_410594000"/>
				</ItemGroupData>
				<ItemGroupData ItemGroupOID="anamnese_risikofaktoren.chronische_nierenerkrankungen_schweregrad" ItemGroupRepeatKey="1">
					<ItemData ItemOID="chronische_nierenerkrankungen_schweregrad" Value=""/>
				</ItemGroupData>
				<ItemGroupData ItemGroupOID="anamnese_risikofaktoren.reiseaktivitat_code" ItemGroupRepeatKey="1">
					<ItemData ItemOID="reiseaktivitat_code" Value="2.16.840.1.113883.6.1_8691-8__2.16.840.1.113883.6.96_443846001"/>
					<ItemData ItemOID="reiseaktivitat" Value="2.16.840.1.113883.6.96_373066001"/>
				</ItemGroupData>
				<ItemGroupData ItemGroupOID="anamnese_risikofaktoren.reiseaktivitat_start_date_1" ItemGroupRepeatKey="1">
					<ItemData ItemOID="reiseaktivitat_start_date_1" Value="2020-11-16"/>
				</ItemGroupData>
				<ItemGroupData ItemGroupOID="anamnese_risikofaktoren.reiseaktivitat_country_1" ItemGroupRepeatKey="1">
					<ItemData ItemOID="reiseaktivitat_country_1" Value="urnCOLONisoCOLONstdCOLONisoCOLON3166_AT"/>
					<ItemData ItemOID="reiseaktivitat_state_1" Value=""/>
					<ItemData ItemOID="reiseaktivitat_city_1" Value=""/>
					<ItemData ItemOID="reiseaktivitat_end_date_1" Value="2020-11-17"/>
				</ItemGroupData>
				<ItemGroupData ItemGroupOID="anamnese_risikofaktoren.reiseaktivitat_start_date_2" ItemGroupRepeatKey="1">
					<ItemData ItemOID="reiseaktivitat_start_date_2" Value=""/>
				</ItemGroupData>
				<ItemGroupData ItemGroupOID="anamnese_risikofaktoren.reiseaktivitat_country_2" ItemGroupRepeatKey="1">
					<ItemData ItemOID="reiseaktivitat_country_2" Value=""/>
					<ItemData ItemOID="reiseaktivitat_state_2" Value=""/>
					<ItemData ItemOID="reiseaktivitat_city_2" Value=""/>
					<ItemData ItemOID="reiseaktivitat_end_date_2" Value=""/>
				</ItemGroupData>
				<ItemGroupData ItemGroupOID="anamnese_risikofaktoren.reiseaktivitat_start_date_3" ItemGroupRepeatKey="1">
					<ItemData ItemOID="reiseaktivitat_start_date_3" Value=""/>
				</ItemGroupData>
				<ItemGroupData ItemGroupOID="anamnese_risikofaktoren.reiseaktivitat_country_3" ItemGroupRepeatKey="1">
					<ItemData ItemOID="reiseaktivitat_country_3" Value=""/>
					<ItemData ItemOID="reiseaktivitat_state_3" Value=""/>
					<ItemData ItemOID="reiseaktivitat_city_3" Value=""/>
					<ItemData ItemOID="reiseaktivitat_end_date_3" Value=""/>
				</ItemGroupData>
				<ItemGroupData ItemGroupOID="anamnese_risikofaktoren.reiseaktivitat_start_date_4" ItemGroupRepeatKey="1">
					<ItemData ItemOID="reiseaktivitat_start_date_4" Value=""/>
				</ItemGroupData>
				<ItemGroupData ItemGroupOID="anamnese_risikofaktoren.reiseaktivitat_country_4" ItemGroupRepeatKey="1">
					<ItemData ItemOID="reiseaktivitat_country_4" Value=""/>
					<ItemData ItemOID="reiseaktivitat_state_4" Value=""/>
					<ItemData ItemOID="reiseaktivitat_city_4" Value=""/>
					<ItemData ItemOID="reiseaktivitat_end_date_4" Value=""/>
				</ItemGroupData>
				<ItemGroupData ItemGroupOID="anamnese_risikofaktoren.reiseaktivitat_start_date_5" ItemGroupRepeatKey="1">
					<ItemData ItemOID="reiseaktivitat_start_date_5" Value=""/>
				</ItemGroupData>
				<ItemGroupData ItemGroupOID="anamnese_risikofaktoren.reiseaktivitat_country_5" ItemGroupRepeatKey="1">
					<ItemData ItemOID="reiseaktivitat_country_5" Value=""/>
					<ItemData ItemOID="reiseaktivitat_state_5" Value=""/>
					<ItemData ItemOID="reiseaktivitat_city_5" Value=""/>
					<ItemData ItemOID="reiseaktivitat_end_date_5" Value=""/>
				</ItemGroupData>
				<ItemGroupData ItemGroupOID="anamnese_risikofaktoren.reiseaktivitat_start_date_6" ItemGroupRepeatKey="1">
					<ItemData ItemOID="reiseaktivitat_start_date_6" Value=""/>
				</ItemGroupData>
				<ItemGroupData ItemGroupOID="anamnese_risikofaktoren.reiseaktivitat_country_6" ItemGroupRepeatKey="1">
					<ItemData ItemOID="reiseaktivitat_country_6" Value=""/>
					<ItemData ItemOID="reiseaktivitat_state_6" Value=""/>
					<ItemData ItemOID="reiseaktivitat_city_6" Value=""/>
					<ItemData ItemOID="reiseaktivitat_end_date_6" Value=""/>
				</ItemGroupData>
				<ItemGroupData ItemGroupOID="anamnese_risikofaktoren.reiseaktivitat_start_date_7" ItemGroupRepeatKey="1">
					<ItemData ItemOID="reiseaktivitat_start_date_7" Value=""/>
				</ItemGroupData>
				<ItemGroupData ItemGroupOID="anamnese_risikofaktoren.reiseaktivitat_country_7" ItemGroupRepeatKey="1">
					<ItemData ItemOID="reiseaktivitat_country_7" Value=""/>
					<ItemData ItemOID="reiseaktivitat_state_7" Value=""/>
					<ItemData ItemOID="reiseaktivitat_city_7" Value=""/>
					<ItemData ItemOID="reiseaktivitat_end_date_7" Value=""/>
				</ItemGroupData>
				<ItemGroupData ItemGroupOID="anamnese_risikofaktoren.reiseaktivitat_start_date_8" ItemGroupRepeatKey="1">
					<ItemData ItemOID="reiseaktivitat_start_date_8" Value=""/>
				</ItemGroupData>
				<ItemGroupData ItemGroupOID="anamnese_risikofaktoren.reiseaktivitat_country_8" ItemGroupRepeatKey="1">
					<ItemData ItemOID="reiseaktivitat_country_8" Value=""/>
					<ItemData ItemOID="reiseaktivitat_state_8" Value=""/>
					<ItemData ItemOID="reiseaktivitat_city_8" Value=""/>
					<ItemData ItemOID="reiseaktivitat_end_date_8" Value=""/>
				</ItemGroupData>
				<ItemGroupData ItemGroupOID="anamnese_risikofaktoren.reiseaktivitat_start_date_9" ItemGroupRepeatKey="1">
					<ItemData ItemOID="reiseaktivitat_start_date_9" Value=""/>
				</ItemGroupData>
				<ItemGroupData ItemGroupOID="anamnese_risikofaktoren.reiseaktivitat_country_9" ItemGroupRepeatKey="1">
					<ItemData ItemOID="reiseaktivitat_country_9" Value=""/>
					<ItemData ItemOID="reiseaktivitat_state_9" Value=""/>
					<ItemData ItemOID="reiseaktivitat_city_9" Value=""/>
					<ItemData ItemOID="reiseaktivitat_end_date_9" Value=""/>
				</ItemGroupData>
				<ItemGroupData ItemGroupOID="anamnese_risikofaktoren.reiseaktivitat_start_date_10" ItemGroupRepeatKey="1">
					<ItemData ItemOID="reiseaktivitat_start_date_10" Value=""/>
				</ItemGroupData>
				<ItemGroupData ItemGroupOID="anamnese_risikofaktoren.reiseaktivitat_country_10" ItemGroupRepeatKey="1">
					<ItemData ItemOID="reiseaktivitat_country_10" Value=""/>
					<ItemData ItemOID="reiseaktivitat_state_10" Value=""/>
					<ItemData ItemOID="reiseaktivitat_city_10" Value=""/>
					<ItemData ItemOID="reiseaktivitat_end_date_10" Value=""/>
				</ItemGroupData>
				<ItemGroupData ItemGroupOID="anamnese_risikofaktoren.magengeschwure_code" ItemGroupRepeatKey="1">
					<ItemData ItemOID="magengeschwure_code" Value="1.2.276.0.76.5.409_K28__2.16.840.1.113883.6.96_40845000"/>
					<ItemData ItemOID="magengeschwure" Value="2.16.840.1.113883.6.96_410594000"/>
				</ItemGroupData>
				<ItemGroupData ItemGroupOID="anamnese_risikofaktoren.impfungen_code" ItemGroupRepeatKey="1">
					<ItemData ItemOID="impfungen_code" Value="&lt;No code given!&gt;"/>
				</ItemGroupData>
				<ItemGroupData ItemGroupOID="anamnese_risikofaktoren.impfungen_influenza" ItemGroupRepeatKey="1">
					<ItemData ItemOID="impfungen_influenza" Value="2.16.840.1.113883.6.96_6142004__2.16.840.1.113883.6.96_410605003"/>
					<ItemData ItemOID="impfungen_pneumokokken" Value="2.16.840.1.113883.6.96_16814004__2.16.840.1.113883.6.96_410594000"/>
					<ItemData ItemOID="impfungen_bcg" Value="2.16.840.1.113883.6.96_56717001__2.16.840.1.113883.6.96_410594000"/>
					<ItemData ItemOID="impfungen_covid_19" Value="2.16.840.1.113883.6.96_840539006__2.16.840.1.113883.6.96_410594000"/>
					<ItemData ItemOID="impfungen_andere" Value="NoCodeSystem_NoCode__2.16.840.1.113883.6.96_410594000"/>
					<ItemData ItemOID="impfungen_influenza_datum" Value=""/>
					<ItemData ItemOID="impfungen_pneumokokken_datum" Value=""/>
					<ItemData ItemOID="impfungen_bcg_datum" Value=""/>
					<ItemData ItemOID="impfungen_covid_19_datum" Value=""/>
					<ItemData ItemOID="impfungen_andere_datum" Value=""/>
					<ItemData ItemOID="impfungen_andere_textfeld" Value=""/>
				</ItemGroupData>
				<ItemGroupData ItemGroupOID="anamnese_risikofaktoren.dnranordnung_code" ItemGroupRepeatKey="1">
					<ItemData ItemOID="dnranordnung_code" Value="2.16.840.1.113883.6.96_304251008"/>
					<ItemData ItemOID="dnranordnung" Value="2.16.840.1.113883.6.96_304252001"/>
				</ItemGroupData>
				<ItemGroupData ItemGroupOID="anamnese_risikofaktoren.anamnese_risikofaktoren_complete" ItemGroupRepeatKey="1">
					<ItemData ItemOID="anamnese_risikofaktoren_complete" Value="2"/>
				</ItemGroupData>
			</FormData>
			<FormData FormOID="Form.bildgebung" FormRepeatKey="1">
				<ItemGroupData ItemGroupOID="bildgebung.bildgebende_verfahren_code" ItemGroupRepeatKey="1">
					<ItemData ItemOID="bildgebende_verfahren_code" Value="2.16.840.1.113883.6.96_363679005"/>
					<ItemData ItemOID="bildgebende_verfahren" Value="1"/>
				</ItemGroupData>
				<ItemGroupData ItemGroupOID="bildgebung.bildgebende_verfahren_ct" ItemGroupRepeatKey="1">
					<ItemData ItemOID="bildgebende_verfahren_ct" Value="1.2.840.10008.2.16.4_CT__2.16.840.1.113883.6.96_77477000COLON363704007EQUAL39607008__2.16.840.1.113883.6.96_410605003"/>
					<ItemData ItemOID="bildgebende_verfahren_roentgen" Value="1.2.840.10008.2.16.4_RG__2.16.840.1.113883.6.96_168537006COLON363704007EQUAL39607008__2.16.840.1.113883.6.96_410605003"/>
					<ItemData ItemOID="bildgebende_verfahren_us" Value="1.2.840.10008.2.16.4_US__2.16.840.1.113883.6.96_16310003COLON363704007EQUAL39607008__2.16.840.1.113883.6.96_261665006"/>
				</ItemGroupData>
				<ItemGroupData ItemGroupOID="bildgebung.befund_bildgebender_verfahren_code" ItemGroupRepeatKey="1">
					<ItemData ItemOID="befund_bildgebender_verfahren_code" Value="2.16.840.1.113883.6.96_118247008"/>
				</ItemGroupData>
				<ItemGroupData ItemGroupOID="bildgebung.befund_bildgebender_verfahren_ct" ItemGroupRepeatKey="1">
					<ItemData ItemOID="befund_bildgebender_verfahren_ct" Value="2.16.840.1.113883.6.96_118247008COLONLBRACKET363713009EQUAL263654008COMMA42752001EQUAL840539006RBRACKET"/>
					<ItemData ItemOID="befund_bildgebender_verfahren_roentgen" Value="2.16.840.1.113883.6.96_118247008COLONLBRACKET363713009EQUAL263654008COMMA42752001EQUAL840539006RBRACKET"/>
					<ItemData ItemOID="befund_bildgebender_verfahren_us" Value=""/>
				</ItemGroupData>
				<ItemGroupData ItemGroupOID="bildgebung.bildgebung_complete" ItemGroupRepeatKey="1">
					<ItemData ItemOID="bildgebung_complete" Value="2"/>
				</ItemGroupData>
			</FormData>
			<FormData FormOID="Form.demographie" FormRepeatKey="1">
				<ItemGroupData ItemGroupOID="demographie.geburtsdatum_code" ItemGroupRepeatKey="1">
					<ItemData ItemOID="geburtsdatum_code" Value="2.16.840.1.113883.6.1_21112-8__2.16.840.1.113883.6.96_184099003"/>
					<ItemData ItemOID="geburtsdatum" Value="1984-09-18"/>
				</ItemGroupData>
				<ItemGroupData ItemGroupOID="demographie.ethnische_zugehorigkeit_code" ItemGroupRepeatKey="1">
					<ItemData ItemOID="ethnische_zugehorigkeit_code" Value="2.16.840.1.113883.6.96_372148003"/>
					<ItemData ItemOID="ethnische_zugehorigkeit" Value="2.16.840.1.113883.6.96_14045001"/>
				</ItemGroupData>
				<ItemGroupData ItemGroupOID="demographie.biologisches_geschlecht_code" ItemGroupRepeatKey="1">
					<ItemData ItemOID="biologisches_geschlecht_code" Value="2.16.840.1.113883.6.1_76689-9"/>
					<ItemData ItemOID="biologisches_geschlecht" Value="2.16.840.1.113883.4.642.4.2_female"/>
				</ItemGroupData>
				<ItemGroupData ItemGroupOID="demographie.schwangerschaft_code" ItemGroupRepeatKey="1">
					<ItemData ItemOID="schwangerschaft_code" Value="2.16.840.1.113883.6.1_82810-3"/>
					<ItemData ItemOID="schwangerschaft" Value="2.16.840.1.113883.6.1_LA26683-5__2.16.840.1.113883.6.96_60001007"/>
				</ItemGroupData>
				<ItemGroupData ItemGroupOID="demographie.alter_code" ItemGroupRepeatKey="1">
					<ItemData ItemOID="alter_code" Value="2.16.840.1.113883.6.1_30525-0__2.16.840.1.113883.6.96_424144002"/>
					<ItemData ItemOID="alter" Value=""/>
				</ItemGroupData>
				<ItemGroupData ItemGroupOID="demographie.frailtyscore_code" ItemGroupRepeatKey="1">
					<ItemData ItemOID="frailtyscore_code" Value="2.16.840.1.113883.6.96_763264000"/>
					<ItemData ItemOID="frailtyscore" Value="2.25.289763784830452322853973378638183835703_1"/>
				</ItemGroupData>
				<ItemGroupData ItemGroupOID="demographie.gewicht_unit" ItemGroupRepeatKey="1">
					<ItemData ItemOID="gewicht_unit" Value="1"/>
				</ItemGroupData>
				<ItemGroupData ItemGroupOID="demographie.gewicht_code" ItemGroupRepeatKey="1">
					<ItemData ItemOID="gewicht_code" Value="2.16.840.1.113883.6.1_29463-7__2.16.840.1.113883.6.96_27113001"/>
					<ItemData ItemOID="gewicht" Value="48"/>
				</ItemGroupData>
				<ItemGroupData ItemGroupOID="demographie.korpergrose_unit" ItemGroupRepeatKey="1">
					<ItemData ItemOID="korpergrose_unit" Value="1"/>
				</ItemGroupData>
				<ItemGroupData ItemGroupOID="demographie.korpergrose_code" ItemGroupRepeatKey="1">
					<ItemData ItemOID="korpergrose_code" Value="2.16.840.1.113883.6.1_8302-2__2.16.840.1.113883.6.96_50373000"/>
					<ItemData ItemOID="korpergrose" Value="160"/>
				</ItemGroupData>
				<ItemGroupData ItemGroupOID="demographie.demographie_complete" ItemGroupRepeatKey="1">
					<ItemData ItemOID="demographie_complete" Value="2"/>
				</ItemGroupData>
			</FormData>
			<FormData FormOID="Form.epidemiologische_faktoren" FormRepeatKey="1">
				<ItemGroupData ItemGroupOID="epidemiologische_faktoren.kontakt_mit_an_covid19_erkrankter_personq_code" ItemGroupRepeatKey="1">
					<ItemData ItemOID="kontakt_mit_an_covid19_erkrankter_personq_code" Value="2.16.840.1.113883.6.1_88636-6"/>
					<ItemData ItemOID="kontakt_mit_an_covid19_erkrankter_personq" Value="2.16.840.1.113883.4.642.4.1048_unknown"/>
				</ItemGroupData>
				<ItemGroupData ItemGroupOID="epidemiologische_faktoren.epidemiologische_faktoren_complete" ItemGroupRepeatKey="1">
					<ItemData ItemOID="epidemiologische_faktoren_complete" Value="1"/>
				</ItemGroupData>
			</FormData>
			<FormData FormOID="Form.komplikationen" FormRepeatKey="1">
				<ItemGroupData ItemGroupOID="komplikationen.komplikation_code" ItemGroupRepeatKey="1">
					<ItemData ItemOID="komplikation_code" Value="2.16.840.1.113883.6.1_19817-6__2.16.840.1.113883.6.96_116223007"/>
					<ItemData ItemOID="komplikation" Value="1"/>
				</ItemGroupData>
				<ItemGroupData ItemGroupOID="komplikationen.komplikation_thrombembolische_ereignisse" ItemGroupRepeatKey="1">
					<ItemData ItemOID="komplikation_thrombembolische_ereignisse" Value="2.16.840.1.113883.6.96_439127006__2.16.840.1.113883.6.96_414086009__2.16.840.1.113883.6.96_410605003"/>
					<ItemData ItemOID="komplikation_venoese_thrombose" Value="1.2.276.0.76.5.409_I82.9__2.16.840.1.113883.6.96_111293003__2.16.840.1.113883.6.96_410605003"/>
					<ItemData ItemOID="komplikation_lungenarterienembolie" Value="1.2.276.0.76.5.409_I26.9__2.16.840.1.113883.6.96_59282003__2.16.840.1.113883.6.96_261665006"/>
					<ItemData ItemOID="komplikation_stroke" Value="1.2.276.0.76.5.409_I64__2.16.840.1.113883.6.96_230690007__2.16.840.1.113883.6.96_410594000"/>
					<ItemData ItemOID="komplikation_myokardinfarkt" Value="1.2.276.0.76.5.409_I21.9__2.16.840.1.113883.6.96_22298006__2.16.840.1.113883.6.96_410594000"/>
					<ItemData ItemOID="komplikation_andere" Value="2.16.840.1.113883.6.96_LESSTHAN439127006__2.16.840.1.113883.6.96_LESSTHAN414086009__2.16.840.1.113883.6.96_410594000"/>
					<ItemData ItemOID="komplikation_andere_textfeld" Value=""/>
					<ItemData ItemOID="komplikation_pulmonale_co_infektionen" Value="1.2.276.0.76.5.409_J18.9__2.16.840.1.113883.6.96_128601007__2.16.840.1.113883.6.96_410605003"/>
					<ItemData ItemOID="komplikation_blutstrominfektionen" Value="1.2.276.0.76.5.409_A41.9__2.16.840.1.113883.6.96_434156008__2.16.840.1.113883.6.96_410594000"/>
				</ItemGroupData>
				<ItemGroupData ItemGroupOID="komplikationen.komplikationen_complete" ItemGroupRepeatKey="1">
					<ItemData ItemOID="komplikationen_complete" Value="2"/>
				</ItemGroupData>
			</FormData>
			<FormData FormOID="Form.symptome" FormRepeatKey="1">
				<ItemGroupData ItemGroupOID="symptome.symptome_code" ItemGroupRepeatKey="1">
					<ItemData ItemOID="symptome_code" Value="2.16.840.1.113883.6.1_75325-1"/>
					<ItemData ItemOID="symptome" Value="1"/>
				</ItemGroupData>
				<ItemGroupData ItemGroupOID="symptome.symptome_geruchs_bzw_geschmacksstoerungen" ItemGroupRepeatKey="1">
					<ItemData ItemOID="symptome_geruchs_bzw_geschmacksstoerungen" Value="2.16.840.1.113883.6.96_36955009__2.16.840.1.113883.6.96_44169009__2.16.840.1.113883.6.96_410605003"/>
					<ItemData ItemOID="symptome_bauchschmerzen" Value="2.16.840.1.113883.6.96_21522001__2.16.840.1.113883.6.96_410594000"/>
					<ItemData ItemOID="symptome_bewusstseinsstoerungen_verwirrtheit" Value="2.16.840.1.113883.6.96_40917007__2.16.840.1.113883.6.96_410594000"/>
					<ItemData ItemOID="symptome_durchfall" Value="2.16.840.1.113883.6.96_62315008__2.16.840.1.113883.6.96_410594000"/>
					<ItemData ItemOID="symptome_erbrechen" Value="2.16.840.1.113883.6.96_422400008__2.16.840.1.113883.6.96_410594000"/>
					<ItemData ItemOID="symptome_husten" Value="2.16.840.1.113883.6.96_49727002__2.16.840.1.113883.6.96_410605003"/>
					<ItemData ItemOID="symptome_kurzatmigkeit_dyspnoe" Value="2.16.840.1.113883.6.96_267036007__2.16.840.1.113883.6.96_410605003"/>
					<ItemData ItemOID="symptome_uebelkeit" Value="2.16.840.1.113883.6.96_422587007__2.16.840.1.113883.6.96_410594000"/>
					<ItemData ItemOID="symptome_fieber" Value="2.16.840.1.113883.6.96_426000000__2.16.840.1.113883.6.96_410605003"/>
					<ItemData ItemOID="symptome_kopfschmerzen" Value="2.16.840.1.113883.6.96_25064002__2.16.840.1.113883.6.96_410594000"/>
					<ItemData ItemOID="symptome_andere_symptome" Value="NoCodeSystem_NoCode__2.16.840.1.113883.6.96_410594000"/>
					<ItemData ItemOID="symptome_andere_symptome_textfeld" Value=""/>
				</ItemGroupData>
				<ItemGroupData ItemGroupOID="symptome.schweregrad_code" ItemGroupRepeatKey="1">
					<ItemData ItemOID="schweregrad_code" Value="&lt;No code given!&gt;"/>
				</ItemGroupData>
				<ItemGroupData ItemGroupOID="symptome.symptome_geruchs_bzw_geschmacksstoerungen_schweregrad" ItemGroupRepeatKey="1">
					<ItemData ItemOID="symptome_geruchs_bzw_geschmacksstoerungen_schweregrad" Value="2.16.840.1.113883.6.96_6736007"/>
					<ItemData ItemOID="symptome_bauchschmerzen_schweregrad" Value=""/>
					<ItemData ItemOID="symptome_bewusstseinsstoerungen_verwirrtheit_schweregrad" Value=""/>
					<ItemData ItemOID="symptome_durchfall_schweregrad" Value=""/>
					<ItemData ItemOID="symptome_erbrechen_schweregrad" Value=""/>
					<ItemData ItemOID="symptome_husten_schweregrad" Value="2.16.840.1.113883.6.96_6736007"/>
					<ItemData ItemOID="symptome_kurzatmigkeit_dyspnoe_schweregrad" Value="2.16.840.1.113883.6.96_24484000"/>
					<ItemData ItemOID="symptome_uebelkeit_schweregrad" Value=""/>
					<ItemData ItemOID="symptome_fieber_schweregrad" Value="2.16.840.1.113883.6.96_442452003"/>
					<ItemData ItemOID="symptome_kopfschmerzen_schweregrad" Value=""/>
					<ItemData ItemOID="symptome_andere_symptome_schweregrad" Value=""/>
				</ItemGroupData>
				<ItemGroupData ItemGroupOID="symptome.symptome_complete" ItemGroupRepeatKey="1">
					<ItemData ItemOID="symptome_complete" Value="2"/>
				</ItemGroupData>
			</FormData>
			<FormData FormOID="Form.medikation" FormRepeatKey="1">
				<ItemGroupData ItemGroupOID="medikation.medikation_datum" ItemGroupRepeatKey="1">
					<ItemData ItemOID="medikation_datum" Value=""/>
				</ItemGroupData>
				<ItemGroupData ItemGroupOID="medikation.covid19therapie_code" ItemGroupRepeatKey="1">
					<ItemData ItemOID="covid19therapie_code" Value="&lt;No code given!&gt;"/>
					<ItemData ItemOID="covid19therapie" Value="1"/>
				</ItemGroupData>
				<ItemGroupData ItemGroupOID="medikation.covid19therapie_antipyretika" ItemGroupRepeatKey="1">
					<ItemData ItemOID="covid19therapie_antipyretika" Value="1.2.276.0.76.5.498_N02B__2.25.24197857203266734864793317670504947440_antipyretic__2.16.840.1.113883.6.96_410605003"/>
					<ItemData ItemOID="covid19therapie_kortikosteroide" Value="1.2.276.0.76.5.498_G01B__1.2.276.0.76.5.498_H02__1.2.276.0.76.5.498_M01BA__1.2.276.0.76.5.498_R03AK__1.2.276.0.76.5.498_S02B__1.2.276.0.76.5.498_R03AL__2.16.840.1.113883.6.96_768759001__2.16.840.1.113883.6.96_410605003"/>
					<ItemData ItemOID="covid19therapie_kortikosteroide_code" Value="1.2.276.0.76.5.498_H02"/>
					<ItemData ItemOID="covid19therapie_atazanavir" Value="1.2.276.0.76.5.498_J05AE08__1.2.276.0.76.5.498_J05AR15__1.2.276.0.76.5.498_J05AR23__2.16.840.1.113883.6.96_413591007__2.16.840.1.113883.6.96_410594000"/>
					<ItemData ItemOID="covid19therapie_atazanavir_code" Value=""/>
					<ItemData ItemOID="covid19therapie_darunavir" Value="1.2.276.0.76.5.498_J05AR22__1.2.276.0.76.5.498_J05AE10__1.2.276.0.76.5.498_J05AR14__2.16.840.1.113883.6.96_424096001__2.16.840.1.113883.6.96_410594000"/>
					<ItemData ItemOID="covid19therapie_darunavir_code" Value=""/>
					<ItemData ItemOID="covid19therapie_chloroquine_phosphate" Value="1.2.276.0.76.5.498_P01BA01__2.16.840.1.113883.6.96_14728000__2.16.840.1.113883.6.96_410594000"/>
					<ItemData ItemOID="covid19therapie_hydroxychloroquine" Value="1.2.276.0.76.5.498_P01BA02__2.16.840.1.113883.6.96_83490000__2.16.840.1.113883.6.96_410594000"/>
					<ItemData ItemOID="covid19therapie_ivermectin" Value="1.2.276.0.76.5.498_D11AX22__1.2.276.0.76.5.498_P02CF01__2.16.840.1.113883.6.96_96138006__2.16.840.1.113883.6.96_410594000"/>
					<ItemData ItemOID="covid19therapie_lopinavir_ritonavir" Value="1.2.276.0.76.5.498_J05AR10__2.16.840.1.113883.6.96_134573001__2.16.840.1.113883.6.96_410594000"/>
					<ItemData ItemOID="covid19therapie_ganciclovir" Value="1.2.276.0.76.5.498_J05AB06__1.2.276.0.76.5.498_S01AD09__2.16.840.1.113883.6.96_78025001__2.16.840.1.113883.6.96_410594000"/>
					<ItemData ItemOID="covid19therapie_oseltamivir" Value="1.2.276.0.76.5.498_J05AH02__2.16.840.1.113883.6.96_386142008__2.16.840.1.113883.6.96_410594000"/>
					<ItemData ItemOID="covid19therapie_remdesivir" Value="2.16.840.1.113883.4.9_3QKI37EEHE__2.16.840.1.113883.6.96_870518005__2.16.840.1.113883.6.96_410605003"/>
					<ItemData ItemOID="covid19therapie_ribavirin" Value="1.2.276.0.76.5.498_J05AP01__2.16.840.1.113883.6.96_35063004__2.16.840.1.113883.6.96_410594000"/>
					<ItemData ItemOID="covid19therapie_camostat" Value="1.2.276.0.76.5.498_B02AB04__2.25.24197857203266734864793317670504947440_camostat__2.16.840.1.113883.6.96_410594000"/>
					<ItemData ItemOID="covid19therapie_favipiravir" Value="1.2.276.0.76.5.498_J05AX27__2.25.24197857203266734864793317670504947440_favipiravir__2.16.840.1.113883.6.96_410594000"/>
					<ItemData ItemOID="covid19therapie_convalescent_plasma" Value="2.16.840.1.113883.6.18.2.6_E9743__2.16.840.1.113883.6.18.2.6_E9744__2.16.840.1.113883.6.18.2.6_E9745__2.16.840.1.113883.6.18.2.6_E9746__2.16.840.1.113883.6.18.2.6_E9747__2.16.840.1.113883.6.18.2.6_E9748__2.16.840.1.113883.6.18.2.6_E9749__2.16.840.1.113883.6.18.2.6_E9750__2.16.840.1.113883.6.18.2.6_E9752__2.25.24197857203266734864793317670504947440_convalescent-plasma__2.16.840.1.113883.6.96_410594000"/>
					<ItemData ItemOID="covid19therapie_convalescent_plasma_code" Value=""/>
					<ItemData ItemOID="covid19therapie_steroids_gt_05_mg_kg_prednisone_equivalents" Value="2.25.24197857203266734864793317670504947440_steroids-gt__2.16.840.1.113883.6.96_410605003"/>
					<ItemData ItemOID="covid19therapie_steroids_lt_05_mg_kg_prednisone_equivalents" Value="2.25.24197857203266734864793317670504947440_steroids-st__2.16.840.1.113883.6.96_410594000"/>
					<ItemData ItemOID="covid19therapie_tocilizumab" Value="1.2.276.0.76.5.487_6-005.m__1.2.276.0.76.5.487_6-005.n__1.2.276.0.76.5.498_L04AC07__2.16.840.1.113883.6.96_444649004__2.16.840.1.113883.6.96_410594000"/>
					<ItemData ItemOID="covid19therapie_tocilizumab_code" Value=""/>
					<ItemData ItemOID="covid19therapie_sarilumab" Value="1.2.276.0.76.5.487_6-00a.g__1.2.276.0.76.5.498_L04AC14__2.16.840.1.113883.6.96_763522001__2.16.840.1.113883.6.96_410594000"/>
					<ItemData ItemOID="covid19therapie_cni_or_mtor_inhibitors_eg_cyclosporin_a_tacrolimus_sirolimus_everolimus" Value="1.2.276.0.76.5.487_6-005.8__1.2.276.0.76.5.487_6-004.e__1.2.276.0.76.5.498_L01XE10__1.2.276.0.76.5.498_S01XA18__1.2.276.0.76.5.498_L01XE18__1.2.276.0.76.5.498_L04AA18__1.2.276.0.76.5.498_L04AA10__1.2.276.0.76.5.498_D11AH01__1.2.276.0.76.5.498_L04AD__1.2.276.0.76.5.498_L04AB__2.16.840.1.113883.6.96_416587008__2.16.840.1.113883.6.96_410594000"/>
					<ItemData ItemOID="covid19therapie_cni_or_mtor_inhibitors_eg_cyclosporin_a_tacrolimus_sirolimus_everolimus_code" Value=""/>
					<ItemData ItemOID="covid19therapie_anti_tnf_alpha_inhibitors_eg_adalimumab_etanercept" Value="1.2.276.0.76.5.487_6-001.d__1.2.276.0.76.5.487_6-002.b__1.2.276.0.76.5.487_6-005.7__1.2.276.0.76.5.487_6-005.2__1.2.276.0.76.5.487_6-001.e__2.16.840.1.113883.6.96_416897008__2.16.840.1.113883.6.96_410594000"/>
					<ItemData ItemOID="covid19therapie_anti_tnf_alpha_inhibitors_eg_adalimumab_etanercept_code" Value=""/>
					<ItemData ItemOID="covid19therapie_il1_receptor_antangonists" Value="1.2.276.0.76.5.487_6-006.7__1.2.276.0.76.5.498_L04AC__2.16.840.1.113883.6.96_430817009__2.16.840.1.113883.6.96_410594000"/>
					<ItemData ItemOID="covid19therapie_ruxolitinib" Value="1.2.276.0.76.5.487_6-009.4__2.16.840.1.113883.6.96_703779004__2.16.840.1.113883.6.96_410594000"/>
					<ItemData ItemOID="covid19therapie_colchicine" Value="1.2.276.0.76.5.498_M04AC01__2.16.840.1.113883.6.96_73133000__2.16.840.1.113883.6.96_410594000"/>
					<ItemData ItemOID="covid19therapie_interferone_any" Value="1.2.276.0.76.5.498_S01AD05__2.16.840.1.113883.6.96_768865007__2.16.840.1.113883.6.96_410594000"/>
					<ItemData ItemOID="covid19therapie_25_hydroxyvitamin_d" Value="1.2.276.0.76.5.498_A11CC06__2.16.840.1.113883.6.96_88519001__2.16.840.1.113883.6.96_410605003"/>
					<ItemData ItemOID="covid19therapie_zinc" Value="1.2.276.0.76.5.498_A12CB__2.16.840.1.113883.6.96_764877006__2.16.840.1.113883.6.96_410594000"/>
					<ItemData ItemOID="covid19therapie_andere" Value="NoCodeSystem_NoCode__2.16.840.1.113883.6.96_410594000"/>
					<ItemData ItemOID="covid19therapie_andere_textfeld" Value=""/>
				</ItemGroupData>
				<ItemGroupData ItemGroupOID="medikation.acehemmer_code" ItemGroupRepeatKey="1">
					<ItemData ItemOID="acehemmer_code" Value="2.16.840.1.113883.6.96_41549009"/>
					<ItemData ItemOID="acehemmer" Value="2.16.840.1.113883.4.642.4.1379_active"/>
				</ItemGroupData>
				<ItemGroupData ItemGroupOID="medikation.immunglobuline_code" ItemGroupRepeatKey="1">
					<ItemData ItemOID="immunglobuline_code" Value="2.16.840.1.113883.6.96_333710000"/>
					<ItemData ItemOID="immunglobuline" Value="2.16.840.1.113883.4.642.4.1379_not-taken"/>
				</ItemGroupData>
				<ItemGroupData ItemGroupOID="medikation.antikoagulation_code" ItemGroupRepeatKey="1">
					<ItemData ItemOID="antikoagulation_code" Value="2.16.840.1.113883.6.96_81839001"/>
					<ItemData ItemOID="antikoagulation" Value="1"/>
				</ItemGroupData>
				<ItemGroupData ItemGroupOID="medikation.antikoagulation_unfraktioniertes_heparin" ItemGroupRepeatKey="1">
					<ItemData ItemOID="antikoagulation_unfraktioniertes_heparin" Value="1.2.276.0.76.5.498_B01AB01__1.2.276.0.76.5.498_B01AB51__2.16.840.1.113883.6.96_410605003"/>
					<ItemData ItemOID="antikoagulation_unfraktioniertes_heparin_code" Value="1.2.276.0.76.5.498_B01AB01"/>
					<ItemData ItemOID="antikoagulation_niedermolekulares_heparin" Value=""/>
					<ItemData ItemOID="antikoagulation_niedermolekulares_heparin_code" Value=""/>
					<ItemData ItemOID="antikoagulation_argatroban" Value=""/>
					<ItemData ItemOID="antikoagulation_plaettchenaggregationshemmer" Value=""/>
					<ItemData ItemOID="antikoagulation_danaparoid" Value=""/>
					<ItemData ItemOID="antikoagulation_phenprocoumon" Value=""/>
					<ItemData ItemOID="antikoagulation_doak" Value=""/>
					<ItemData ItemOID="antikoagulation_doak_code" Value=""/>
					<ItemData ItemOID="antikoagulation_sonstige" Value=""/>
					<ItemData ItemOID="antikoagulation_sonstige_textfeld" Value=""/>
				</ItemGroupData>
				<ItemGroupData ItemGroupOID="medikation.medikation_complete" ItemGroupRepeatKey="1">
					<ItemData ItemOID="medikation_complete" Value="2"/>
				</ItemGroupData>
			</FormData>
			<FormData FormOID="Form.therapie" FormRepeatKey="1">
				<ItemGroupData ItemGroupOID="therapie.dialyse_hamofiltration_code" ItemGroupRepeatKey="1">
					<ItemData ItemOID="dialyse_hamofiltration_code" Value="2.16.840.1.113883.6.96_108241001"/>
					<ItemData ItemOID="dialyse_hamofiltration" Value="2.16.840.1.113883.4.642.4.1048_not-performed__2.16.840.1.113883.4.642.4.110_not-done"/>
				</ItemGroupData>
				<ItemGroupData ItemGroupOID="therapie.apherese_code" ItemGroupRepeatKey="1">
					<ItemData ItemOID="apherese_code" Value="2.16.840.1.113883.6.96_127788007"/>
					<ItemData ItemOID="apherese" Value="2.16.840.1.113883.4.642.4.1048_not-performed__2.16.840.1.113883.4.642.4.110_not-done"/>
				</ItemGroupData>
				<ItemGroupData ItemGroupOID="therapie.bauchlage_code" ItemGroupRepeatKey="1">
					<ItemData ItemOID="bauchlage_code" Value="2.16.840.1.113883.6.96_431182000"/>
					<ItemData ItemOID="bauchlage" Value="2.16.840.1.113883.4.642.4.1048_not-performed__2.16.840.1.113883.4.642.4.110_not-done"/>
				</ItemGroupData>
				<ItemGroupData ItemGroupOID="therapie.liegt_der_patient_auf_der_intensivstationq_code" ItemGroupRepeatKey="1">
					<ItemData ItemOID="liegt_der_patient_auf_der_intensivstationq_code" Value="&lt;No code given!&gt;"/>
					<ItemData ItemOID="liegt_der_patient_auf_der_intensivstationq" Value="2.16.840.1.113883.6.96_373067005"/>
				</ItemGroupData>
				<ItemGroupData ItemGroupOID="therapie.ecmotherapie_code" ItemGroupRepeatKey="1">
					<ItemData ItemOID="ecmotherapie_code" Value="2.16.840.1.113883.6.96_233573008"/>
					<ItemData ItemOID="ecmotherapie" Value="2.16.840.1.113883.4.642.4.110_completed__2.16.840.1.113883.4.642.4.110_in-progress"/>
				</ItemGroupData>
				<ItemGroupData ItemGroupOID="therapie.beatmungstherapie_code" ItemGroupRepeatKey="1">
					<ItemData ItemOID="beatmungstherapie_code" Value="&lt;No code given!&gt;"/>
					<ItemData ItemOID="beatmungstherapie" Value="2.16.840.1.113883.4.642.4.1048_unknown__2.16.840.1.113883.4.642.4.110_unknown"/>
				</ItemGroupData>
				<ItemGroupData ItemGroupOID="therapie.therapie_complete" ItemGroupRepeatKey="1">
					<ItemData ItemOID="therapie_complete" Value="1"/>
				</ItemGroupData>
			</FormData>
			<FormData FormOID="Form.vitalparameter" FormRepeatKey="1">
				<ItemGroupData ItemGroupOID="vitalparameter.vitalparameter_datum" ItemGroupRepeatKey="1">
					<ItemData ItemOID="vitalparameter_datum" Value=""/>
				</ItemGroupData>
				<ItemGroupData ItemGroupOID="vitalparameter.pa_co2_unit" ItemGroupRepeatKey="1">
					<ItemData ItemOID="pa_co2_unit" Value="1"/>
				</ItemGroupData>
				<ItemGroupData ItemGroupOID="vitalparameter.pa_co2_code" ItemGroupRepeatKey="1">
					<ItemData ItemOID="pa_co2_code" Value="2.16.840.1.113883.6.1_2019-8__2.16.840.1.113883.6.1_11557-6__2.16.840.1.113883.6.1_2020-6"/>
					<ItemData ItemOID="pa_co2" Value="88"/>
				</ItemGroupData>
				<ItemGroupData ItemGroupOID="vitalparameter.pa_o2_unit" ItemGroupRepeatKey="1">
					<ItemData ItemOID="pa_o2_unit" Value="1"/>
				</ItemGroupData>
				<ItemGroupData ItemGroupOID="vitalparameter.pa_o2_code" ItemGroupRepeatKey="1">
					<ItemData ItemOID="pa_o2_code" Value="2.16.840.1.113883.6.1_2703-7__2.16.840.1.113883.6.1_11556-8__2.16.840.1.113883.6.1_2704-5"/>
					<ItemData ItemOID="pa_o2" Value="250"/>
				</ItemGroupData>
				<ItemGroupData ItemGroupOID="vitalparameter.fi_o2_unit" ItemGroupRepeatKey="1">
					<ItemData ItemOID="fi_o2_unit" Value="1"/>
				</ItemGroupData>
				<ItemGroupData ItemGroupOID="vitalparameter.fi_o2_code" ItemGroupRepeatKey="1">
					<ItemData ItemOID="fi_o2_code" Value="2.16.840.1.113883.6.1_3150-0__2.16.840.1.113883.6.96_250774007"/>
					<ItemData ItemOID="fi_o2" Value="25"/>
				</ItemGroupData>
				<ItemGroupData ItemGroupOID="vitalparameter.p_hwert_unit" ItemGroupRepeatKey="1">
					<ItemData ItemOID="p_hwert_unit" Value="1"/>
				</ItemGroupData>
				<ItemGroupData ItemGroupOID="vitalparameter.p_hwert_code" ItemGroupRepeatKey="1">
					<ItemData ItemOID="p_hwert_code" Value="2.16.840.1.113883.6.1_2753-2__2.16.840.1.113883.6.1_2746-6__2.16.840.1.113883.6.1_2745-8__2.16.840.1.113883.6.1_2744-1__2.16.840.1.113883.6.1_19213-8__2.16.840.1.113883.6.1_11558-4"/>
					<ItemData ItemOID="p_hwert" Value="6,9"/>
				</ItemGroupData>
				<ItemGroupData ItemGroupOID="vitalparameter.sofascore_code" ItemGroupRepeatKey="1">
					<ItemData ItemOID="sofascore_code" Value=""/>
				</ItemGroupData>
				<ItemGroupData ItemGroupOID="vitalparameter.sofa_score_resp" ItemGroupRepeatKey="1">
					<ItemData ItemOID="sofa_score_resp" Value="sofa_resp3"/>
					<ItemData ItemOID="sofa_score_resp_calc" Value="3"/>
					<ItemData ItemOID="sofa_score_ns" Value="sofa_ns1"/>
					<ItemData ItemOID="sofa_score_ns_calc" Value="1"/>
					<ItemData ItemOID="sofa_score_cvs" Value="sofa_cvs3"/>
					<ItemData ItemOID="sofa_score_cvs_calc" Value="3"/>
					<ItemData ItemOID="sofa_score_liv" Value="sofa_liv1"/>
					<ItemData ItemOID="sofa_score_liv_calc" Value="1"/>
					<ItemData ItemOID="sofa_score_coa" Value="sofa_coa3"/>
					<ItemData ItemOID="sofa_score_coa_calc" Value="3"/>
					<ItemData ItemOID="sofa_score_kid" Value="sofa_kid2"/>
					<ItemData ItemOID="sofa_score_kid_calc" Value="2"/>
					<ItemData ItemOID="sofa_total_score" Value="13"/>
				</ItemGroupData>
				<ItemGroupData ItemGroupOID="vitalparameter.atemfrequenz_unit" ItemGroupRepeatKey="1">
					<ItemData ItemOID="atemfrequenz_unit" Value="1"/>
				</ItemGroupData>
				<ItemGroupData ItemGroupOID="vitalparameter.atemfrequenz_code" ItemGroupRepeatKey="1">
					<ItemData ItemOID="atemfrequenz_code" Value="2.16.840.1.113883.6.1_9279-1__2.16.840.1.113883.6.96_86290005"/>
					<ItemData ItemOID="atemfrequenz" Value="35"/>
				</ItemGroupData>
				<ItemGroupData ItemGroupOID="vitalparameter.blutdruck_systolisch_unit" ItemGroupRepeatKey="1">
					<ItemData ItemOID="blutdruck_systolisch_unit" Value="1"/>
				</ItemGroupData>
				<ItemGroupData ItemGroupOID="vitalparameter.blutdruck_systolisch_code" ItemGroupRepeatKey="1">
					<ItemData ItemOID="blutdruck_systolisch_code" Value="2.16.840.1.113883.6.1_8480-6__2.16.840.1.113883.6.96_271649006"/>
					<ItemData ItemOID="blutdruck_systolisch" Value="160"/>
				</ItemGroupData>
				<ItemGroupData ItemGroupOID="vitalparameter.blutdruck_diastolisch_unit" ItemGroupRepeatKey="1">
					<ItemData ItemOID="blutdruck_diastolisch_unit" Value="1"/>
				</ItemGroupData>
				<ItemGroupData ItemGroupOID="vitalparameter.blutdruck_diastolisch_code" ItemGroupRepeatKey="1">
					<ItemData ItemOID="blutdruck_diastolisch_code" Value="2.16.840.1.113883.6.1_8462-4__2.16.840.1.113883.6.96_271650006"/>
					<ItemData ItemOID="blutdruck_diastolisch" Value="100"/>
				</ItemGroupData>
				<ItemGroupData ItemGroupOID="vitalparameter.herzfrequenz_unit" ItemGroupRepeatKey="1">
					<ItemData ItemOID="herzfrequenz_unit" Value="1"/>
				</ItemGroupData>
				<ItemGroupData ItemGroupOID="vitalparameter.herzfrequenz_code" ItemGroupRepeatKey="1">
					<ItemData ItemOID="herzfrequenz_code" Value="2.16.840.1.113883.6.1_8867-4__2.16.840.1.113883.6.96_364075005"/>
					<ItemData ItemOID="herzfrequenz" Value="85"/>
				</ItemGroupData>
				<ItemGroupData ItemGroupOID="vitalparameter.korpertemperatur_unit" ItemGroupRepeatKey="1">
					<ItemData ItemOID="korpertemperatur_unit" Value="1"/>
				</ItemGroupData>
				<ItemGroupData ItemGroupOID="vitalparameter.korpertemperatur_code" ItemGroupRepeatKey="1">
					<ItemData ItemOID="korpertemperatur_code" Value="2.16.840.1.113883.6.1_8310-5__2.16.840.1.113883.6.96_386725007"/>
					<ItemData ItemOID="korpertemperatur" Value="40,9"/>
				</ItemGroupData>
				<ItemGroupData ItemGroupOID="vitalparameter.periphere_sauerstoffsattigung_unit" ItemGroupRepeatKey="1">
					<ItemData ItemOID="periphere_sauerstoffsattigung_unit" Value="1"/>
				</ItemGroupData>
				<ItemGroupData ItemGroupOID="vitalparameter.periphere_sauerstoffsattigung_code" ItemGroupRepeatKey="1">
					<ItemData ItemOID="periphere_sauerstoffsattigung_code" Value="2.16.840.1.113883.6.1_2708-6__2.16.840.1.113883.6.1_59408-5__2.16.840.1.113883.6.1_20564-1__2.16.840.1.113883.6.96_431314004"/>
					<ItemData ItemOID="periphere_sauerstoffsattigung" Value="77"/>
				</ItemGroupData>
				<ItemGroupData ItemGroupOID="vitalparameter.vitalparameter_complete" ItemGroupRepeatKey="1">
					<ItemData ItemOID="vitalparameter_complete" Value="2"/>
				</ItemGroupData>
			</FormData>
			<FormData FormOID="Form.outcome_bei_entlassung" FormRepeatKey="1">
				<ItemGroupData ItemGroupOID="outcome_bei_entlassung.entlassdatum" ItemGroupRepeatKey="1">
					<ItemData ItemOID="entlassdatum" Value=""/>
				</ItemGroupData>
				<ItemGroupData ItemGroupOID="outcome_bei_entlassung.respiratorisches_outcome_code" ItemGroupRepeatKey="1">
					<ItemData ItemOID="respiratorisches_outcome_code" Value="2.16.840.1.113883.6.96_444932008"/>
					<ItemData ItemOID="respiratorisches_outcome" Value="2.16.840.1.113883.6.96_410594000"/>
				</ItemGroupData>
				<ItemGroupData ItemGroupOID="outcome_bei_entlassung.entlassungsart_code" ItemGroupRepeatKey="1">
					<ItemData ItemOID="entlassungsart_code" Value="2.16.840.1.113883.6.1_55128-3"/>
					<ItemData ItemOID="entlassungsart" Value="2.16.840.1.113883.6.96_419099009"/>
				</ItemGroupData>
				<ItemGroupData ItemGroupOID="outcome_bei_entlassung.ergebnis_folgeabstrich_code" ItemGroupRepeatKey="1">
					<ItemData ItemOID="ergebnis_folgeabstrich_code" Value="&lt;No code given!&gt;"/>
					<ItemData ItemOID="ergebnis_folgeabstrich" Value="2.16.840.1.113883.6.96_260373001"/>
				</ItemGroupData>
				<ItemGroupData ItemGroupOID="outcome_bei_entlassung.outcome_bei_entlassung_complete" ItemGroupRepeatKey="1">
					<ItemData ItemOID="outcome_bei_entlassung_complete" Value="0"/>
				</ItemGroupData>
			</FormData>
			<FormData FormOID="Form.laborwerte" FormRepeatKey="1">
				<ItemGroupData ItemGroupOID="laborwerte.labor_datum" ItemGroupRepeatKey="1">
					<ItemData ItemOID="labor_datum" Value=""/>
				</ItemGroupData>
				<ItemGroupData ItemGroupOID="laborwerte.crp_code" ItemGroupRepeatKey="1">
					<ItemData ItemOID="crp_code" Value="2.16.840.1.113883.6.1_48421-2__2.16.840.1.113883.6.1_71426-1__2.16.840.1.113883.6.1_76486-0__2.16.840.1.113883.6.1_30522-7__2.16.840.1.113883.6.1_1988-5__2.16.840.1.113883.6.1_76485-2"/>
					<ItemData ItemOID="crp" Value="150"/>
				</ItemGroupData>
				<ItemGroupData ItemGroupOID="laborwerte.crp_unit" ItemGroupRepeatKey="1">
					<ItemData ItemOID="crp_unit" Value="1"/>
				</ItemGroupData>
				<ItemGroupData ItemGroupOID="laborwerte.ferritin_code" ItemGroupRepeatKey="1">
					<ItemData ItemOID="ferritin_code" Value="2.16.840.1.113883.6.1_20567-4__2.16.840.1.113883.6.1_86914-9__2.16.840.1.113883.6.1_14723-1__2.16.840.1.113883.6.1_2276-4__2.16.840.1.113883.6.1_24373-3"/>
					<ItemData ItemOID="ferritin" Value="5000"/>
				</ItemGroupData>
				<ItemGroupData ItemGroupOID="laborwerte.ferritin_unit" ItemGroupRepeatKey="1">
					<ItemData ItemOID="ferritin_unit" Value="1"/>
				</ItemGroupData>
				<ItemGroupData ItemGroupOID="laborwerte.bilirubin_code" ItemGroupRepeatKey="1">
					<ItemData ItemOID="bilirubin_code" Value="2.16.840.1.113883.6.1_59828-4__2.16.840.1.113883.6.1_59827-6__2.16.840.1.113883.6.1_42719-5__2.16.840.1.113883.6.1_14631-6__2.16.840.1.113883.6.1_1971-1__2.16.840.1.113883.6.1_1975-2"/>
					<ItemData ItemOID="bilirubin" Value=""/>
				</ItemGroupData>
				<ItemGroupData ItemGroupOID="laborwerte.bilirubin_unit" ItemGroupRepeatKey="1">
					<ItemData ItemOID="bilirubin_unit" Value=""/>
				</ItemGroupData>
				<ItemGroupData ItemGroupOID="laborwerte.ddimer_code" ItemGroupRepeatKey="1">
					<ItemData ItemOID="ddimer_code" Value="2.16.840.1.113883.6.1_48065-7__2.16.840.1.113883.6.1_48066-5__2.16.840.1.113883.6.1_48067-3__2.16.840.1.113883.6.1_55398-2__2.16.840.1.113883.6.1_71427-9__2.16.840.1.113883.6.1_7799-0__2.16.840.1.113883.6.1_91556-1__2.16.840.1.113883.6.1_38898-3__2.16.840.1.113883.6.1_3246-6__2.16.840.1.113883.6.1_48058-2"/>
					<ItemData ItemOID="ddimer" Value="1000"/>
				</ItemGroupData>
				<ItemGroupData ItemGroupOID="laborwerte.ddimer_unit" ItemGroupRepeatKey="1">
					<ItemData ItemOID="ddimer_unit" Value="2"/>
				</ItemGroupData>
				<ItemGroupData ItemGroupOID="laborwerte.gammagt_code" ItemGroupRepeatKey="1">
					<ItemData ItemOID="gammagt_code" Value="2.16.840.1.113883.6.1_2325-9__2.16.840.1.113883.6.1_2324-2"/>
					<ItemData ItemOID="gammagt" Value="1000"/>
				</ItemGroupData>
				<ItemGroupData ItemGroupOID="laborwerte.gammagt_unit" ItemGroupRepeatKey="1">
					<ItemData ItemOID="gammagt_unit" Value="1"/>
				</ItemGroupData>
				<ItemGroupData ItemGroupOID="laborwerte.gotast_code" ItemGroupRepeatKey="1">
					<ItemData ItemOID="gotast_code" Value="2.16.840.1.113883.6.1_88112-8__2.16.840.1.113883.6.1_30239-8__2.16.840.1.113883.6.1_1920-8"/>
					<ItemData ItemOID="gotast" Value="89"/>
				</ItemGroupData>
				<ItemGroupData ItemGroupOID="laborwerte.gotast_unit" ItemGroupRepeatKey="1">
					<ItemData ItemOID="gotast_unit" Value="1"/>
				</ItemGroupData>
				<ItemGroupData ItemGroupOID="laborwerte.ldh_code" ItemGroupRepeatKey="1">
					<ItemData ItemOID="ldh_code" Value="2.16.840.1.113883.6.1_2532-0__2.16.840.1.113883.6.1_60017-1__2.16.840.1.113883.6.1_14803-1__2.16.840.1.113883.6.1_14804-9__2.16.840.1.113883.6.1_14805-6"/>
					<ItemData ItemOID="ldh" Value="800"/>
				</ItemGroupData>
				<ItemGroupData ItemGroupOID="laborwerte.ldh_unit" ItemGroupRepeatKey="1">
					<ItemData ItemOID="ldh_unit" Value="1"/>
				</ItemGroupData>
				<ItemGroupData ItemGroupOID="laborwerte.kardiale_troponine_code" ItemGroupRepeatKey="1">
					<ItemData ItemOID="kardiale_troponine_code" Value="2.16.840.1.113883.6.1_49563-0__2.16.840.1.113883.6.1_89579-7__2.16.840.1.113883.6.1_67151-1__2.16.840.1.113883.6.1_6598-7__2.16.840.1.113883.6.1_6597-9__2.16.840.1.113883.6.1_48425-3__2.16.840.1.113883.6.1_42757-5__2.16.840.1.113883.6.1_10839-9"/>
					<ItemData ItemOID="kardiale_troponine" Value="11"/>
				</ItemGroupData>
				<ItemGroupData ItemGroupOID="laborwerte.kardiale_troponine_unit" ItemGroupRepeatKey="1">
					<ItemData ItemOID="kardiale_troponine_unit" Value="2"/>
				</ItemGroupData>
				<ItemGroupData ItemGroupOID="laborwerte.hamoglobin_code" ItemGroupRepeatKey="1">
					<ItemData ItemOID="hamoglobin_code" Value="2.16.840.1.113883.6.1_76769-9__2.16.840.1.113883.6.1_718-7__2.16.840.1.113883.6.1_20509-6__2.16.840.1.113883.6.1_55782-7__2.16.840.1.113883.6.1_75928-2__2.16.840.1.113883.6.1_14775-1__2.16.840.1.113883.6.1_30313-1__2.16.840.1.113883.6.1_30350-3__2.16.840.1.113883.6.1_30351-1__2.16.840.1.113883.6.1_30352-9__2.16.840.1.113883.6.1_76768-1__2.16.840.1.113883.6.1_59260-0"/>
					<ItemData ItemOID="hamoglobin" Value="14"/>
				</ItemGroupData>
				<ItemGroupData ItemGroupOID="laborwerte.hamoglobin_unit" ItemGroupRepeatKey="1">
					<ItemData ItemOID="hamoglobin_unit" Value="2"/>
				</ItemGroupData>
				<ItemGroupData ItemGroupOID="laborwerte.kreatinin_code" ItemGroupRepeatKey="1">
					<ItemData ItemOID="kreatinin_code" Value="2.16.840.1.113883.6.1_14682-9__2.16.840.1.113883.6.1_2160-0__2.16.840.1.113883.6.1_21232-4__2.16.840.1.113883.6.1_25386-4__2.16.840.1.113883.6.1_12190-5__2.16.840.1.113883.6.1_59826-8__2.16.840.1.113883.6.1_38483-4"/>
					<ItemData ItemOID="kreatinin" Value="4"/>
				</ItemGroupData>
				<ItemGroupData ItemGroupOID="laborwerte.kreatinin_unit" ItemGroupRepeatKey="1">
					<ItemData ItemOID="kreatinin_unit" Value="2"/>
				</ItemGroupData>
				<ItemGroupData ItemGroupOID="laborwerte.laktat_code" ItemGroupRepeatKey="1">
					<ItemData ItemOID="laktat_code" Value="2.16.840.1.113883.6.1_14118-4__2.16.840.1.113883.6.1_30242-2__2.16.840.1.113883.6.1_2524-7__2.16.840.1.113883.6.1_2519-7__2.16.840.1.113883.6.1_2518-9__2.16.840.1.113883.6.1_19240-1__2.16.840.1.113883.6.1_19239-3__2.16.840.1.113883.6.1_2520-5__2.16.840.1.113883.6.1_32693-4__2.16.840.1.113883.6.1_59032-3__2.16.840.1.113883.6.1_27941-4"/>
					<ItemData ItemOID="laktat" Value="2"/>
				</ItemGroupData>
				<ItemGroupData ItemGroupOID="laborwerte.laktat_unit" ItemGroupRepeatKey="1">
					<ItemData ItemOID="laktat_unit" Value="1"/>
				</ItemGroupData>
				<ItemGroupData ItemGroupOID="laborwerte.leukozyten_absolut_code" ItemGroupRepeatKey="1">
					<ItemData ItemOID="leukozyten_absolut_code" Value="2.16.840.1.113883.6.1_804-5__2.16.840.1.113883.6.1_6690-2__2.16.840.1.113883.6.1_49498-9__2.16.840.1.113883.6.1_26464-8"/>
					<ItemData ItemOID="leukozyten_absolut" Value="5000"/>
				</ItemGroupData>
				<ItemGroupData ItemGroupOID="laborwerte.leukozyten_absolut_unit" ItemGroupRepeatKey="1">
					<ItemData ItemOID="leukozyten_absolut_unit" Value="1"/>
				</ItemGroupData>
				<ItemGroupData ItemGroupOID="laborwerte.lymphozyten_absolut_code" ItemGroupRepeatKey="1">
					<ItemData ItemOID="lymphozyten_absolut_code" Value="2.16.840.1.113883.6.1_732-8__2.16.840.1.113883.6.1_731-0__2.16.840.1.113883.6.1_30364-4__2.16.840.1.113883.6.1_26474-7"/>
					<ItemData ItemOID="lymphozyten_absolut" Value="800"/>
				</ItemGroupData>
				<ItemGroupData ItemGroupOID="laborwerte.lymphozyten_absolut_unit" ItemGroupRepeatKey="1">
					<ItemData ItemOID="lymphozyten_absolut_unit" Value="1"/>
				</ItemGroupData>
				<ItemGroupData ItemGroupOID="laborwerte.neutrophile_absolut_code" ItemGroupRepeatKey="1">
					<ItemData ItemOID="neutrophile_absolut_code" Value="2.16.840.1.113883.6.1_753-4__2.16.840.1.113883.6.1_751-8__2.16.840.1.113883.6.1_26499-4"/>
					<ItemData ItemOID="neutrophile_absolut" Value="3500"/>
				</ItemGroupData>
				<ItemGroupData ItemGroupOID="laborwerte.neutrophile_absolut_unit" ItemGroupRepeatKey="1">
					<ItemData ItemOID="neutrophile_absolut_unit" Value="1"/>
				</ItemGroupData>
				<ItemGroupData ItemGroupOID="laborwerte.ptt_code" ItemGroupRepeatKey="1">
					<ItemData ItemOID="ptt_code" Value="2.16.840.1.113883.6.1_16631-4__2.16.840.1.113883.6.1_43734-3__2.16.840.1.113883.6.1_14979-9__2.16.840.1.113883.6.1_3173-2"/>
					<ItemData ItemOID="ptt" Value="38"/>
				</ItemGroupData>
				<ItemGroupData ItemGroupOID="laborwerte.ptt_unit" ItemGroupRepeatKey="1">
					<ItemData ItemOID="ptt_unit" Value="1"/>
				</ItemGroupData>
				<ItemGroupData ItemGroupOID="laborwerte.thrombozyten_absolut_code" ItemGroupRepeatKey="1">
					<ItemData ItemOID="thrombozyten_absolut_code" Value="2.16.840.1.113883.6.1_74775-8__2.16.840.1.113883.6.1_13056-7__2.16.840.1.113883.6.1_26516-5__2.16.840.1.113883.6.1_74464-9__2.16.840.1.113883.6.1_778-1__2.16.840.1.113883.6.1_49497-1__2.16.840.1.113883.6.1_777-3__2.16.840.1.113883.6.1_26515-7"/>
					<ItemData ItemOID="thrombozyten_absolut" Value="500"/>
				</ItemGroupData>
				<ItemGroupData ItemGroupOID="laborwerte.thrombozyten_absolut_unit" ItemGroupRepeatKey="1">
					<ItemData ItemOID="thrombozyten_absolut_unit" Value="1"/>
				</ItemGroupData>
				<ItemGroupData ItemGroupOID="laborwerte.inr_code" ItemGroupRepeatKey="1">
					<ItemData ItemOID="inr_code" Value="2.16.840.1.113883.6.1_6301-6__2.16.840.1.113883.6.1_46418-0__2.16.840.1.113883.6.1_34714-6"/>
					<ItemData ItemOID="inr" Value="1.5"/>
				</ItemGroupData>
				<ItemGroupData ItemGroupOID="laborwerte.inr_unit" ItemGroupRepeatKey="1">
					<ItemData ItemOID="inr_unit" Value="1"/>
				</ItemGroupData>
				<ItemGroupData ItemGroupOID="laborwerte.serumalbumin_code" ItemGroupRepeatKey="1">
					<ItemData ItemOID="serumalbumin_code" Value="2.16.840.1.113883.6.1_76631-1__2.16.840.1.113883.6.1_62235-7__2.16.840.1.113883.6.1_62234-0__2.16.840.1.113883.6.1_61152-5__2.16.840.1.113883.6.1_61151-7__2.16.840.1.113883.6.1_2862-1__2.16.840.1.113883.6.1_1751-7__2.16.840.1.113883.6.1_54347-0"/>
					<ItemData ItemOID="serumalbumin" Value="32"/>
				</ItemGroupData>
				<ItemGroupData ItemGroupOID="laborwerte.serumalbumin_unit" ItemGroupRepeatKey="1">
					<ItemData ItemOID="serumalbumin_unit" Value="1"/>
				</ItemGroupData>
				<ItemGroupData ItemGroupOID="laborwerte.antithrombin_iii_code" ItemGroupRepeatKey="1">
					<ItemData ItemOID="antithrombin_iii_code" Value="2.16.840.1.113883.6.1_27811-9__2.16.840.1.113883.6.1_3176-5__2.16.840.1.113883.6.1_91120-6__2.16.840.1.113883.6.1_3174-0"/>
					<ItemData ItemOID="antithrombin_iii" Value=""/>
				</ItemGroupData>
				<ItemGroupData ItemGroupOID="laborwerte.antithrombin_iii_unit" ItemGroupRepeatKey="1">
					<ItemData ItemOID="antithrombin_iii_unit" Value=""/>
				</ItemGroupData>
				<ItemGroupData ItemGroupOID="laborwerte.pct_procalcitonin_code" ItemGroupRepeatKey="1">
					<ItemData ItemOID="pct_procalcitonin_code" Value="2.16.840.1.113883.6.1_75241-0__2.16.840.1.113883.6.1_33959-8"/>
					<ItemData ItemOID="pct_procalcitonin" Value="2.5"/>
				</ItemGroupData>
				<ItemGroupData ItemGroupOID="laborwerte.pct_procalcitonin_unit" ItemGroupRepeatKey="1">
					<ItemData ItemOID="pct_procalcitonin_unit" Value="1"/>
				</ItemGroupData>
				<ItemGroupData ItemGroupOID="laborwerte.il6_interleukin_6_code" ItemGroupRepeatKey="1">
					<ItemData ItemOID="il6_interleukin_6_code" Value="2.16.840.1.113883.6.1_44322-6__2.16.840.1.113883.6.1_26881-3__2.16.840.1.113883.6.1_49919-4__2.16.840.1.113883.6.1_49732-1"/>
					<ItemData ItemOID="il6_interleukin_6" Value=""/>
				</ItemGroupData>
				<ItemGroupData ItemGroupOID="laborwerte.il6_interleukin_6_unit" ItemGroupRepeatKey="1">
					<ItemData ItemOID="il6_interleukin_6_unit" Value="1"/>
				</ItemGroupData>
				<ItemGroupData ItemGroupOID="laborwerte.ntprobnp_code" ItemGroupRepeatKey="1">
					<ItemData ItemOID="ntprobnp_code" Value="2.16.840.1.113883.6.1_83107-3__2.16.840.1.113883.6.1_33762-6"/>
					<ItemData ItemOID="ntprobnp" Value="2000"/>
				</ItemGroupData>
				<ItemGroupData ItemGroupOID="laborwerte.ntprobnp_unit" ItemGroupRepeatKey="1">
					<ItemData ItemOID="ntprobnp_unit" Value="1"/>
				</ItemGroupData>
				<ItemGroupData ItemGroupOID="laborwerte.fibrinogen_code" ItemGroupRepeatKey="1">
					<ItemData ItemOID="fibrinogen_code" Value="2.16.840.1.113883.6.1_30902-1__2.16.840.1.113883.6.1_48664-7__2.16.840.1.113883.6.1_3255-7"/>
					<ItemData ItemOID="fibrinogen" Value="280"/>
				</ItemGroupData>
				<ItemGroupData ItemGroupOID="laborwerte.fibrinogen_unit" ItemGroupRepeatKey="1">
					<ItemData ItemOID="fibrinogen_unit" Value="2"/>
				</ItemGroupData>
				<ItemGroupData ItemGroupOID="laborwerte.sarsco_v2rtpcr_code" ItemGroupRepeatKey="1">
					<ItemData ItemOID="sarsco_v2rtpcr_code" Value="2.16.840.1.113883.6.1_94500-6"/>
					<ItemData ItemOID="sarsco_v2rtpcr" Value="2.16.840.1.113883.6.96_260373001"/>
				</ItemGroupData>
				<ItemGroupData ItemGroupOID="laborwerte.sarsco_v2_covid19_ig_g_ia_ql_code" ItemGroupRepeatKey="1">
					<ItemData ItemOID="sarsco_v2_covid19_ig_g_ia_ql_code" Value="2.16.840.1.113883.6.1_94563-4"/>
					<ItemData ItemOID="sarsco_v2_covid19_ig_g_ia_ql" Value=""/>
				</ItemGroupData>
				<ItemGroupData ItemGroupOID="laborwerte.sarsco_v2_covid19_ig_g_ia_qn_code" ItemGroupRepeatKey="1">
					<ItemData ItemOID="sarsco_v2_covid19_ig_g_ia_qn_code" Value="2.16.840.1.113883.6.1_94505-5"/>
					<ItemData ItemOID="sarsco_v2_covid19_ig_g_ia_qn" Value=""/>
				</ItemGroupData>
				<ItemGroupData ItemGroupOID="laborwerte.sarsco_v2_covid19_ig_g_ia_qn_unit" ItemGroupRepeatKey="1">
					<ItemData ItemOID="sarsco_v2_covid19_ig_g_ia_qn_unit" Value="1"/>
				</ItemGroupData>
				<ItemGroupData ItemGroupOID="laborwerte.sarsco_v2_covid19_ig_m_ia_ql_code" ItemGroupRepeatKey="1">
					<ItemData ItemOID="sarsco_v2_covid19_ig_m_ia_ql_code" Value="2.16.840.1.113883.6.1_94564-2"/>
					<ItemData ItemOID="sarsco_v2_covid19_ig_m_ia_ql" Value=""/>
				</ItemGroupData>
				<ItemGroupData ItemGroupOID="laborwerte.sarsco_v2_covid19_ig_m_ia_qn_code" ItemGroupRepeatKey="1">
					<ItemData ItemOID="sarsco_v2_covid19_ig_m_ia_qn_code" Value="2.16.840.1.113883.6.1_94506-3"/>
					<ItemData ItemOID="sarsco_v2_covid19_ig_m_ia_qn" Value=""/>
				</ItemGroupData>
				<ItemGroupData ItemGroupOID="laborwerte.sarsco_v2_covid19_ig_m_ia_qn_unit" ItemGroupRepeatKey="1">
					<ItemData ItemOID="sarsco_v2_covid19_ig_m_ia_qn_unit" Value="1"/>
				</ItemGroupData>
				<ItemGroupData ItemGroupOID="laborwerte.sarsco_v2_covid19_ig_a_ia_ql_code" ItemGroupRepeatKey="1">
					<ItemData ItemOID="sarsco_v2_covid19_ig_a_ia_ql_code" Value="2.16.840.1.113883.6.1_94562-6"/>
					<ItemData ItemOID="sarsco_v2_covid19_ig_a_ia_ql" Value=""/>
				</ItemGroupData>
				<ItemGroupData ItemGroupOID="laborwerte.sarsco_v2_covid19_ig_a_ia_qn_code" ItemGroupRepeatKey="1">
					<ItemData ItemOID="sarsco_v2_covid19_ig_a_ia_qn_code" Value="2.16.840.1.113883.6.1_94720-0"/>
					<ItemData ItemOID="sarsco_v2_covid19_ig_a_ia_qn" Value=""/>
				</ItemGroupData>
				<ItemGroupData ItemGroupOID="laborwerte.sarsco_v2_covid19_ig_a_ia_qn_unit" ItemGroupRepeatKey="1">
					<ItemData ItemOID="sarsco_v2_covid19_ig_a_ia_qn_unit" Value="1"/>
				</ItemGroupData>
				<ItemGroupData ItemGroupOID="laborwerte.sarsco_v2_covid19_ab_ia_ql_code" ItemGroupRepeatKey="1">
					<ItemData ItemOID="sarsco_v2_covid19_ab_ia_ql_code" Value="2.16.840.1.113883.6.1_94762-2"/>
					<ItemData ItemOID="sarsco_v2_covid19_ab_ia_ql" Value=""/>
				</ItemGroupData>
				<ItemGroupData ItemGroupOID="laborwerte.sarsco_v2_covid19_ab_ia_qn_code" ItemGroupRepeatKey="1">
					<ItemData ItemOID="sarsco_v2_covid19_ab_ia_qn_code" Value="2.16.840.1.113883.6.1_94769-7"/>
					<ItemData ItemOID="sarsco_v2_covid19_ab_ia_qn" Value=""/>
				</ItemGroupData>
				<ItemGroupData ItemGroupOID="laborwerte.sarsco_v2_covid19_ab_ia_qn_unit" ItemGroupRepeatKey="1">
					<ItemData ItemOID="sarsco_v2_covid19_ab_ia_qn_unit" Value="1"/>
				</ItemGroupData>
				<ItemGroupData ItemGroupOID="laborwerte.laborwerte_complete" ItemGroupRepeatKey="1">
					<ItemData ItemOID="laborwerte_complete" Value="1"/>
				</ItemGroupData>
			</FormData>
	</SubjectData>
	<SubjectData SubjectKey="4" redcap:RecordIdField="record_id">
			<FormData FormOID="Form.krankheitsbeginn_aufnahme" FormRepeatKey="1">
				<ItemGroupData ItemGroupOID="krankheitsbeginn_aufnahme.record_id" ItemGroupRepeatKey="1">
					<ItemData ItemOID="record_id" Value="4"/>
					<ItemData ItemOID="redcap_data_access_group" Value=""/>
				</ItemGroupData>
				<ItemGroupData ItemGroupOID="krankheitsbeginn_aufnahme.patient_id" ItemGroupRepeatKey="1">
					<ItemData ItemOID="patient_id" Value="565"/>
				</ItemGroupData>
				<ItemGroupData ItemGroupOID="krankheitsbeginn_aufnahme.aufnahmedatum" ItemGroupRepeatKey="1">
					<ItemData ItemOID="aufnahmedatum" Value=""/>
				</ItemGroupData>
				<ItemGroupData ItemGroupOID="krankheitsbeginn_aufnahme.erkrankungsphase_zum_zeitpunkt_der_diagnose_code" ItemGroupRepeatKey="1">
					<ItemData ItemOID="erkrankungsphase_zum_zeitpunkt_der_diagnose_code" Value="2.16.840.1.113883.6.1_88859-4__2.16.840.1.113883.6.96_385349001"/>
					<ItemData ItemOID="erkrankungsphase_zum_zeitpunkt_der_diagnose" Value="2.16.840.1.113883.6.96_399166001"/>
				</ItemGroupData>
				<ItemGroupData ItemGroupOID="krankheitsbeginn_aufnahme.krankheitsbeginn_aufnahme_complete" ItemGroupRepeatKey="1">
					<ItemData ItemOID="krankheitsbeginn_aufnahme_complete" Value="2"/>
				</ItemGroupData>
			</FormData>
			<FormData FormOID="Form.studieneinschluss_einschlusskriterien" FormRepeatKey="1">
				<ItemGroupData ItemGroupOID="studieneinschluss_einschlusskriterien.covid19_aufnahme_code" ItemGroupRepeatKey="1">
					<ItemData ItemOID="covid19_aufnahme_code" Value="&lt;No code given!&gt;"/>
					<ItemData ItemOID="covid19_aufnahme" Value="2.16.840.1.113883.6.96_373066001"/>
				</ItemGroupData>
				<ItemGroupData ItemGroupOID="studieneinschluss_einschlusskriterien.interventionelle_studienteilnahme_code" ItemGroupRepeatKey="1">
					<ItemData ItemOID="interventionelle_studienteilnahme_code" Value="&lt;No code given!&gt;"/>
					<ItemData ItemOID="interventionelle_studienteilnahme" Value="2.16.840.1.113883.6.96_373067005"/>
				</ItemGroupData>
				<ItemGroupData ItemGroupOID="studieneinschluss_einschlusskriterien.studieneinschluss_einschlusskriterien_complete" ItemGroupRepeatKey="1">
					<ItemData ItemOID="studieneinschluss_einschlusskriterien_complete" Value="2"/>
				</ItemGroupData>
			</FormData>
			<FormData FormOID="Form.anamnese_risikofaktoren" FormRepeatKey="1">
				<ItemGroupData ItemGroupOID="anamnese_risikofaktoren.chronische_lungenerkrankungen_code" ItemGroupRepeatKey="1">
					<ItemData ItemOID="chronische_lungenerkrankungen_code" Value="1.2.276.0.76.5.409_J98.4__2.16.840.1.113883.6.96_413839001"/>
					<ItemData ItemOID="chronische_lungenerkrankungen" Value="1.2.276.0.76.5.409_J98.4__2.16.840.1.113883.6.96_413839001__2.16.840.1.113883.6.96_261665006"/>
				</ItemGroupData>
				<ItemGroupData ItemGroupOID="anamnese_risikofaktoren.chronische_lungenerkrankungen_asthma" ItemGroupRepeatKey="1">
					<ItemData ItemOID="chronische_lungenerkrankungen_asthma" Value=""/>
					<ItemData ItemOID="chronische_lungenerkrankungen_copd" Value=""/>
					<ItemData ItemOID="chronische_lungenerkrankungen_lungenfibrose" Value=""/>
					<ItemData ItemOID="chronische_lungenerkrankungen_lungenhochdruck_pulmonale_hypertonie" Value=""/>
					<ItemData ItemOID="chronische_lungenerkrankungen_ohs" Value=""/>
					<ItemData ItemOID="chronische_lungenerkrankungen_schlafapnoe" Value=""/>
					<ItemData ItemOID="chronische_lungenerkrankungen_osas" Value=""/>
					<ItemData ItemOID="chronische_lungenerkrankungen_cystische_fibrose" Value=""/>
					<ItemData ItemOID="chronische_lungenerkrankungen_andere" Value=""/>
					<ItemData ItemOID="chronische_lungenerkrankungen_andere_textfeld" Value=""/>
				</ItemGroupData>
				<ItemGroupData ItemGroupOID="anamnese_risikofaktoren.herzkreislauferkrankungen_code" ItemGroupRepeatKey="1">
					<ItemData ItemOID="herzkreislauferkrankungen_code" Value="1.2.276.0.76.5.409_I51.6__2.16.840.1.113883.6.96_49601007"/>
					<ItemData ItemOID="herzkreislauferkrankungen" Value="1.2.276.0.76.5.409_I51.6__2.16.840.1.113883.6.96_49601007__2.16.840.1.113883.6.96_261665006"/>
				</ItemGroupData>
				<ItemGroupData ItemGroupOID="anamnese_risikofaktoren.herzkreislauferkrankungen_bluthochdruck" ItemGroupRepeatKey="1">
					<ItemData ItemOID="herzkreislauferkrankungen_bluthochdruck" Value=""/>
					<ItemData ItemOID="herzkreislauferkrankungen_zustand_nach_herzinfarkt" Value=""/>
					<ItemData ItemOID="herzkreislauferkrankungen_herzrhythmusstoerungen" Value=""/>
					<ItemData ItemOID="herzkreislauferkrankungen_herzinsuffizienz" Value=""/>
					<ItemData ItemOID="herzkreislauferkrankungen_pavk" Value=""/>
					<ItemData ItemOID="herzkreislauferkrankungen_zustand_nach_revaskularisation" Value=""/>
					<ItemData ItemOID="herzkreislauferkrankungen_koronare_herzerkrankung_khk" Value=""/>
					<ItemData ItemOID="herzkreislauferkrankungen_carotisstenose" Value=""/>
					<ItemData ItemOID="herzkreislauferkrankungen_andere" Value=""/>
					<ItemData ItemOID="herzkreislauferkrankungen_andere_textfeld" Value=""/>
				</ItemGroupData>
				<ItemGroupData ItemGroupOID="anamnese_risikofaktoren.chronische_lebererkrankungen_code" ItemGroupRepeatKey="1">
					<ItemData ItemOID="chronische_lebererkrankungen_code" Value="1.2.276.0.76.5.409_K76.9__2.16.840.1.113883.6.96_328383001"/>
					<ItemData ItemOID="chronische_lebererkrankungen" Value="1.2.276.0.76.5.409_K76.9__2.16.840.1.113883.6.96_328383001__2.16.840.1.113883.6.96_410594000"/>
				</ItemGroupData>
				<ItemGroupData ItemGroupOID="anamnese_risikofaktoren.chronische_lebererkrankungen_fettleber" ItemGroupRepeatKey="1">
					<ItemData ItemOID="chronische_lebererkrankungen_fettleber" Value=""/>
					<ItemData ItemOID="chronische_lebererkrankungen_leberzirrhose" Value=""/>
					<ItemData ItemOID="chronische_lebererkrankungen_chronische_infektioese_hepatitis" Value=""/>
					<ItemData ItemOID="chronische_lebererkrankungen_autoimmune_lebererkrankungen" Value=""/>
					<ItemData ItemOID="chronische_lebererkrankungen_andere" Value=""/>
					<ItemData ItemOID="chronische_lebererkrankungen_andere_textfeld" Value=""/>
				</ItemGroupData>
				<ItemGroupData ItemGroupOID="anamnese_risikofaktoren.rheumatologischeimmunologische_erkrankungen_code" ItemGroupRepeatKey="1">
					<ItemData ItemOID="rheumatologischeimmunologische_erkrankungen_code" Value="2.16.840.1.113883.6.96_396332003__2.16.840.1.113883.6.96_414029004"/>
					<ItemData ItemOID="rheumatologischeimmunologische_erkrankungen" Value="2.16.840.1.113883.6.96_396332003__2.16.840.1.113883.6.96_414029004__2.16.840.1.113883.6.96_261665006"/>
				</ItemGroupData>
				<ItemGroupData ItemGroupOID="anamnese_risikofaktoren.rheumatologischeimmunologische_erkrankungen_chronisch_entzuendl_darmerkrankung" ItemGroupRepeatKey="1">
					<ItemData ItemOID="rheumatologischeimmunologische_erkrankungen_chronisch_entzuendl_darmerkrankung" Value=""/>
					<ItemData ItemOID="rheumatologischeimmunologische_erkrankungen_rheumatoide_arthritis" Value=""/>
					<ItemData ItemOID="rheumatologischeimmunologische_erkrankungen_kollagenosen" Value=""/>
					<ItemData ItemOID="rheumatologischeimmunologische_erkrankungen_vaskulitiden" Value=""/>
					<ItemData ItemOID="rheumatologischeimmunologische_erkrankungen_angeborene_immundefekte" Value=""/>
					<ItemData ItemOID="rheumatologischeimmunologische_erkrankungen_andere" Value=""/>
					<ItemData ItemOID="rheumatologischeimmunologische_erkrankungen_andere_textfeld" Value=""/>
				</ItemGroupData>
				<ItemGroupData ItemGroupOID="anamnese_risikofaktoren.bestehende_hivinfektion_code" ItemGroupRepeatKey="1">
					<ItemData ItemOID="bestehende_hivinfektion_code" Value="1.2.276.0.76.5.409_B24__2.16.840.1.113883.6.96_86406008"/>
					<ItemData ItemOID="bestehende_hivinfektion" Value="2.16.840.1.113883.6.96_410594000"/>
				</ItemGroupData>
				<ItemGroupData ItemGroupOID="anamnese_risikofaktoren.organtransplantiert_code" ItemGroupRepeatKey="1">
					<ItemData ItemOID="organtransplantiert_code" Value="1.2.276.0.76.5.409_Z94.9__2.16.840.1.113883.6.96_161663000"/>
					<ItemData ItemOID="organtransplantiert" Value="1.2.276.0.76.5.409_Z94.9__2.16.840.1.113883.6.96_161663000__2.16.840.1.113883.6.96_410594000"/>
				</ItemGroupData>
				<ItemGroupData ItemGroupOID="anamnese_risikofaktoren.organtransplantiert_herz" ItemGroupRepeatKey="1">
					<ItemData ItemOID="organtransplantiert_herz" Value=""/>
					<ItemData ItemOID="organtransplantiert_lunge" Value=""/>
					<ItemData ItemOID="organtransplantiert_leber" Value=""/>
					<ItemData ItemOID="organtransplantiert_nieren" Value=""/>
					<ItemData ItemOID="organtransplantiert_darm" Value=""/>
					<ItemData ItemOID="organtransplantiert_haut" Value=""/>
					<ItemData ItemOID="organtransplantiert_hornhaut" Value=""/>
					<ItemData ItemOID="organtransplantiert_gehoerknoechelchen" Value=""/>
					<ItemData ItemOID="organtransplantiert_herzklappen" Value=""/>
					<ItemData ItemOID="organtransplantiert_blutgefaess" Value=""/>
					<ItemData ItemOID="organtransplantiert_hirnhaut" Value=""/>
					<ItemData ItemOID="organtransplantiert_knochengewebe" Value=""/>
					<ItemData ItemOID="organtransplantiert_knorpelgewebe" Value=""/>
					<ItemData ItemOID="organtransplantiert_sehne" Value=""/>
				</ItemGroupData>
				<ItemGroupData ItemGroupOID="anamnese_risikofaktoren.diabetes_code" ItemGroupRepeatKey="1">
					<ItemData ItemOID="diabetes_code" Value="1.2.276.0.76.5.409_E14__2.16.840.1.113883.6.96_73211009"/>
					<ItemData ItemOID="diabetes" Value="1.2.276.0.76.5.409_E10.9__2.16.840.1.113883.6.96_46635009"/>
				</ItemGroupData>
				<ItemGroupData ItemGroupOID="anamnese_risikofaktoren.aktive_tumorkrebserkrankungen_code" ItemGroupRepeatKey="1">
					<ItemData ItemOID="aktive_tumorkrebserkrankungen_code" Value="1.2.276.0.76.5.409_C80.9__2.16.840.1.113883.6.96_363346000"/>
					<ItemData ItemOID="aktive_tumorkrebserkrankungen" Value="2.16.840.1.113883.4.642.1.1074_active"/>
				</ItemGroupData>
				<ItemGroupData ItemGroupOID="anamnese_risikofaktoren.raucherstatus_code" ItemGroupRepeatKey="1">
					<ItemData ItemOID="raucherstatus_code" Value="2.16.840.1.113883.6.1_72166-2"/>
					<ItemData ItemOID="raucherstatus" Value="2.16.840.1.113883.6.1_LA18976-3"/>
				</ItemGroupData>
				<ItemGroupData ItemGroupOID="anamnese_risikofaktoren.chronische_neurologische_oder_psychiatrische_erkrankungen_code" ItemGroupRepeatKey="1">
					<ItemData ItemOID="chronische_neurologische_oder_psychiatrische_erkrankungen_code" Value="1.2.276.0.76.5.409_F99__1.2.276.0.76.5.409_G96.9__2.16.840.1.113883.6.96_74732009__2.16.840.1.113883.6.96_128283000"/>
					<ItemData ItemOID="chronische_neurologische_oder_psychiatrische_erkrankungen" Value="1.2.276.0.76.5.409_F99__1.2.276.0.76.5.409_G96.9__2.16.840.1.113883.6.96_74732009__2.16.840.1.113883.6.96_128283000__2.16.840.1.113883.6.96_410594000"/>
				</ItemGroupData>
				<ItemGroupData ItemGroupOID="anamnese_risikofaktoren.chronische_neurologische_oder_psychiatrische_erkrankungen_m_parkinson" ItemGroupRepeatKey="1">
					<ItemData ItemOID="chronische_neurologische_oder_psychiatrische_erkrankungen_m_parkinson" Value=""/>
					<ItemData ItemOID="chronische_neurologische_oder_psychiatrische_erkrankungen_demenz" Value=""/>
					<ItemData ItemOID="chronische_neurologische_oder_psychiatrische_erkrankungen_multiple_sklerose" Value=""/>
					<ItemData ItemOID="chronische_neurologische_oder_psychiatrische_erkrankungen_neuromuskulaere_erkrankungen" Value=""/>
					<ItemData ItemOID="chronische_neurologische_oder_psychiatrische_erkrankungen_epilepsie" Value=""/>
					<ItemData ItemOID="chronische_neurologische_oder_psychiatrische_erkrankungen_migraene" Value=""/>
					<ItemData ItemOID="chronische_neurologische_oder_psychiatrische_erkrankungen_zn_apoplex_mit_residuen" Value=""/>
					<ItemData ItemOID="chronische_neurologische_oder_psychiatrische_erkrankungen_zn_apoplex_ohne_residuen" Value=""/>
					<ItemData ItemOID="chronische_neurologische_oder_psychiatrische_erkrankungen_psychose" Value=""/>
					<ItemData ItemOID="chronische_neurologische_oder_psychiatrische_erkrankungen_depression" Value=""/>
					<ItemData ItemOID="chronische_neurologische_oder_psychiatrische_erkrankungen_angsterkrankung" Value=""/>
				</ItemGroupData>
				<ItemGroupData ItemGroupOID="anamnese_risikofaktoren.bestehende_sauerstoff_oder_beatmungstherapie_code" ItemGroupRepeatKey="1">
					<ItemData ItemOID="bestehende_sauerstoff_oder_beatmungstherapie_code" Value="2.16.840.1.113883.6.96_53950000"/>
					<ItemData ItemOID="bestehende_sauerstoff_oder_beatmungstherapie" Value="2.16.840.1.113883.4.642.4.110_completed__2.16.840.1.113883.4.642.4.110_in-progress"/>
				</ItemGroupData>
				<ItemGroupData ItemGroupOID="anamnese_risikofaktoren.chronische_nierenerkrankungen_code" ItemGroupRepeatKey="1">
					<ItemData ItemOID="chronische_nierenerkrankungen_code" Value="1.2.276.0.76.5.409_N18.9__2.16.840.1.113883.6.96_709044004"/>
					<ItemData ItemOID="chronische_nierenerkrankungen" Value="1.2.276.0.76.5.409_N18.5__1.2.276.0.76.5.409_Z99.2__2.16.840.1.113883.6.96_714152005"/>
				</ItemGroupData>
				<ItemGroupData ItemGroupOID="anamnese_risikofaktoren.chronische_nierenerkrankungen_schweregrad" ItemGroupRepeatKey="1">
					<ItemData ItemOID="chronische_nierenerkrankungen_schweregrad" Value="1.2.276.0.76.5.409_N18.5__2.16.840.1.113883.6.96_433146000"/>
				</ItemGroupData>
				<ItemGroupData ItemGroupOID="anamnese_risikofaktoren.reiseaktivitat_code" ItemGroupRepeatKey="1">
					<ItemData ItemOID="reiseaktivitat_code" Value="2.16.840.1.113883.6.1_8691-8__2.16.840.1.113883.6.96_443846001"/>
					<ItemData ItemOID="reiseaktivitat" Value="2.16.840.1.113883.6.96_261665006"/>
				</ItemGroupData>
				<ItemGroupData ItemGroupOID="anamnese_risikofaktoren.reiseaktivitat_start_date_1" ItemGroupRepeatKey="1">
					<ItemData ItemOID="reiseaktivitat_start_date_1" Value=""/>
				</ItemGroupData>
				<ItemGroupData ItemGroupOID="anamnese_risikofaktoren.reiseaktivitat_country_1" ItemGroupRepeatKey="1">
					<ItemData ItemOID="reiseaktivitat_country_1" Value=""/>
					<ItemData ItemOID="reiseaktivitat_state_1" Value=""/>
					<ItemData ItemOID="reiseaktivitat_city_1" Value=""/>
					<ItemData ItemOID="reiseaktivitat_end_date_1" Value=""/>
				</ItemGroupData>
				<ItemGroupData ItemGroupOID="anamnese_risikofaktoren.reiseaktivitat_start_date_2" ItemGroupRepeatKey="1">
					<ItemData ItemOID="reiseaktivitat_start_date_2" Value=""/>
				</ItemGroupData>
				<ItemGroupData ItemGroupOID="anamnese_risikofaktoren.reiseaktivitat_country_2" ItemGroupRepeatKey="1">
					<ItemData ItemOID="reiseaktivitat_country_2" Value=""/>
					<ItemData ItemOID="reiseaktivitat_state_2" Value=""/>
					<ItemData ItemOID="reiseaktivitat_city_2" Value=""/>
					<ItemData ItemOID="reiseaktivitat_end_date_2" Value=""/>
				</ItemGroupData>
				<ItemGroupData ItemGroupOID="anamnese_risikofaktoren.reiseaktivitat_start_date_3" ItemGroupRepeatKey="1">
					<ItemData ItemOID="reiseaktivitat_start_date_3" Value=""/>
				</ItemGroupData>
				<ItemGroupData ItemGroupOID="anamnese_risikofaktoren.reiseaktivitat_country_3" ItemGroupRepeatKey="1">
					<ItemData ItemOID="reiseaktivitat_country_3" Value=""/>
					<ItemData ItemOID="reiseaktivitat_state_3" Value=""/>
					<ItemData ItemOID="reiseaktivitat_city_3" Value=""/>
					<ItemData ItemOID="reiseaktivitat_end_date_3" Value=""/>
				</ItemGroupData>
				<ItemGroupData ItemGroupOID="anamnese_risikofaktoren.reiseaktivitat_start_date_4" ItemGroupRepeatKey="1">
					<ItemData ItemOID="reiseaktivitat_start_date_4" Value=""/>
				</ItemGroupData>
				<ItemGroupData ItemGroupOID="anamnese_risikofaktoren.reiseaktivitat_country_4" ItemGroupRepeatKey="1">
					<ItemData ItemOID="reiseaktivitat_country_4" Value=""/>
					<ItemData ItemOID="reiseaktivitat_state_4" Value=""/>
					<ItemData ItemOID="reiseaktivitat_city_4" Value=""/>
					<ItemData ItemOID="reiseaktivitat_end_date_4" Value=""/>
				</ItemGroupData>
				<ItemGroupData ItemGroupOID="anamnese_risikofaktoren.reiseaktivitat_start_date_5" ItemGroupRepeatKey="1">
					<ItemData ItemOID="reiseaktivitat_start_date_5" Value=""/>
				</ItemGroupData>
				<ItemGroupData ItemGroupOID="anamnese_risikofaktoren.reiseaktivitat_country_5" ItemGroupRepeatKey="1">
					<ItemData ItemOID="reiseaktivitat_country_5" Value=""/>
					<ItemData ItemOID="reiseaktivitat_state_5" Value=""/>
					<ItemData ItemOID="reiseaktivitat_city_5" Value=""/>
					<ItemData ItemOID="reiseaktivitat_end_date_5" Value=""/>
				</ItemGroupData>
				<ItemGroupData ItemGroupOID="anamnese_risikofaktoren.reiseaktivitat_start_date_6" ItemGroupRepeatKey="1">
					<ItemData ItemOID="reiseaktivitat_start_date_6" Value=""/>
				</ItemGroupData>
				<ItemGroupData ItemGroupOID="anamnese_risikofaktoren.reiseaktivitat_country_6" ItemGroupRepeatKey="1">
					<ItemData ItemOID="reiseaktivitat_country_6" Value=""/>
					<ItemData ItemOID="reiseaktivitat_state_6" Value=""/>
					<ItemData ItemOID="reiseaktivitat_city_6" Value=""/>
					<ItemData ItemOID="reiseaktivitat_end_date_6" Value=""/>
				</ItemGroupData>
				<ItemGroupData ItemGroupOID="anamnese_risikofaktoren.reiseaktivitat_start_date_7" ItemGroupRepeatKey="1">
					<ItemData ItemOID="reiseaktivitat_start_date_7" Value=""/>
				</ItemGroupData>
				<ItemGroupData ItemGroupOID="anamnese_risikofaktoren.reiseaktivitat_country_7" ItemGroupRepeatKey="1">
					<ItemData ItemOID="reiseaktivitat_country_7" Value=""/>
					<ItemData ItemOID="reiseaktivitat_state_7" Value=""/>
					<ItemData ItemOID="reiseaktivitat_city_7" Value=""/>
					<ItemData ItemOID="reiseaktivitat_end_date_7" Value=""/>
				</ItemGroupData>
				<ItemGroupData ItemGroupOID="anamnese_risikofaktoren.reiseaktivitat_start_date_8" ItemGroupRepeatKey="1">
					<ItemData ItemOID="reiseaktivitat_start_date_8" Value=""/>
				</ItemGroupData>
				<ItemGroupData ItemGroupOID="anamnese_risikofaktoren.reiseaktivitat_country_8" ItemGroupRepeatKey="1">
					<ItemData ItemOID="reiseaktivitat_country_8" Value=""/>
					<ItemData ItemOID="reiseaktivitat_state_8" Value=""/>
					<ItemData ItemOID="reiseaktivitat_city_8" Value=""/>
					<ItemData ItemOID="reiseaktivitat_end_date_8" Value=""/>
				</ItemGroupData>
				<ItemGroupData ItemGroupOID="anamnese_risikofaktoren.reiseaktivitat_start_date_9" ItemGroupRepeatKey="1">
					<ItemData ItemOID="reiseaktivitat_start_date_9" Value=""/>
				</ItemGroupData>
				<ItemGroupData ItemGroupOID="anamnese_risikofaktoren.reiseaktivitat_country_9" ItemGroupRepeatKey="1">
					<ItemData ItemOID="reiseaktivitat_country_9" Value=""/>
					<ItemData ItemOID="reiseaktivitat_state_9" Value=""/>
					<ItemData ItemOID="reiseaktivitat_city_9" Value=""/>
					<ItemData ItemOID="reiseaktivitat_end_date_9" Value=""/>
				</ItemGroupData>
				<ItemGroupData ItemGroupOID="anamnese_risikofaktoren.reiseaktivitat_start_date_10" ItemGroupRepeatKey="1">
					<ItemData ItemOID="reiseaktivitat_start_date_10" Value=""/>
				</ItemGroupData>
				<ItemGroupData ItemGroupOID="anamnese_risikofaktoren.reiseaktivitat_country_10" ItemGroupRepeatKey="1">
					<ItemData ItemOID="reiseaktivitat_country_10" Value=""/>
					<ItemData ItemOID="reiseaktivitat_state_10" Value=""/>
					<ItemData ItemOID="reiseaktivitat_city_10" Value=""/>
					<ItemData ItemOID="reiseaktivitat_end_date_10" Value=""/>
				</ItemGroupData>
				<ItemGroupData ItemGroupOID="anamnese_risikofaktoren.magengeschwure_code" ItemGroupRepeatKey="1">
					<ItemData ItemOID="magengeschwure_code" Value="1.2.276.0.76.5.409_K28__2.16.840.1.113883.6.96_40845000"/>
					<ItemData ItemOID="magengeschwure" Value="2.16.840.1.113883.4.642.4.1048_unknown__2.16.840.1.113883.6.96_261665006"/>
				</ItemGroupData>
				<ItemGroupData ItemGroupOID="anamnese_risikofaktoren.impfungen_code" ItemGroupRepeatKey="1">
					<ItemData ItemOID="impfungen_code" Value="&lt;No code given!&gt;"/>
				</ItemGroupData>
				<ItemGroupData ItemGroupOID="anamnese_risikofaktoren.impfungen_influenza" ItemGroupRepeatKey="1">
					<ItemData ItemOID="impfungen_influenza" Value="2.16.840.1.113883.6.96_6142004__2.16.840.1.113883.6.96_261665006"/>
					<ItemData ItemOID="impfungen_pneumokokken" Value="2.16.840.1.113883.6.96_16814004__2.16.840.1.113883.6.96_261665006"/>
					<ItemData ItemOID="impfungen_bcg" Value="2.16.840.1.113883.6.96_56717001__2.16.840.1.113883.6.96_261665006"/>
					<ItemData ItemOID="impfungen_covid_19" Value="2.16.840.1.113883.6.96_840539006__2.16.840.1.113883.6.96_261665006"/>
					<ItemData ItemOID="impfungen_andere" Value="NoCodeSystem_NoCode__2.16.840.1.113883.6.96_261665006"/>
					<ItemData ItemOID="impfungen_influenza_datum" Value=""/>
					<ItemData ItemOID="impfungen_pneumokokken_datum" Value=""/>
					<ItemData ItemOID="impfungen_bcg_datum" Value=""/>
					<ItemData ItemOID="impfungen_covid_19_datum" Value=""/>
					<ItemData ItemOID="impfungen_andere_datum" Value=""/>
					<ItemData ItemOID="impfungen_andere_textfeld" Value=""/>
				</ItemGroupData>
				<ItemGroupData ItemGroupOID="anamnese_risikofaktoren.dnranordnung_code" ItemGroupRepeatKey="1">
					<ItemData ItemOID="dnranordnung_code" Value="2.16.840.1.113883.6.96_304251008"/>
					<ItemData ItemOID="dnranordnung" Value="2.16.840.1.113883.6.96_304253006"/>
				</ItemGroupData>
				<ItemGroupData ItemGroupOID="anamnese_risikofaktoren.anamnese_risikofaktoren_complete" ItemGroupRepeatKey="1">
					<ItemData ItemOID="anamnese_risikofaktoren_complete" Value="2"/>
				</ItemGroupData>
			</FormData>
			<FormData FormOID="Form.bildgebung" FormRepeatKey="1">
				<ItemGroupData ItemGroupOID="bildgebung.bildgebende_verfahren_code" ItemGroupRepeatKey="1">
					<ItemData ItemOID="bildgebende_verfahren_code" Value="2.16.840.1.113883.6.96_363679005"/>
					<ItemData ItemOID="bildgebende_verfahren" Value="2"/>
				</ItemGroupData>
				<ItemGroupData ItemGroupOID="bildgebung.bildgebende_verfahren_ct" ItemGroupRepeatKey="1">
					<ItemData ItemOID="bildgebende_verfahren_ct" Value=""/>
					<ItemData ItemOID="bildgebende_verfahren_roentgen" Value=""/>
					<ItemData ItemOID="bildgebende_verfahren_us" Value=""/>
				</ItemGroupData>
				<ItemGroupData ItemGroupOID="bildgebung.befund_bildgebender_verfahren_code" ItemGroupRepeatKey="1">
					<ItemData ItemOID="befund_bildgebender_verfahren_code" Value="2.16.840.1.113883.6.96_118247008"/>
				</ItemGroupData>
				<ItemGroupData ItemGroupOID="bildgebung.befund_bildgebender_verfahren_ct" ItemGroupRepeatKey="1">
					<ItemData ItemOID="befund_bildgebender_verfahren_ct" Value=""/>
					<ItemData ItemOID="befund_bildgebender_verfahren_roentgen" Value=""/>
					<ItemData ItemOID="befund_bildgebender_verfahren_us" Value=""/>
				</ItemGroupData>
				<ItemGroupData ItemGroupOID="bildgebung.bildgebung_complete" ItemGroupRepeatKey="1">
					<ItemData ItemOID="bildgebung_complete" Value="2"/>
				</ItemGroupData>
			</FormData>
			<FormData FormOID="Form.demographie" FormRepeatKey="1">
				<ItemGroupData ItemGroupOID="demographie.geburtsdatum_code" ItemGroupRepeatKey="1">
					<ItemData ItemOID="geburtsdatum_code" Value="2.16.840.1.113883.6.1_21112-8__2.16.840.1.113883.6.96_184099003"/>
					<ItemData ItemOID="geburtsdatum" Value="1932-03-14"/>
				</ItemGroupData>
				<ItemGroupData ItemGroupOID="demographie.ethnische_zugehorigkeit_code" ItemGroupRepeatKey="1">
					<ItemData ItemOID="ethnische_zugehorigkeit_code" Value="2.16.840.1.113883.6.96_372148003"/>
					<ItemData ItemOID="ethnische_zugehorigkeit" Value="2.16.840.1.113883.6.96_14045001"/>
				</ItemGroupData>
				<ItemGroupData ItemGroupOID="demographie.biologisches_geschlecht_code" ItemGroupRepeatKey="1">
					<ItemData ItemOID="biologisches_geschlecht_code" Value="2.16.840.1.113883.6.1_76689-9"/>
					<ItemData ItemOID="biologisches_geschlecht" Value=""/>
				</ItemGroupData>
				<ItemGroupData ItemGroupOID="demographie.schwangerschaft_code" ItemGroupRepeatKey="1">
					<ItemData ItemOID="schwangerschaft_code" Value="2.16.840.1.113883.6.1_82810-3"/>
					<ItemData ItemOID="schwangerschaft" Value=""/>
				</ItemGroupData>
				<ItemGroupData ItemGroupOID="demographie.alter_code" ItemGroupRepeatKey="1">
					<ItemData ItemOID="alter_code" Value="2.16.840.1.113883.6.1_30525-0__2.16.840.1.113883.6.96_424144002"/>
					<ItemData ItemOID="alter" Value=""/>
				</ItemGroupData>
				<ItemGroupData ItemGroupOID="demographie.frailtyscore_code" ItemGroupRepeatKey="1">
					<ItemData ItemOID="frailtyscore_code" Value="2.16.840.1.113883.6.96_763264000"/>
					<ItemData ItemOID="frailtyscore" Value="2.25.289763784830452322853973378638183835703_7"/>
				</ItemGroupData>
				<ItemGroupData ItemGroupOID="demographie.gewicht_unit" ItemGroupRepeatKey="1">
					<ItemData ItemOID="gewicht_unit" Value="1"/>
				</ItemGroupData>
				<ItemGroupData ItemGroupOID="demographie.gewicht_code" ItemGroupRepeatKey="1">
					<ItemData ItemOID="gewicht_code" Value="2.16.840.1.113883.6.1_29463-7__2.16.840.1.113883.6.96_27113001"/>
					<ItemData ItemOID="gewicht" Value="55"/>
				</ItemGroupData>
				<ItemGroupData ItemGroupOID="demographie.korpergrose_unit" ItemGroupRepeatKey="1">
					<ItemData ItemOID="korpergrose_unit" Value="1"/>
				</ItemGroupData>
				<ItemGroupData ItemGroupOID="demographie.korpergrose_code" ItemGroupRepeatKey="1">
					<ItemData ItemOID="korpergrose_code" Value="2.16.840.1.113883.6.1_8302-2__2.16.840.1.113883.6.96_50373000"/>
					<ItemData ItemOID="korpergrose" Value="1.75"/>
				</ItemGroupData>
				<ItemGroupData ItemGroupOID="demographie.demographie_complete" ItemGroupRepeatKey="1">
					<ItemData ItemOID="demographie_complete" Value="2"/>
				</ItemGroupData>
			</FormData>
			<FormData FormOID="Form.epidemiologische_faktoren" FormRepeatKey="1">
				<ItemGroupData ItemGroupOID="epidemiologische_faktoren.kontakt_mit_an_covid19_erkrankter_personq_code" ItemGroupRepeatKey="1">
					<ItemData ItemOID="kontakt_mit_an_covid19_erkrankter_personq_code" Value="2.16.840.1.113883.6.1_88636-6"/>
					<ItemData ItemOID="kontakt_mit_an_covid19_erkrankter_personq" Value="2.16.840.1.113883.4.642.4.1048_unknown"/>
				</ItemGroupData>
				<ItemGroupData ItemGroupOID="epidemiologische_faktoren.epidemiologische_faktoren_complete" ItemGroupRepeatKey="1">
					<ItemData ItemOID="epidemiologische_faktoren_complete" Value="1"/>
				</ItemGroupData>
			</FormData>
			<FormData FormOID="Form.komplikationen" FormRepeatKey="1">
				<ItemGroupData ItemGroupOID="komplikationen.komplikation_code" ItemGroupRepeatKey="1">
					<ItemData ItemOID="komplikation_code" Value="2.16.840.1.113883.6.1_19817-6__2.16.840.1.113883.6.96_116223007"/>
					<ItemData ItemOID="komplikation" Value="1"/>
				</ItemGroupData>
				<ItemGroupData ItemGroupOID="komplikationen.komplikation_thrombembolische_ereignisse" ItemGroupRepeatKey="1">
					<ItemData ItemOID="komplikation_thrombembolische_ereignisse" Value="2.16.840.1.113883.6.96_439127006__2.16.840.1.113883.6.96_414086009__2.16.840.1.113883.6.96_261665006"/>
					<ItemData ItemOID="komplikation_venoese_thrombose" Value=""/>
					<ItemData ItemOID="komplikation_lungenarterienembolie" Value=""/>
					<ItemData ItemOID="komplikation_stroke" Value=""/>
					<ItemData ItemOID="komplikation_myokardinfarkt" Value=""/>
					<ItemData ItemOID="komplikation_andere" Value=""/>
					<ItemData ItemOID="komplikation_andere_textfeld" Value=""/>
					<ItemData ItemOID="komplikation_pulmonale_co_infektionen" Value="1.2.276.0.76.5.409_J18.9__2.16.840.1.113883.6.96_128601007__2.16.840.1.113883.6.96_261665006"/>
					<ItemData ItemOID="komplikation_blutstrominfektionen" Value="1.2.276.0.76.5.409_A41.9__2.16.840.1.113883.6.96_434156008__2.16.840.1.113883.6.96_261665006"/>
				</ItemGroupData>
				<ItemGroupData ItemGroupOID="komplikationen.komplikationen_complete" ItemGroupRepeatKey="1">
					<ItemData ItemOID="komplikationen_complete" Value="2"/>
				</ItemGroupData>
			</FormData>
			<FormData FormOID="Form.symptome" FormRepeatKey="1">
				<ItemGroupData ItemGroupOID="symptome.symptome_code" ItemGroupRepeatKey="1">
					<ItemData ItemOID="symptome_code" Value=""/>
					<ItemData ItemOID="symptome" Value=""/>
				</ItemGroupData>
				<ItemGroupData ItemGroupOID="symptome.symptome_geruchs_bzw_geschmacksstoerungen" ItemGroupRepeatKey="1">
					<ItemData ItemOID="symptome_geruchs_bzw_geschmacksstoerungen" Value=""/>
					<ItemData ItemOID="symptome_bauchschmerzen" Value=""/>
					<ItemData ItemOID="symptome_bewusstseinsstoerungen_verwirrtheit" Value=""/>
					<ItemData ItemOID="symptome_durchfall" Value=""/>
					<ItemData ItemOID="symptome_erbrechen" Value=""/>
					<ItemData ItemOID="symptome_husten" Value=""/>
					<ItemData ItemOID="symptome_kurzatmigkeit_dyspnoe" Value=""/>
					<ItemData ItemOID="symptome_uebelkeit" Value=""/>
					<ItemData ItemOID="symptome_fieber" Value=""/>
					<ItemData ItemOID="symptome_kopfschmerzen" Value=""/>
					<ItemData ItemOID="symptome_andere_symptome" Value=""/>
					<ItemData ItemOID="symptome_andere_symptome_textfeld" Value=""/>
				</ItemGroupData>
				<ItemGroupData ItemGroupOID="symptome.schweregrad_code" ItemGroupRepeatKey="1">
					<ItemData ItemOID="schweregrad_code" Value=""/>
				</ItemGroupData>
				<ItemGroupData ItemGroupOID="symptome.symptome_geruchs_bzw_geschmacksstoerungen_schweregrad" ItemGroupRepeatKey="1">
					<ItemData ItemOID="symptome_geruchs_bzw_geschmacksstoerungen_schweregrad" Value=""/>
					<ItemData ItemOID="symptome_bauchschmerzen_schweregrad" Value=""/>
					<ItemData ItemOID="symptome_bewusstseinsstoerungen_verwirrtheit_schweregrad" Value=""/>
					<ItemData ItemOID="symptome_durchfall_schweregrad" Value=""/>
					<ItemData ItemOID="symptome_erbrechen_schweregrad" Value=""/>
					<ItemData ItemOID="symptome_husten_schweregrad" Value=""/>
					<ItemData ItemOID="symptome_kurzatmigkeit_dyspnoe_schweregrad" Value=""/>
					<ItemData ItemOID="symptome_uebelkeit_schweregrad" Value=""/>
					<ItemData ItemOID="symptome_fieber_schweregrad" Value=""/>
					<ItemData ItemOID="symptome_kopfschmerzen_schweregrad" Value=""/>
					<ItemData ItemOID="symptome_andere_symptome_schweregrad" Value=""/>
				</ItemGroupData>
				<ItemGroupData ItemGroupOID="symptome.symptome_complete" ItemGroupRepeatKey="1">
					<ItemData ItemOID="symptome_complete" Value="0"/>
				</ItemGroupData>
			</FormData>
			<FormData FormOID="Form.medikation" FormRepeatKey="1">
				<ItemGroupData ItemGroupOID="medikation.medikation_datum" ItemGroupRepeatKey="1">
					<ItemData ItemOID="medikation_datum" Value=""/>
				</ItemGroupData>
				<ItemGroupData ItemGroupOID="medikation.covid19therapie_code" ItemGroupRepeatKey="1">
					<ItemData ItemOID="covid19therapie_code" Value=""/>
					<ItemData ItemOID="covid19therapie" Value=""/>
				</ItemGroupData>
				<ItemGroupData ItemGroupOID="medikation.covid19therapie_antipyretika" ItemGroupRepeatKey="1">
					<ItemData ItemOID="covid19therapie_antipyretika" Value=""/>
					<ItemData ItemOID="covid19therapie_kortikosteroide" Value=""/>
					<ItemData ItemOID="covid19therapie_kortikosteroide_code" Value=""/>
					<ItemData ItemOID="covid19therapie_atazanavir" Value=""/>
					<ItemData ItemOID="covid19therapie_atazanavir_code" Value=""/>
					<ItemData ItemOID="covid19therapie_darunavir" Value=""/>
					<ItemData ItemOID="covid19therapie_darunavir_code" Value=""/>
					<ItemData ItemOID="covid19therapie_chloroquine_phosphate" Value=""/>
					<ItemData ItemOID="covid19therapie_hydroxychloroquine" Value=""/>
					<ItemData ItemOID="covid19therapie_ivermectin" Value=""/>
					<ItemData ItemOID="covid19therapie_lopinavir_ritonavir" Value=""/>
					<ItemData ItemOID="covid19therapie_ganciclovir" Value=""/>
					<ItemData ItemOID="covid19therapie_oseltamivir" Value=""/>
					<ItemData ItemOID="covid19therapie_remdesivir" Value=""/>
					<ItemData ItemOID="covid19therapie_ribavirin" Value=""/>
					<ItemData ItemOID="covid19therapie_camostat" Value=""/>
					<ItemData ItemOID="covid19therapie_favipiravir" Value=""/>
					<ItemData ItemOID="covid19therapie_convalescent_plasma" Value=""/>
					<ItemData ItemOID="covid19therapie_convalescent_plasma_code" Value=""/>
					<ItemData ItemOID="covid19therapie_steroids_gt_05_mg_kg_prednisone_equivalents" Value=""/>
					<ItemData ItemOID="covid19therapie_steroids_lt_05_mg_kg_prednisone_equivalents" Value=""/>
					<ItemData ItemOID="covid19therapie_tocilizumab" Value=""/>
					<ItemData ItemOID="covid19therapie_tocilizumab_code" Value=""/>
					<ItemData ItemOID="covid19therapie_sarilumab" Value=""/>
					<ItemData ItemOID="covid19therapie_cni_or_mtor_inhibitors_eg_cyclosporin_a_tacrolimus_sirolimus_everolimus" Value=""/>
					<ItemData ItemOID="covid19therapie_cni_or_mtor_inhibitors_eg_cyclosporin_a_tacrolimus_sirolimus_everolimus_code" Value=""/>
					<ItemData ItemOID="covid19therapie_anti_tnf_alpha_inhibitors_eg_adalimumab_etanercept" Value=""/>
					<ItemData ItemOID="covid19therapie_anti_tnf_alpha_inhibitors_eg_adalimumab_etanercept_code" Value=""/>
					<ItemData ItemOID="covid19therapie_il1_receptor_antangonists" Value=""/>
					<ItemData ItemOID="covid19therapie_ruxolitinib" Value=""/>
					<ItemData ItemOID="covid19therapie_colchicine" Value=""/>
					<ItemData ItemOID="covid19therapie_interferone_any" Value=""/>
					<ItemData ItemOID="covid19therapie_25_hydroxyvitamin_d" Value=""/>
					<ItemData ItemOID="covid19therapie_zinc" Value=""/>
					<ItemData ItemOID="covid19therapie_andere" Value=""/>
					<ItemData ItemOID="covid19therapie_andere_textfeld" Value=""/>
				</ItemGroupData>
				<ItemGroupData ItemGroupOID="medikation.acehemmer_code" ItemGroupRepeatKey="1">
					<ItemData ItemOID="acehemmer_code" Value=""/>
					<ItemData ItemOID="acehemmer" Value=""/>
				</ItemGroupData>
				<ItemGroupData ItemGroupOID="medikation.immunglobuline_code" ItemGroupRepeatKey="1">
					<ItemData ItemOID="immunglobuline_code" Value=""/>
					<ItemData ItemOID="immunglobuline" Value=""/>
				</ItemGroupData>
				<ItemGroupData ItemGroupOID="medikation.antikoagulation_code" ItemGroupRepeatKey="1">
					<ItemData ItemOID="antikoagulation_code" Value=""/>
					<ItemData ItemOID="antikoagulation" Value=""/>
				</ItemGroupData>
				<ItemGroupData ItemGroupOID="medikation.antikoagulation_unfraktioniertes_heparin" ItemGroupRepeatKey="1">
					<ItemData ItemOID="antikoagulation_unfraktioniertes_heparin" Value=""/>
					<ItemData ItemOID="antikoagulation_unfraktioniertes_heparin_code" Value=""/>
					<ItemData ItemOID="antikoagulation_niedermolekulares_heparin" Value=""/>
					<ItemData ItemOID="antikoagulation_niedermolekulares_heparin_code" Value=""/>
					<ItemData ItemOID="antikoagulation_argatroban" Value=""/>
					<ItemData ItemOID="antikoagulation_plaettchenaggregationshemmer" Value=""/>
					<ItemData ItemOID="antikoagulation_danaparoid" Value=""/>
					<ItemData ItemOID="antikoagulation_phenprocoumon" Value=""/>
					<ItemData ItemOID="antikoagulation_doak" Value=""/>
					<ItemData ItemOID="antikoagulation_doak_code" Value=""/>
					<ItemData ItemOID="antikoagulation_sonstige" Value=""/>
					<ItemData ItemOID="antikoagulation_sonstige_textfeld" Value=""/>
				</ItemGroupData>
				<ItemGroupData ItemGroupOID="medikation.medikation_complete" ItemGroupRepeatKey="1">
					<ItemData ItemOID="medikation_complete" Value="0"/>
				</ItemGroupData>
			</FormData>
			<FormData FormOID="Form.therapie" FormRepeatKey="1">
				<ItemGroupData ItemGroupOID="therapie.dialyse_hamofiltration_code" ItemGroupRepeatKey="1">
					<ItemData ItemOID="dialyse_hamofiltration_code" Value=""/>
					<ItemData ItemOID="dialyse_hamofiltration" Value=""/>
				</ItemGroupData>
				<ItemGroupData ItemGroupOID="therapie.apherese_code" ItemGroupRepeatKey="1">
					<ItemData ItemOID="apherese_code" Value=""/>
					<ItemData ItemOID="apherese" Value=""/>
				</ItemGroupData>
				<ItemGroupData ItemGroupOID="therapie.bauchlage_code" ItemGroupRepeatKey="1">
					<ItemData ItemOID="bauchlage_code" Value=""/>
					<ItemData ItemOID="bauchlage" Value=""/>
				</ItemGroupData>
				<ItemGroupData ItemGroupOID="therapie.liegt_der_patient_auf_der_intensivstationq_code" ItemGroupRepeatKey="1">
					<ItemData ItemOID="liegt_der_patient_auf_der_intensivstationq_code" Value=""/>
					<ItemData ItemOID="liegt_der_patient_auf_der_intensivstationq" Value=""/>
				</ItemGroupData>
				<ItemGroupData ItemGroupOID="therapie.ecmotherapie_code" ItemGroupRepeatKey="1">
					<ItemData ItemOID="ecmotherapie_code" Value=""/>
					<ItemData ItemOID="ecmotherapie" Value=""/>
				</ItemGroupData>
				<ItemGroupData ItemGroupOID="therapie.beatmungstherapie_code" ItemGroupRepeatKey="1">
					<ItemData ItemOID="beatmungstherapie_code" Value=""/>
					<ItemData ItemOID="beatmungstherapie" Value=""/>
				</ItemGroupData>
				<ItemGroupData ItemGroupOID="therapie.therapie_complete" ItemGroupRepeatKey="1">
					<ItemData ItemOID="therapie_complete" Value="0"/>
				</ItemGroupData>
			</FormData>
			<FormData FormOID="Form.vitalparameter" FormRepeatKey="1">
				<ItemGroupData ItemGroupOID="vitalparameter.vitalparameter_datum" ItemGroupRepeatKey="1">
					<ItemData ItemOID="vitalparameter_datum" Value=""/>
				</ItemGroupData>
				<ItemGroupData ItemGroupOID="vitalparameter.pa_co2_unit" ItemGroupRepeatKey="1">
					<ItemData ItemOID="pa_co2_unit" Value=""/>
				</ItemGroupData>
				<ItemGroupData ItemGroupOID="vitalparameter.pa_co2_code" ItemGroupRepeatKey="1">
					<ItemData ItemOID="pa_co2_code" Value=""/>
					<ItemData ItemOID="pa_co2" Value=""/>
				</ItemGroupData>
				<ItemGroupData ItemGroupOID="vitalparameter.pa_o2_unit" ItemGroupRepeatKey="1">
					<ItemData ItemOID="pa_o2_unit" Value=""/>
				</ItemGroupData>
				<ItemGroupData ItemGroupOID="vitalparameter.pa_o2_code" ItemGroupRepeatKey="1">
					<ItemData ItemOID="pa_o2_code" Value=""/>
					<ItemData ItemOID="pa_o2" Value=""/>
				</ItemGroupData>
				<ItemGroupData ItemGroupOID="vitalparameter.fi_o2_unit" ItemGroupRepeatKey="1">
					<ItemData ItemOID="fi_o2_unit" Value=""/>
				</ItemGroupData>
				<ItemGroupData ItemGroupOID="vitalparameter.fi_o2_code" ItemGroupRepeatKey="1">
					<ItemData ItemOID="fi_o2_code" Value=""/>
					<ItemData ItemOID="fi_o2" Value=""/>
				</ItemGroupData>
				<ItemGroupData ItemGroupOID="vitalparameter.p_hwert_unit" ItemGroupRepeatKey="1">
					<ItemData ItemOID="p_hwert_unit" Value=""/>
				</ItemGroupData>
				<ItemGroupData ItemGroupOID="vitalparameter.p_hwert_code" ItemGroupRepeatKey="1">
					<ItemData ItemOID="p_hwert_code" Value=""/>
					<ItemData ItemOID="p_hwert" Value=""/>
				</ItemGroupData>
				<ItemGroupData ItemGroupOID="vitalparameter.sofascore_code" ItemGroupRepeatKey="1">
					<ItemData ItemOID="sofascore_code" Value=""/>
				</ItemGroupData>
				<ItemGroupData ItemGroupOID="vitalparameter.sofa_score_resp" ItemGroupRepeatKey="1">
					<ItemData ItemOID="sofa_score_resp" Value=""/>
					<ItemData ItemOID="sofa_score_resp_calc" Value=""/>
					<ItemData ItemOID="sofa_score_ns" Value=""/>
					<ItemData ItemOID="sofa_score_ns_calc" Value=""/>
					<ItemData ItemOID="sofa_score_cvs" Value=""/>
					<ItemData ItemOID="sofa_score_cvs_calc" Value=""/>
					<ItemData ItemOID="sofa_score_liv" Value=""/>
					<ItemData ItemOID="sofa_score_liv_calc" Value=""/>
					<ItemData ItemOID="sofa_score_coa" Value=""/>
					<ItemData ItemOID="sofa_score_coa_calc" Value=""/>
					<ItemData ItemOID="sofa_score_kid" Value=""/>
					<ItemData ItemOID="sofa_score_kid_calc" Value=""/>
					<ItemData ItemOID="sofa_total_score" Value=""/>
				</ItemGroupData>
				<ItemGroupData ItemGroupOID="vitalparameter.atemfrequenz_unit" ItemGroupRepeatKey="1">
					<ItemData ItemOID="atemfrequenz_unit" Value=""/>
				</ItemGroupData>
				<ItemGroupData ItemGroupOID="vitalparameter.atemfrequenz_code" ItemGroupRepeatKey="1">
					<ItemData ItemOID="atemfrequenz_code" Value=""/>
					<ItemData ItemOID="atemfrequenz" Value=""/>
				</ItemGroupData>
				<ItemGroupData ItemGroupOID="vitalparameter.blutdruck_systolisch_unit" ItemGroupRepeatKey="1">
					<ItemData ItemOID="blutdruck_systolisch_unit" Value=""/>
				</ItemGroupData>
				<ItemGroupData ItemGroupOID="vitalparameter.blutdruck_systolisch_code" ItemGroupRepeatKey="1">
					<ItemData ItemOID="blutdruck_systolisch_code" Value=""/>
					<ItemData ItemOID="blutdruck_systolisch" Value=""/>
				</ItemGroupData>
				<ItemGroupData ItemGroupOID="vitalparameter.blutdruck_diastolisch_unit" ItemGroupRepeatKey="1">
					<ItemData ItemOID="blutdruck_diastolisch_unit" Value=""/>
				</ItemGroupData>
				<ItemGroupData ItemGroupOID="vitalparameter.blutdruck_diastolisch_code" ItemGroupRepeatKey="1">
					<ItemData ItemOID="blutdruck_diastolisch_code" Value=""/>
					<ItemData ItemOID="blutdruck_diastolisch" Value=""/>
				</ItemGroupData>
				<ItemGroupData ItemGroupOID="vitalparameter.herzfrequenz_unit" ItemGroupRepeatKey="1">
					<ItemData ItemOID="herzfrequenz_unit" Value=""/>
				</ItemGroupData>
				<ItemGroupData ItemGroupOID="vitalparameter.herzfrequenz_code" ItemGroupRepeatKey="1">
					<ItemData ItemOID="herzfrequenz_code" Value=""/>
					<ItemData ItemOID="herzfrequenz" Value=""/>
				</ItemGroupData>
				<ItemGroupData ItemGroupOID="vitalparameter.korpertemperatur_unit" ItemGroupRepeatKey="1">
					<ItemData ItemOID="korpertemperatur_unit" Value=""/>
				</ItemGroupData>
				<ItemGroupData ItemGroupOID="vitalparameter.korpertemperatur_code" ItemGroupRepeatKey="1">
					<ItemData ItemOID="korpertemperatur_code" Value=""/>
					<ItemData ItemOID="korpertemperatur" Value=""/>
				</ItemGroupData>
				<ItemGroupData ItemGroupOID="vitalparameter.periphere_sauerstoffsattigung_unit" ItemGroupRepeatKey="1">
					<ItemData ItemOID="periphere_sauerstoffsattigung_unit" Value=""/>
				</ItemGroupData>
				<ItemGroupData ItemGroupOID="vitalparameter.periphere_sauerstoffsattigung_code" ItemGroupRepeatKey="1">
					<ItemData ItemOID="periphere_sauerstoffsattigung_code" Value=""/>
					<ItemData ItemOID="periphere_sauerstoffsattigung" Value=""/>
				</ItemGroupData>
				<ItemGroupData ItemGroupOID="vitalparameter.vitalparameter_complete" ItemGroupRepeatKey="1">
					<ItemData ItemOID="vitalparameter_complete" Value="0"/>
				</ItemGroupData>
			</FormData>
			<FormData FormOID="Form.outcome_bei_entlassung" FormRepeatKey="1">
				<ItemGroupData ItemGroupOID="outcome_bei_entlassung.entlassdatum" ItemGroupRepeatKey="1">
					<ItemData ItemOID="entlassdatum" Value=""/>
				</ItemGroupData>
				<ItemGroupData ItemGroupOID="outcome_bei_entlassung.respiratorisches_outcome_code" ItemGroupRepeatKey="1">
					<ItemData ItemOID="respiratorisches_outcome_code" Value=""/>
					<ItemData ItemOID="respiratorisches_outcome" Value=""/>
				</ItemGroupData>
				<ItemGroupData ItemGroupOID="outcome_bei_entlassung.entlassungsart_code" ItemGroupRepeatKey="1">
					<ItemData ItemOID="entlassungsart_code" Value=""/>
					<ItemData ItemOID="entlassungsart" Value=""/>
				</ItemGroupData>
				<ItemGroupData ItemGroupOID="outcome_bei_entlassung.ergebnis_folgeabstrich_code" ItemGroupRepeatKey="1">
					<ItemData ItemOID="ergebnis_folgeabstrich_code" Value=""/>
					<ItemData ItemOID="ergebnis_folgeabstrich" Value=""/>
				</ItemGroupData>
				<ItemGroupData ItemGroupOID="outcome_bei_entlassung.outcome_bei_entlassung_complete" ItemGroupRepeatKey="1">
					<ItemData ItemOID="outcome_bei_entlassung_complete" Value="0"/>
				</ItemGroupData>
			</FormData>
	</SubjectData>
	<SubjectData SubjectKey="5" redcap:RecordIdField="record_id">
			<FormData FormOID="Form.krankheitsbeginn_aufnahme" FormRepeatKey="1">
				<ItemGroupData ItemGroupOID="krankheitsbeginn_aufnahme.record_id" ItemGroupRepeatKey="1">
					<ItemData ItemOID="record_id" Value="5"/>
					<ItemData ItemOID="redcap_data_access_group" Value=""/>
				</ItemGroupData>
				<ItemGroupData ItemGroupOID="krankheitsbeginn_aufnahme.patient_id" ItemGroupRepeatKey="1">
					<ItemData ItemOID="patient_id" Value="785"/>
				</ItemGroupData>
				<ItemGroupData ItemGroupOID="krankheitsbeginn_aufnahme.aufnahmedatum" ItemGroupRepeatKey="1">
					<ItemData ItemOID="aufnahmedatum" Value=""/>
				</ItemGroupData>
				<ItemGroupData ItemGroupOID="krankheitsbeginn_aufnahme.erkrankungsphase_zum_zeitpunkt_der_diagnose_code" ItemGroupRepeatKey="1">
					<ItemData ItemOID="erkrankungsphase_zum_zeitpunkt_der_diagnose_code" Value="2.16.840.1.113883.6.1_88859-4__2.16.840.1.113883.6.96_385349001"/>
					<ItemData ItemOID="erkrankungsphase_zum_zeitpunkt_der_diagnose" Value="2.16.840.1.113883.6.96_24484000__2.16.840.1.113883.6.96_442452003"/>
				</ItemGroupData>
				<ItemGroupData ItemGroupOID="krankheitsbeginn_aufnahme.krankheitsbeginn_aufnahme_complete" ItemGroupRepeatKey="1">
					<ItemData ItemOID="krankheitsbeginn_aufnahme_complete" Value="2"/>
				</ItemGroupData>
			</FormData>
			<FormData FormOID="Form.studieneinschluss_einschlusskriterien" FormRepeatKey="1">
				<ItemGroupData ItemGroupOID="studieneinschluss_einschlusskriterien.covid19_aufnahme_code" ItemGroupRepeatKey="1">
					<ItemData ItemOID="covid19_aufnahme_code" Value="&lt;No code given!&gt;"/>
					<ItemData ItemOID="covid19_aufnahme" Value="2.16.840.1.113883.6.96_373067005"/>
				</ItemGroupData>
				<ItemGroupData ItemGroupOID="studieneinschluss_einschlusskriterien.interventionelle_studienteilnahme_code" ItemGroupRepeatKey="1">
					<ItemData ItemOID="interventionelle_studienteilnahme_code" Value="&lt;No code given!&gt;"/>
					<ItemData ItemOID="interventionelle_studienteilnahme" Value="2.16.840.1.113883.6.96_373067005"/>
				</ItemGroupData>
				<ItemGroupData ItemGroupOID="studieneinschluss_einschlusskriterien.studieneinschluss_einschlusskriterien_complete" ItemGroupRepeatKey="1">
					<ItemData ItemOID="studieneinschluss_einschlusskriterien_complete" Value="2"/>
				</ItemGroupData>
			</FormData>
			<FormData FormOID="Form.anamnese_risikofaktoren" FormRepeatKey="1">
				<ItemGroupData ItemGroupOID="anamnese_risikofaktoren.chronische_lungenerkrankungen_code" ItemGroupRepeatKey="1">
					<ItemData ItemOID="chronische_lungenerkrankungen_code" Value="1.2.276.0.76.5.409_J98.4__2.16.840.1.113883.6.96_413839001"/>
					<ItemData ItemOID="chronische_lungenerkrankungen" Value="1.2.276.0.76.5.409_J98.4__2.16.840.1.113883.6.96_413839001__2.16.840.1.113883.6.96_410594000"/>
				</ItemGroupData>
				<ItemGroupData ItemGroupOID="anamnese_risikofaktoren.chronische_lungenerkrankungen_asthma" ItemGroupRepeatKey="1">
					<ItemData ItemOID="chronische_lungenerkrankungen_asthma" Value=""/>
					<ItemData ItemOID="chronische_lungenerkrankungen_copd" Value=""/>
					<ItemData ItemOID="chronische_lungenerkrankungen_lungenfibrose" Value=""/>
					<ItemData ItemOID="chronische_lungenerkrankungen_lungenhochdruck_pulmonale_hypertonie" Value=""/>
					<ItemData ItemOID="chronische_lungenerkrankungen_ohs" Value=""/>
					<ItemData ItemOID="chronische_lungenerkrankungen_schlafapnoe" Value=""/>
					<ItemData ItemOID="chronische_lungenerkrankungen_osas" Value=""/>
					<ItemData ItemOID="chronische_lungenerkrankungen_cystische_fibrose" Value=""/>
					<ItemData ItemOID="chronische_lungenerkrankungen_andere" Value=""/>
					<ItemData ItemOID="chronische_lungenerkrankungen_andere_textfeld" Value=""/>
				</ItemGroupData>
				<ItemGroupData ItemGroupOID="anamnese_risikofaktoren.herzkreislauferkrankungen_code" ItemGroupRepeatKey="1">
					<ItemData ItemOID="herzkreislauferkrankungen_code" Value="1.2.276.0.76.5.409_I51.6__2.16.840.1.113883.6.96_49601007"/>
					<ItemData ItemOID="herzkreislauferkrankungen" Value="1.2.276.0.76.5.409_I51.6__2.16.840.1.113883.6.96_49601007__2.16.840.1.113883.6.96_410605003"/>
				</ItemGroupData>
				<ItemGroupData ItemGroupOID="anamnese_risikofaktoren.herzkreislauferkrankungen_bluthochdruck" ItemGroupRepeatKey="1">
					<ItemData ItemOID="herzkreislauferkrankungen_bluthochdruck" Value=""/>
					<ItemData ItemOID="herzkreislauferkrankungen_zustand_nach_herzinfarkt" Value=""/>
					<ItemData ItemOID="herzkreislauferkrankungen_herzrhythmusstoerungen" Value=""/>
					<ItemData ItemOID="herzkreislauferkrankungen_herzinsuffizienz" Value=""/>
					<ItemData ItemOID="herzkreislauferkrankungen_pavk" Value=""/>
					<ItemData ItemOID="herzkreislauferkrankungen_zustand_nach_revaskularisation" Value="1.2.276.0.76.5.409_Z95.5__1.2.276.0.76.5.409_Z95.1__2.16.840.1.113883.6.96_416940007COLON363589002EQUAL81266008__2.16.840.1.113883.6.96_410605003"/>
					<ItemData ItemOID="herzkreislauferkrankungen_koronare_herzerkrankung_khk" Value=""/>
					<ItemData ItemOID="herzkreislauferkrankungen_carotisstenose" Value=""/>
					<ItemData ItemOID="herzkreislauferkrankungen_andere" Value=""/>
					<ItemData ItemOID="herzkreislauferkrankungen_andere_textfeld" Value=""/>
				</ItemGroupData>
				<ItemGroupData ItemGroupOID="anamnese_risikofaktoren.chronische_lebererkrankungen_code" ItemGroupRepeatKey="1">
					<ItemData ItemOID="chronische_lebererkrankungen_code" Value="1.2.276.0.76.5.409_K76.9__2.16.840.1.113883.6.96_328383001"/>
					<ItemData ItemOID="chronische_lebererkrankungen" Value="1.2.276.0.76.5.409_K76.9__2.16.840.1.113883.6.96_328383001__2.16.840.1.113883.6.96_410594000"/>
				</ItemGroupData>
				<ItemGroupData ItemGroupOID="anamnese_risikofaktoren.chronische_lebererkrankungen_fettleber" ItemGroupRepeatKey="1">
					<ItemData ItemOID="chronische_lebererkrankungen_fettleber" Value=""/>
					<ItemData ItemOID="chronische_lebererkrankungen_leberzirrhose" Value=""/>
					<ItemData ItemOID="chronische_lebererkrankungen_chronische_infektioese_hepatitis" Value=""/>
					<ItemData ItemOID="chronische_lebererkrankungen_autoimmune_lebererkrankungen" Value=""/>
					<ItemData ItemOID="chronische_lebererkrankungen_andere" Value=""/>
					<ItemData ItemOID="chronische_lebererkrankungen_andere_textfeld" Value=""/>
				</ItemGroupData>
				<ItemGroupData ItemGroupOID="anamnese_risikofaktoren.rheumatologischeimmunologische_erkrankungen_code" ItemGroupRepeatKey="1">
					<ItemData ItemOID="rheumatologischeimmunologische_erkrankungen_code" Value="2.16.840.1.113883.6.96_396332003__2.16.840.1.113883.6.96_414029004"/>
					<ItemData ItemOID="rheumatologischeimmunologische_erkrankungen" Value="2.16.840.1.113883.6.96_396332003__2.16.840.1.113883.6.96_414029004__2.16.840.1.113883.6.96_410594000"/>
				</ItemGroupData>
				<ItemGroupData ItemGroupOID="anamnese_risikofaktoren.rheumatologischeimmunologische_erkrankungen_chronisch_entzuendl_darmerkrankung" ItemGroupRepeatKey="1">
					<ItemData ItemOID="rheumatologischeimmunologische_erkrankungen_chronisch_entzuendl_darmerkrankung" Value=""/>
					<ItemData ItemOID="rheumatologischeimmunologische_erkrankungen_rheumatoide_arthritis" Value=""/>
					<ItemData ItemOID="rheumatologischeimmunologische_erkrankungen_kollagenosen" Value=""/>
					<ItemData ItemOID="rheumatologischeimmunologische_erkrankungen_vaskulitiden" Value=""/>
					<ItemData ItemOID="rheumatologischeimmunologische_erkrankungen_angeborene_immundefekte" Value=""/>
					<ItemData ItemOID="rheumatologischeimmunologische_erkrankungen_andere" Value=""/>
					<ItemData ItemOID="rheumatologischeimmunologische_erkrankungen_andere_textfeld" Value=""/>
				</ItemGroupData>
				<ItemGroupData ItemGroupOID="anamnese_risikofaktoren.bestehende_hivinfektion_code" ItemGroupRepeatKey="1">
					<ItemData ItemOID="bestehende_hivinfektion_code" Value="1.2.276.0.76.5.409_B24__2.16.840.1.113883.6.96_86406008"/>
					<ItemData ItemOID="bestehende_hivinfektion" Value="2.16.840.1.113883.6.96_410605003"/>
				</ItemGroupData>
				<ItemGroupData ItemGroupOID="anamnese_risikofaktoren.organtransplantiert_code" ItemGroupRepeatKey="1">
					<ItemData ItemOID="organtransplantiert_code" Value="1.2.276.0.76.5.409_Z94.9__2.16.840.1.113883.6.96_161663000"/>
					<ItemData ItemOID="organtransplantiert" Value="1.2.276.0.76.5.409_Z94.9__2.16.840.1.113883.6.96_161663000__2.16.840.1.113883.6.96_410605003"/>
				</ItemGroupData>
				<ItemGroupData ItemGroupOID="anamnese_risikofaktoren.organtransplantiert_herz" ItemGroupRepeatKey="1">
					<ItemData ItemOID="organtransplantiert_herz" Value=""/>
					<ItemData ItemOID="organtransplantiert_lunge" Value="1.2.276.0.76.5.409_Z94.2__2.16.840.1.113883.6.96_181216001__2.16.840.1.113883.6.96_410605003"/>
					<ItemData ItemOID="organtransplantiert_leber" Value="1.2.276.0.76.5.409_Z94.4__2.16.840.1.113883.6.96_181268008__2.16.840.1.113883.6.96_410605003"/>
					<ItemData ItemOID="organtransplantiert_nieren" Value=""/>
					<ItemData ItemOID="organtransplantiert_darm" Value=""/>
					<ItemData ItemOID="organtransplantiert_haut" Value=""/>
					<ItemData ItemOID="organtransplantiert_hornhaut" Value=""/>
					<ItemData ItemOID="organtransplantiert_gehoerknoechelchen" Value=""/>
					<ItemData ItemOID="organtransplantiert_herzklappen" Value=""/>
					<ItemData ItemOID="organtransplantiert_blutgefaess" Value=""/>
					<ItemData ItemOID="organtransplantiert_hirnhaut" Value=""/>
					<ItemData ItemOID="organtransplantiert_knochengewebe" Value=""/>
					<ItemData ItemOID="organtransplantiert_knorpelgewebe" Value=""/>
					<ItemData ItemOID="organtransplantiert_sehne" Value=""/>
				</ItemGroupData>
				<ItemGroupData ItemGroupOID="anamnese_risikofaktoren.diabetes_code" ItemGroupRepeatKey="1">
					<ItemData ItemOID="diabetes_code" Value="1.2.276.0.76.5.409_E14__2.16.840.1.113883.6.96_73211009"/>
					<ItemData ItemOID="diabetes" Value="2.16.840.1.113883.6.96_237599002"/>
				</ItemGroupData>
				<ItemGroupData ItemGroupOID="anamnese_risikofaktoren.aktive_tumorkrebserkrankungen_code" ItemGroupRepeatKey="1">
					<ItemData ItemOID="aktive_tumorkrebserkrankungen_code" Value="1.2.276.0.76.5.409_C80.9__2.16.840.1.113883.6.96_363346000"/>
					<ItemData ItemOID="aktive_tumorkrebserkrankungen" Value="2.16.840.1.113883.4.642.1.1074_active"/>
				</ItemGroupData>
				<ItemGroupData ItemGroupOID="anamnese_risikofaktoren.raucherstatus_code" ItemGroupRepeatKey="1">
					<ItemData ItemOID="raucherstatus_code" Value="2.16.840.1.113883.6.1_72166-2"/>
					<ItemData ItemOID="raucherstatus" Value="2.16.840.1.113883.6.1_LA15920-4"/>
				</ItemGroupData>
				<ItemGroupData ItemGroupOID="anamnese_risikofaktoren.chronische_neurologische_oder_psychiatrische_erkrankungen_code" ItemGroupRepeatKey="1">
					<ItemData ItemOID="chronische_neurologische_oder_psychiatrische_erkrankungen_code" Value="1.2.276.0.76.5.409_F99__1.2.276.0.76.5.409_G96.9__2.16.840.1.113883.6.96_74732009__2.16.840.1.113883.6.96_128283000"/>
					<ItemData ItemOID="chronische_neurologische_oder_psychiatrische_erkrankungen" Value="1.2.276.0.76.5.409_F99__1.2.276.0.76.5.409_G96.9__2.16.840.1.113883.6.96_74732009__2.16.840.1.113883.6.96_128283000__2.16.840.1.113883.6.96_410605003"/>
				</ItemGroupData>
				<ItemGroupData ItemGroupOID="anamnese_risikofaktoren.chronische_neurologische_oder_psychiatrische_erkrankungen_m_parkinson" ItemGroupRepeatKey="1">
					<ItemData ItemOID="chronische_neurologische_oder_psychiatrische_erkrankungen_m_parkinson" Value=""/>
					<ItemData ItemOID="chronische_neurologische_oder_psychiatrische_erkrankungen_demenz" Value=""/>
					<ItemData ItemOID="chronische_neurologische_oder_psychiatrische_erkrankungen_multiple_sklerose" Value=""/>
					<ItemData ItemOID="chronische_neurologische_oder_psychiatrische_erkrankungen_neuromuskulaere_erkrankungen" Value=""/>
					<ItemData ItemOID="chronische_neurologische_oder_psychiatrische_erkrankungen_epilepsie" Value="1.2.276.0.76.5.409_G40.9__2.16.840.1.113883.6.96_84757009__2.16.840.1.113883.6.96_410605003"/>
					<ItemData ItemOID="chronische_neurologische_oder_psychiatrische_erkrankungen_migraene" Value="1.2.276.0.76.5.409_G43.9__2.16.840.1.113883.6.96_37796009__2.16.840.1.113883.6.96_410605003"/>
					<ItemData ItemOID="chronische_neurologische_oder_psychiatrische_erkrankungen_zn_apoplex_mit_residuen" Value=""/>
					<ItemData ItemOID="chronische_neurologische_oder_psychiatrische_erkrankungen_zn_apoplex_ohne_residuen" Value="1.2.276.0.76.5.409_Z86.7__2.16.840.1.113883.6.96_429993008__2.16.840.1.113883.6.96_410605003"/>
					<ItemData ItemOID="chronische_neurologische_oder_psychiatrische_erkrankungen_psychose" Value=""/>
					<ItemData ItemOID="chronische_neurologische_oder_psychiatrische_erkrankungen_depression" Value=""/>
					<ItemData ItemOID="chronische_neurologische_oder_psychiatrische_erkrankungen_angsterkrankung" Value=""/>
				</ItemGroupData>
				<ItemGroupData ItemGroupOID="anamnese_risikofaktoren.bestehende_sauerstoff_oder_beatmungstherapie_code" ItemGroupRepeatKey="1">
					<ItemData ItemOID="bestehende_sauerstoff_oder_beatmungstherapie_code" Value="2.16.840.1.113883.6.96_53950000"/>
					<ItemData ItemOID="bestehende_sauerstoff_oder_beatmungstherapie" Value="2.16.840.1.113883.4.642.4.110_completed__2.16.840.1.113883.4.642.4.110_in-progress"/>
				</ItemGroupData>
				<ItemGroupData ItemGroupOID="anamnese_risikofaktoren.chronische_nierenerkrankungen_code" ItemGroupRepeatKey="1">
					<ItemData ItemOID="chronische_nierenerkrankungen_code" Value="1.2.276.0.76.5.409_N18.9__2.16.840.1.113883.6.96_709044004"/>
					<ItemData ItemOID="chronische_nierenerkrankungen" Value="2.16.840.1.113883.6.96_410594000"/>
				</ItemGroupData>
				<ItemGroupData ItemGroupOID="anamnese_risikofaktoren.chronische_nierenerkrankungen_schweregrad" ItemGroupRepeatKey="1">
					<ItemData ItemOID="chronische_nierenerkrankungen_schweregrad" Value=""/>
				</ItemGroupData>
				<ItemGroupData ItemGroupOID="anamnese_risikofaktoren.reiseaktivitat_code" ItemGroupRepeatKey="1">
					<ItemData ItemOID="reiseaktivitat_code" Value="2.16.840.1.113883.6.1_8691-8__2.16.840.1.113883.6.96_443846001"/>
					<ItemData ItemOID="reiseaktivitat" Value="2.16.840.1.113883.6.96_373067005"/>
				</ItemGroupData>
				<ItemGroupData ItemGroupOID="anamnese_risikofaktoren.reiseaktivitat_start_date_1" ItemGroupRepeatKey="1">
					<ItemData ItemOID="reiseaktivitat_start_date_1" Value=""/>
				</ItemGroupData>
				<ItemGroupData ItemGroupOID="anamnese_risikofaktoren.reiseaktivitat_country_1" ItemGroupRepeatKey="1">
					<ItemData ItemOID="reiseaktivitat_country_1" Value=""/>
					<ItemData ItemOID="reiseaktivitat_state_1" Value=""/>
					<ItemData ItemOID="reiseaktivitat_city_1" Value=""/>
					<ItemData ItemOID="reiseaktivitat_end_date_1" Value=""/>
				</ItemGroupData>
				<ItemGroupData ItemGroupOID="anamnese_risikofaktoren.reiseaktivitat_start_date_2" ItemGroupRepeatKey="1">
					<ItemData ItemOID="reiseaktivitat_start_date_2" Value=""/>
				</ItemGroupData>
				<ItemGroupData ItemGroupOID="anamnese_risikofaktoren.reiseaktivitat_country_2" ItemGroupRepeatKey="1">
					<ItemData ItemOID="reiseaktivitat_country_2" Value=""/>
					<ItemData ItemOID="reiseaktivitat_state_2" Value=""/>
					<ItemData ItemOID="reiseaktivitat_city_2" Value=""/>
					<ItemData ItemOID="reiseaktivitat_end_date_2" Value=""/>
				</ItemGroupData>
				<ItemGroupData ItemGroupOID="anamnese_risikofaktoren.reiseaktivitat_start_date_3" ItemGroupRepeatKey="1">
					<ItemData ItemOID="reiseaktivitat_start_date_3" Value=""/>
				</ItemGroupData>
				<ItemGroupData ItemGroupOID="anamnese_risikofaktoren.reiseaktivitat_country_3" ItemGroupRepeatKey="1">
					<ItemData ItemOID="reiseaktivitat_country_3" Value=""/>
					<ItemData ItemOID="reiseaktivitat_state_3" Value=""/>
					<ItemData ItemOID="reiseaktivitat_city_3" Value=""/>
					<ItemData ItemOID="reiseaktivitat_end_date_3" Value=""/>
				</ItemGroupData>
				<ItemGroupData ItemGroupOID="anamnese_risikofaktoren.reiseaktivitat_start_date_4" ItemGroupRepeatKey="1">
					<ItemData ItemOID="reiseaktivitat_start_date_4" Value=""/>
				</ItemGroupData>
				<ItemGroupData ItemGroupOID="anamnese_risikofaktoren.reiseaktivitat_country_4" ItemGroupRepeatKey="1">
					<ItemData ItemOID="reiseaktivitat_country_4" Value=""/>
					<ItemData ItemOID="reiseaktivitat_state_4" Value=""/>
					<ItemData ItemOID="reiseaktivitat_city_4" Value=""/>
					<ItemData ItemOID="reiseaktivitat_end_date_4" Value=""/>
				</ItemGroupData>
				<ItemGroupData ItemGroupOID="anamnese_risikofaktoren.reiseaktivitat_start_date_5" ItemGroupRepeatKey="1">
					<ItemData ItemOID="reiseaktivitat_start_date_5" Value=""/>
				</ItemGroupData>
				<ItemGroupData ItemGroupOID="anamnese_risikofaktoren.reiseaktivitat_country_5" ItemGroupRepeatKey="1">
					<ItemData ItemOID="reiseaktivitat_country_5" Value=""/>
					<ItemData ItemOID="reiseaktivitat_state_5" Value=""/>
					<ItemData ItemOID="reiseaktivitat_city_5" Value=""/>
					<ItemData ItemOID="reiseaktivitat_end_date_5" Value=""/>
				</ItemGroupData>
				<ItemGroupData ItemGroupOID="anamnese_risikofaktoren.reiseaktivitat_start_date_6" ItemGroupRepeatKey="1">
					<ItemData ItemOID="reiseaktivitat_start_date_6" Value=""/>
				</ItemGroupData>
				<ItemGroupData ItemGroupOID="anamnese_risikofaktoren.reiseaktivitat_country_6" ItemGroupRepeatKey="1">
					<ItemData ItemOID="reiseaktivitat_country_6" Value=""/>
					<ItemData ItemOID="reiseaktivitat_state_6" Value=""/>
					<ItemData ItemOID="reiseaktivitat_city_6" Value=""/>
					<ItemData ItemOID="reiseaktivitat_end_date_6" Value=""/>
				</ItemGroupData>
				<ItemGroupData ItemGroupOID="anamnese_risikofaktoren.reiseaktivitat_start_date_7" ItemGroupRepeatKey="1">
					<ItemData ItemOID="reiseaktivitat_start_date_7" Value=""/>
				</ItemGroupData>
				<ItemGroupData ItemGroupOID="anamnese_risikofaktoren.reiseaktivitat_country_7" ItemGroupRepeatKey="1">
					<ItemData ItemOID="reiseaktivitat_country_7" Value=""/>
					<ItemData ItemOID="reiseaktivitat_state_7" Value=""/>
					<ItemData ItemOID="reiseaktivitat_city_7" Value=""/>
					<ItemData ItemOID="reiseaktivitat_end_date_7" Value=""/>
				</ItemGroupData>
				<ItemGroupData ItemGroupOID="anamnese_risikofaktoren.reiseaktivitat_start_date_8" ItemGroupRepeatKey="1">
					<ItemData ItemOID="reiseaktivitat_start_date_8" Value=""/>
				</ItemGroupData>
				<ItemGroupData ItemGroupOID="anamnese_risikofaktoren.reiseaktivitat_country_8" ItemGroupRepeatKey="1">
					<ItemData ItemOID="reiseaktivitat_country_8" Value=""/>
					<ItemData ItemOID="reiseaktivitat_state_8" Value=""/>
					<ItemData ItemOID="reiseaktivitat_city_8" Value=""/>
					<ItemData ItemOID="reiseaktivitat_end_date_8" Value=""/>
				</ItemGroupData>
				<ItemGroupData ItemGroupOID="anamnese_risikofaktoren.reiseaktivitat_start_date_9" ItemGroupRepeatKey="1">
					<ItemData ItemOID="reiseaktivitat_start_date_9" Value=""/>
				</ItemGroupData>
				<ItemGroupData ItemGroupOID="anamnese_risikofaktoren.reiseaktivitat_country_9" ItemGroupRepeatKey="1">
					<ItemData ItemOID="reiseaktivitat_country_9" Value=""/>
					<ItemData ItemOID="reiseaktivitat_state_9" Value=""/>
					<ItemData ItemOID="reiseaktivitat_city_9" Value=""/>
					<ItemData ItemOID="reiseaktivitat_end_date_9" Value=""/>
				</ItemGroupData>
				<ItemGroupData ItemGroupOID="anamnese_risikofaktoren.reiseaktivitat_start_date_10" ItemGroupRepeatKey="1">
					<ItemData ItemOID="reiseaktivitat_start_date_10" Value=""/>
				</ItemGroupData>
				<ItemGroupData ItemGroupOID="anamnese_risikofaktoren.reiseaktivitat_country_10" ItemGroupRepeatKey="1">
					<ItemData ItemOID="reiseaktivitat_country_10" Value=""/>
					<ItemData ItemOID="reiseaktivitat_state_10" Value=""/>
					<ItemData ItemOID="reiseaktivitat_city_10" Value=""/>
					<ItemData ItemOID="reiseaktivitat_end_date_10" Value=""/>
				</ItemGroupData>
				<ItemGroupData ItemGroupOID="anamnese_risikofaktoren.magengeschwure_code" ItemGroupRepeatKey="1">
					<ItemData ItemOID="magengeschwure_code" Value="1.2.276.0.76.5.409_K28__2.16.840.1.113883.6.96_40845000"/>
					<ItemData ItemOID="magengeschwure" Value="2.16.840.1.113883.4.642.4.1048_unknown__2.16.840.1.113883.6.96_261665006"/>
				</ItemGroupData>
				<ItemGroupData ItemGroupOID="anamnese_risikofaktoren.impfungen_code" ItemGroupRepeatKey="1">
					<ItemData ItemOID="impfungen_code" Value="&lt;No code given!&gt;"/>
				</ItemGroupData>
				<ItemGroupData ItemGroupOID="anamnese_risikofaktoren.impfungen_influenza" ItemGroupRepeatKey="1">
					<ItemData ItemOID="impfungen_influenza" Value="2.16.840.1.113883.6.96_6142004__2.16.840.1.113883.6.96_410594000"/>
					<ItemData ItemOID="impfungen_pneumokokken" Value="2.16.840.1.113883.6.96_16814004__2.16.840.1.113883.6.96_410594000"/>
					<ItemData ItemOID="impfungen_bcg" Value="2.16.840.1.113883.6.96_56717001__2.16.840.1.113883.6.96_410594000"/>
					<ItemData ItemOID="impfungen_covid_19" Value="2.16.840.1.113883.6.96_840539006__2.16.840.1.113883.6.96_261665006"/>
					<ItemData ItemOID="impfungen_andere" Value="NoCodeSystem_NoCode__2.16.840.1.113883.6.96_410594000"/>
					<ItemData ItemOID="impfungen_influenza_datum" Value=""/>
					<ItemData ItemOID="impfungen_pneumokokken_datum" Value=""/>
					<ItemData ItemOID="impfungen_bcg_datum" Value=""/>
					<ItemData ItemOID="impfungen_covid_19_datum" Value=""/>
					<ItemData ItemOID="impfungen_andere_datum" Value=""/>
					<ItemData ItemOID="impfungen_andere_textfeld" Value=""/>
				</ItemGroupData>
				<ItemGroupData ItemGroupOID="anamnese_risikofaktoren.dnranordnung_code" ItemGroupRepeatKey="1">
					<ItemData ItemOID="dnranordnung_code" Value="2.16.840.1.113883.6.96_304251008"/>
					<ItemData ItemOID="dnranordnung" Value="2.16.840.1.113883.6.96_304253006"/>
				</ItemGroupData>
				<ItemGroupData ItemGroupOID="anamnese_risikofaktoren.anamnese_risikofaktoren_complete" ItemGroupRepeatKey="1">
					<ItemData ItemOID="anamnese_risikofaktoren_complete" Value="2"/>
				</ItemGroupData>
			</FormData>
			<FormData FormOID="Form.bildgebung" FormRepeatKey="1">
				<ItemGroupData ItemGroupOID="bildgebung.bildgebende_verfahren_code" ItemGroupRepeatKey="1">
					<ItemData ItemOID="bildgebende_verfahren_code" Value=""/>
					<ItemData ItemOID="bildgebende_verfahren" Value=""/>
				</ItemGroupData>
				<ItemGroupData ItemGroupOID="bildgebung.bildgebende_verfahren_ct" ItemGroupRepeatKey="1">
					<ItemData ItemOID="bildgebende_verfahren_ct" Value=""/>
					<ItemData ItemOID="bildgebende_verfahren_roentgen" Value=""/>
					<ItemData ItemOID="bildgebende_verfahren_us" Value=""/>
				</ItemGroupData>
				<ItemGroupData ItemGroupOID="bildgebung.befund_bildgebender_verfahren_code" ItemGroupRepeatKey="1">
					<ItemData ItemOID="befund_bildgebender_verfahren_code" Value=""/>
				</ItemGroupData>
				<ItemGroupData ItemGroupOID="bildgebung.befund_bildgebender_verfahren_ct" ItemGroupRepeatKey="1">
					<ItemData ItemOID="befund_bildgebender_verfahren_ct" Value=""/>
					<ItemData ItemOID="befund_bildgebender_verfahren_roentgen" Value=""/>
					<ItemData ItemOID="befund_bildgebender_verfahren_us" Value=""/>
				</ItemGroupData>
				<ItemGroupData ItemGroupOID="bildgebung.bildgebung_complete" ItemGroupRepeatKey="1">
					<ItemData ItemOID="bildgebung_complete" Value="0"/>
				</ItemGroupData>
			</FormData>
			<FormData FormOID="Form.demographie" FormRepeatKey="1">
				<ItemGroupData ItemGroupOID="demographie.geburtsdatum_code" ItemGroupRepeatKey="1">
					<ItemData ItemOID="geburtsdatum_code" Value=""/>
					<ItemData ItemOID="geburtsdatum" Value=""/>
				</ItemGroupData>
				<ItemGroupData ItemGroupOID="demographie.ethnische_zugehorigkeit_code" ItemGroupRepeatKey="1">
					<ItemData ItemOID="ethnische_zugehorigkeit_code" Value=""/>
					<ItemData ItemOID="ethnische_zugehorigkeit" Value=""/>
				</ItemGroupData>
				<ItemGroupData ItemGroupOID="demographie.biologisches_geschlecht_code" ItemGroupRepeatKey="1">
					<ItemData ItemOID="biologisches_geschlecht_code" Value=""/>
					<ItemData ItemOID="biologisches_geschlecht" Value=""/>
				</ItemGroupData>
				<ItemGroupData ItemGroupOID="demographie.schwangerschaft_code" ItemGroupRepeatKey="1">
					<ItemData ItemOID="schwangerschaft_code" Value=""/>
					<ItemData ItemOID="schwangerschaft" Value=""/>
				</ItemGroupData>
				<ItemGroupData ItemGroupOID="demographie.alter_code" ItemGroupRepeatKey="1">
					<ItemData ItemOID="alter_code" Value=""/>
					<ItemData ItemOID="alter" Value=""/>
				</ItemGroupData>
				<ItemGroupData ItemGroupOID="demographie.frailtyscore_code" ItemGroupRepeatKey="1">
					<ItemData ItemOID="frailtyscore_code" Value=""/>
					<ItemData ItemOID="frailtyscore" Value=""/>
				</ItemGroupData>
				<ItemGroupData ItemGroupOID="demographie.gewicht_unit" ItemGroupRepeatKey="1">
					<ItemData ItemOID="gewicht_unit" Value=""/>
				</ItemGroupData>
				<ItemGroupData ItemGroupOID="demographie.gewicht_code" ItemGroupRepeatKey="1">
					<ItemData ItemOID="gewicht_code" Value=""/>
					<ItemData ItemOID="gewicht" Value=""/>
				</ItemGroupData>
				<ItemGroupData ItemGroupOID="demographie.korpergrose_unit" ItemGroupRepeatKey="1">
					<ItemData ItemOID="korpergrose_unit" Value=""/>
				</ItemGroupData>
				<ItemGroupData ItemGroupOID="demographie.korpergrose_code" ItemGroupRepeatKey="1">
					<ItemData ItemOID="korpergrose_code" Value=""/>
					<ItemData ItemOID="korpergrose" Value=""/>
				</ItemGroupData>
				<ItemGroupData ItemGroupOID="demographie.demographie_complete" ItemGroupRepeatKey="1">
					<ItemData ItemOID="demographie_complete" Value="0"/>
				</ItemGroupData>
			</FormData>
			<FormData FormOID="Form.epidemiologische_faktoren" FormRepeatKey="1">
				<ItemGroupData ItemGroupOID="epidemiologische_faktoren.kontakt_mit_an_covid19_erkrankter_personq_code" ItemGroupRepeatKey="1">
					<ItemData ItemOID="kontakt_mit_an_covid19_erkrankter_personq_code" Value=""/>
					<ItemData ItemOID="kontakt_mit_an_covid19_erkrankter_personq" Value=""/>
				</ItemGroupData>
				<ItemGroupData ItemGroupOID="epidemiologische_faktoren.epidemiologische_faktoren_complete" ItemGroupRepeatKey="1">
					<ItemData ItemOID="epidemiologische_faktoren_complete" Value="0"/>
				</ItemGroupData>
			</FormData>
			<FormData FormOID="Form.komplikationen" FormRepeatKey="1">
				<ItemGroupData ItemGroupOID="komplikationen.komplikation_code" ItemGroupRepeatKey="1">
					<ItemData ItemOID="komplikation_code" Value=""/>
					<ItemData ItemOID="komplikation" Value=""/>
				</ItemGroupData>
				<ItemGroupData ItemGroupOID="komplikationen.komplikation_thrombembolische_ereignisse" ItemGroupRepeatKey="1">
					<ItemData ItemOID="komplikation_thrombembolische_ereignisse" Value=""/>
					<ItemData ItemOID="komplikation_venoese_thrombose" Value=""/>
					<ItemData ItemOID="komplikation_lungenarterienembolie" Value=""/>
					<ItemData ItemOID="komplikation_stroke" Value=""/>
					<ItemData ItemOID="komplikation_myokardinfarkt" Value=""/>
					<ItemData ItemOID="komplikation_andere" Value=""/>
					<ItemData ItemOID="komplikation_andere_textfeld" Value=""/>
					<ItemData ItemOID="komplikation_pulmonale_co_infektionen" Value=""/>
					<ItemData ItemOID="komplikation_blutstrominfektionen" Value=""/>
				</ItemGroupData>
				<ItemGroupData ItemGroupOID="komplikationen.komplikationen_complete" ItemGroupRepeatKey="1">
					<ItemData ItemOID="komplikationen_complete" Value="0"/>
				</ItemGroupData>
			</FormData>
			<FormData FormOID="Form.symptome" FormRepeatKey="1">
				<ItemGroupData ItemGroupOID="symptome.symptome_code" ItemGroupRepeatKey="1">
					<ItemData ItemOID="symptome_code" Value=""/>
					<ItemData ItemOID="symptome" Value=""/>
				</ItemGroupData>
				<ItemGroupData ItemGroupOID="symptome.symptome_geruchs_bzw_geschmacksstoerungen" ItemGroupRepeatKey="1">
					<ItemData ItemOID="symptome_geruchs_bzw_geschmacksstoerungen" Value=""/>
					<ItemData ItemOID="symptome_bauchschmerzen" Value=""/>
					<ItemData ItemOID="symptome_bewusstseinsstoerungen_verwirrtheit" Value=""/>
					<ItemData ItemOID="symptome_durchfall" Value=""/>
					<ItemData ItemOID="symptome_erbrechen" Value=""/>
					<ItemData ItemOID="symptome_husten" Value=""/>
					<ItemData ItemOID="symptome_kurzatmigkeit_dyspnoe" Value=""/>
					<ItemData ItemOID="symptome_uebelkeit" Value=""/>
					<ItemData ItemOID="symptome_fieber" Value=""/>
					<ItemData ItemOID="symptome_kopfschmerzen" Value=""/>
					<ItemData ItemOID="symptome_andere_symptome" Value=""/>
					<ItemData ItemOID="symptome_andere_symptome_textfeld" Value=""/>
				</ItemGroupData>
				<ItemGroupData ItemGroupOID="symptome.schweregrad_code" ItemGroupRepeatKey="1">
					<ItemData ItemOID="schweregrad_code" Value=""/>
				</ItemGroupData>
				<ItemGroupData ItemGroupOID="symptome.symptome_geruchs_bzw_geschmacksstoerungen_schweregrad" ItemGroupRepeatKey="1">
					<ItemData ItemOID="symptome_geruchs_bzw_geschmacksstoerungen_schweregrad" Value=""/>
					<ItemData ItemOID="symptome_bauchschmerzen_schweregrad" Value=""/>
					<ItemData ItemOID="symptome_bewusstseinsstoerungen_verwirrtheit_schweregrad" Value=""/>
					<ItemData ItemOID="symptome_durchfall_schweregrad" Value=""/>
					<ItemData ItemOID="symptome_erbrechen_schweregrad" Value=""/>
					<ItemData ItemOID="symptome_husten_schweregrad" Value=""/>
					<ItemData ItemOID="symptome_kurzatmigkeit_dyspnoe_schweregrad" Value=""/>
					<ItemData ItemOID="symptome_uebelkeit_schweregrad" Value=""/>
					<ItemData ItemOID="symptome_fieber_schweregrad" Value=""/>
					<ItemData ItemOID="symptome_kopfschmerzen_schweregrad" Value=""/>
					<ItemData ItemOID="symptome_andere_symptome_schweregrad" Value=""/>
				</ItemGroupData>
				<ItemGroupData ItemGroupOID="symptome.symptome_complete" ItemGroupRepeatKey="1">
					<ItemData ItemOID="symptome_complete" Value="0"/>
				</ItemGroupData>
			</FormData>
			<FormData FormOID="Form.medikation" FormRepeatKey="1">
				<ItemGroupData ItemGroupOID="medikation.medikation_datum" ItemGroupRepeatKey="1">
					<ItemData ItemOID="medikation_datum" Value=""/>
				</ItemGroupData>
				<ItemGroupData ItemGroupOID="medikation.covid19therapie_code" ItemGroupRepeatKey="1">
					<ItemData ItemOID="covid19therapie_code" Value=""/>
					<ItemData ItemOID="covid19therapie" Value=""/>
				</ItemGroupData>
				<ItemGroupData ItemGroupOID="medikation.covid19therapie_antipyretika" ItemGroupRepeatKey="1">
					<ItemData ItemOID="covid19therapie_antipyretika" Value=""/>
					<ItemData ItemOID="covid19therapie_kortikosteroide" Value=""/>
					<ItemData ItemOID="covid19therapie_kortikosteroide_code" Value=""/>
					<ItemData ItemOID="covid19therapie_atazanavir" Value=""/>
					<ItemData ItemOID="covid19therapie_atazanavir_code" Value=""/>
					<ItemData ItemOID="covid19therapie_darunavir" Value=""/>
					<ItemData ItemOID="covid19therapie_darunavir_code" Value=""/>
					<ItemData ItemOID="covid19therapie_chloroquine_phosphate" Value=""/>
					<ItemData ItemOID="covid19therapie_hydroxychloroquine" Value=""/>
					<ItemData ItemOID="covid19therapie_ivermectin" Value=""/>
					<ItemData ItemOID="covid19therapie_lopinavir_ritonavir" Value=""/>
					<ItemData ItemOID="covid19therapie_ganciclovir" Value=""/>
					<ItemData ItemOID="covid19therapie_oseltamivir" Value=""/>
					<ItemData ItemOID="covid19therapie_remdesivir" Value=""/>
					<ItemData ItemOID="covid19therapie_ribavirin" Value=""/>
					<ItemData ItemOID="covid19therapie_camostat" Value=""/>
					<ItemData ItemOID="covid19therapie_favipiravir" Value=""/>
					<ItemData ItemOID="covid19therapie_convalescent_plasma" Value=""/>
					<ItemData ItemOID="covid19therapie_convalescent_plasma_code" Value=""/>
					<ItemData ItemOID="covid19therapie_steroids_gt_05_mg_kg_prednisone_equivalents" Value=""/>
					<ItemData ItemOID="covid19therapie_steroids_lt_05_mg_kg_prednisone_equivalents" Value=""/>
					<ItemData ItemOID="covid19therapie_tocilizumab" Value=""/>
					<ItemData ItemOID="covid19therapie_tocilizumab_code" Value=""/>
					<ItemData ItemOID="covid19therapie_sarilumab" Value=""/>
					<ItemData ItemOID="covid19therapie_cni_or_mtor_inhibitors_eg_cyclosporin_a_tacrolimus_sirolimus_everolimus" Value=""/>
					<ItemData ItemOID="covid19therapie_cni_or_mtor_inhibitors_eg_cyclosporin_a_tacrolimus_sirolimus_everolimus_code" Value=""/>
					<ItemData ItemOID="covid19therapie_anti_tnf_alpha_inhibitors_eg_adalimumab_etanercept" Value=""/>
					<ItemData ItemOID="covid19therapie_anti_tnf_alpha_inhibitors_eg_adalimumab_etanercept_code" Value=""/>
					<ItemData ItemOID="covid19therapie_il1_receptor_antangonists" Value=""/>
					<ItemData ItemOID="covid19therapie_ruxolitinib" Value=""/>
					<ItemData ItemOID="covid19therapie_colchicine" Value=""/>
					<ItemData ItemOID="covid19therapie_interferone_any" Value=""/>
					<ItemData ItemOID="covid19therapie_25_hydroxyvitamin_d" Value=""/>
					<ItemData ItemOID="covid19therapie_zinc" Value=""/>
					<ItemData ItemOID="covid19therapie_andere" Value=""/>
					<ItemData ItemOID="covid19therapie_andere_textfeld" Value=""/>
				</ItemGroupData>
				<ItemGroupData ItemGroupOID="medikation.acehemmer_code" ItemGroupRepeatKey="1">
					<ItemData ItemOID="acehemmer_code" Value=""/>
					<ItemData ItemOID="acehemmer" Value=""/>
				</ItemGroupData>
				<ItemGroupData ItemGroupOID="medikation.immunglobuline_code" ItemGroupRepeatKey="1">
					<ItemData ItemOID="immunglobuline_code" Value=""/>
					<ItemData ItemOID="immunglobuline" Value=""/>
				</ItemGroupData>
				<ItemGroupData ItemGroupOID="medikation.antikoagulation_code" ItemGroupRepeatKey="1">
					<ItemData ItemOID="antikoagulation_code" Value=""/>
					<ItemData ItemOID="antikoagulation" Value=""/>
				</ItemGroupData>
				<ItemGroupData ItemGroupOID="medikation.antikoagulation_unfraktioniertes_heparin" ItemGroupRepeatKey="1">
					<ItemData ItemOID="antikoagulation_unfraktioniertes_heparin" Value=""/>
					<ItemData ItemOID="antikoagulation_unfraktioniertes_heparin_code" Value=""/>
					<ItemData ItemOID="antikoagulation_niedermolekulares_heparin" Value=""/>
					<ItemData ItemOID="antikoagulation_niedermolekulares_heparin_code" Value=""/>
					<ItemData ItemOID="antikoagulation_argatroban" Value=""/>
					<ItemData ItemOID="antikoagulation_plaettchenaggregationshemmer" Value=""/>
					<ItemData ItemOID="antikoagulation_danaparoid" Value=""/>
					<ItemData ItemOID="antikoagulation_phenprocoumon" Value=""/>
					<ItemData ItemOID="antikoagulation_doak" Value=""/>
					<ItemData ItemOID="antikoagulation_doak_code" Value=""/>
					<ItemData ItemOID="antikoagulation_sonstige" Value=""/>
					<ItemData ItemOID="antikoagulation_sonstige_textfeld" Value=""/>
				</ItemGroupData>
				<ItemGroupData ItemGroupOID="medikation.medikation_complete" ItemGroupRepeatKey="1">
					<ItemData ItemOID="medikation_complete" Value="0"/>
				</ItemGroupData>
			</FormData>
			<FormData FormOID="Form.therapie" FormRepeatKey="1">
				<ItemGroupData ItemGroupOID="therapie.dialyse_hamofiltration_code" ItemGroupRepeatKey="1">
					<ItemData ItemOID="dialyse_hamofiltration_code" Value=""/>
					<ItemData ItemOID="dialyse_hamofiltration" Value=""/>
				</ItemGroupData>
				<ItemGroupData ItemGroupOID="therapie.apherese_code" ItemGroupRepeatKey="1">
					<ItemData ItemOID="apherese_code" Value=""/>
					<ItemData ItemOID="apherese" Value=""/>
				</ItemGroupData>
				<ItemGroupData ItemGroupOID="therapie.bauchlage_code" ItemGroupRepeatKey="1">
					<ItemData ItemOID="bauchlage_code" Value=""/>
					<ItemData ItemOID="bauchlage" Value=""/>
				</ItemGroupData>
				<ItemGroupData ItemGroupOID="therapie.liegt_der_patient_auf_der_intensivstationq_code" ItemGroupRepeatKey="1">
					<ItemData ItemOID="liegt_der_patient_auf_der_intensivstationq_code" Value=""/>
					<ItemData ItemOID="liegt_der_patient_auf_der_intensivstationq" Value=""/>
				</ItemGroupData>
				<ItemGroupData ItemGroupOID="therapie.ecmotherapie_code" ItemGroupRepeatKey="1">
					<ItemData ItemOID="ecmotherapie_code" Value=""/>
					<ItemData ItemOID="ecmotherapie" Value=""/>
				</ItemGroupData>
				<ItemGroupData ItemGroupOID="therapie.beatmungstherapie_code" ItemGroupRepeatKey="1">
					<ItemData ItemOID="beatmungstherapie_code" Value=""/>
					<ItemData ItemOID="beatmungstherapie" Value=""/>
				</ItemGroupData>
				<ItemGroupData ItemGroupOID="therapie.therapie_complete" ItemGroupRepeatKey="1">
					<ItemData ItemOID="therapie_complete" Value="0"/>
				</ItemGroupData>
			</FormData>
			<FormData FormOID="Form.vitalparameter" FormRepeatKey="1">
				<ItemGroupData ItemGroupOID="vitalparameter.vitalparameter_datum" ItemGroupRepeatKey="1">
					<ItemData ItemOID="vitalparameter_datum" Value=""/>
				</ItemGroupData>
				<ItemGroupData ItemGroupOID="vitalparameter.pa_co2_unit" ItemGroupRepeatKey="1">
					<ItemData ItemOID="pa_co2_unit" Value=""/>
				</ItemGroupData>
				<ItemGroupData ItemGroupOID="vitalparameter.pa_co2_code" ItemGroupRepeatKey="1">
					<ItemData ItemOID="pa_co2_code" Value=""/>
					<ItemData ItemOID="pa_co2" Value=""/>
				</ItemGroupData>
				<ItemGroupData ItemGroupOID="vitalparameter.pa_o2_unit" ItemGroupRepeatKey="1">
					<ItemData ItemOID="pa_o2_unit" Value=""/>
				</ItemGroupData>
				<ItemGroupData ItemGroupOID="vitalparameter.pa_o2_code" ItemGroupRepeatKey="1">
					<ItemData ItemOID="pa_o2_code" Value=""/>
					<ItemData ItemOID="pa_o2" Value=""/>
				</ItemGroupData>
				<ItemGroupData ItemGroupOID="vitalparameter.fi_o2_unit" ItemGroupRepeatKey="1">
					<ItemData ItemOID="fi_o2_unit" Value=""/>
				</ItemGroupData>
				<ItemGroupData ItemGroupOID="vitalparameter.fi_o2_code" ItemGroupRepeatKey="1">
					<ItemData ItemOID="fi_o2_code" Value=""/>
					<ItemData ItemOID="fi_o2" Value=""/>
				</ItemGroupData>
				<ItemGroupData ItemGroupOID="vitalparameter.p_hwert_unit" ItemGroupRepeatKey="1">
					<ItemData ItemOID="p_hwert_unit" Value=""/>
				</ItemGroupData>
				<ItemGroupData ItemGroupOID="vitalparameter.p_hwert_code" ItemGroupRepeatKey="1">
					<ItemData ItemOID="p_hwert_code" Value=""/>
					<ItemData ItemOID="p_hwert" Value=""/>
				</ItemGroupData>
				<ItemGroupData ItemGroupOID="vitalparameter.sofascore_code" ItemGroupRepeatKey="1">
					<ItemData ItemOID="sofascore_code" Value=""/>
				</ItemGroupData>
				<ItemGroupData ItemGroupOID="vitalparameter.sofa_score_resp" ItemGroupRepeatKey="1">
					<ItemData ItemOID="sofa_score_resp" Value=""/>
					<ItemData ItemOID="sofa_score_resp_calc" Value=""/>
					<ItemData ItemOID="sofa_score_ns" Value=""/>
					<ItemData ItemOID="sofa_score_ns_calc" Value=""/>
					<ItemData ItemOID="sofa_score_cvs" Value=""/>
					<ItemData ItemOID="sofa_score_cvs_calc" Value=""/>
					<ItemData ItemOID="sofa_score_liv" Value=""/>
					<ItemData ItemOID="sofa_score_liv_calc" Value=""/>
					<ItemData ItemOID="sofa_score_coa" Value=""/>
					<ItemData ItemOID="sofa_score_coa_calc" Value=""/>
					<ItemData ItemOID="sofa_score_kid" Value=""/>
					<ItemData ItemOID="sofa_score_kid_calc" Value=""/>
					<ItemData ItemOID="sofa_total_score" Value=""/>
				</ItemGroupData>
				<ItemGroupData ItemGroupOID="vitalparameter.atemfrequenz_unit" ItemGroupRepeatKey="1">
					<ItemData ItemOID="atemfrequenz_unit" Value=""/>
				</ItemGroupData>
				<ItemGroupData ItemGroupOID="vitalparameter.atemfrequenz_code" ItemGroupRepeatKey="1">
					<ItemData ItemOID="atemfrequenz_code" Value=""/>
					<ItemData ItemOID="atemfrequenz" Value=""/>
				</ItemGroupData>
				<ItemGroupData ItemGroupOID="vitalparameter.blutdruck_systolisch_unit" ItemGroupRepeatKey="1">
					<ItemData ItemOID="blutdruck_systolisch_unit" Value=""/>
				</ItemGroupData>
				<ItemGroupData ItemGroupOID="vitalparameter.blutdruck_systolisch_code" ItemGroupRepeatKey="1">
					<ItemData ItemOID="blutdruck_systolisch_code" Value=""/>
					<ItemData ItemOID="blutdruck_systolisch" Value=""/>
				</ItemGroupData>
				<ItemGroupData ItemGroupOID="vitalparameter.blutdruck_diastolisch_unit" ItemGroupRepeatKey="1">
					<ItemData ItemOID="blutdruck_diastolisch_unit" Value=""/>
				</ItemGroupData>
				<ItemGroupData ItemGroupOID="vitalparameter.blutdruck_diastolisch_code" ItemGroupRepeatKey="1">
					<ItemData ItemOID="blutdruck_diastolisch_code" Value=""/>
					<ItemData ItemOID="blutdruck_diastolisch" Value=""/>
				</ItemGroupData>
				<ItemGroupData ItemGroupOID="vitalparameter.herzfrequenz_unit" ItemGroupRepeatKey="1">
					<ItemData ItemOID="herzfrequenz_unit" Value=""/>
				</ItemGroupData>
				<ItemGroupData ItemGroupOID="vitalparameter.herzfrequenz_code" ItemGroupRepeatKey="1">
					<ItemData ItemOID="herzfrequenz_code" Value=""/>
					<ItemData ItemOID="herzfrequenz" Value=""/>
				</ItemGroupData>
				<ItemGroupData ItemGroupOID="vitalparameter.korpertemperatur_unit" ItemGroupRepeatKey="1">
					<ItemData ItemOID="korpertemperatur_unit" Value=""/>
				</ItemGroupData>
				<ItemGroupData ItemGroupOID="vitalparameter.korpertemperatur_code" ItemGroupRepeatKey="1">
					<ItemData ItemOID="korpertemperatur_code" Value=""/>
					<ItemData ItemOID="korpertemperatur" Value=""/>
				</ItemGroupData>
				<ItemGroupData ItemGroupOID="vitalparameter.periphere_sauerstoffsattigung_unit" ItemGroupRepeatKey="1">
					<ItemData ItemOID="periphere_sauerstoffsattigung_unit" Value=""/>
				</ItemGroupData>
				<ItemGroupData ItemGroupOID="vitalparameter.periphere_sauerstoffsattigung_code" ItemGroupRepeatKey="1">
					<ItemData ItemOID="periphere_sauerstoffsattigung_code" Value=""/>
					<ItemData ItemOID="periphere_sauerstoffsattigung" Value=""/>
				</ItemGroupData>
				<ItemGroupData ItemGroupOID="vitalparameter.vitalparameter_complete" ItemGroupRepeatKey="1">
					<ItemData ItemOID="vitalparameter_complete" Value="0"/>
				</ItemGroupData>
			</FormData>
			<FormData FormOID="Form.outcome_bei_entlassung" FormRepeatKey="1">
				<ItemGroupData ItemGroupOID="outcome_bei_entlassung.entlassdatum" ItemGroupRepeatKey="1">
					<ItemData ItemOID="entlassdatum" Value=""/>
				</ItemGroupData>
				<ItemGroupData ItemGroupOID="outcome_bei_entlassung.respiratorisches_outcome_code" ItemGroupRepeatKey="1">
					<ItemData ItemOID="respiratorisches_outcome_code" Value=""/>
					<ItemData ItemOID="respiratorisches_outcome" Value=""/>
				</ItemGroupData>
				<ItemGroupData ItemGroupOID="outcome_bei_entlassung.entlassungsart_code" ItemGroupRepeatKey="1">
					<ItemData ItemOID="entlassungsart_code" Value=""/>
					<ItemData ItemOID="entlassungsart" Value=""/>
				</ItemGroupData>
				<ItemGroupData ItemGroupOID="outcome_bei_entlassung.ergebnis_folgeabstrich_code" ItemGroupRepeatKey="1">
					<ItemData ItemOID="ergebnis_folgeabstrich_code" Value=""/>
					<ItemData ItemOID="ergebnis_folgeabstrich" Value=""/>
				</ItemGroupData>
				<ItemGroupData ItemGroupOID="outcome_bei_entlassung.outcome_bei_entlassung_complete" ItemGroupRepeatKey="1">
					<ItemData ItemOID="outcome_bei_entlassung_complete" Value="0"/>
				</ItemGroupData>
			</FormData>
			<FormData FormOID="Form.laborwerte" FormRepeatKey="1">
				<ItemGroupData ItemGroupOID="laborwerte.labor_datum" ItemGroupRepeatKey="1">
					<ItemData ItemOID="labor_datum" Value=""/>
				</ItemGroupData>
				<ItemGroupData ItemGroupOID="laborwerte.crp_code" ItemGroupRepeatKey="1">
					<ItemData ItemOID="crp_code" Value="2.16.840.1.113883.6.1_48421-2__2.16.840.1.113883.6.1_71426-1__2.16.840.1.113883.6.1_76486-0__2.16.840.1.113883.6.1_30522-7__2.16.840.1.113883.6.1_1988-5__2.16.840.1.113883.6.1_76485-2"/>
					<ItemData ItemOID="crp" Value="123"/>
				</ItemGroupData>
				<ItemGroupData ItemGroupOID="laborwerte.crp_unit" ItemGroupRepeatKey="1">
					<ItemData ItemOID="crp_unit" Value="1"/>
				</ItemGroupData>
				<ItemGroupData ItemGroupOID="laborwerte.ferritin_code" ItemGroupRepeatKey="1">
					<ItemData ItemOID="ferritin_code" Value="2.16.840.1.113883.6.1_20567-4__2.16.840.1.113883.6.1_86914-9__2.16.840.1.113883.6.1_14723-1__2.16.840.1.113883.6.1_2276-4__2.16.840.1.113883.6.1_24373-3"/>
					<ItemData ItemOID="ferritin" Value=""/>
				</ItemGroupData>
				<ItemGroupData ItemGroupOID="laborwerte.ferritin_unit" ItemGroupRepeatKey="1">
					<ItemData ItemOID="ferritin_unit" Value=""/>
				</ItemGroupData>
				<ItemGroupData ItemGroupOID="laborwerte.bilirubin_code" ItemGroupRepeatKey="1">
					<ItemData ItemOID="bilirubin_code" Value="2.16.840.1.113883.6.1_59828-4__2.16.840.1.113883.6.1_59827-6__2.16.840.1.113883.6.1_42719-5__2.16.840.1.113883.6.1_14631-6__2.16.840.1.113883.6.1_1971-1__2.16.840.1.113883.6.1_1975-2"/>
					<ItemData ItemOID="bilirubin" Value=""/>
				</ItemGroupData>
				<ItemGroupData ItemGroupOID="laborwerte.bilirubin_unit" ItemGroupRepeatKey="1">
					<ItemData ItemOID="bilirubin_unit" Value=""/>
				</ItemGroupData>
				<ItemGroupData ItemGroupOID="laborwerte.ddimer_code" ItemGroupRepeatKey="1">
					<ItemData ItemOID="ddimer_code" Value="2.16.840.1.113883.6.1_48065-7__2.16.840.1.113883.6.1_48066-5__2.16.840.1.113883.6.1_48067-3__2.16.840.1.113883.6.1_55398-2__2.16.840.1.113883.6.1_71427-9__2.16.840.1.113883.6.1_7799-0__2.16.840.1.113883.6.1_91556-1__2.16.840.1.113883.6.1_38898-3__2.16.840.1.113883.6.1_3246-6__2.16.840.1.113883.6.1_48058-2"/>
					<ItemData ItemOID="ddimer" Value=""/>
				</ItemGroupData>
				<ItemGroupData ItemGroupOID="laborwerte.ddimer_unit" ItemGroupRepeatKey="1">
					<ItemData ItemOID="ddimer_unit" Value=""/>
				</ItemGroupData>
				<ItemGroupData ItemGroupOID="laborwerte.gammagt_code" ItemGroupRepeatKey="1">
					<ItemData ItemOID="gammagt_code" Value="2.16.840.1.113883.6.1_2325-9__2.16.840.1.113883.6.1_2324-2"/>
					<ItemData ItemOID="gammagt" Value=""/>
				</ItemGroupData>
				<ItemGroupData ItemGroupOID="laborwerte.gammagt_unit" ItemGroupRepeatKey="1">
					<ItemData ItemOID="gammagt_unit" Value="1"/>
				</ItemGroupData>
				<ItemGroupData ItemGroupOID="laborwerte.gotast_code" ItemGroupRepeatKey="1">
					<ItemData ItemOID="gotast_code" Value="2.16.840.1.113883.6.1_88112-8__2.16.840.1.113883.6.1_30239-8__2.16.840.1.113883.6.1_1920-8"/>
					<ItemData ItemOID="gotast" Value=""/>
				</ItemGroupData>
				<ItemGroupData ItemGroupOID="laborwerte.gotast_unit" ItemGroupRepeatKey="1">
					<ItemData ItemOID="gotast_unit" Value="1"/>
				</ItemGroupData>
				<ItemGroupData ItemGroupOID="laborwerte.ldh_code" ItemGroupRepeatKey="1">
					<ItemData ItemOID="ldh_code" Value="2.16.840.1.113883.6.1_2532-0__2.16.840.1.113883.6.1_60017-1__2.16.840.1.113883.6.1_14803-1__2.16.840.1.113883.6.1_14804-9__2.16.840.1.113883.6.1_14805-6"/>
					<ItemData ItemOID="ldh" Value=""/>
				</ItemGroupData>
				<ItemGroupData ItemGroupOID="laborwerte.ldh_unit" ItemGroupRepeatKey="1">
					<ItemData ItemOID="ldh_unit" Value="1"/>
				</ItemGroupData>
				<ItemGroupData ItemGroupOID="laborwerte.kardiale_troponine_code" ItemGroupRepeatKey="1">
					<ItemData ItemOID="kardiale_troponine_code" Value="2.16.840.1.113883.6.1_49563-0__2.16.840.1.113883.6.1_89579-7__2.16.840.1.113883.6.1_67151-1__2.16.840.1.113883.6.1_6598-7__2.16.840.1.113883.6.1_6597-9__2.16.840.1.113883.6.1_48425-3__2.16.840.1.113883.6.1_42757-5__2.16.840.1.113883.6.1_10839-9"/>
					<ItemData ItemOID="kardiale_troponine" Value=""/>
				</ItemGroupData>
				<ItemGroupData ItemGroupOID="laborwerte.kardiale_troponine_unit" ItemGroupRepeatKey="1">
					<ItemData ItemOID="kardiale_troponine_unit" Value=""/>
				</ItemGroupData>
				<ItemGroupData ItemGroupOID="laborwerte.hamoglobin_code" ItemGroupRepeatKey="1">
					<ItemData ItemOID="hamoglobin_code" Value="2.16.840.1.113883.6.1_76769-9__2.16.840.1.113883.6.1_718-7__2.16.840.1.113883.6.1_20509-6__2.16.840.1.113883.6.1_55782-7__2.16.840.1.113883.6.1_75928-2__2.16.840.1.113883.6.1_14775-1__2.16.840.1.113883.6.1_30313-1__2.16.840.1.113883.6.1_30350-3__2.16.840.1.113883.6.1_30351-1__2.16.840.1.113883.6.1_30352-9__2.16.840.1.113883.6.1_76768-1__2.16.840.1.113883.6.1_59260-0"/>
					<ItemData ItemOID="hamoglobin" Value=""/>
				</ItemGroupData>
				<ItemGroupData ItemGroupOID="laborwerte.hamoglobin_unit" ItemGroupRepeatKey="1">
					<ItemData ItemOID="hamoglobin_unit" Value=""/>
				</ItemGroupData>
				<ItemGroupData ItemGroupOID="laborwerte.kreatinin_code" ItemGroupRepeatKey="1">
					<ItemData ItemOID="kreatinin_code" Value="2.16.840.1.113883.6.1_14682-9__2.16.840.1.113883.6.1_2160-0__2.16.840.1.113883.6.1_21232-4__2.16.840.1.113883.6.1_25386-4__2.16.840.1.113883.6.1_12190-5__2.16.840.1.113883.6.1_59826-8__2.16.840.1.113883.6.1_38483-4"/>
					<ItemData ItemOID="kreatinin" Value=""/>
				</ItemGroupData>
				<ItemGroupData ItemGroupOID="laborwerte.kreatinin_unit" ItemGroupRepeatKey="1">
					<ItemData ItemOID="kreatinin_unit" Value=""/>
				</ItemGroupData>
				<ItemGroupData ItemGroupOID="laborwerte.laktat_code" ItemGroupRepeatKey="1">
					<ItemData ItemOID="laktat_code" Value="2.16.840.1.113883.6.1_14118-4__2.16.840.1.113883.6.1_30242-2__2.16.840.1.113883.6.1_2524-7__2.16.840.1.113883.6.1_2519-7__2.16.840.1.113883.6.1_2518-9__2.16.840.1.113883.6.1_19240-1__2.16.840.1.113883.6.1_19239-3__2.16.840.1.113883.6.1_2520-5__2.16.840.1.113883.6.1_32693-4__2.16.840.1.113883.6.1_59032-3__2.16.840.1.113883.6.1_27941-4"/>
					<ItemData ItemOID="laktat" Value=""/>
				</ItemGroupData>
				<ItemGroupData ItemGroupOID="laborwerte.laktat_unit" ItemGroupRepeatKey="1">
					<ItemData ItemOID="laktat_unit" Value=""/>
				</ItemGroupData>
				<ItemGroupData ItemGroupOID="laborwerte.leukozyten_absolut_code" ItemGroupRepeatKey="1">
					<ItemData ItemOID="leukozyten_absolut_code" Value="2.16.840.1.113883.6.1_804-5__2.16.840.1.113883.6.1_6690-2__2.16.840.1.113883.6.1_49498-9__2.16.840.1.113883.6.1_26464-8"/>
					<ItemData ItemOID="leukozyten_absolut" Value=""/>
				</ItemGroupData>
				<ItemGroupData ItemGroupOID="laborwerte.leukozyten_absolut_unit" ItemGroupRepeatKey="1">
					<ItemData ItemOID="leukozyten_absolut_unit" Value="1"/>
				</ItemGroupData>
				<ItemGroupData ItemGroupOID="laborwerte.lymphozyten_absolut_code" ItemGroupRepeatKey="1">
					<ItemData ItemOID="lymphozyten_absolut_code" Value="2.16.840.1.113883.6.1_732-8__2.16.840.1.113883.6.1_731-0__2.16.840.1.113883.6.1_30364-4__2.16.840.1.113883.6.1_26474-7"/>
					<ItemData ItemOID="lymphozyten_absolut" Value=""/>
				</ItemGroupData>
				<ItemGroupData ItemGroupOID="laborwerte.lymphozyten_absolut_unit" ItemGroupRepeatKey="1">
					<ItemData ItemOID="lymphozyten_absolut_unit" Value="1"/>
				</ItemGroupData>
				<ItemGroupData ItemGroupOID="laborwerte.neutrophile_absolut_code" ItemGroupRepeatKey="1">
					<ItemData ItemOID="neutrophile_absolut_code" Value="2.16.840.1.113883.6.1_753-4__2.16.840.1.113883.6.1_751-8__2.16.840.1.113883.6.1_26499-4"/>
					<ItemData ItemOID="neutrophile_absolut" Value=""/>
				</ItemGroupData>
				<ItemGroupData ItemGroupOID="laborwerte.neutrophile_absolut_unit" ItemGroupRepeatKey="1">
					<ItemData ItemOID="neutrophile_absolut_unit" Value="1"/>
				</ItemGroupData>
				<ItemGroupData ItemGroupOID="laborwerte.ptt_code" ItemGroupRepeatKey="1">
					<ItemData ItemOID="ptt_code" Value="2.16.840.1.113883.6.1_16631-4__2.16.840.1.113883.6.1_43734-3__2.16.840.1.113883.6.1_14979-9__2.16.840.1.113883.6.1_3173-2"/>
					<ItemData ItemOID="ptt" Value=""/>
				</ItemGroupData>
				<ItemGroupData ItemGroupOID="laborwerte.ptt_unit" ItemGroupRepeatKey="1">
					<ItemData ItemOID="ptt_unit" Value="1"/>
				</ItemGroupData>
				<ItemGroupData ItemGroupOID="laborwerte.thrombozyten_absolut_code" ItemGroupRepeatKey="1">
					<ItemData ItemOID="thrombozyten_absolut_code" Value="2.16.840.1.113883.6.1_74775-8__2.16.840.1.113883.6.1_13056-7__2.16.840.1.113883.6.1_26516-5__2.16.840.1.113883.6.1_74464-9__2.16.840.1.113883.6.1_778-1__2.16.840.1.113883.6.1_49497-1__2.16.840.1.113883.6.1_777-3__2.16.840.1.113883.6.1_26515-7"/>
					<ItemData ItemOID="thrombozyten_absolut" Value=""/>
				</ItemGroupData>
				<ItemGroupData ItemGroupOID="laborwerte.thrombozyten_absolut_unit" ItemGroupRepeatKey="1">
					<ItemData ItemOID="thrombozyten_absolut_unit" Value="1"/>
				</ItemGroupData>
				<ItemGroupData ItemGroupOID="laborwerte.inr_code" ItemGroupRepeatKey="1">
					<ItemData ItemOID="inr_code" Value="2.16.840.1.113883.6.1_6301-6__2.16.840.1.113883.6.1_46418-0__2.16.840.1.113883.6.1_34714-6"/>
					<ItemData ItemOID="inr" Value=""/>
				</ItemGroupData>
				<ItemGroupData ItemGroupOID="laborwerte.inr_unit" ItemGroupRepeatKey="1">
					<ItemData ItemOID="inr_unit" Value="1"/>
				</ItemGroupData>
				<ItemGroupData ItemGroupOID="laborwerte.serumalbumin_code" ItemGroupRepeatKey="1">
					<ItemData ItemOID="serumalbumin_code" Value="2.16.840.1.113883.6.1_76631-1__2.16.840.1.113883.6.1_62235-7__2.16.840.1.113883.6.1_62234-0__2.16.840.1.113883.6.1_61152-5__2.16.840.1.113883.6.1_61151-7__2.16.840.1.113883.6.1_2862-1__2.16.840.1.113883.6.1_1751-7__2.16.840.1.113883.6.1_54347-0"/>
					<ItemData ItemOID="serumalbumin" Value=""/>
				</ItemGroupData>
				<ItemGroupData ItemGroupOID="laborwerte.serumalbumin_unit" ItemGroupRepeatKey="1">
					<ItemData ItemOID="serumalbumin_unit" Value=""/>
				</ItemGroupData>
				<ItemGroupData ItemGroupOID="laborwerte.antithrombin_iii_code" ItemGroupRepeatKey="1">
					<ItemData ItemOID="antithrombin_iii_code" Value="2.16.840.1.113883.6.1_27811-9__2.16.840.1.113883.6.1_3176-5__2.16.840.1.113883.6.1_91120-6__2.16.840.1.113883.6.1_3174-0"/>
					<ItemData ItemOID="antithrombin_iii" Value=""/>
				</ItemGroupData>
				<ItemGroupData ItemGroupOID="laborwerte.antithrombin_iii_unit" ItemGroupRepeatKey="1">
					<ItemData ItemOID="antithrombin_iii_unit" Value=""/>
				</ItemGroupData>
				<ItemGroupData ItemGroupOID="laborwerte.pct_procalcitonin_code" ItemGroupRepeatKey="1">
					<ItemData ItemOID="pct_procalcitonin_code" Value="2.16.840.1.113883.6.1_75241-0__2.16.840.1.113883.6.1_33959-8"/>
					<ItemData ItemOID="pct_procalcitonin" Value=""/>
				</ItemGroupData>
				<ItemGroupData ItemGroupOID="laborwerte.pct_procalcitonin_unit" ItemGroupRepeatKey="1">
					<ItemData ItemOID="pct_procalcitonin_unit" Value="1"/>
				</ItemGroupData>
				<ItemGroupData ItemGroupOID="laborwerte.il6_interleukin_6_code" ItemGroupRepeatKey="1">
					<ItemData ItemOID="il6_interleukin_6_code" Value="2.16.840.1.113883.6.1_44322-6__2.16.840.1.113883.6.1_26881-3__2.16.840.1.113883.6.1_49919-4__2.16.840.1.113883.6.1_49732-1"/>
					<ItemData ItemOID="il6_interleukin_6" Value=""/>
				</ItemGroupData>
				<ItemGroupData ItemGroupOID="laborwerte.il6_interleukin_6_unit" ItemGroupRepeatKey="1">
					<ItemData ItemOID="il6_interleukin_6_unit" Value="1"/>
				</ItemGroupData>
				<ItemGroupData ItemGroupOID="laborwerte.ntprobnp_code" ItemGroupRepeatKey="1">
					<ItemData ItemOID="ntprobnp_code" Value="2.16.840.1.113883.6.1_83107-3__2.16.840.1.113883.6.1_33762-6"/>
					<ItemData ItemOID="ntprobnp" Value=""/>
				</ItemGroupData>
				<ItemGroupData ItemGroupOID="laborwerte.ntprobnp_unit" ItemGroupRepeatKey="1">
					<ItemData ItemOID="ntprobnp_unit" Value="1"/>
				</ItemGroupData>
				<ItemGroupData ItemGroupOID="laborwerte.fibrinogen_code" ItemGroupRepeatKey="1">
					<ItemData ItemOID="fibrinogen_code" Value="2.16.840.1.113883.6.1_30902-1__2.16.840.1.113883.6.1_48664-7__2.16.840.1.113883.6.1_3255-7"/>
					<ItemData ItemOID="fibrinogen" Value=""/>
				</ItemGroupData>
				<ItemGroupData ItemGroupOID="laborwerte.fibrinogen_unit" ItemGroupRepeatKey="1">
					<ItemData ItemOID="fibrinogen_unit" Value=""/>
				</ItemGroupData>
				<ItemGroupData ItemGroupOID="laborwerte.sarsco_v2rtpcr_code" ItemGroupRepeatKey="1">
					<ItemData ItemOID="sarsco_v2rtpcr_code" Value="2.16.840.1.113883.6.1_94500-6"/>
					<ItemData ItemOID="sarsco_v2rtpcr" Value=""/>
				</ItemGroupData>
				<ItemGroupData ItemGroupOID="laborwerte.sarsco_v2_covid19_ig_g_ia_ql_code" ItemGroupRepeatKey="1">
					<ItemData ItemOID="sarsco_v2_covid19_ig_g_ia_ql_code" Value="2.16.840.1.113883.6.1_94563-4"/>
					<ItemData ItemOID="sarsco_v2_covid19_ig_g_ia_ql" Value=""/>
				</ItemGroupData>
				<ItemGroupData ItemGroupOID="laborwerte.sarsco_v2_covid19_ig_g_ia_qn_code" ItemGroupRepeatKey="1">
					<ItemData ItemOID="sarsco_v2_covid19_ig_g_ia_qn_code" Value="2.16.840.1.113883.6.1_94505-5"/>
					<ItemData ItemOID="sarsco_v2_covid19_ig_g_ia_qn" Value=""/>
				</ItemGroupData>
				<ItemGroupData ItemGroupOID="laborwerte.sarsco_v2_covid19_ig_g_ia_qn_unit" ItemGroupRepeatKey="1">
					<ItemData ItemOID="sarsco_v2_covid19_ig_g_ia_qn_unit" Value="1"/>
				</ItemGroupData>
				<ItemGroupData ItemGroupOID="laborwerte.sarsco_v2_covid19_ig_m_ia_ql_code" ItemGroupRepeatKey="1">
					<ItemData ItemOID="sarsco_v2_covid19_ig_m_ia_ql_code" Value="2.16.840.1.113883.6.1_94564-2"/>
					<ItemData ItemOID="sarsco_v2_covid19_ig_m_ia_ql" Value=""/>
				</ItemGroupData>
				<ItemGroupData ItemGroupOID="laborwerte.sarsco_v2_covid19_ig_m_ia_qn_code" ItemGroupRepeatKey="1">
					<ItemData ItemOID="sarsco_v2_covid19_ig_m_ia_qn_code" Value="2.16.840.1.113883.6.1_94506-3"/>
					<ItemData ItemOID="sarsco_v2_covid19_ig_m_ia_qn" Value=""/>
				</ItemGroupData>
				<ItemGroupData ItemGroupOID="laborwerte.sarsco_v2_covid19_ig_m_ia_qn_unit" ItemGroupRepeatKey="1">
					<ItemData ItemOID="sarsco_v2_covid19_ig_m_ia_qn_unit" Value="1"/>
				</ItemGroupData>
				<ItemGroupData ItemGroupOID="laborwerte.sarsco_v2_covid19_ig_a_ia_ql_code" ItemGroupRepeatKey="1">
					<ItemData ItemOID="sarsco_v2_covid19_ig_a_ia_ql_code" Value="2.16.840.1.113883.6.1_94562-6"/>
					<ItemData ItemOID="sarsco_v2_covid19_ig_a_ia_ql" Value=""/>
				</ItemGroupData>
				<ItemGroupData ItemGroupOID="laborwerte.sarsco_v2_covid19_ig_a_ia_qn_code" ItemGroupRepeatKey="1">
					<ItemData ItemOID="sarsco_v2_covid19_ig_a_ia_qn_code" Value="2.16.840.1.113883.6.1_94720-0"/>
					<ItemData ItemOID="sarsco_v2_covid19_ig_a_ia_qn" Value=""/>
				</ItemGroupData>
				<ItemGroupData ItemGroupOID="laborwerte.sarsco_v2_covid19_ig_a_ia_qn_unit" ItemGroupRepeatKey="1">
					<ItemData ItemOID="sarsco_v2_covid19_ig_a_ia_qn_unit" Value="1"/>
				</ItemGroupData>
				<ItemGroupData ItemGroupOID="laborwerte.sarsco_v2_covid19_ab_ia_ql_code" ItemGroupRepeatKey="1">
					<ItemData ItemOID="sarsco_v2_covid19_ab_ia_ql_code" Value="2.16.840.1.113883.6.1_94762-2"/>
					<ItemData ItemOID="sarsco_v2_covid19_ab_ia_ql" Value=""/>
				</ItemGroupData>
				<ItemGroupData ItemGroupOID="laborwerte.sarsco_v2_covid19_ab_ia_qn_code" ItemGroupRepeatKey="1">
					<ItemData ItemOID="sarsco_v2_covid19_ab_ia_qn_code" Value="2.16.840.1.113883.6.1_94769-7"/>
					<ItemData ItemOID="sarsco_v2_covid19_ab_ia_qn" Value=""/>
				</ItemGroupData>
				<ItemGroupData ItemGroupOID="laborwerte.sarsco_v2_covid19_ab_ia_qn_unit" ItemGroupRepeatKey="1">
					<ItemData ItemOID="sarsco_v2_covid19_ab_ia_qn_unit" Value="1"/>
				</ItemGroupData>
				<ItemGroupData ItemGroupOID="laborwerte.laborwerte_complete" ItemGroupRepeatKey="1">
					<ItemData ItemOID="laborwerte_complete" Value="0"/>
				</ItemGroupData>
			</FormData>
			<FormData FormOID="Form.laborwerte" FormRepeatKey="2">
				<ItemGroupData ItemGroupOID="laborwerte.labor_datum" ItemGroupRepeatKey="1">
					<ItemData ItemOID="labor_datum" Value=""/>
				</ItemGroupData>
				<ItemGroupData ItemGroupOID="laborwerte.crp_code" ItemGroupRepeatKey="1">
					<ItemData ItemOID="crp_code" Value="2.16.840.1.113883.6.1_48421-2__2.16.840.1.113883.6.1_71426-1__2.16.840.1.113883.6.1_76486-0__2.16.840.1.113883.6.1_30522-7__2.16.840.1.113883.6.1_1988-5__2.16.840.1.113883.6.1_76485-2"/>
					<ItemData ItemOID="crp" Value="321"/>
				</ItemGroupData>
				<ItemGroupData ItemGroupOID="laborwerte.crp_unit" ItemGroupRepeatKey="1">
					<ItemData ItemOID="crp_unit" Value=""/>
				</ItemGroupData>
				<ItemGroupData ItemGroupOID="laborwerte.ferritin_code" ItemGroupRepeatKey="1">
					<ItemData ItemOID="ferritin_code" Value="2.16.840.1.113883.6.1_20567-4__2.16.840.1.113883.6.1_86914-9__2.16.840.1.113883.6.1_14723-1__2.16.840.1.113883.6.1_2276-4__2.16.840.1.113883.6.1_24373-3"/>
					<ItemData ItemOID="ferritin" Value=""/>
				</ItemGroupData>
				<ItemGroupData ItemGroupOID="laborwerte.ferritin_unit" ItemGroupRepeatKey="1">
					<ItemData ItemOID="ferritin_unit" Value=""/>
				</ItemGroupData>
				<ItemGroupData ItemGroupOID="laborwerte.bilirubin_code" ItemGroupRepeatKey="1">
					<ItemData ItemOID="bilirubin_code" Value="2.16.840.1.113883.6.1_59828-4__2.16.840.1.113883.6.1_59827-6__2.16.840.1.113883.6.1_42719-5__2.16.840.1.113883.6.1_14631-6__2.16.840.1.113883.6.1_1971-1__2.16.840.1.113883.6.1_1975-2"/>
					<ItemData ItemOID="bilirubin" Value=""/>
				</ItemGroupData>
				<ItemGroupData ItemGroupOID="laborwerte.bilirubin_unit" ItemGroupRepeatKey="1">
					<ItemData ItemOID="bilirubin_unit" Value=""/>
				</ItemGroupData>
				<ItemGroupData ItemGroupOID="laborwerte.ddimer_code" ItemGroupRepeatKey="1">
					<ItemData ItemOID="ddimer_code" Value="2.16.840.1.113883.6.1_48065-7__2.16.840.1.113883.6.1_48066-5__2.16.840.1.113883.6.1_48067-3__2.16.840.1.113883.6.1_55398-2__2.16.840.1.113883.6.1_71427-9__2.16.840.1.113883.6.1_7799-0__2.16.840.1.113883.6.1_91556-1__2.16.840.1.113883.6.1_38898-3__2.16.840.1.113883.6.1_3246-6__2.16.840.1.113883.6.1_48058-2"/>
					<ItemData ItemOID="ddimer" Value=""/>
				</ItemGroupData>
				<ItemGroupData ItemGroupOID="laborwerte.ddimer_unit" ItemGroupRepeatKey="1">
					<ItemData ItemOID="ddimer_unit" Value=""/>
				</ItemGroupData>
				<ItemGroupData ItemGroupOID="laborwerte.gammagt_code" ItemGroupRepeatKey="1">
					<ItemData ItemOID="gammagt_code" Value="2.16.840.1.113883.6.1_2325-9__2.16.840.1.113883.6.1_2324-2"/>
					<ItemData ItemOID="gammagt" Value=""/>
				</ItemGroupData>
				<ItemGroupData ItemGroupOID="laborwerte.gammagt_unit" ItemGroupRepeatKey="1">
					<ItemData ItemOID="gammagt_unit" Value="1"/>
				</ItemGroupData>
				<ItemGroupData ItemGroupOID="laborwerte.gotast_code" ItemGroupRepeatKey="1">
					<ItemData ItemOID="gotast_code" Value="2.16.840.1.113883.6.1_88112-8__2.16.840.1.113883.6.1_30239-8__2.16.840.1.113883.6.1_1920-8"/>
					<ItemData ItemOID="gotast" Value=""/>
				</ItemGroupData>
				<ItemGroupData ItemGroupOID="laborwerte.gotast_unit" ItemGroupRepeatKey="1">
					<ItemData ItemOID="gotast_unit" Value="1"/>
				</ItemGroupData>
				<ItemGroupData ItemGroupOID="laborwerte.ldh_code" ItemGroupRepeatKey="1">
					<ItemData ItemOID="ldh_code" Value="2.16.840.1.113883.6.1_2532-0__2.16.840.1.113883.6.1_60017-1__2.16.840.1.113883.6.1_14803-1__2.16.840.1.113883.6.1_14804-9__2.16.840.1.113883.6.1_14805-6"/>
					<ItemData ItemOID="ldh" Value=""/>
				</ItemGroupData>
				<ItemGroupData ItemGroupOID="laborwerte.ldh_unit" ItemGroupRepeatKey="1">
					<ItemData ItemOID="ldh_unit" Value="1"/>
				</ItemGroupData>
				<ItemGroupData ItemGroupOID="laborwerte.kardiale_troponine_code" ItemGroupRepeatKey="1">
					<ItemData ItemOID="kardiale_troponine_code" Value="2.16.840.1.113883.6.1_49563-0__2.16.840.1.113883.6.1_89579-7__2.16.840.1.113883.6.1_67151-1__2.16.840.1.113883.6.1_6598-7__2.16.840.1.113883.6.1_6597-9__2.16.840.1.113883.6.1_48425-3__2.16.840.1.113883.6.1_42757-5__2.16.840.1.113883.6.1_10839-9"/>
					<ItemData ItemOID="kardiale_troponine" Value=""/>
				</ItemGroupData>
				<ItemGroupData ItemGroupOID="laborwerte.kardiale_troponine_unit" ItemGroupRepeatKey="1">
					<ItemData ItemOID="kardiale_troponine_unit" Value=""/>
				</ItemGroupData>
				<ItemGroupData ItemGroupOID="laborwerte.hamoglobin_code" ItemGroupRepeatKey="1">
					<ItemData ItemOID="hamoglobin_code" Value="2.16.840.1.113883.6.1_76769-9__2.16.840.1.113883.6.1_718-7__2.16.840.1.113883.6.1_20509-6__2.16.840.1.113883.6.1_55782-7__2.16.840.1.113883.6.1_75928-2__2.16.840.1.113883.6.1_14775-1__2.16.840.1.113883.6.1_30313-1__2.16.840.1.113883.6.1_30350-3__2.16.840.1.113883.6.1_30351-1__2.16.840.1.113883.6.1_30352-9__2.16.840.1.113883.6.1_76768-1__2.16.840.1.113883.6.1_59260-0"/>
					<ItemData ItemOID="hamoglobin" Value=""/>
				</ItemGroupData>
				<ItemGroupData ItemGroupOID="laborwerte.hamoglobin_unit" ItemGroupRepeatKey="1">
					<ItemData ItemOID="hamoglobin_unit" Value=""/>
				</ItemGroupData>
				<ItemGroupData ItemGroupOID="laborwerte.kreatinin_code" ItemGroupRepeatKey="1">
					<ItemData ItemOID="kreatinin_code" Value="2.16.840.1.113883.6.1_14682-9__2.16.840.1.113883.6.1_2160-0__2.16.840.1.113883.6.1_21232-4__2.16.840.1.113883.6.1_25386-4__2.16.840.1.113883.6.1_12190-5__2.16.840.1.113883.6.1_59826-8__2.16.840.1.113883.6.1_38483-4"/>
					<ItemData ItemOID="kreatinin" Value=""/>
				</ItemGroupData>
				<ItemGroupData ItemGroupOID="laborwerte.kreatinin_unit" ItemGroupRepeatKey="1">
					<ItemData ItemOID="kreatinin_unit" Value=""/>
				</ItemGroupData>
				<ItemGroupData ItemGroupOID="laborwerte.laktat_code" ItemGroupRepeatKey="1">
					<ItemData ItemOID="laktat_code" Value="2.16.840.1.113883.6.1_14118-4__2.16.840.1.113883.6.1_30242-2__2.16.840.1.113883.6.1_2524-7__2.16.840.1.113883.6.1_2519-7__2.16.840.1.113883.6.1_2518-9__2.16.840.1.113883.6.1_19240-1__2.16.840.1.113883.6.1_19239-3__2.16.840.1.113883.6.1_2520-5__2.16.840.1.113883.6.1_32693-4__2.16.840.1.113883.6.1_59032-3__2.16.840.1.113883.6.1_27941-4"/>
					<ItemData ItemOID="laktat" Value=""/>
				</ItemGroupData>
				<ItemGroupData ItemGroupOID="laborwerte.laktat_unit" ItemGroupRepeatKey="1">
					<ItemData ItemOID="laktat_unit" Value=""/>
				</ItemGroupData>
				<ItemGroupData ItemGroupOID="laborwerte.leukozyten_absolut_code" ItemGroupRepeatKey="1">
					<ItemData ItemOID="leukozyten_absolut_code" Value="2.16.840.1.113883.6.1_804-5__2.16.840.1.113883.6.1_6690-2__2.16.840.1.113883.6.1_49498-9__2.16.840.1.113883.6.1_26464-8"/>
					<ItemData ItemOID="leukozyten_absolut" Value=""/>
				</ItemGroupData>
				<ItemGroupData ItemGroupOID="laborwerte.leukozyten_absolut_unit" ItemGroupRepeatKey="1">
					<ItemData ItemOID="leukozyten_absolut_unit" Value="1"/>
				</ItemGroupData>
				<ItemGroupData ItemGroupOID="laborwerte.lymphozyten_absolut_code" ItemGroupRepeatKey="1">
					<ItemData ItemOID="lymphozyten_absolut_code" Value="2.16.840.1.113883.6.1_732-8__2.16.840.1.113883.6.1_731-0__2.16.840.1.113883.6.1_30364-4__2.16.840.1.113883.6.1_26474-7"/>
					<ItemData ItemOID="lymphozyten_absolut" Value=""/>
				</ItemGroupData>
				<ItemGroupData ItemGroupOID="laborwerte.lymphozyten_absolut_unit" ItemGroupRepeatKey="1">
					<ItemData ItemOID="lymphozyten_absolut_unit" Value="1"/>
				</ItemGroupData>
				<ItemGroupData ItemGroupOID="laborwerte.neutrophile_absolut_code" ItemGroupRepeatKey="1">
					<ItemData ItemOID="neutrophile_absolut_code" Value="2.16.840.1.113883.6.1_753-4__2.16.840.1.113883.6.1_751-8__2.16.840.1.113883.6.1_26499-4"/>
					<ItemData ItemOID="neutrophile_absolut" Value=""/>
				</ItemGroupData>
				<ItemGroupData ItemGroupOID="laborwerte.neutrophile_absolut_unit" ItemGroupRepeatKey="1">
					<ItemData ItemOID="neutrophile_absolut_unit" Value="1"/>
				</ItemGroupData>
				<ItemGroupData ItemGroupOID="laborwerte.ptt_code" ItemGroupRepeatKey="1">
					<ItemData ItemOID="ptt_code" Value="2.16.840.1.113883.6.1_16631-4__2.16.840.1.113883.6.1_43734-3__2.16.840.1.113883.6.1_14979-9__2.16.840.1.113883.6.1_3173-2"/>
					<ItemData ItemOID="ptt" Value=""/>
				</ItemGroupData>
				<ItemGroupData ItemGroupOID="laborwerte.ptt_unit" ItemGroupRepeatKey="1">
					<ItemData ItemOID="ptt_unit" Value="1"/>
				</ItemGroupData>
				<ItemGroupData ItemGroupOID="laborwerte.thrombozyten_absolut_code" ItemGroupRepeatKey="1">
					<ItemData ItemOID="thrombozyten_absolut_code" Value="2.16.840.1.113883.6.1_74775-8__2.16.840.1.113883.6.1_13056-7__2.16.840.1.113883.6.1_26516-5__2.16.840.1.113883.6.1_74464-9__2.16.840.1.113883.6.1_778-1__2.16.840.1.113883.6.1_49497-1__2.16.840.1.113883.6.1_777-3__2.16.840.1.113883.6.1_26515-7"/>
					<ItemData ItemOID="thrombozyten_absolut" Value=""/>
				</ItemGroupData>
				<ItemGroupData ItemGroupOID="laborwerte.thrombozyten_absolut_unit" ItemGroupRepeatKey="1">
					<ItemData ItemOID="thrombozyten_absolut_unit" Value="1"/>
				</ItemGroupData>
				<ItemGroupData ItemGroupOID="laborwerte.inr_code" ItemGroupRepeatKey="1">
					<ItemData ItemOID="inr_code" Value="2.16.840.1.113883.6.1_6301-6__2.16.840.1.113883.6.1_46418-0__2.16.840.1.113883.6.1_34714-6"/>
					<ItemData ItemOID="inr" Value=""/>
				</ItemGroupData>
				<ItemGroupData ItemGroupOID="laborwerte.inr_unit" ItemGroupRepeatKey="1">
					<ItemData ItemOID="inr_unit" Value="1"/>
				</ItemGroupData>
				<ItemGroupData ItemGroupOID="laborwerte.serumalbumin_code" ItemGroupRepeatKey="1">
					<ItemData ItemOID="serumalbumin_code" Value="2.16.840.1.113883.6.1_76631-1__2.16.840.1.113883.6.1_62235-7__2.16.840.1.113883.6.1_62234-0__2.16.840.1.113883.6.1_61152-5__2.16.840.1.113883.6.1_61151-7__2.16.840.1.113883.6.1_2862-1__2.16.840.1.113883.6.1_1751-7__2.16.840.1.113883.6.1_54347-0"/>
					<ItemData ItemOID="serumalbumin" Value=""/>
				</ItemGroupData>
				<ItemGroupData ItemGroupOID="laborwerte.serumalbumin_unit" ItemGroupRepeatKey="1">
					<ItemData ItemOID="serumalbumin_unit" Value=""/>
				</ItemGroupData>
				<ItemGroupData ItemGroupOID="laborwerte.antithrombin_iii_code" ItemGroupRepeatKey="1">
					<ItemData ItemOID="antithrombin_iii_code" Value="2.16.840.1.113883.6.1_27811-9__2.16.840.1.113883.6.1_3176-5__2.16.840.1.113883.6.1_91120-6__2.16.840.1.113883.6.1_3174-0"/>
					<ItemData ItemOID="antithrombin_iii" Value=""/>
				</ItemGroupData>
				<ItemGroupData ItemGroupOID="laborwerte.antithrombin_iii_unit" ItemGroupRepeatKey="1">
					<ItemData ItemOID="antithrombin_iii_unit" Value=""/>
				</ItemGroupData>
				<ItemGroupData ItemGroupOID="laborwerte.pct_procalcitonin_code" ItemGroupRepeatKey="1">
					<ItemData ItemOID="pct_procalcitonin_code" Value="2.16.840.1.113883.6.1_75241-0__2.16.840.1.113883.6.1_33959-8"/>
					<ItemData ItemOID="pct_procalcitonin" Value=""/>
				</ItemGroupData>
				<ItemGroupData ItemGroupOID="laborwerte.pct_procalcitonin_unit" ItemGroupRepeatKey="1">
					<ItemData ItemOID="pct_procalcitonin_unit" Value="1"/>
				</ItemGroupData>
				<ItemGroupData ItemGroupOID="laborwerte.il6_interleukin_6_code" ItemGroupRepeatKey="1">
					<ItemData ItemOID="il6_interleukin_6_code" Value="2.16.840.1.113883.6.1_44322-6__2.16.840.1.113883.6.1_26881-3__2.16.840.1.113883.6.1_49919-4__2.16.840.1.113883.6.1_49732-1"/>
					<ItemData ItemOID="il6_interleukin_6" Value=""/>
				</ItemGroupData>
				<ItemGroupData ItemGroupOID="laborwerte.il6_interleukin_6_unit" ItemGroupRepeatKey="1">
					<ItemData ItemOID="il6_interleukin_6_unit" Value="1"/>
				</ItemGroupData>
				<ItemGroupData ItemGroupOID="laborwerte.ntprobnp_code" ItemGroupRepeatKey="1">
					<ItemData ItemOID="ntprobnp_code" Value="2.16.840.1.113883.6.1_83107-3__2.16.840.1.113883.6.1_33762-6"/>
					<ItemData ItemOID="ntprobnp" Value=""/>
				</ItemGroupData>
				<ItemGroupData ItemGroupOID="laborwerte.ntprobnp_unit" ItemGroupRepeatKey="1">
					<ItemData ItemOID="ntprobnp_unit" Value="1"/>
				</ItemGroupData>
				<ItemGroupData ItemGroupOID="laborwerte.fibrinogen_code" ItemGroupRepeatKey="1">
					<ItemData ItemOID="fibrinogen_code" Value="2.16.840.1.113883.6.1_30902-1__2.16.840.1.113883.6.1_48664-7__2.16.840.1.113883.6.1_3255-7"/>
					<ItemData ItemOID="fibrinogen" Value=""/>
				</ItemGroupData>
				<ItemGroupData ItemGroupOID="laborwerte.fibrinogen_unit" ItemGroupRepeatKey="1">
					<ItemData ItemOID="fibrinogen_unit" Value=""/>
				</ItemGroupData>
				<ItemGroupData ItemGroupOID="laborwerte.sarsco_v2rtpcr_code" ItemGroupRepeatKey="1">
					<ItemData ItemOID="sarsco_v2rtpcr_code" Value="2.16.840.1.113883.6.1_94500-6"/>
					<ItemData ItemOID="sarsco_v2rtpcr" Value=""/>
				</ItemGroupData>
				<ItemGroupData ItemGroupOID="laborwerte.sarsco_v2_covid19_ig_g_ia_ql_code" ItemGroupRepeatKey="1">
					<ItemData ItemOID="sarsco_v2_covid19_ig_g_ia_ql_code" Value="2.16.840.1.113883.6.1_94563-4"/>
					<ItemData ItemOID="sarsco_v2_covid19_ig_g_ia_ql" Value=""/>
				</ItemGroupData>
				<ItemGroupData ItemGroupOID="laborwerte.sarsco_v2_covid19_ig_g_ia_qn_code" ItemGroupRepeatKey="1">
					<ItemData ItemOID="sarsco_v2_covid19_ig_g_ia_qn_code" Value="2.16.840.1.113883.6.1_94505-5"/>
					<ItemData ItemOID="sarsco_v2_covid19_ig_g_ia_qn" Value=""/>
				</ItemGroupData>
				<ItemGroupData ItemGroupOID="laborwerte.sarsco_v2_covid19_ig_g_ia_qn_unit" ItemGroupRepeatKey="1">
					<ItemData ItemOID="sarsco_v2_covid19_ig_g_ia_qn_unit" Value="1"/>
				</ItemGroupData>
				<ItemGroupData ItemGroupOID="laborwerte.sarsco_v2_covid19_ig_m_ia_ql_code" ItemGroupRepeatKey="1">
					<ItemData ItemOID="sarsco_v2_covid19_ig_m_ia_ql_code" Value="2.16.840.1.113883.6.1_94564-2"/>
					<ItemData ItemOID="sarsco_v2_covid19_ig_m_ia_ql" Value=""/>
				</ItemGroupData>
				<ItemGroupData ItemGroupOID="laborwerte.sarsco_v2_covid19_ig_m_ia_qn_code" ItemGroupRepeatKey="1">
					<ItemData ItemOID="sarsco_v2_covid19_ig_m_ia_qn_code" Value="2.16.840.1.113883.6.1_94506-3"/>
					<ItemData ItemOID="sarsco_v2_covid19_ig_m_ia_qn" Value=""/>
				</ItemGroupData>
				<ItemGroupData ItemGroupOID="laborwerte.sarsco_v2_covid19_ig_m_ia_qn_unit" ItemGroupRepeatKey="1">
					<ItemData ItemOID="sarsco_v2_covid19_ig_m_ia_qn_unit" Value="1"/>
				</ItemGroupData>
				<ItemGroupData ItemGroupOID="laborwerte.sarsco_v2_covid19_ig_a_ia_ql_code" ItemGroupRepeatKey="1">
					<ItemData ItemOID="sarsco_v2_covid19_ig_a_ia_ql_code" Value="2.16.840.1.113883.6.1_94562-6"/>
					<ItemData ItemOID="sarsco_v2_covid19_ig_a_ia_ql" Value=""/>
				</ItemGroupData>
				<ItemGroupData ItemGroupOID="laborwerte.sarsco_v2_covid19_ig_a_ia_qn_code" ItemGroupRepeatKey="1">
					<ItemData ItemOID="sarsco_v2_covid19_ig_a_ia_qn_code" Value="2.16.840.1.113883.6.1_94720-0"/>
					<ItemData ItemOID="sarsco_v2_covid19_ig_a_ia_qn" Value=""/>
				</ItemGroupData>
				<ItemGroupData ItemGroupOID="laborwerte.sarsco_v2_covid19_ig_a_ia_qn_unit" ItemGroupRepeatKey="1">
					<ItemData ItemOID="sarsco_v2_covid19_ig_a_ia_qn_unit" Value="1"/>
				</ItemGroupData>
				<ItemGroupData ItemGroupOID="laborwerte.sarsco_v2_covid19_ab_ia_ql_code" ItemGroupRepeatKey="1">
					<ItemData ItemOID="sarsco_v2_covid19_ab_ia_ql_code" Value="2.16.840.1.113883.6.1_94762-2"/>
					<ItemData ItemOID="sarsco_v2_covid19_ab_ia_ql" Value=""/>
				</ItemGroupData>
				<ItemGroupData ItemGroupOID="laborwerte.sarsco_v2_covid19_ab_ia_qn_code" ItemGroupRepeatKey="1">
					<ItemData ItemOID="sarsco_v2_covid19_ab_ia_qn_code" Value="2.16.840.1.113883.6.1_94769-7"/>
					<ItemData ItemOID="sarsco_v2_covid19_ab_ia_qn" Value=""/>
				</ItemGroupData>
				<ItemGroupData ItemGroupOID="laborwerte.sarsco_v2_covid19_ab_ia_qn_unit" ItemGroupRepeatKey="1">
					<ItemData ItemOID="sarsco_v2_covid19_ab_ia_qn_unit" Value="1"/>
				</ItemGroupData>
				<ItemGroupData ItemGroupOID="laborwerte.laborwerte_complete" ItemGroupRepeatKey="1">
					<ItemData ItemOID="laborwerte_complete" Value="0"/>
				</ItemGroupData>
			</FormData>
	</SubjectData>
	<SubjectData SubjectKey="6" redcap:RecordIdField="record_id">
			<FormData FormOID="Form.krankheitsbeginn_aufnahme" FormRepeatKey="1">
				<ItemGroupData ItemGroupOID="krankheitsbeginn_aufnahme.record_id" ItemGroupRepeatKey="1">
					<ItemData ItemOID="record_id" Value="6"/>
					<ItemData ItemOID="redcap_data_access_group" Value=""/>
				</ItemGroupData>
				<ItemGroupData ItemGroupOID="krankheitsbeginn_aufnahme.patient_id" ItemGroupRepeatKey="1">
					<ItemData ItemOID="patient_id" Value=""/>
				</ItemGroupData>
				<ItemGroupData ItemGroupOID="krankheitsbeginn_aufnahme.aufnahmedatum" ItemGroupRepeatKey="1">
					<ItemData ItemOID="aufnahmedatum" Value=""/>
				</ItemGroupData>
				<ItemGroupData ItemGroupOID="krankheitsbeginn_aufnahme.erkrankungsphase_zum_zeitpunkt_der_diagnose_code" ItemGroupRepeatKey="1">
					<ItemData ItemOID="erkrankungsphase_zum_zeitpunkt_der_diagnose_code" Value=""/>
					<ItemData ItemOID="erkrankungsphase_zum_zeitpunkt_der_diagnose" Value=""/>
				</ItemGroupData>
				<ItemGroupData ItemGroupOID="krankheitsbeginn_aufnahme.krankheitsbeginn_aufnahme_complete" ItemGroupRepeatKey="1">
					<ItemData ItemOID="krankheitsbeginn_aufnahme_complete" Value="0"/>
				</ItemGroupData>
			</FormData>
			<FormData FormOID="Form.studieneinschluss_einschlusskriterien" FormRepeatKey="1">
				<ItemGroupData ItemGroupOID="studieneinschluss_einschlusskriterien.covid19_aufnahme_code" ItemGroupRepeatKey="1">
					<ItemData ItemOID="covid19_aufnahme_code" Value="&lt;No code given!&gt;"/>
					<ItemData ItemOID="covid19_aufnahme" Value=""/>
				</ItemGroupData>
				<ItemGroupData ItemGroupOID="studieneinschluss_einschlusskriterien.interventionelle_studienteilnahme_code" ItemGroupRepeatKey="1">
					<ItemData ItemOID="interventionelle_studienteilnahme_code" Value="&lt;No code given!&gt;"/>
					<ItemData ItemOID="interventionelle_studienteilnahme" Value="2.16.840.1.113883.6.96_373066001"/>
				</ItemGroupData>
				<ItemGroupData ItemGroupOID="studieneinschluss_einschlusskriterien.studieneinschluss_einschlusskriterien_complete" ItemGroupRepeatKey="1">
					<ItemData ItemOID="studieneinschluss_einschlusskriterien_complete" Value="1"/>
				</ItemGroupData>
			</FormData>
			<FormData FormOID="Form.anamnese_risikofaktoren" FormRepeatKey="1">
				<ItemGroupData ItemGroupOID="anamnese_risikofaktoren.chronische_lungenerkrankungen_code" ItemGroupRepeatKey="1">
					<ItemData ItemOID="chronische_lungenerkrankungen_code" Value="1.2.276.0.76.5.409_J98.4__2.16.840.1.113883.6.96_413839001"/>
					<ItemData ItemOID="chronische_lungenerkrankungen" Value="1.2.276.0.76.5.409_J98.4__2.16.840.1.113883.6.96_413839001__2.16.840.1.113883.6.96_410594000"/>
				</ItemGroupData>
				<ItemGroupData ItemGroupOID="anamnese_risikofaktoren.chronische_lungenerkrankungen_asthma" ItemGroupRepeatKey="1">
					<ItemData ItemOID="chronische_lungenerkrankungen_asthma" Value=""/>
					<ItemData ItemOID="chronische_lungenerkrankungen_copd" Value=""/>
					<ItemData ItemOID="chronische_lungenerkrankungen_lungenfibrose" Value=""/>
					<ItemData ItemOID="chronische_lungenerkrankungen_lungenhochdruck_pulmonale_hypertonie" Value=""/>
					<ItemData ItemOID="chronische_lungenerkrankungen_ohs" Value=""/>
					<ItemData ItemOID="chronische_lungenerkrankungen_schlafapnoe" Value=""/>
					<ItemData ItemOID="chronische_lungenerkrankungen_osas" Value=""/>
					<ItemData ItemOID="chronische_lungenerkrankungen_cystische_fibrose" Value=""/>
					<ItemData ItemOID="chronische_lungenerkrankungen_andere" Value=""/>
					<ItemData ItemOID="chronische_lungenerkrankungen_andere_textfeld" Value=""/>
				</ItemGroupData>
				<ItemGroupData ItemGroupOID="anamnese_risikofaktoren.herzkreislauferkrankungen_code" ItemGroupRepeatKey="1">
					<ItemData ItemOID="herzkreislauferkrankungen_code" Value="1.2.276.0.76.5.409_I51.6__2.16.840.1.113883.6.96_49601007"/>
					<ItemData ItemOID="herzkreislauferkrankungen" Value="1.2.276.0.76.5.409_I51.6__2.16.840.1.113883.6.96_49601007__2.16.840.1.113883.6.96_410594000"/>
				</ItemGroupData>
				<ItemGroupData ItemGroupOID="anamnese_risikofaktoren.herzkreislauferkrankungen_bluthochdruck" ItemGroupRepeatKey="1">
					<ItemData ItemOID="herzkreislauferkrankungen_bluthochdruck" Value=""/>
					<ItemData ItemOID="herzkreislauferkrankungen_zustand_nach_herzinfarkt" Value=""/>
					<ItemData ItemOID="herzkreislauferkrankungen_herzrhythmusstoerungen" Value=""/>
					<ItemData ItemOID="herzkreislauferkrankungen_herzinsuffizienz" Value=""/>
					<ItemData ItemOID="herzkreislauferkrankungen_pavk" Value=""/>
					<ItemData ItemOID="herzkreislauferkrankungen_zustand_nach_revaskularisation" Value=""/>
					<ItemData ItemOID="herzkreislauferkrankungen_koronare_herzerkrankung_khk" Value=""/>
					<ItemData ItemOID="herzkreislauferkrankungen_carotisstenose" Value=""/>
					<ItemData ItemOID="herzkreislauferkrankungen_andere" Value=""/>
					<ItemData ItemOID="herzkreislauferkrankungen_andere_textfeld" Value=""/>
				</ItemGroupData>
				<ItemGroupData ItemGroupOID="anamnese_risikofaktoren.chronische_lebererkrankungen_code" ItemGroupRepeatKey="1">
					<ItemData ItemOID="chronische_lebererkrankungen_code" Value="1.2.276.0.76.5.409_K76.9__2.16.840.1.113883.6.96_328383001"/>
					<ItemData ItemOID="chronische_lebererkrankungen" Value="1.2.276.0.76.5.409_K76.9__2.16.840.1.113883.6.96_328383001__2.16.840.1.113883.6.96_410605003"/>
				</ItemGroupData>
				<ItemGroupData ItemGroupOID="anamnese_risikofaktoren.chronische_lebererkrankungen_fettleber" ItemGroupRepeatKey="1">
					<ItemData ItemOID="chronische_lebererkrankungen_fettleber" Value="1.2.276.0.76.5.409_K70.0__1.2.276.0.76.5.409_K76.0__2.16.840.1.113883.6.96_197321007__2.16.840.1.113883.6.96_410605003"/>
					<ItemData ItemOID="chronische_lebererkrankungen_leberzirrhose" Value="1.2.276.0.76.5.409_K74.6__2.16.840.1.113883.6.96_19943007__2.16.840.1.113883.6.96_410605003"/>
					<ItemData ItemOID="chronische_lebererkrankungen_chronische_infektioese_hepatitis" Value="1.2.276.0.76.5.409_B18.9__2.16.840.1.113883.6.96_10295004__2.16.840.1.113883.6.96_410594000"/>
					<ItemData ItemOID="chronische_lebererkrankungen_autoimmune_lebererkrankungen" Value="2.16.840.1.113883.6.96_235890007__2.16.840.1.113883.6.96_410594000"/>
					<ItemData ItemOID="chronische_lebererkrankungen_andere" Value="1.2.276.0.76.5.409_K70-K77__2.16.840.1.113883.6.96_LESSTHAN235856003__2.16.840.1.113883.6.96_410594000"/>
					<ItemData ItemOID="chronische_lebererkrankungen_andere_textfeld" Value=""/>
				</ItemGroupData>
				<ItemGroupData ItemGroupOID="anamnese_risikofaktoren.rheumatologischeimmunologische_erkrankungen_code" ItemGroupRepeatKey="1">
					<ItemData ItemOID="rheumatologischeimmunologische_erkrankungen_code" Value="2.16.840.1.113883.6.96_396332003__2.16.840.1.113883.6.96_414029004"/>
					<ItemData ItemOID="rheumatologischeimmunologische_erkrankungen" Value="2.16.840.1.113883.6.96_396332003__2.16.840.1.113883.6.96_414029004__2.16.840.1.113883.6.96_410594000"/>
				</ItemGroupData>
				<ItemGroupData ItemGroupOID="anamnese_risikofaktoren.rheumatologischeimmunologische_erkrankungen_chronisch_entzuendl_darmerkrankung" ItemGroupRepeatKey="1">
					<ItemData ItemOID="rheumatologischeimmunologische_erkrankungen_chronisch_entzuendl_darmerkrankung" Value=""/>
					<ItemData ItemOID="rheumatologischeimmunologische_erkrankungen_rheumatoide_arthritis" Value=""/>
					<ItemData ItemOID="rheumatologischeimmunologische_erkrankungen_kollagenosen" Value=""/>
					<ItemData ItemOID="rheumatologischeimmunologische_erkrankungen_vaskulitiden" Value=""/>
					<ItemData ItemOID="rheumatologischeimmunologische_erkrankungen_angeborene_immundefekte" Value=""/>
					<ItemData ItemOID="rheumatologischeimmunologische_erkrankungen_andere" Value=""/>
					<ItemData ItemOID="rheumatologischeimmunologische_erkrankungen_andere_textfeld" Value=""/>
				</ItemGroupData>
				<ItemGroupData ItemGroupOID="anamnese_risikofaktoren.bestehende_hivinfektion_code" ItemGroupRepeatKey="1">
					<ItemData ItemOID="bestehende_hivinfektion_code" Value="1.2.276.0.76.5.409_B24__2.16.840.1.113883.6.96_86406008"/>
					<ItemData ItemOID="bestehende_hivinfektion" Value="2.16.840.1.113883.6.96_410594000"/>
				</ItemGroupData>
				<ItemGroupData ItemGroupOID="anamnese_risikofaktoren.organtransplantiert_code" ItemGroupRepeatKey="1">
					<ItemData ItemOID="organtransplantiert_code" Value="1.2.276.0.76.5.409_Z94.9__2.16.840.1.113883.6.96_161663000"/>
					<ItemData ItemOID="organtransplantiert" Value="1.2.276.0.76.5.409_Z94.9__2.16.840.1.113883.6.96_161663000__2.16.840.1.113883.6.96_410594000"/>
				</ItemGroupData>
				<ItemGroupData ItemGroupOID="anamnese_risikofaktoren.organtransplantiert_herz" ItemGroupRepeatKey="1">
					<ItemData ItemOID="organtransplantiert_herz" Value=""/>
					<ItemData ItemOID="organtransplantiert_lunge" Value=""/>
					<ItemData ItemOID="organtransplantiert_leber" Value=""/>
					<ItemData ItemOID="organtransplantiert_nieren" Value=""/>
					<ItemData ItemOID="organtransplantiert_darm" Value=""/>
					<ItemData ItemOID="organtransplantiert_haut" Value=""/>
					<ItemData ItemOID="organtransplantiert_hornhaut" Value=""/>
					<ItemData ItemOID="organtransplantiert_gehoerknoechelchen" Value=""/>
					<ItemData ItemOID="organtransplantiert_herzklappen" Value=""/>
					<ItemData ItemOID="organtransplantiert_blutgefaess" Value=""/>
					<ItemData ItemOID="organtransplantiert_hirnhaut" Value=""/>
					<ItemData ItemOID="organtransplantiert_knochengewebe" Value=""/>
					<ItemData ItemOID="organtransplantiert_knorpelgewebe" Value=""/>
					<ItemData ItemOID="organtransplantiert_sehne" Value=""/>
				</ItemGroupData>
				<ItemGroupData ItemGroupOID="anamnese_risikofaktoren.diabetes_code" ItemGroupRepeatKey="1">
					<ItemData ItemOID="diabetes_code" Value="1.2.276.0.76.5.409_E14__2.16.840.1.113883.6.96_73211009"/>
					<ItemData ItemOID="diabetes" Value="2.16.840.1.113883.6.96_237599002"/>
				</ItemGroupData>
				<ItemGroupData ItemGroupOID="anamnese_risikofaktoren.aktive_tumorkrebserkrankungen_code" ItemGroupRepeatKey="1">
					<ItemData ItemOID="aktive_tumorkrebserkrankungen_code" Value="1.2.276.0.76.5.409_C80.9__2.16.840.1.113883.6.96_363346000"/>
					<ItemData ItemOID="aktive_tumorkrebserkrankungen" Value="2.16.840.1.113883.4.642.1.1074_remission"/>
				</ItemGroupData>
				<ItemGroupData ItemGroupOID="anamnese_risikofaktoren.raucherstatus_code" ItemGroupRepeatKey="1">
					<ItemData ItemOID="raucherstatus_code" Value="2.16.840.1.113883.6.1_72166-2"/>
					<ItemData ItemOID="raucherstatus" Value="2.16.840.1.113883.6.1_LA18976-3"/>
				</ItemGroupData>
				<ItemGroupData ItemGroupOID="anamnese_risikofaktoren.chronische_neurologische_oder_psychiatrische_erkrankungen_code" ItemGroupRepeatKey="1">
					<ItemData ItemOID="chronische_neurologische_oder_psychiatrische_erkrankungen_code" Value="1.2.276.0.76.5.409_F99__1.2.276.0.76.5.409_G96.9__2.16.840.1.113883.6.96_74732009__2.16.840.1.113883.6.96_128283000"/>
					<ItemData ItemOID="chronische_neurologische_oder_psychiatrische_erkrankungen" Value="1.2.276.0.76.5.409_F99__1.2.276.0.76.5.409_G96.9__2.16.840.1.113883.6.96_74732009__2.16.840.1.113883.6.96_128283000__2.16.840.1.113883.6.96_410594000"/>
				</ItemGroupData>
				<ItemGroupData ItemGroupOID="anamnese_risikofaktoren.chronische_neurologische_oder_psychiatrische_erkrankungen_m_parkinson" ItemGroupRepeatKey="1">
					<ItemData ItemOID="chronische_neurologische_oder_psychiatrische_erkrankungen_m_parkinson" Value=""/>
					<ItemData ItemOID="chronische_neurologische_oder_psychiatrische_erkrankungen_demenz" Value=""/>
					<ItemData ItemOID="chronische_neurologische_oder_psychiatrische_erkrankungen_multiple_sklerose" Value=""/>
					<ItemData ItemOID="chronische_neurologische_oder_psychiatrische_erkrankungen_neuromuskulaere_erkrankungen" Value=""/>
					<ItemData ItemOID="chronische_neurologische_oder_psychiatrische_erkrankungen_epilepsie" Value=""/>
					<ItemData ItemOID="chronische_neurologische_oder_psychiatrische_erkrankungen_migraene" Value=""/>
					<ItemData ItemOID="chronische_neurologische_oder_psychiatrische_erkrankungen_zn_apoplex_mit_residuen" Value=""/>
					<ItemData ItemOID="chronische_neurologische_oder_psychiatrische_erkrankungen_zn_apoplex_ohne_residuen" Value=""/>
					<ItemData ItemOID="chronische_neurologische_oder_psychiatrische_erkrankungen_psychose" Value=""/>
					<ItemData ItemOID="chronische_neurologische_oder_psychiatrische_erkrankungen_depression" Value=""/>
					<ItemData ItemOID="chronische_neurologische_oder_psychiatrische_erkrankungen_angsterkrankung" Value=""/>
				</ItemGroupData>
				<ItemGroupData ItemGroupOID="anamnese_risikofaktoren.bestehende_sauerstoff_oder_beatmungstherapie_code" ItemGroupRepeatKey="1">
					<ItemData ItemOID="bestehende_sauerstoff_oder_beatmungstherapie_code" Value="2.16.840.1.113883.6.96_53950000"/>
					<ItemData ItemOID="bestehende_sauerstoff_oder_beatmungstherapie" Value="2.16.840.1.113883.4.642.4.1048_not-performed__2.16.840.1.113883.4.642.4.110_not-done"/>
				</ItemGroupData>
				<ItemGroupData ItemGroupOID="anamnese_risikofaktoren.chronische_nierenerkrankungen_code" ItemGroupRepeatKey="1">
					<ItemData ItemOID="chronische_nierenerkrankungen_code" Value="1.2.276.0.76.5.409_N18.9__2.16.840.1.113883.6.96_709044004"/>
					<ItemData ItemOID="chronische_nierenerkrankungen" Value="2.16.840.1.113883.6.96_410594000"/>
				</ItemGroupData>
				<ItemGroupData ItemGroupOID="anamnese_risikofaktoren.chronische_nierenerkrankungen_schweregrad" ItemGroupRepeatKey="1">
					<ItemData ItemOID="chronische_nierenerkrankungen_schweregrad" Value=""/>
				</ItemGroupData>
				<ItemGroupData ItemGroupOID="anamnese_risikofaktoren.reiseaktivitat_code" ItemGroupRepeatKey="1">
					<ItemData ItemOID="reiseaktivitat_code" Value="2.16.840.1.113883.6.1_8691-8__2.16.840.1.113883.6.96_443846001"/>
					<ItemData ItemOID="reiseaktivitat" Value="2.16.840.1.113883.6.96_373067005"/>
				</ItemGroupData>
				<ItemGroupData ItemGroupOID="anamnese_risikofaktoren.reiseaktivitat_start_date_1" ItemGroupRepeatKey="1">
					<ItemData ItemOID="reiseaktivitat_start_date_1" Value=""/>
				</ItemGroupData>
				<ItemGroupData ItemGroupOID="anamnese_risikofaktoren.reiseaktivitat_country_1" ItemGroupRepeatKey="1">
					<ItemData ItemOID="reiseaktivitat_country_1" Value=""/>
					<ItemData ItemOID="reiseaktivitat_state_1" Value=""/>
					<ItemData ItemOID="reiseaktivitat_city_1" Value=""/>
					<ItemData ItemOID="reiseaktivitat_end_date_1" Value=""/>
				</ItemGroupData>
				<ItemGroupData ItemGroupOID="anamnese_risikofaktoren.reiseaktivitat_start_date_2" ItemGroupRepeatKey="1">
					<ItemData ItemOID="reiseaktivitat_start_date_2" Value=""/>
				</ItemGroupData>
				<ItemGroupData ItemGroupOID="anamnese_risikofaktoren.reiseaktivitat_country_2" ItemGroupRepeatKey="1">
					<ItemData ItemOID="reiseaktivitat_country_2" Value=""/>
					<ItemData ItemOID="reiseaktivitat_state_2" Value=""/>
					<ItemData ItemOID="reiseaktivitat_city_2" Value=""/>
					<ItemData ItemOID="reiseaktivitat_end_date_2" Value=""/>
				</ItemGroupData>
				<ItemGroupData ItemGroupOID="anamnese_risikofaktoren.reiseaktivitat_start_date_3" ItemGroupRepeatKey="1">
					<ItemData ItemOID="reiseaktivitat_start_date_3" Value=""/>
				</ItemGroupData>
				<ItemGroupData ItemGroupOID="anamnese_risikofaktoren.reiseaktivitat_country_3" ItemGroupRepeatKey="1">
					<ItemData ItemOID="reiseaktivitat_country_3" Value=""/>
					<ItemData ItemOID="reiseaktivitat_state_3" Value=""/>
					<ItemData ItemOID="reiseaktivitat_city_3" Value=""/>
					<ItemData ItemOID="reiseaktivitat_end_date_3" Value=""/>
				</ItemGroupData>
				<ItemGroupData ItemGroupOID="anamnese_risikofaktoren.reiseaktivitat_start_date_4" ItemGroupRepeatKey="1">
					<ItemData ItemOID="reiseaktivitat_start_date_4" Value=""/>
				</ItemGroupData>
				<ItemGroupData ItemGroupOID="anamnese_risikofaktoren.reiseaktivitat_country_4" ItemGroupRepeatKey="1">
					<ItemData ItemOID="reiseaktivitat_country_4" Value=""/>
					<ItemData ItemOID="reiseaktivitat_state_4" Value=""/>
					<ItemData ItemOID="reiseaktivitat_city_4" Value=""/>
					<ItemData ItemOID="reiseaktivitat_end_date_4" Value=""/>
				</ItemGroupData>
				<ItemGroupData ItemGroupOID="anamnese_risikofaktoren.reiseaktivitat_start_date_5" ItemGroupRepeatKey="1">
					<ItemData ItemOID="reiseaktivitat_start_date_5" Value=""/>
				</ItemGroupData>
				<ItemGroupData ItemGroupOID="anamnese_risikofaktoren.reiseaktivitat_country_5" ItemGroupRepeatKey="1">
					<ItemData ItemOID="reiseaktivitat_country_5" Value=""/>
					<ItemData ItemOID="reiseaktivitat_state_5" Value=""/>
					<ItemData ItemOID="reiseaktivitat_city_5" Value=""/>
					<ItemData ItemOID="reiseaktivitat_end_date_5" Value=""/>
				</ItemGroupData>
				<ItemGroupData ItemGroupOID="anamnese_risikofaktoren.reiseaktivitat_start_date_6" ItemGroupRepeatKey="1">
					<ItemData ItemOID="reiseaktivitat_start_date_6" Value=""/>
				</ItemGroupData>
				<ItemGroupData ItemGroupOID="anamnese_risikofaktoren.reiseaktivitat_country_6" ItemGroupRepeatKey="1">
					<ItemData ItemOID="reiseaktivitat_country_6" Value=""/>
					<ItemData ItemOID="reiseaktivitat_state_6" Value=""/>
					<ItemData ItemOID="reiseaktivitat_city_6" Value=""/>
					<ItemData ItemOID="reiseaktivitat_end_date_6" Value=""/>
				</ItemGroupData>
				<ItemGroupData ItemGroupOID="anamnese_risikofaktoren.reiseaktivitat_start_date_7" ItemGroupRepeatKey="1">
					<ItemData ItemOID="reiseaktivitat_start_date_7" Value=""/>
				</ItemGroupData>
				<ItemGroupData ItemGroupOID="anamnese_risikofaktoren.reiseaktivitat_country_7" ItemGroupRepeatKey="1">
					<ItemData ItemOID="reiseaktivitat_country_7" Value=""/>
					<ItemData ItemOID="reiseaktivitat_state_7" Value=""/>
					<ItemData ItemOID="reiseaktivitat_city_7" Value=""/>
					<ItemData ItemOID="reiseaktivitat_end_date_7" Value=""/>
				</ItemGroupData>
				<ItemGroupData ItemGroupOID="anamnese_risikofaktoren.reiseaktivitat_start_date_8" ItemGroupRepeatKey="1">
					<ItemData ItemOID="reiseaktivitat_start_date_8" Value=""/>
				</ItemGroupData>
				<ItemGroupData ItemGroupOID="anamnese_risikofaktoren.reiseaktivitat_country_8" ItemGroupRepeatKey="1">
					<ItemData ItemOID="reiseaktivitat_country_8" Value=""/>
					<ItemData ItemOID="reiseaktivitat_state_8" Value=""/>
					<ItemData ItemOID="reiseaktivitat_city_8" Value=""/>
					<ItemData ItemOID="reiseaktivitat_end_date_8" Value=""/>
				</ItemGroupData>
				<ItemGroupData ItemGroupOID="anamnese_risikofaktoren.reiseaktivitat_start_date_9" ItemGroupRepeatKey="1">
					<ItemData ItemOID="reiseaktivitat_start_date_9" Value=""/>
				</ItemGroupData>
				<ItemGroupData ItemGroupOID="anamnese_risikofaktoren.reiseaktivitat_country_9" ItemGroupRepeatKey="1">
					<ItemData ItemOID="reiseaktivitat_country_9" Value=""/>
					<ItemData ItemOID="reiseaktivitat_state_9" Value=""/>
					<ItemData ItemOID="reiseaktivitat_city_9" Value=""/>
					<ItemData ItemOID="reiseaktivitat_end_date_9" Value=""/>
				</ItemGroupData>
				<ItemGroupData ItemGroupOID="anamnese_risikofaktoren.reiseaktivitat_start_date_10" ItemGroupRepeatKey="1">
					<ItemData ItemOID="reiseaktivitat_start_date_10" Value=""/>
				</ItemGroupData>
				<ItemGroupData ItemGroupOID="anamnese_risikofaktoren.reiseaktivitat_country_10" ItemGroupRepeatKey="1">
					<ItemData ItemOID="reiseaktivitat_country_10" Value=""/>
					<ItemData ItemOID="reiseaktivitat_state_10" Value=""/>
					<ItemData ItemOID="reiseaktivitat_city_10" Value=""/>
					<ItemData ItemOID="reiseaktivitat_end_date_10" Value=""/>
				</ItemGroupData>
				<ItemGroupData ItemGroupOID="anamnese_risikofaktoren.magengeschwure_code" ItemGroupRepeatKey="1">
					<ItemData ItemOID="magengeschwure_code" Value="1.2.276.0.76.5.409_K28__2.16.840.1.113883.6.96_40845000"/>
					<ItemData ItemOID="magengeschwure" Value="2.16.840.1.113883.4.642.4.1048_unknown__2.16.840.1.113883.6.96_261665006"/>
				</ItemGroupData>
				<ItemGroupData ItemGroupOID="anamnese_risikofaktoren.impfungen_code" ItemGroupRepeatKey="1">
					<ItemData ItemOID="impfungen_code" Value="&lt;No code given!&gt;"/>
				</ItemGroupData>
				<ItemGroupData ItemGroupOID="anamnese_risikofaktoren.impfungen_influenza" ItemGroupRepeatKey="1">
					<ItemData ItemOID="impfungen_influenza" Value="2.16.840.1.113883.6.96_6142004__2.16.840.1.113883.6.96_410605003"/>
					<ItemData ItemOID="impfungen_pneumokokken" Value="2.16.840.1.113883.6.96_16814004__2.16.840.1.113883.6.96_410605003"/>
					<ItemData ItemOID="impfungen_bcg" Value="2.16.840.1.113883.6.96_56717001__2.16.840.1.113883.6.96_410605003"/>
					<ItemData ItemOID="impfungen_covid_19" Value="2.16.840.1.113883.6.96_840539006__2.16.840.1.113883.6.96_410594000"/>
					<ItemData ItemOID="impfungen_andere" Value="NoCodeSystem_NoCode__2.16.840.1.113883.6.96_410594000"/>
					<ItemData ItemOID="impfungen_influenza_datum" Value=""/>
					<ItemData ItemOID="impfungen_pneumokokken_datum" Value=""/>
					<ItemData ItemOID="impfungen_bcg_datum" Value=""/>
					<ItemData ItemOID="impfungen_covid_19_datum" Value=""/>
					<ItemData ItemOID="impfungen_andere_datum" Value=""/>
					<ItemData ItemOID="impfungen_andere_textfeld" Value=""/>
				</ItemGroupData>
				<ItemGroupData ItemGroupOID="anamnese_risikofaktoren.dnranordnung_code" ItemGroupRepeatKey="1">
					<ItemData ItemOID="dnranordnung_code" Value="2.16.840.1.113883.6.96_304251008"/>
					<ItemData ItemOID="dnranordnung" Value="2.16.840.1.113883.6.96_304252001"/>
				</ItemGroupData>
				<ItemGroupData ItemGroupOID="anamnese_risikofaktoren.anamnese_risikofaktoren_complete" ItemGroupRepeatKey="1">
					<ItemData ItemOID="anamnese_risikofaktoren_complete" Value="1"/>
				</ItemGroupData>
			</FormData>
			<FormData FormOID="Form.bildgebung" FormRepeatKey="1">
				<ItemGroupData ItemGroupOID="bildgebung.bildgebende_verfahren_code" ItemGroupRepeatKey="1">
					<ItemData ItemOID="bildgebende_verfahren_code" Value="2.16.840.1.113883.6.96_363679005"/>
					<ItemData ItemOID="bildgebende_verfahren" Value="1"/>
				</ItemGroupData>
				<ItemGroupData ItemGroupOID="bildgebung.bildgebende_verfahren_ct" ItemGroupRepeatKey="1">
					<ItemData ItemOID="bildgebende_verfahren_ct" Value="1.2.840.10008.2.16.4_CT__2.16.840.1.113883.6.96_77477000COLON363704007EQUAL39607008__2.16.840.1.113883.6.96_410605003"/>
					<ItemData ItemOID="bildgebende_verfahren_roentgen" Value="1.2.840.10008.2.16.4_RG__2.16.840.1.113883.6.96_168537006COLON363704007EQUAL39607008__2.16.840.1.113883.6.96_410594000"/>
					<ItemData ItemOID="bildgebende_verfahren_us" Value="1.2.840.10008.2.16.4_US__2.16.840.1.113883.6.96_16310003COLON363704007EQUAL39607008__2.16.840.1.113883.6.96_410605003"/>
				</ItemGroupData>
				<ItemGroupData ItemGroupOID="bildgebung.befund_bildgebender_verfahren_code" ItemGroupRepeatKey="1">
					<ItemData ItemOID="befund_bildgebender_verfahren_code" Value="2.16.840.1.113883.6.96_118247008"/>
				</ItemGroupData>
				<ItemGroupData ItemGroupOID="bildgebung.befund_bildgebender_verfahren_ct" ItemGroupRepeatKey="1">
					<ItemData ItemOID="befund_bildgebender_verfahren_ct" Value="2.16.840.1.113883.6.96_118247008COLON363713009EQUAL373068000"/>
					<ItemData ItemOID="befund_bildgebender_verfahren_roentgen" Value=""/>
					<ItemData ItemOID="befund_bildgebender_verfahren_us" Value="2.16.840.1.113883.6.96_118247008COLON363713009EQUAL373068000"/>
				</ItemGroupData>
				<ItemGroupData ItemGroupOID="bildgebung.bildgebung_complete" ItemGroupRepeatKey="1">
					<ItemData ItemOID="bildgebung_complete" Value="2"/>
				</ItemGroupData>
			</FormData>
			<FormData FormOID="Form.demographie" FormRepeatKey="1">
				<ItemGroupData ItemGroupOID="demographie.geburtsdatum_code" ItemGroupRepeatKey="1">
					<ItemData ItemOID="geburtsdatum_code" Value=""/>
					<ItemData ItemOID="geburtsdatum" Value=""/>
				</ItemGroupData>
				<ItemGroupData ItemGroupOID="demographie.ethnische_zugehorigkeit_code" ItemGroupRepeatKey="1">
					<ItemData ItemOID="ethnische_zugehorigkeit_code" Value=""/>
					<ItemData ItemOID="ethnische_zugehorigkeit" Value=""/>
				</ItemGroupData>
				<ItemGroupData ItemGroupOID="demographie.biologisches_geschlecht_code" ItemGroupRepeatKey="1">
					<ItemData ItemOID="biologisches_geschlecht_code" Value=""/>
					<ItemData ItemOID="biologisches_geschlecht" Value=""/>
				</ItemGroupData>
				<ItemGroupData ItemGroupOID="demographie.schwangerschaft_code" ItemGroupRepeatKey="1">
					<ItemData ItemOID="schwangerschaft_code" Value=""/>
					<ItemData ItemOID="schwangerschaft" Value=""/>
				</ItemGroupData>
				<ItemGroupData ItemGroupOID="demographie.alter_code" ItemGroupRepeatKey="1">
					<ItemData ItemOID="alter_code" Value=""/>
					<ItemData ItemOID="alter" Value=""/>
				</ItemGroupData>
				<ItemGroupData ItemGroupOID="demographie.frailtyscore_code" ItemGroupRepeatKey="1">
					<ItemData ItemOID="frailtyscore_code" Value=""/>
					<ItemData ItemOID="frailtyscore" Value=""/>
				</ItemGroupData>
				<ItemGroupData ItemGroupOID="demographie.gewicht_unit" ItemGroupRepeatKey="1">
					<ItemData ItemOID="gewicht_unit" Value=""/>
				</ItemGroupData>
				<ItemGroupData ItemGroupOID="demographie.gewicht_code" ItemGroupRepeatKey="1">
					<ItemData ItemOID="gewicht_code" Value=""/>
					<ItemData ItemOID="gewicht" Value=""/>
				</ItemGroupData>
				<ItemGroupData ItemGroupOID="demographie.korpergrose_unit" ItemGroupRepeatKey="1">
					<ItemData ItemOID="korpergrose_unit" Value=""/>
				</ItemGroupData>
				<ItemGroupData ItemGroupOID="demographie.korpergrose_code" ItemGroupRepeatKey="1">
					<ItemData ItemOID="korpergrose_code" Value=""/>
					<ItemData ItemOID="korpergrose" Value=""/>
				</ItemGroupData>
				<ItemGroupData ItemGroupOID="demographie.demographie_complete" ItemGroupRepeatKey="1">
					<ItemData ItemOID="demographie_complete" Value="0"/>
				</ItemGroupData>
			</FormData>
			<FormData FormOID="Form.epidemiologische_faktoren" FormRepeatKey="1">
				<ItemGroupData ItemGroupOID="epidemiologische_faktoren.kontakt_mit_an_covid19_erkrankter_personq_code" ItemGroupRepeatKey="1">
					<ItemData ItemOID="kontakt_mit_an_covid19_erkrankter_personq_code" Value=""/>
					<ItemData ItemOID="kontakt_mit_an_covid19_erkrankter_personq" Value=""/>
				</ItemGroupData>
				<ItemGroupData ItemGroupOID="epidemiologische_faktoren.epidemiologische_faktoren_complete" ItemGroupRepeatKey="1">
					<ItemData ItemOID="epidemiologische_faktoren_complete" Value="0"/>
				</ItemGroupData>
			</FormData>
			<FormData FormOID="Form.komplikationen" FormRepeatKey="1">
				<ItemGroupData ItemGroupOID="komplikationen.komplikation_code" ItemGroupRepeatKey="1">
					<ItemData ItemOID="komplikation_code" Value=""/>
					<ItemData ItemOID="komplikation" Value=""/>
				</ItemGroupData>
				<ItemGroupData ItemGroupOID="komplikationen.komplikation_thrombembolische_ereignisse" ItemGroupRepeatKey="1">
					<ItemData ItemOID="komplikation_thrombembolische_ereignisse" Value=""/>
					<ItemData ItemOID="komplikation_venoese_thrombose" Value=""/>
					<ItemData ItemOID="komplikation_lungenarterienembolie" Value=""/>
					<ItemData ItemOID="komplikation_stroke" Value=""/>
					<ItemData ItemOID="komplikation_myokardinfarkt" Value=""/>
					<ItemData ItemOID="komplikation_andere" Value=""/>
					<ItemData ItemOID="komplikation_andere_textfeld" Value=""/>
					<ItemData ItemOID="komplikation_pulmonale_co_infektionen" Value=""/>
					<ItemData ItemOID="komplikation_blutstrominfektionen" Value=""/>
				</ItemGroupData>
				<ItemGroupData ItemGroupOID="komplikationen.komplikationen_complete" ItemGroupRepeatKey="1">
					<ItemData ItemOID="komplikationen_complete" Value="0"/>
				</ItemGroupData>
			</FormData>
			<FormData FormOID="Form.symptome" FormRepeatKey="1">
				<ItemGroupData ItemGroupOID="symptome.symptome_code" ItemGroupRepeatKey="1">
					<ItemData ItemOID="symptome_code" Value=""/>
					<ItemData ItemOID="symptome" Value=""/>
				</ItemGroupData>
				<ItemGroupData ItemGroupOID="symptome.symptome_geruchs_bzw_geschmacksstoerungen" ItemGroupRepeatKey="1">
					<ItemData ItemOID="symptome_geruchs_bzw_geschmacksstoerungen" Value=""/>
					<ItemData ItemOID="symptome_bauchschmerzen" Value=""/>
					<ItemData ItemOID="symptome_bewusstseinsstoerungen_verwirrtheit" Value=""/>
					<ItemData ItemOID="symptome_durchfall" Value=""/>
					<ItemData ItemOID="symptome_erbrechen" Value=""/>
					<ItemData ItemOID="symptome_husten" Value=""/>
					<ItemData ItemOID="symptome_kurzatmigkeit_dyspnoe" Value=""/>
					<ItemData ItemOID="symptome_uebelkeit" Value=""/>
					<ItemData ItemOID="symptome_fieber" Value=""/>
					<ItemData ItemOID="symptome_kopfschmerzen" Value=""/>
					<ItemData ItemOID="symptome_andere_symptome" Value=""/>
					<ItemData ItemOID="symptome_andere_symptome_textfeld" Value=""/>
				</ItemGroupData>
				<ItemGroupData ItemGroupOID="symptome.schweregrad_code" ItemGroupRepeatKey="1">
					<ItemData ItemOID="schweregrad_code" Value=""/>
				</ItemGroupData>
				<ItemGroupData ItemGroupOID="symptome.symptome_geruchs_bzw_geschmacksstoerungen_schweregrad" ItemGroupRepeatKey="1">
					<ItemData ItemOID="symptome_geruchs_bzw_geschmacksstoerungen_schweregrad" Value=""/>
					<ItemData ItemOID="symptome_bauchschmerzen_schweregrad" Value=""/>
					<ItemData ItemOID="symptome_bewusstseinsstoerungen_verwirrtheit_schweregrad" Value=""/>
					<ItemData ItemOID="symptome_durchfall_schweregrad" Value=""/>
					<ItemData ItemOID="symptome_erbrechen_schweregrad" Value=""/>
					<ItemData ItemOID="symptome_husten_schweregrad" Value=""/>
					<ItemData ItemOID="symptome_kurzatmigkeit_dyspnoe_schweregrad" Value=""/>
					<ItemData ItemOID="symptome_uebelkeit_schweregrad" Value=""/>
					<ItemData ItemOID="symptome_fieber_schweregrad" Value=""/>
					<ItemData ItemOID="symptome_kopfschmerzen_schweregrad" Value=""/>
					<ItemData ItemOID="symptome_andere_symptome_schweregrad" Value=""/>
				</ItemGroupData>
				<ItemGroupData ItemGroupOID="symptome.symptome_complete" ItemGroupRepeatKey="1">
					<ItemData ItemOID="symptome_complete" Value="0"/>
				</ItemGroupData>
			</FormData>
			<FormData FormOID="Form.medikation" FormRepeatKey="1">
				<ItemGroupData ItemGroupOID="medikation.medikation_datum" ItemGroupRepeatKey="1">
					<ItemData ItemOID="medikation_datum" Value=""/>
				</ItemGroupData>
				<ItemGroupData ItemGroupOID="medikation.covid19therapie_code" ItemGroupRepeatKey="1">
					<ItemData ItemOID="covid19therapie_code" Value=""/>
					<ItemData ItemOID="covid19therapie" Value=""/>
				</ItemGroupData>
				<ItemGroupData ItemGroupOID="medikation.covid19therapie_antipyretika" ItemGroupRepeatKey="1">
					<ItemData ItemOID="covid19therapie_antipyretika" Value=""/>
					<ItemData ItemOID="covid19therapie_kortikosteroide" Value=""/>
					<ItemData ItemOID="covid19therapie_kortikosteroide_code" Value=""/>
					<ItemData ItemOID="covid19therapie_atazanavir" Value=""/>
					<ItemData ItemOID="covid19therapie_atazanavir_code" Value=""/>
					<ItemData ItemOID="covid19therapie_darunavir" Value=""/>
					<ItemData ItemOID="covid19therapie_darunavir_code" Value=""/>
					<ItemData ItemOID="covid19therapie_chloroquine_phosphate" Value=""/>
					<ItemData ItemOID="covid19therapie_hydroxychloroquine" Value=""/>
					<ItemData ItemOID="covid19therapie_ivermectin" Value=""/>
					<ItemData ItemOID="covid19therapie_lopinavir_ritonavir" Value=""/>
					<ItemData ItemOID="covid19therapie_ganciclovir" Value=""/>
					<ItemData ItemOID="covid19therapie_oseltamivir" Value=""/>
					<ItemData ItemOID="covid19therapie_remdesivir" Value=""/>
					<ItemData ItemOID="covid19therapie_ribavirin" Value=""/>
					<ItemData ItemOID="covid19therapie_camostat" Value=""/>
					<ItemData ItemOID="covid19therapie_favipiravir" Value=""/>
					<ItemData ItemOID="covid19therapie_convalescent_plasma" Value=""/>
					<ItemData ItemOID="covid19therapie_convalescent_plasma_code" Value=""/>
					<ItemData ItemOID="covid19therapie_steroids_gt_05_mg_kg_prednisone_equivalents" Value=""/>
					<ItemData ItemOID="covid19therapie_steroids_lt_05_mg_kg_prednisone_equivalents" Value=""/>
					<ItemData ItemOID="covid19therapie_tocilizumab" Value=""/>
					<ItemData ItemOID="covid19therapie_tocilizumab_code" Value=""/>
					<ItemData ItemOID="covid19therapie_sarilumab" Value=""/>
					<ItemData ItemOID="covid19therapie_cni_or_mtor_inhibitors_eg_cyclosporin_a_tacrolimus_sirolimus_everolimus" Value=""/>
					<ItemData ItemOID="covid19therapie_cni_or_mtor_inhibitors_eg_cyclosporin_a_tacrolimus_sirolimus_everolimus_code" Value=""/>
					<ItemData ItemOID="covid19therapie_anti_tnf_alpha_inhibitors_eg_adalimumab_etanercept" Value=""/>
					<ItemData ItemOID="covid19therapie_anti_tnf_alpha_inhibitors_eg_adalimumab_etanercept_code" Value=""/>
					<ItemData ItemOID="covid19therapie_il1_receptor_antangonists" Value=""/>
					<ItemData ItemOID="covid19therapie_ruxolitinib" Value=""/>
					<ItemData ItemOID="covid19therapie_colchicine" Value=""/>
					<ItemData ItemOID="covid19therapie_interferone_any" Value=""/>
					<ItemData ItemOID="covid19therapie_25_hydroxyvitamin_d" Value=""/>
					<ItemData ItemOID="covid19therapie_zinc" Value=""/>
					<ItemData ItemOID="covid19therapie_andere" Value=""/>
					<ItemData ItemOID="covid19therapie_andere_textfeld" Value=""/>
				</ItemGroupData>
				<ItemGroupData ItemGroupOID="medikation.acehemmer_code" ItemGroupRepeatKey="1">
					<ItemData ItemOID="acehemmer_code" Value=""/>
					<ItemData ItemOID="acehemmer" Value=""/>
				</ItemGroupData>
				<ItemGroupData ItemGroupOID="medikation.immunglobuline_code" ItemGroupRepeatKey="1">
					<ItemData ItemOID="immunglobuline_code" Value=""/>
					<ItemData ItemOID="immunglobuline" Value=""/>
				</ItemGroupData>
				<ItemGroupData ItemGroupOID="medikation.antikoagulation_code" ItemGroupRepeatKey="1">
					<ItemData ItemOID="antikoagulation_code" Value=""/>
					<ItemData ItemOID="antikoagulation" Value=""/>
				</ItemGroupData>
				<ItemGroupData ItemGroupOID="medikation.antikoagulation_unfraktioniertes_heparin" ItemGroupRepeatKey="1">
					<ItemData ItemOID="antikoagulation_unfraktioniertes_heparin" Value=""/>
					<ItemData ItemOID="antikoagulation_unfraktioniertes_heparin_code" Value=""/>
					<ItemData ItemOID="antikoagulation_niedermolekulares_heparin" Value=""/>
					<ItemData ItemOID="antikoagulation_niedermolekulares_heparin_code" Value=""/>
					<ItemData ItemOID="antikoagulation_argatroban" Value=""/>
					<ItemData ItemOID="antikoagulation_plaettchenaggregationshemmer" Value=""/>
					<ItemData ItemOID="antikoagulation_danaparoid" Value=""/>
					<ItemData ItemOID="antikoagulation_phenprocoumon" Value=""/>
					<ItemData ItemOID="antikoagulation_doak" Value=""/>
					<ItemData ItemOID="antikoagulation_doak_code" Value=""/>
					<ItemData ItemOID="antikoagulation_sonstige" Value=""/>
					<ItemData ItemOID="antikoagulation_sonstige_textfeld" Value=""/>
				</ItemGroupData>
				<ItemGroupData ItemGroupOID="medikation.medikation_complete" ItemGroupRepeatKey="1">
					<ItemData ItemOID="medikation_complete" Value="0"/>
				</ItemGroupData>
			</FormData>
			<FormData FormOID="Form.therapie" FormRepeatKey="1">
				<ItemGroupData ItemGroupOID="therapie.dialyse_hamofiltration_code" ItemGroupRepeatKey="1">
					<ItemData ItemOID="dialyse_hamofiltration_code" Value=""/>
					<ItemData ItemOID="dialyse_hamofiltration" Value=""/>
				</ItemGroupData>
				<ItemGroupData ItemGroupOID="therapie.apherese_code" ItemGroupRepeatKey="1">
					<ItemData ItemOID="apherese_code" Value=""/>
					<ItemData ItemOID="apherese" Value=""/>
				</ItemGroupData>
				<ItemGroupData ItemGroupOID="therapie.bauchlage_code" ItemGroupRepeatKey="1">
					<ItemData ItemOID="bauchlage_code" Value=""/>
					<ItemData ItemOID="bauchlage" Value=""/>
				</ItemGroupData>
				<ItemGroupData ItemGroupOID="therapie.liegt_der_patient_auf_der_intensivstationq_code" ItemGroupRepeatKey="1">
					<ItemData ItemOID="liegt_der_patient_auf_der_intensivstationq_code" Value=""/>
					<ItemData ItemOID="liegt_der_patient_auf_der_intensivstationq" Value=""/>
				</ItemGroupData>
				<ItemGroupData ItemGroupOID="therapie.ecmotherapie_code" ItemGroupRepeatKey="1">
					<ItemData ItemOID="ecmotherapie_code" Value=""/>
					<ItemData ItemOID="ecmotherapie" Value=""/>
				</ItemGroupData>
				<ItemGroupData ItemGroupOID="therapie.beatmungstherapie_code" ItemGroupRepeatKey="1">
					<ItemData ItemOID="beatmungstherapie_code" Value=""/>
					<ItemData ItemOID="beatmungstherapie" Value=""/>
				</ItemGroupData>
				<ItemGroupData ItemGroupOID="therapie.therapie_complete" ItemGroupRepeatKey="1">
					<ItemData ItemOID="therapie_complete" Value="0"/>
				</ItemGroupData>
			</FormData>
			<FormData FormOID="Form.vitalparameter" FormRepeatKey="1">
				<ItemGroupData ItemGroupOID="vitalparameter.vitalparameter_datum" ItemGroupRepeatKey="1">
					<ItemData ItemOID="vitalparameter_datum" Value=""/>
				</ItemGroupData>
				<ItemGroupData ItemGroupOID="vitalparameter.pa_co2_unit" ItemGroupRepeatKey="1">
					<ItemData ItemOID="pa_co2_unit" Value=""/>
				</ItemGroupData>
				<ItemGroupData ItemGroupOID="vitalparameter.pa_co2_code" ItemGroupRepeatKey="1">
					<ItemData ItemOID="pa_co2_code" Value=""/>
					<ItemData ItemOID="pa_co2" Value=""/>
				</ItemGroupData>
				<ItemGroupData ItemGroupOID="vitalparameter.pa_o2_unit" ItemGroupRepeatKey="1">
					<ItemData ItemOID="pa_o2_unit" Value=""/>
				</ItemGroupData>
				<ItemGroupData ItemGroupOID="vitalparameter.pa_o2_code" ItemGroupRepeatKey="1">
					<ItemData ItemOID="pa_o2_code" Value=""/>
					<ItemData ItemOID="pa_o2" Value=""/>
				</ItemGroupData>
				<ItemGroupData ItemGroupOID="vitalparameter.fi_o2_unit" ItemGroupRepeatKey="1">
					<ItemData ItemOID="fi_o2_unit" Value=""/>
				</ItemGroupData>
				<ItemGroupData ItemGroupOID="vitalparameter.fi_o2_code" ItemGroupRepeatKey="1">
					<ItemData ItemOID="fi_o2_code" Value=""/>
					<ItemData ItemOID="fi_o2" Value=""/>
				</ItemGroupData>
				<ItemGroupData ItemGroupOID="vitalparameter.p_hwert_unit" ItemGroupRepeatKey="1">
					<ItemData ItemOID="p_hwert_unit" Value=""/>
				</ItemGroupData>
				<ItemGroupData ItemGroupOID="vitalparameter.p_hwert_code" ItemGroupRepeatKey="1">
					<ItemData ItemOID="p_hwert_code" Value=""/>
					<ItemData ItemOID="p_hwert" Value=""/>
				</ItemGroupData>
				<ItemGroupData ItemGroupOID="vitalparameter.sofascore_code" ItemGroupRepeatKey="1">
					<ItemData ItemOID="sofascore_code" Value=""/>
				</ItemGroupData>
				<ItemGroupData ItemGroupOID="vitalparameter.sofa_score_resp" ItemGroupRepeatKey="1">
					<ItemData ItemOID="sofa_score_resp" Value=""/>
					<ItemData ItemOID="sofa_score_resp_calc" Value=""/>
					<ItemData ItemOID="sofa_score_ns" Value=""/>
					<ItemData ItemOID="sofa_score_ns_calc" Value=""/>
					<ItemData ItemOID="sofa_score_cvs" Value=""/>
					<ItemData ItemOID="sofa_score_cvs_calc" Value=""/>
					<ItemData ItemOID="sofa_score_liv" Value=""/>
					<ItemData ItemOID="sofa_score_liv_calc" Value=""/>
					<ItemData ItemOID="sofa_score_coa" Value=""/>
					<ItemData ItemOID="sofa_score_coa_calc" Value=""/>
					<ItemData ItemOID="sofa_score_kid" Value=""/>
					<ItemData ItemOID="sofa_score_kid_calc" Value=""/>
					<ItemData ItemOID="sofa_total_score" Value=""/>
				</ItemGroupData>
				<ItemGroupData ItemGroupOID="vitalparameter.atemfrequenz_unit" ItemGroupRepeatKey="1">
					<ItemData ItemOID="atemfrequenz_unit" Value=""/>
				</ItemGroupData>
				<ItemGroupData ItemGroupOID="vitalparameter.atemfrequenz_code" ItemGroupRepeatKey="1">
					<ItemData ItemOID="atemfrequenz_code" Value=""/>
					<ItemData ItemOID="atemfrequenz" Value=""/>
				</ItemGroupData>
				<ItemGroupData ItemGroupOID="vitalparameter.blutdruck_systolisch_unit" ItemGroupRepeatKey="1">
					<ItemData ItemOID="blutdruck_systolisch_unit" Value=""/>
				</ItemGroupData>
				<ItemGroupData ItemGroupOID="vitalparameter.blutdruck_systolisch_code" ItemGroupRepeatKey="1">
					<ItemData ItemOID="blutdruck_systolisch_code" Value=""/>
					<ItemData ItemOID="blutdruck_systolisch" Value=""/>
				</ItemGroupData>
				<ItemGroupData ItemGroupOID="vitalparameter.blutdruck_diastolisch_unit" ItemGroupRepeatKey="1">
					<ItemData ItemOID="blutdruck_diastolisch_unit" Value=""/>
				</ItemGroupData>
				<ItemGroupData ItemGroupOID="vitalparameter.blutdruck_diastolisch_code" ItemGroupRepeatKey="1">
					<ItemData ItemOID="blutdruck_diastolisch_code" Value=""/>
					<ItemData ItemOID="blutdruck_diastolisch" Value=""/>
				</ItemGroupData>
				<ItemGroupData ItemGroupOID="vitalparameter.herzfrequenz_unit" ItemGroupRepeatKey="1">
					<ItemData ItemOID="herzfrequenz_unit" Value=""/>
				</ItemGroupData>
				<ItemGroupData ItemGroupOID="vitalparameter.herzfrequenz_code" ItemGroupRepeatKey="1">
					<ItemData ItemOID="herzfrequenz_code" Value=""/>
					<ItemData ItemOID="herzfrequenz" Value=""/>
				</ItemGroupData>
				<ItemGroupData ItemGroupOID="vitalparameter.korpertemperatur_unit" ItemGroupRepeatKey="1">
					<ItemData ItemOID="korpertemperatur_unit" Value=""/>
				</ItemGroupData>
				<ItemGroupData ItemGroupOID="vitalparameter.korpertemperatur_code" ItemGroupRepeatKey="1">
					<ItemData ItemOID="korpertemperatur_code" Value=""/>
					<ItemData ItemOID="korpertemperatur" Value=""/>
				</ItemGroupData>
				<ItemGroupData ItemGroupOID="vitalparameter.periphere_sauerstoffsattigung_unit" ItemGroupRepeatKey="1">
					<ItemData ItemOID="periphere_sauerstoffsattigung_unit" Value=""/>
				</ItemGroupData>
				<ItemGroupData ItemGroupOID="vitalparameter.periphere_sauerstoffsattigung_code" ItemGroupRepeatKey="1">
					<ItemData ItemOID="periphere_sauerstoffsattigung_code" Value=""/>
					<ItemData ItemOID="periphere_sauerstoffsattigung" Value=""/>
				</ItemGroupData>
				<ItemGroupData ItemGroupOID="vitalparameter.vitalparameter_complete" ItemGroupRepeatKey="1">
					<ItemData ItemOID="vitalparameter_complete" Value="0"/>
				</ItemGroupData>
			</FormData>
			<FormData FormOID="Form.outcome_bei_entlassung" FormRepeatKey="1">
				<ItemGroupData ItemGroupOID="outcome_bei_entlassung.entlassdatum" ItemGroupRepeatKey="1">
					<ItemData ItemOID="entlassdatum" Value=""/>
				</ItemGroupData>
				<ItemGroupData ItemGroupOID="outcome_bei_entlassung.respiratorisches_outcome_code" ItemGroupRepeatKey="1">
					<ItemData ItemOID="respiratorisches_outcome_code" Value="2.16.840.1.113883.6.96_444932008"/>
					<ItemData ItemOID="respiratorisches_outcome" Value="2.16.840.1.113883.6.96_410605003"/>
				</ItemGroupData>
				<ItemGroupData ItemGroupOID="outcome_bei_entlassung.entlassungsart_code" ItemGroupRepeatKey="1">
					<ItemData ItemOID="entlassungsart_code" Value="2.16.840.1.113883.6.1_55128-3"/>
					<ItemData ItemOID="entlassungsart" Value="2.16.840.1.113883.6.96_3457005"/>
				</ItemGroupData>
				<ItemGroupData ItemGroupOID="outcome_bei_entlassung.ergebnis_folgeabstrich_code" ItemGroupRepeatKey="1">
					<ItemData ItemOID="ergebnis_folgeabstrich_code" Value="&lt;No code given!&gt;"/>
					<ItemData ItemOID="ergebnis_folgeabstrich" Value="2.16.840.1.113883.6.96_260415000"/>
				</ItemGroupData>
				<ItemGroupData ItemGroupOID="outcome_bei_entlassung.outcome_bei_entlassung_complete" ItemGroupRepeatKey="1">
					<ItemData ItemOID="outcome_bei_entlassung_complete" Value="2"/>
				</ItemGroupData>
			</FormData>
	</SubjectData>
	<SubjectData SubjectKey="7" redcap:RecordIdField="record_id">
			<FormData FormOID="Form.krankheitsbeginn_aufnahme" FormRepeatKey="1">
				<ItemGroupData ItemGroupOID="krankheitsbeginn_aufnahme.record_id" ItemGroupRepeatKey="1">
					<ItemData ItemOID="record_id" Value="7"/>
					<ItemData ItemOID="redcap_data_access_group" Value=""/>
				</ItemGroupData>
				<ItemGroupData ItemGroupOID="krankheitsbeginn_aufnahme.patient_id" ItemGroupRepeatKey="1">
					<ItemData ItemOID="patient_id" Value="888"/>
				</ItemGroupData>
				<ItemGroupData ItemGroupOID="krankheitsbeginn_aufnahme.aufnahmedatum" ItemGroupRepeatKey="1">
					<ItemData ItemOID="aufnahmedatum" Value=""/>
				</ItemGroupData>
				<ItemGroupData ItemGroupOID="krankheitsbeginn_aufnahme.erkrankungsphase_zum_zeitpunkt_der_diagnose_code" ItemGroupRepeatKey="1">
					<ItemData ItemOID="erkrankungsphase_zum_zeitpunkt_der_diagnose_code" Value="2.16.840.1.113883.6.1_88859-4__2.16.840.1.113883.6.96_385349001"/>
					<ItemData ItemOID="erkrankungsphase_zum_zeitpunkt_der_diagnose" Value="2.16.840.1.113883.6.96_6736007__2.16.840.1.113883.6.96_371924009"/>
				</ItemGroupData>
				<ItemGroupData ItemGroupOID="krankheitsbeginn_aufnahme.krankheitsbeginn_aufnahme_complete" ItemGroupRepeatKey="1">
					<ItemData ItemOID="krankheitsbeginn_aufnahme_complete" Value="2"/>
				</ItemGroupData>
			</FormData>
			<FormData FormOID="Form.studieneinschluss_einschlusskriterien" FormRepeatKey="1">
				<ItemGroupData ItemGroupOID="studieneinschluss_einschlusskriterien.covid19_aufnahme_code" ItemGroupRepeatKey="1">
					<ItemData ItemOID="covid19_aufnahme_code" Value="&lt;No code given!&gt;"/>
					<ItemData ItemOID="covid19_aufnahme" Value="2.16.840.1.113883.6.96_373066001"/>
				</ItemGroupData>
				<ItemGroupData ItemGroupOID="studieneinschluss_einschlusskriterien.interventionelle_studienteilnahme_code" ItemGroupRepeatKey="1">
					<ItemData ItemOID="interventionelle_studienteilnahme_code" Value="&lt;No code given!&gt;"/>
					<ItemData ItemOID="interventionelle_studienteilnahme" Value="2.16.840.1.113883.6.96_373067005"/>
				</ItemGroupData>
				<ItemGroupData ItemGroupOID="studieneinschluss_einschlusskriterien.studieneinschluss_einschlusskriterien_complete" ItemGroupRepeatKey="1">
					<ItemData ItemOID="studieneinschluss_einschlusskriterien_complete" Value="2"/>
				</ItemGroupData>
			</FormData>
			<FormData FormOID="Form.anamnese_risikofaktoren" FormRepeatKey="1">
				<ItemGroupData ItemGroupOID="anamnese_risikofaktoren.chronische_lungenerkrankungen_code" ItemGroupRepeatKey="1">
					<ItemData ItemOID="chronische_lungenerkrankungen_code" Value="1.2.276.0.76.5.409_J98.4__2.16.840.1.113883.6.96_413839001"/>
					<ItemData ItemOID="chronische_lungenerkrankungen" Value="1.2.276.0.76.5.409_J98.4__2.16.840.1.113883.6.96_413839001__2.16.840.1.113883.6.96_410594000"/>
				</ItemGroupData>
				<ItemGroupData ItemGroupOID="anamnese_risikofaktoren.chronische_lungenerkrankungen_asthma" ItemGroupRepeatKey="1">
					<ItemData ItemOID="chronische_lungenerkrankungen_asthma" Value=""/>
					<ItemData ItemOID="chronische_lungenerkrankungen_copd" Value=""/>
					<ItemData ItemOID="chronische_lungenerkrankungen_lungenfibrose" Value=""/>
					<ItemData ItemOID="chronische_lungenerkrankungen_lungenhochdruck_pulmonale_hypertonie" Value=""/>
					<ItemData ItemOID="chronische_lungenerkrankungen_ohs" Value=""/>
					<ItemData ItemOID="chronische_lungenerkrankungen_schlafapnoe" Value=""/>
					<ItemData ItemOID="chronische_lungenerkrankungen_osas" Value=""/>
					<ItemData ItemOID="chronische_lungenerkrankungen_cystische_fibrose" Value=""/>
					<ItemData ItemOID="chronische_lungenerkrankungen_andere" Value=""/>
					<ItemData ItemOID="chronische_lungenerkrankungen_andere_textfeld" Value=""/>
				</ItemGroupData>
				<ItemGroupData ItemGroupOID="anamnese_risikofaktoren.herzkreislauferkrankungen_code" ItemGroupRepeatKey="1">
					<ItemData ItemOID="herzkreislauferkrankungen_code" Value="1.2.276.0.76.5.409_I51.6__2.16.840.1.113883.6.96_49601007"/>
					<ItemData ItemOID="herzkreislauferkrankungen" Value="1.2.276.0.76.5.409_I51.6__2.16.840.1.113883.6.96_49601007__2.16.840.1.113883.6.96_410594000"/>
				</ItemGroupData>
				<ItemGroupData ItemGroupOID="anamnese_risikofaktoren.herzkreislauferkrankungen_bluthochdruck" ItemGroupRepeatKey="1">
					<ItemData ItemOID="herzkreislauferkrankungen_bluthochdruck" Value=""/>
					<ItemData ItemOID="herzkreislauferkrankungen_zustand_nach_herzinfarkt" Value=""/>
					<ItemData ItemOID="herzkreislauferkrankungen_herzrhythmusstoerungen" Value=""/>
					<ItemData ItemOID="herzkreislauferkrankungen_herzinsuffizienz" Value=""/>
					<ItemData ItemOID="herzkreislauferkrankungen_pavk" Value=""/>
					<ItemData ItemOID="herzkreislauferkrankungen_zustand_nach_revaskularisation" Value=""/>
					<ItemData ItemOID="herzkreislauferkrankungen_koronare_herzerkrankung_khk" Value=""/>
					<ItemData ItemOID="herzkreislauferkrankungen_carotisstenose" Value=""/>
					<ItemData ItemOID="herzkreislauferkrankungen_andere" Value=""/>
					<ItemData ItemOID="herzkreislauferkrankungen_andere_textfeld" Value=""/>
				</ItemGroupData>
				<ItemGroupData ItemGroupOID="anamnese_risikofaktoren.chronische_lebererkrankungen_code" ItemGroupRepeatKey="1">
					<ItemData ItemOID="chronische_lebererkrankungen_code" Value="1.2.276.0.76.5.409_K76.9__2.16.840.1.113883.6.96_328383001"/>
					<ItemData ItemOID="chronische_lebererkrankungen" Value=""/>
				</ItemGroupData>
				<ItemGroupData ItemGroupOID="anamnese_risikofaktoren.chronische_lebererkrankungen_fettleber" ItemGroupRepeatKey="1">
					<ItemData ItemOID="chronische_lebererkrankungen_fettleber" Value=""/>
					<ItemData ItemOID="chronische_lebererkrankungen_leberzirrhose" Value=""/>
					<ItemData ItemOID="chronische_lebererkrankungen_chronische_infektioese_hepatitis" Value=""/>
					<ItemData ItemOID="chronische_lebererkrankungen_autoimmune_lebererkrankungen" Value=""/>
					<ItemData ItemOID="chronische_lebererkrankungen_andere" Value=""/>
					<ItemData ItemOID="chronische_lebererkrankungen_andere_textfeld" Value=""/>
				</ItemGroupData>
				<ItemGroupData ItemGroupOID="anamnese_risikofaktoren.rheumatologischeimmunologische_erkrankungen_code" ItemGroupRepeatKey="1">
					<ItemData ItemOID="rheumatologischeimmunologische_erkrankungen_code" Value="2.16.840.1.113883.6.96_396332003__2.16.840.1.113883.6.96_414029004"/>
					<ItemData ItemOID="rheumatologischeimmunologische_erkrankungen" Value="2.16.840.1.113883.6.96_396332003__2.16.840.1.113883.6.96_414029004__2.16.840.1.113883.6.96_410594000"/>
				</ItemGroupData>
				<ItemGroupData ItemGroupOID="anamnese_risikofaktoren.rheumatologischeimmunologische_erkrankungen_chronisch_entzuendl_darmerkrankung" ItemGroupRepeatKey="1">
					<ItemData ItemOID="rheumatologischeimmunologische_erkrankungen_chronisch_entzuendl_darmerkrankung" Value=""/>
					<ItemData ItemOID="rheumatologischeimmunologische_erkrankungen_rheumatoide_arthritis" Value=""/>
					<ItemData ItemOID="rheumatologischeimmunologische_erkrankungen_kollagenosen" Value=""/>
					<ItemData ItemOID="rheumatologischeimmunologische_erkrankungen_vaskulitiden" Value=""/>
					<ItemData ItemOID="rheumatologischeimmunologische_erkrankungen_angeborene_immundefekte" Value=""/>
					<ItemData ItemOID="rheumatologischeimmunologische_erkrankungen_andere" Value=""/>
					<ItemData ItemOID="rheumatologischeimmunologische_erkrankungen_andere_textfeld" Value=""/>
				</ItemGroupData>
				<ItemGroupData ItemGroupOID="anamnese_risikofaktoren.bestehende_hivinfektion_code" ItemGroupRepeatKey="1">
					<ItemData ItemOID="bestehende_hivinfektion_code" Value="1.2.276.0.76.5.409_B24__2.16.840.1.113883.6.96_86406008"/>
					<ItemData ItemOID="bestehende_hivinfektion" Value="2.16.840.1.113883.6.96_410605003"/>
				</ItemGroupData>
				<ItemGroupData ItemGroupOID="anamnese_risikofaktoren.organtransplantiert_code" ItemGroupRepeatKey="1">
					<ItemData ItemOID="organtransplantiert_code" Value="1.2.276.0.76.5.409_Z94.9__2.16.840.1.113883.6.96_161663000"/>
					<ItemData ItemOID="organtransplantiert" Value="1.2.276.0.76.5.409_Z94.9__2.16.840.1.113883.6.96_161663000__2.16.840.1.113883.6.96_410594000"/>
				</ItemGroupData>
				<ItemGroupData ItemGroupOID="anamnese_risikofaktoren.organtransplantiert_herz" ItemGroupRepeatKey="1">
					<ItemData ItemOID="organtransplantiert_herz" Value=""/>
					<ItemData ItemOID="organtransplantiert_lunge" Value=""/>
					<ItemData ItemOID="organtransplantiert_leber" Value=""/>
					<ItemData ItemOID="organtransplantiert_nieren" Value=""/>
					<ItemData ItemOID="organtransplantiert_darm" Value=""/>
					<ItemData ItemOID="organtransplantiert_haut" Value=""/>
					<ItemData ItemOID="organtransplantiert_hornhaut" Value=""/>
					<ItemData ItemOID="organtransplantiert_gehoerknoechelchen" Value=""/>
					<ItemData ItemOID="organtransplantiert_herzklappen" Value=""/>
					<ItemData ItemOID="organtransplantiert_blutgefaess" Value=""/>
					<ItemData ItemOID="organtransplantiert_hirnhaut" Value=""/>
					<ItemData ItemOID="organtransplantiert_knochengewebe" Value=""/>
					<ItemData ItemOID="organtransplantiert_knorpelgewebe" Value=""/>
					<ItemData ItemOID="organtransplantiert_sehne" Value=""/>
				</ItemGroupData>
				<ItemGroupData ItemGroupOID="anamnese_risikofaktoren.diabetes_code" ItemGroupRepeatKey="1">
					<ItemData ItemOID="diabetes_code" Value="1.2.276.0.76.5.409_E14__2.16.840.1.113883.6.96_73211009"/>
					<ItemData ItemOID="diabetes" Value="2.16.840.1.113883.6.96_237599002"/>
				</ItemGroupData>
				<ItemGroupData ItemGroupOID="anamnese_risikofaktoren.aktive_tumorkrebserkrankungen_code" ItemGroupRepeatKey="1">
					<ItemData ItemOID="aktive_tumorkrebserkrankungen_code" Value="1.2.276.0.76.5.409_C80.9__2.16.840.1.113883.6.96_363346000"/>
					<ItemData ItemOID="aktive_tumorkrebserkrankungen" Value="2.16.840.1.113883.4.642.1.1074_active"/>
				</ItemGroupData>
				<ItemGroupData ItemGroupOID="anamnese_risikofaktoren.raucherstatus_code" ItemGroupRepeatKey="1">
					<ItemData ItemOID="raucherstatus_code" Value="2.16.840.1.113883.6.1_72166-2"/>
					<ItemData ItemOID="raucherstatus" Value="2.16.840.1.113883.6.1_LA18978-9"/>
				</ItemGroupData>
				<ItemGroupData ItemGroupOID="anamnese_risikofaktoren.chronische_neurologische_oder_psychiatrische_erkrankungen_code" ItemGroupRepeatKey="1">
					<ItemData ItemOID="chronische_neurologische_oder_psychiatrische_erkrankungen_code" Value="1.2.276.0.76.5.409_F99__1.2.276.0.76.5.409_G96.9__2.16.840.1.113883.6.96_74732009__2.16.840.1.113883.6.96_128283000"/>
					<ItemData ItemOID="chronische_neurologische_oder_psychiatrische_erkrankungen" Value="1.2.276.0.76.5.409_F99__1.2.276.0.76.5.409_G96.9__2.16.840.1.113883.6.96_74732009__2.16.840.1.113883.6.96_128283000__2.16.840.1.113883.6.96_410605003"/>
				</ItemGroupData>
				<ItemGroupData ItemGroupOID="anamnese_risikofaktoren.chronische_neurologische_oder_psychiatrische_erkrankungen_m_parkinson" ItemGroupRepeatKey="1">
					<ItemData ItemOID="chronische_neurologische_oder_psychiatrische_erkrankungen_m_parkinson" Value="1.2.276.0.76.5.409_G20__2.16.840.1.113883.6.96_49049000__2.16.840.1.113883.6.96_410605003"/>
					<ItemData ItemOID="chronische_neurologische_oder_psychiatrische_erkrankungen_demenz" Value="1.2.276.0.76.5.409_F03__2.16.840.1.113883.6.96_52448006__2.16.840.1.113883.6.96_410605003"/>
					<ItemData ItemOID="chronische_neurologische_oder_psychiatrische_erkrankungen_multiple_sklerose" Value="1.2.276.0.76.5.409_G35__2.16.840.1.113883.6.96_24700007__2.16.840.1.113883.6.96_410594000"/>
					<ItemData ItemOID="chronische_neurologische_oder_psychiatrische_erkrankungen_neuromuskulaere_erkrankungen" Value="1.2.276.0.76.5.409_G70.9__2.16.840.1.113883.6.96_257277002__2.16.840.1.113883.6.96_410594000"/>
					<ItemData ItemOID="chronische_neurologische_oder_psychiatrische_erkrankungen_epilepsie" Value="1.2.276.0.76.5.409_G40.9__2.16.840.1.113883.6.96_84757009__2.16.840.1.113883.6.96_410605003"/>
					<ItemData ItemOID="chronische_neurologische_oder_psychiatrische_erkrankungen_migraene" Value="1.2.276.0.76.5.409_G43.9__2.16.840.1.113883.6.96_37796009__2.16.840.1.113883.6.96_410594000"/>
					<ItemData ItemOID="chronische_neurologische_oder_psychiatrische_erkrankungen_zn_apoplex_mit_residuen" Value="1.2.276.0.76.5.409_I69.4__2.16.840.1.113883.6.96_440140008__2.16.840.1.113883.6.96_410605003"/>
					<ItemData ItemOID="chronische_neurologische_oder_psychiatrische_erkrankungen_zn_apoplex_ohne_residuen" Value="1.2.276.0.76.5.409_Z86.7__2.16.840.1.113883.6.96_429993008__2.16.840.1.113883.6.96_410594000"/>
					<ItemData ItemOID="chronische_neurologische_oder_psychiatrische_erkrankungen_psychose" Value="1.2.276.0.76.5.409_F29__2.16.840.1.113883.6.96_69322001__2.16.840.1.113883.6.96_410594000"/>
					<ItemData ItemOID="chronische_neurologische_oder_psychiatrische_erkrankungen_depression" Value="1.2.276.0.76.5.409_F32.9__2.16.840.1.113883.6.96_35489007__2.16.840.1.113883.6.96_410594000"/>
					<ItemData ItemOID="chronische_neurologische_oder_psychiatrische_erkrankungen_angsterkrankung" Value="1.2.276.0.76.5.409_F41.9__2.16.840.1.113883.6.96_197480006__2.16.840.1.113883.6.96_410594000"/>
				</ItemGroupData>
				<ItemGroupData ItemGroupOID="anamnese_risikofaktoren.bestehende_sauerstoff_oder_beatmungstherapie_code" ItemGroupRepeatKey="1">
					<ItemData ItemOID="bestehende_sauerstoff_oder_beatmungstherapie_code" Value="2.16.840.1.113883.6.96_53950000"/>
					<ItemData ItemOID="bestehende_sauerstoff_oder_beatmungstherapie" Value="2.16.840.1.113883.4.642.4.1048_not-performed__2.16.840.1.113883.4.642.4.110_not-done"/>
				</ItemGroupData>
				<ItemGroupData ItemGroupOID="anamnese_risikofaktoren.chronische_nierenerkrankungen_code" ItemGroupRepeatKey="1">
					<ItemData ItemOID="chronische_nierenerkrankungen_code" Value="1.2.276.0.76.5.409_N18.9__2.16.840.1.113883.6.96_709044004"/>
					<ItemData ItemOID="chronische_nierenerkrankungen" Value="2.16.840.1.113883.6.96_410594000"/>
				</ItemGroupData>
				<ItemGroupData ItemGroupOID="anamnese_risikofaktoren.chronische_nierenerkrankungen_schweregrad" ItemGroupRepeatKey="1">
					<ItemData ItemOID="chronische_nierenerkrankungen_schweregrad" Value=""/>
				</ItemGroupData>
				<ItemGroupData ItemGroupOID="anamnese_risikofaktoren.reiseaktivitat_code" ItemGroupRepeatKey="1">
					<ItemData ItemOID="reiseaktivitat_code" Value="2.16.840.1.113883.6.1_8691-8__2.16.840.1.113883.6.96_443846001"/>
					<ItemData ItemOID="reiseaktivitat" Value="2.16.840.1.113883.6.96_373067005"/>
				</ItemGroupData>
				<ItemGroupData ItemGroupOID="anamnese_risikofaktoren.reiseaktivitat_start_date_1" ItemGroupRepeatKey="1">
					<ItemData ItemOID="reiseaktivitat_start_date_1" Value=""/>
				</ItemGroupData>
				<ItemGroupData ItemGroupOID="anamnese_risikofaktoren.reiseaktivitat_country_1" ItemGroupRepeatKey="1">
					<ItemData ItemOID="reiseaktivitat_country_1" Value=""/>
					<ItemData ItemOID="reiseaktivitat_state_1" Value=""/>
					<ItemData ItemOID="reiseaktivitat_city_1" Value=""/>
					<ItemData ItemOID="reiseaktivitat_end_date_1" Value=""/>
				</ItemGroupData>
				<ItemGroupData ItemGroupOID="anamnese_risikofaktoren.reiseaktivitat_start_date_2" ItemGroupRepeatKey="1">
					<ItemData ItemOID="reiseaktivitat_start_date_2" Value=""/>
				</ItemGroupData>
				<ItemGroupData ItemGroupOID="anamnese_risikofaktoren.reiseaktivitat_country_2" ItemGroupRepeatKey="1">
					<ItemData ItemOID="reiseaktivitat_country_2" Value=""/>
					<ItemData ItemOID="reiseaktivitat_state_2" Value=""/>
					<ItemData ItemOID="reiseaktivitat_city_2" Value=""/>
					<ItemData ItemOID="reiseaktivitat_end_date_2" Value=""/>
				</ItemGroupData>
				<ItemGroupData ItemGroupOID="anamnese_risikofaktoren.reiseaktivitat_start_date_3" ItemGroupRepeatKey="1">
					<ItemData ItemOID="reiseaktivitat_start_date_3" Value=""/>
				</ItemGroupData>
				<ItemGroupData ItemGroupOID="anamnese_risikofaktoren.reiseaktivitat_country_3" ItemGroupRepeatKey="1">
					<ItemData ItemOID="reiseaktivitat_country_3" Value=""/>
					<ItemData ItemOID="reiseaktivitat_state_3" Value=""/>
					<ItemData ItemOID="reiseaktivitat_city_3" Value=""/>
					<ItemData ItemOID="reiseaktivitat_end_date_3" Value=""/>
				</ItemGroupData>
				<ItemGroupData ItemGroupOID="anamnese_risikofaktoren.reiseaktivitat_start_date_4" ItemGroupRepeatKey="1">
					<ItemData ItemOID="reiseaktivitat_start_date_4" Value=""/>
				</ItemGroupData>
				<ItemGroupData ItemGroupOID="anamnese_risikofaktoren.reiseaktivitat_country_4" ItemGroupRepeatKey="1">
					<ItemData ItemOID="reiseaktivitat_country_4" Value=""/>
					<ItemData ItemOID="reiseaktivitat_state_4" Value=""/>
					<ItemData ItemOID="reiseaktivitat_city_4" Value=""/>
					<ItemData ItemOID="reiseaktivitat_end_date_4" Value=""/>
				</ItemGroupData>
				<ItemGroupData ItemGroupOID="anamnese_risikofaktoren.reiseaktivitat_start_date_5" ItemGroupRepeatKey="1">
					<ItemData ItemOID="reiseaktivitat_start_date_5" Value=""/>
				</ItemGroupData>
				<ItemGroupData ItemGroupOID="anamnese_risikofaktoren.reiseaktivitat_country_5" ItemGroupRepeatKey="1">
					<ItemData ItemOID="reiseaktivitat_country_5" Value=""/>
					<ItemData ItemOID="reiseaktivitat_state_5" Value=""/>
					<ItemData ItemOID="reiseaktivitat_city_5" Value=""/>
					<ItemData ItemOID="reiseaktivitat_end_date_5" Value=""/>
				</ItemGroupData>
				<ItemGroupData ItemGroupOID="anamnese_risikofaktoren.reiseaktivitat_start_date_6" ItemGroupRepeatKey="1">
					<ItemData ItemOID="reiseaktivitat_start_date_6" Value=""/>
				</ItemGroupData>
				<ItemGroupData ItemGroupOID="anamnese_risikofaktoren.reiseaktivitat_country_6" ItemGroupRepeatKey="1">
					<ItemData ItemOID="reiseaktivitat_country_6" Value=""/>
					<ItemData ItemOID="reiseaktivitat_state_6" Value=""/>
					<ItemData ItemOID="reiseaktivitat_city_6" Value=""/>
					<ItemData ItemOID="reiseaktivitat_end_date_6" Value=""/>
				</ItemGroupData>
				<ItemGroupData ItemGroupOID="anamnese_risikofaktoren.reiseaktivitat_start_date_7" ItemGroupRepeatKey="1">
					<ItemData ItemOID="reiseaktivitat_start_date_7" Value=""/>
				</ItemGroupData>
				<ItemGroupData ItemGroupOID="anamnese_risikofaktoren.reiseaktivitat_country_7" ItemGroupRepeatKey="1">
					<ItemData ItemOID="reiseaktivitat_country_7" Value=""/>
					<ItemData ItemOID="reiseaktivitat_state_7" Value=""/>
					<ItemData ItemOID="reiseaktivitat_city_7" Value=""/>
					<ItemData ItemOID="reiseaktivitat_end_date_7" Value=""/>
				</ItemGroupData>
				<ItemGroupData ItemGroupOID="anamnese_risikofaktoren.reiseaktivitat_start_date_8" ItemGroupRepeatKey="1">
					<ItemData ItemOID="reiseaktivitat_start_date_8" Value=""/>
				</ItemGroupData>
				<ItemGroupData ItemGroupOID="anamnese_risikofaktoren.reiseaktivitat_country_8" ItemGroupRepeatKey="1">
					<ItemData ItemOID="reiseaktivitat_country_8" Value=""/>
					<ItemData ItemOID="reiseaktivitat_state_8" Value=""/>
					<ItemData ItemOID="reiseaktivitat_city_8" Value=""/>
					<ItemData ItemOID="reiseaktivitat_end_date_8" Value=""/>
				</ItemGroupData>
				<ItemGroupData ItemGroupOID="anamnese_risikofaktoren.reiseaktivitat_start_date_9" ItemGroupRepeatKey="1">
					<ItemData ItemOID="reiseaktivitat_start_date_9" Value=""/>
				</ItemGroupData>
				<ItemGroupData ItemGroupOID="anamnese_risikofaktoren.reiseaktivitat_country_9" ItemGroupRepeatKey="1">
					<ItemData ItemOID="reiseaktivitat_country_9" Value=""/>
					<ItemData ItemOID="reiseaktivitat_state_9" Value=""/>
					<ItemData ItemOID="reiseaktivitat_city_9" Value=""/>
					<ItemData ItemOID="reiseaktivitat_end_date_9" Value=""/>
				</ItemGroupData>
				<ItemGroupData ItemGroupOID="anamnese_risikofaktoren.reiseaktivitat_start_date_10" ItemGroupRepeatKey="1">
					<ItemData ItemOID="reiseaktivitat_start_date_10" Value=""/>
				</ItemGroupData>
				<ItemGroupData ItemGroupOID="anamnese_risikofaktoren.reiseaktivitat_country_10" ItemGroupRepeatKey="1">
					<ItemData ItemOID="reiseaktivitat_country_10" Value=""/>
					<ItemData ItemOID="reiseaktivitat_state_10" Value=""/>
					<ItemData ItemOID="reiseaktivitat_city_10" Value=""/>
					<ItemData ItemOID="reiseaktivitat_end_date_10" Value=""/>
				</ItemGroupData>
				<ItemGroupData ItemGroupOID="anamnese_risikofaktoren.magengeschwure_code" ItemGroupRepeatKey="1">
					<ItemData ItemOID="magengeschwure_code" Value="1.2.276.0.76.5.409_K28__2.16.840.1.113883.6.96_40845000"/>
					<ItemData ItemOID="magengeschwure" Value="2.16.840.1.113883.6.96_410594000"/>
				</ItemGroupData>
				<ItemGroupData ItemGroupOID="anamnese_risikofaktoren.impfungen_code" ItemGroupRepeatKey="1">
					<ItemData ItemOID="impfungen_code" Value="&lt;No code given!&gt;"/>
				</ItemGroupData>
				<ItemGroupData ItemGroupOID="anamnese_risikofaktoren.impfungen_influenza" ItemGroupRepeatKey="1">
					<ItemData ItemOID="impfungen_influenza" Value="2.16.840.1.113883.6.96_6142004__2.16.840.1.113883.6.96_410594000"/>
					<ItemData ItemOID="impfungen_pneumokokken" Value="2.16.840.1.113883.6.96_16814004__2.16.840.1.113883.6.96_410594000"/>
					<ItemData ItemOID="impfungen_bcg" Value="2.16.840.1.113883.6.96_56717001__2.16.840.1.113883.6.96_410594000"/>
					<ItemData ItemOID="impfungen_covid_19" Value="2.16.840.1.113883.6.96_840539006__2.16.840.1.113883.6.96_410594000"/>
					<ItemData ItemOID="impfungen_andere" Value="NoCodeSystem_NoCode__2.16.840.1.113883.6.96_410594000"/>
					<ItemData ItemOID="impfungen_influenza_datum" Value=""/>
					<ItemData ItemOID="impfungen_pneumokokken_datum" Value=""/>
					<ItemData ItemOID="impfungen_bcg_datum" Value=""/>
					<ItemData ItemOID="impfungen_covid_19_datum" Value=""/>
					<ItemData ItemOID="impfungen_andere_datum" Value=""/>
					<ItemData ItemOID="impfungen_andere_textfeld" Value=""/>
				</ItemGroupData>
				<ItemGroupData ItemGroupOID="anamnese_risikofaktoren.dnranordnung_code" ItemGroupRepeatKey="1">
					<ItemData ItemOID="dnranordnung_code" Value="2.16.840.1.113883.6.96_304251008"/>
					<ItemData ItemOID="dnranordnung" Value="2.16.840.1.113883.6.96_304253006"/>
				</ItemGroupData>
				<ItemGroupData ItemGroupOID="anamnese_risikofaktoren.anamnese_risikofaktoren_complete" ItemGroupRepeatKey="1">
					<ItemData ItemOID="anamnese_risikofaktoren_complete" Value="2"/>
				</ItemGroupData>
			</FormData>
			<FormData FormOID="Form.bildgebung" FormRepeatKey="1">
				<ItemGroupData ItemGroupOID="bildgebung.bildgebende_verfahren_code" ItemGroupRepeatKey="1">
					<ItemData ItemOID="bildgebende_verfahren_code" Value="2.16.840.1.113883.6.96_363679005"/>
					<ItemData ItemOID="bildgebende_verfahren" Value="1"/>
				</ItemGroupData>
				<ItemGroupData ItemGroupOID="bildgebung.bildgebende_verfahren_ct" ItemGroupRepeatKey="1">
					<ItemData ItemOID="bildgebende_verfahren_ct" Value="1.2.840.10008.2.16.4_CT__2.16.840.1.113883.6.96_77477000COLON363704007EQUAL39607008__2.16.840.1.113883.6.96_410605003"/>
					<ItemData ItemOID="bildgebende_verfahren_roentgen" Value="1.2.840.10008.2.16.4_RG__2.16.840.1.113883.6.96_168537006COLON363704007EQUAL39607008__2.16.840.1.113883.6.96_410594000"/>
					<ItemData ItemOID="bildgebende_verfahren_us" Value="1.2.840.10008.2.16.4_US__2.16.840.1.113883.6.96_16310003COLON363704007EQUAL39607008__2.16.840.1.113883.6.96_410594000"/>
				</ItemGroupData>
				<ItemGroupData ItemGroupOID="bildgebung.befund_bildgebender_verfahren_code" ItemGroupRepeatKey="1">
					<ItemData ItemOID="befund_bildgebender_verfahren_code" Value="2.16.840.1.113883.6.96_118247008"/>
				</ItemGroupData>
				<ItemGroupData ItemGroupOID="bildgebung.befund_bildgebender_verfahren_ct" ItemGroupRepeatKey="1">
					<ItemData ItemOID="befund_bildgebender_verfahren_ct" Value=""/>
					<ItemData ItemOID="befund_bildgebender_verfahren_roentgen" Value=""/>
					<ItemData ItemOID="befund_bildgebender_verfahren_us" Value=""/>
				</ItemGroupData>
				<ItemGroupData ItemGroupOID="bildgebung.bildgebung_complete" ItemGroupRepeatKey="1">
					<ItemData ItemOID="bildgebung_complete" Value="2"/>
				</ItemGroupData>
			</FormData>
			<FormData FormOID="Form.demographie" FormRepeatKey="1">
				<ItemGroupData ItemGroupOID="demographie.geburtsdatum_code" ItemGroupRepeatKey="1">
					<ItemData ItemOID="geburtsdatum_code" Value="2.16.840.1.113883.6.1_21112-8__2.16.840.1.113883.6.96_184099003"/>
					<ItemData ItemOID="geburtsdatum" Value="2013-11-19"/>
				</ItemGroupData>
				<ItemGroupData ItemGroupOID="demographie.ethnische_zugehorigkeit_code" ItemGroupRepeatKey="1">
					<ItemData ItemOID="ethnische_zugehorigkeit_code" Value="2.16.840.1.113883.6.96_372148003"/>
					<ItemData ItemOID="ethnische_zugehorigkeit" Value="2.16.840.1.113883.6.96_186019001"/>
				</ItemGroupData>
				<ItemGroupData ItemGroupOID="demographie.biologisches_geschlecht_code" ItemGroupRepeatKey="1">
					<ItemData ItemOID="biologisches_geschlecht_code" Value="2.16.840.1.113883.6.1_76689-9"/>
					<ItemData ItemOID="biologisches_geschlecht" Value="1.2.276.0.76.5.483_X"/>
				</ItemGroupData>
				<ItemGroupData ItemGroupOID="demographie.schwangerschaft_code" ItemGroupRepeatKey="1">
					<ItemData ItemOID="schwangerschaft_code" Value="2.16.840.1.113883.6.1_82810-3"/>
					<ItemData ItemOID="schwangerschaft" Value=""/>
				</ItemGroupData>
				<ItemGroupData ItemGroupOID="demographie.alter_code" ItemGroupRepeatKey="1">
					<ItemData ItemOID="alter_code" Value="2.16.840.1.113883.6.1_30525-0__2.16.840.1.113883.6.96_424144002"/>
					<ItemData ItemOID="alter" Value=""/>
				</ItemGroupData>
				<ItemGroupData ItemGroupOID="demographie.frailtyscore_code" ItemGroupRepeatKey="1">
					<ItemData ItemOID="frailtyscore_code" Value="2.16.840.1.113883.6.96_763264000"/>
					<ItemData ItemOID="frailtyscore" Value="2.25.289763784830452322853973378638183835703_4"/>
				</ItemGroupData>
				<ItemGroupData ItemGroupOID="demographie.gewicht_unit" ItemGroupRepeatKey="1">
					<ItemData ItemOID="gewicht_unit" Value="1"/>
				</ItemGroupData>
				<ItemGroupData ItemGroupOID="demographie.gewicht_code" ItemGroupRepeatKey="1">
					<ItemData ItemOID="gewicht_code" Value="2.16.840.1.113883.6.1_29463-7__2.16.840.1.113883.6.96_27113001"/>
					<ItemData ItemOID="gewicht" Value="20"/>
				</ItemGroupData>
				<ItemGroupData ItemGroupOID="demographie.korpergrose_unit" ItemGroupRepeatKey="1">
					<ItemData ItemOID="korpergrose_unit" Value="1"/>
				</ItemGroupData>
				<ItemGroupData ItemGroupOID="demographie.korpergrose_code" ItemGroupRepeatKey="1">
					<ItemData ItemOID="korpergrose_code" Value="2.16.840.1.113883.6.1_8302-2__2.16.840.1.113883.6.96_50373000"/>
					<ItemData ItemOID="korpergrose" Value="145"/>
				</ItemGroupData>
				<ItemGroupData ItemGroupOID="demographie.demographie_complete" ItemGroupRepeatKey="1">
					<ItemData ItemOID="demographie_complete" Value="2"/>
				</ItemGroupData>
			</FormData>
			<FormData FormOID="Form.epidemiologische_faktoren" FormRepeatKey="1">
				<ItemGroupData ItemGroupOID="epidemiologische_faktoren.kontakt_mit_an_covid19_erkrankter_personq_code" ItemGroupRepeatKey="1">
					<ItemData ItemOID="kontakt_mit_an_covid19_erkrankter_personq_code" Value="2.16.840.1.113883.6.1_88636-6"/>
					<ItemData ItemOID="kontakt_mit_an_covid19_erkrankter_personq" Value="2.16.840.1.113883.6.96_373067005"/>
				</ItemGroupData>
				<ItemGroupData ItemGroupOID="epidemiologische_faktoren.epidemiologische_faktoren_complete" ItemGroupRepeatKey="1">
					<ItemData ItemOID="epidemiologische_faktoren_complete" Value="2"/>
				</ItemGroupData>
			</FormData>
			<FormData FormOID="Form.komplikationen" FormRepeatKey="1">
				<ItemGroupData ItemGroupOID="komplikationen.komplikation_code" ItemGroupRepeatKey="1">
					<ItemData ItemOID="komplikation_code" Value="2.16.840.1.113883.6.1_19817-6__2.16.840.1.113883.6.96_116223007"/>
					<ItemData ItemOID="komplikation" Value="2"/>
				</ItemGroupData>
				<ItemGroupData ItemGroupOID="komplikationen.komplikation_thrombembolische_ereignisse" ItemGroupRepeatKey="1">
					<ItemData ItemOID="komplikation_thrombembolische_ereignisse" Value=""/>
					<ItemData ItemOID="komplikation_venoese_thrombose" Value=""/>
					<ItemData ItemOID="komplikation_lungenarterienembolie" Value=""/>
					<ItemData ItemOID="komplikation_stroke" Value=""/>
					<ItemData ItemOID="komplikation_myokardinfarkt" Value=""/>
					<ItemData ItemOID="komplikation_andere" Value=""/>
					<ItemData ItemOID="komplikation_andere_textfeld" Value=""/>
					<ItemData ItemOID="komplikation_pulmonale_co_infektionen" Value=""/>
					<ItemData ItemOID="komplikation_blutstrominfektionen" Value=""/>
				</ItemGroupData>
				<ItemGroupData ItemGroupOID="komplikationen.komplikationen_complete" ItemGroupRepeatKey="1">
					<ItemData ItemOID="komplikationen_complete" Value="2"/>
				</ItemGroupData>
			</FormData>
			<FormData FormOID="Form.symptome" FormRepeatKey="1">
				<ItemGroupData ItemGroupOID="symptome.symptome_code" ItemGroupRepeatKey="1">
					<ItemData ItemOID="symptome_code" Value="2.16.840.1.113883.6.1_75325-1"/>
					<ItemData ItemOID="symptome" Value="3"/>
				</ItemGroupData>
				<ItemGroupData ItemGroupOID="symptome.symptome_geruchs_bzw_geschmacksstoerungen" ItemGroupRepeatKey="1">
					<ItemData ItemOID="symptome_geruchs_bzw_geschmacksstoerungen" Value="2.16.840.1.113883.6.96_36955009__2.16.840.1.113883.6.96_44169009__2.16.840.1.113883.6.96_410594000"/>
					<ItemData ItemOID="symptome_bauchschmerzen" Value="2.16.840.1.113883.6.96_21522001__2.16.840.1.113883.6.96_410594000"/>
					<ItemData ItemOID="symptome_bewusstseinsstoerungen_verwirrtheit" Value="2.16.840.1.113883.6.96_40917007__2.16.840.1.113883.6.96_410605003"/>
					<ItemData ItemOID="symptome_durchfall" Value="2.16.840.1.113883.6.96_62315008__2.16.840.1.113883.6.96_261665006"/>
					<ItemData ItemOID="symptome_erbrechen" Value="2.16.840.1.113883.6.96_422400008__2.16.840.1.113883.6.96_261665006"/>
					<ItemData ItemOID="symptome_husten" Value="2.16.840.1.113883.6.96_49727002__2.16.840.1.113883.6.96_410594000"/>
					<ItemData ItemOID="symptome_kurzatmigkeit_dyspnoe" Value="2.16.840.1.113883.6.96_267036007__2.16.840.1.113883.6.96_261665006"/>
					<ItemData ItemOID="symptome_uebelkeit" Value="2.16.840.1.113883.6.96_422587007__2.16.840.1.113883.6.96_410594000"/>
					<ItemData ItemOID="symptome_fieber" Value="2.16.840.1.113883.6.96_426000000__2.16.840.1.113883.6.96_261665006"/>
					<ItemData ItemOID="symptome_kopfschmerzen" Value="2.16.840.1.113883.6.96_25064002__2.16.840.1.113883.6.96_410594000"/>
					<ItemData ItemOID="symptome_andere_symptome" Value="NoCodeSystem_NoCode__2.16.840.1.113883.6.96_261665006"/>
					<ItemData ItemOID="symptome_andere_symptome_textfeld" Value=""/>
				</ItemGroupData>
				<ItemGroupData ItemGroupOID="symptome.schweregrad_code" ItemGroupRepeatKey="1">
					<ItemData ItemOID="schweregrad_code" Value="&lt;No code given!&gt;"/>
				</ItemGroupData>
				<ItemGroupData ItemGroupOID="symptome.symptome_geruchs_bzw_geschmacksstoerungen_schweregrad" ItemGroupRepeatKey="1">
					<ItemData ItemOID="symptome_geruchs_bzw_geschmacksstoerungen_schweregrad" Value=""/>
					<ItemData ItemOID="symptome_bauchschmerzen_schweregrad" Value=""/>
					<ItemData ItemOID="symptome_bewusstseinsstoerungen_verwirrtheit_schweregrad" Value=""/>
					<ItemData ItemOID="symptome_durchfall_schweregrad" Value=""/>
					<ItemData ItemOID="symptome_erbrechen_schweregrad" Value=""/>
					<ItemData ItemOID="symptome_husten_schweregrad" Value=""/>
					<ItemData ItemOID="symptome_kurzatmigkeit_dyspnoe_schweregrad" Value=""/>
					<ItemData ItemOID="symptome_uebelkeit_schweregrad" Value=""/>
					<ItemData ItemOID="symptome_fieber_schweregrad" Value=""/>
					<ItemData ItemOID="symptome_kopfschmerzen_schweregrad" Value=""/>
					<ItemData ItemOID="symptome_andere_symptome_schweregrad" Value=""/>
				</ItemGroupData>
				<ItemGroupData ItemGroupOID="symptome.symptome_complete" ItemGroupRepeatKey="1">
					<ItemData ItemOID="symptome_complete" Value="2"/>
				</ItemGroupData>
			</FormData>
			<FormData FormOID="Form.medikation" FormRepeatKey="1">
				<ItemGroupData ItemGroupOID="medikation.medikation_datum" ItemGroupRepeatKey="1">
					<ItemData ItemOID="medikation_datum" Value=""/>
				</ItemGroupData>
				<ItemGroupData ItemGroupOID="medikation.covid19therapie_code" ItemGroupRepeatKey="1">
					<ItemData ItemOID="covid19therapie_code" Value="&lt;No code given!&gt;"/>
					<ItemData ItemOID="covid19therapie" Value="1"/>
				</ItemGroupData>
				<ItemGroupData ItemGroupOID="medikation.covid19therapie_antipyretika" ItemGroupRepeatKey="1">
					<ItemData ItemOID="covid19therapie_antipyretika" Value=""/>
					<ItemData ItemOID="covid19therapie_kortikosteroide" Value=""/>
					<ItemData ItemOID="covid19therapie_kortikosteroide_code" Value=""/>
					<ItemData ItemOID="covid19therapie_atazanavir" Value=""/>
					<ItemData ItemOID="covid19therapie_atazanavir_code" Value=""/>
					<ItemData ItemOID="covid19therapie_darunavir" Value=""/>
					<ItemData ItemOID="covid19therapie_darunavir_code" Value=""/>
					<ItemData ItemOID="covid19therapie_chloroquine_phosphate" Value=""/>
					<ItemData ItemOID="covid19therapie_hydroxychloroquine" Value=""/>
					<ItemData ItemOID="covid19therapie_ivermectin" Value=""/>
					<ItemData ItemOID="covid19therapie_lopinavir_ritonavir" Value=""/>
					<ItemData ItemOID="covid19therapie_ganciclovir" Value=""/>
					<ItemData ItemOID="covid19therapie_oseltamivir" Value="1.2.276.0.76.5.498_J05AH02__2.16.840.1.113883.6.96_386142008__2.16.840.1.113883.6.96_410594000"/>
					<ItemData ItemOID="covid19therapie_remdesivir" Value="2.16.840.1.113883.4.9_3QKI37EEHE__2.16.840.1.113883.6.96_870518005__2.16.840.1.113883.6.96_410605003"/>
					<ItemData ItemOID="covid19therapie_ribavirin" Value=""/>
					<ItemData ItemOID="covid19therapie_camostat" Value=""/>
					<ItemData ItemOID="covid19therapie_favipiravir" Value=""/>
					<ItemData ItemOID="covid19therapie_convalescent_plasma" Value=""/>
					<ItemData ItemOID="covid19therapie_convalescent_plasma_code" Value=""/>
					<ItemData ItemOID="covid19therapie_steroids_gt_05_mg_kg_prednisone_equivalents" Value=""/>
					<ItemData ItemOID="covid19therapie_steroids_lt_05_mg_kg_prednisone_equivalents" Value=""/>
					<ItemData ItemOID="covid19therapie_tocilizumab" Value=""/>
					<ItemData ItemOID="covid19therapie_tocilizumab_code" Value=""/>
					<ItemData ItemOID="covid19therapie_sarilumab" Value=""/>
					<ItemData ItemOID="covid19therapie_cni_or_mtor_inhibitors_eg_cyclosporin_a_tacrolimus_sirolimus_everolimus" Value=""/>
					<ItemData ItemOID="covid19therapie_cni_or_mtor_inhibitors_eg_cyclosporin_a_tacrolimus_sirolimus_everolimus_code" Value=""/>
					<ItemData ItemOID="covid19therapie_anti_tnf_alpha_inhibitors_eg_adalimumab_etanercept" Value=""/>
					<ItemData ItemOID="covid19therapie_anti_tnf_alpha_inhibitors_eg_adalimumab_etanercept_code" Value=""/>
					<ItemData ItemOID="covid19therapie_il1_receptor_antangonists" Value=""/>
					<ItemData ItemOID="covid19therapie_ruxolitinib" Value=""/>
					<ItemData ItemOID="covid19therapie_colchicine" Value=""/>
					<ItemData ItemOID="covid19therapie_interferone_any" Value=""/>
					<ItemData ItemOID="covid19therapie_25_hydroxyvitamin_d" Value=""/>
					<ItemData ItemOID="covid19therapie_zinc" Value=""/>
					<ItemData ItemOID="covid19therapie_andere" Value=""/>
					<ItemData ItemOID="covid19therapie_andere_textfeld" Value=""/>
				</ItemGroupData>
				<ItemGroupData ItemGroupOID="medikation.acehemmer_code" ItemGroupRepeatKey="1">
					<ItemData ItemOID="acehemmer_code" Value="2.16.840.1.113883.6.96_41549009"/>
					<ItemData ItemOID="acehemmer" Value=""/>
				</ItemGroupData>
				<ItemGroupData ItemGroupOID="medikation.immunglobuline_code" ItemGroupRepeatKey="1">
					<ItemData ItemOID="immunglobuline_code" Value="2.16.840.1.113883.6.96_333710000"/>
					<ItemData ItemOID="immunglobuline" Value=""/>
				</ItemGroupData>
				<ItemGroupData ItemGroupOID="medikation.antikoagulation_code" ItemGroupRepeatKey="1">
					<ItemData ItemOID="antikoagulation_code" Value="2.16.840.1.113883.6.96_81839001"/>
					<ItemData ItemOID="antikoagulation" Value=""/>
				</ItemGroupData>
				<ItemGroupData ItemGroupOID="medikation.antikoagulation_unfraktioniertes_heparin" ItemGroupRepeatKey="1">
					<ItemData ItemOID="antikoagulation_unfraktioniertes_heparin" Value=""/>
					<ItemData ItemOID="antikoagulation_unfraktioniertes_heparin_code" Value=""/>
					<ItemData ItemOID="antikoagulation_niedermolekulares_heparin" Value=""/>
					<ItemData ItemOID="antikoagulation_niedermolekulares_heparin_code" Value=""/>
					<ItemData ItemOID="antikoagulation_argatroban" Value=""/>
					<ItemData ItemOID="antikoagulation_plaettchenaggregationshemmer" Value=""/>
					<ItemData ItemOID="antikoagulation_danaparoid" Value=""/>
					<ItemData ItemOID="antikoagulation_phenprocoumon" Value=""/>
					<ItemData ItemOID="antikoagulation_doak" Value=""/>
					<ItemData ItemOID="antikoagulation_doak_code" Value=""/>
					<ItemData ItemOID="antikoagulation_sonstige" Value=""/>
					<ItemData ItemOID="antikoagulation_sonstige_textfeld" Value=""/>
				</ItemGroupData>
				<ItemGroupData ItemGroupOID="medikation.medikation_complete" ItemGroupRepeatKey="1">
					<ItemData ItemOID="medikation_complete" Value="1"/>
				</ItemGroupData>
			</FormData>
			<FormData FormOID="Form.therapie" FormRepeatKey="1">
				<ItemGroupData ItemGroupOID="therapie.dialyse_hamofiltration_code" ItemGroupRepeatKey="1">
					<ItemData ItemOID="dialyse_hamofiltration_code" Value="2.16.840.1.113883.6.96_108241001"/>
					<ItemData ItemOID="dialyse_hamofiltration" Value="2.16.840.1.113883.4.642.4.110_completed__2.16.840.1.113883.4.642.4.110_in-progress"/>
				</ItemGroupData>
				<ItemGroupData ItemGroupOID="therapie.apherese_code" ItemGroupRepeatKey="1">
					<ItemData ItemOID="apherese_code" Value="2.16.840.1.113883.6.96_127788007"/>
					<ItemData ItemOID="apherese" Value="2.16.840.1.113883.4.642.4.110_completed__2.16.840.1.113883.4.642.4.110_in-progress"/>
				</ItemGroupData>
				<ItemGroupData ItemGroupOID="therapie.bauchlage_code" ItemGroupRepeatKey="1">
					<ItemData ItemOID="bauchlage_code" Value="2.16.840.1.113883.6.96_431182000"/>
					<ItemData ItemOID="bauchlage" Value="2.16.840.1.113883.4.642.4.110_completed__2.16.840.1.113883.4.642.4.110_in-progress"/>
				</ItemGroupData>
				<ItemGroupData ItemGroupOID="therapie.liegt_der_patient_auf_der_intensivstationq_code" ItemGroupRepeatKey="1">
					<ItemData ItemOID="liegt_der_patient_auf_der_intensivstationq_code" Value="&lt;No code given!&gt;"/>
					<ItemData ItemOID="liegt_der_patient_auf_der_intensivstationq" Value="2.16.840.1.113883.6.96_373067005"/>
				</ItemGroupData>
				<ItemGroupData ItemGroupOID="therapie.ecmotherapie_code" ItemGroupRepeatKey="1">
					<ItemData ItemOID="ecmotherapie_code" Value="2.16.840.1.113883.6.96_233573008"/>
					<ItemData ItemOID="ecmotherapie" Value="2.16.840.1.113883.4.642.4.1048_not-performed__2.16.840.1.113883.4.642.4.110_not-done"/>
				</ItemGroupData>
				<ItemGroupData ItemGroupOID="therapie.beatmungstherapie_code" ItemGroupRepeatKey="1">
					<ItemData ItemOID="beatmungstherapie_code" Value="&lt;No code given!&gt;"/>
					<ItemData ItemOID="beatmungstherapie" Value="2.16.840.1.113883.6.96_428311008"/>
				</ItemGroupData>
				<ItemGroupData ItemGroupOID="therapie.therapie_complete" ItemGroupRepeatKey="1">
					<ItemData ItemOID="therapie_complete" Value="2"/>
				</ItemGroupData>
			</FormData>
			<FormData FormOID="Form.vitalparameter" FormRepeatKey="1">
				<ItemGroupData ItemGroupOID="vitalparameter.vitalparameter_datum" ItemGroupRepeatKey="1">
					<ItemData ItemOID="vitalparameter_datum" Value=""/>
				</ItemGroupData>
				<ItemGroupData ItemGroupOID="vitalparameter.pa_co2_unit" ItemGroupRepeatKey="1">
					<ItemData ItemOID="pa_co2_unit" Value="1"/>
				</ItemGroupData>
				<ItemGroupData ItemGroupOID="vitalparameter.pa_co2_code" ItemGroupRepeatKey="1">
					<ItemData ItemOID="pa_co2_code" Value="2.16.840.1.113883.6.1_2019-8__2.16.840.1.113883.6.1_11557-6__2.16.840.1.113883.6.1_2020-6"/>
					<ItemData ItemOID="pa_co2" Value="198"/>
				</ItemGroupData>
				<ItemGroupData ItemGroupOID="vitalparameter.pa_o2_unit" ItemGroupRepeatKey="1">
					<ItemData ItemOID="pa_o2_unit" Value="1"/>
				</ItemGroupData>
				<ItemGroupData ItemGroupOID="vitalparameter.pa_o2_code" ItemGroupRepeatKey="1">
					<ItemData ItemOID="pa_o2_code" Value="2.16.840.1.113883.6.1_2703-7__2.16.840.1.113883.6.1_11556-8__2.16.840.1.113883.6.1_2704-5"/>
					<ItemData ItemOID="pa_o2" Value="50"/>
				</ItemGroupData>
				<ItemGroupData ItemGroupOID="vitalparameter.fi_o2_unit" ItemGroupRepeatKey="1">
					<ItemData ItemOID="fi_o2_unit" Value="1"/>
				</ItemGroupData>
				<ItemGroupData ItemGroupOID="vitalparameter.fi_o2_code" ItemGroupRepeatKey="1">
					<ItemData ItemOID="fi_o2_code" Value="2.16.840.1.113883.6.1_3150-0__2.16.840.1.113883.6.96_250774007"/>
					<ItemData ItemOID="fi_o2" Value="100"/>
				</ItemGroupData>
				<ItemGroupData ItemGroupOID="vitalparameter.p_hwert_unit" ItemGroupRepeatKey="1">
					<ItemData ItemOID="p_hwert_unit" Value="1"/>
				</ItemGroupData>
				<ItemGroupData ItemGroupOID="vitalparameter.p_hwert_code" ItemGroupRepeatKey="1">
					<ItemData ItemOID="p_hwert_code" Value="2.16.840.1.113883.6.1_2753-2__2.16.840.1.113883.6.1_2746-6__2.16.840.1.113883.6.1_2745-8__2.16.840.1.113883.6.1_2744-1__2.16.840.1.113883.6.1_19213-8__2.16.840.1.113883.6.1_11558-4"/>
					<ItemData ItemOID="p_hwert" Value="5.2"/>
				</ItemGroupData>
				<ItemGroupData ItemGroupOID="vitalparameter.sofascore_code" ItemGroupRepeatKey="1">
					<ItemData ItemOID="sofascore_code" Value=""/>
				</ItemGroupData>
				<ItemGroupData ItemGroupOID="vitalparameter.sofa_score_resp" ItemGroupRepeatKey="1">
					<ItemData ItemOID="sofa_score_resp" Value="sofa_resp4"/>
					<ItemData ItemOID="sofa_score_resp_calc" Value="4"/>
					<ItemData ItemOID="sofa_score_ns" Value="sofa_ns4"/>
					<ItemData ItemOID="sofa_score_ns_calc" Value="4"/>
					<ItemData ItemOID="sofa_score_cvs" Value="sofa_cvs4"/>
					<ItemData ItemOID="sofa_score_cvs_calc" Value="4"/>
					<ItemData ItemOID="sofa_score_liv" Value="sofa_liv4"/>
					<ItemData ItemOID="sofa_score_liv_calc" Value="4"/>
					<ItemData ItemOID="sofa_score_coa" Value="sofa_coa4"/>
					<ItemData ItemOID="sofa_score_coa_calc" Value="4"/>
					<ItemData ItemOID="sofa_score_kid" Value="sofa_kid4"/>
					<ItemData ItemOID="sofa_score_kid_calc" Value="4"/>
					<ItemData ItemOID="sofa_total_score" Value="4"/>
				</ItemGroupData>
				<ItemGroupData ItemGroupOID="vitalparameter.atemfrequenz_unit" ItemGroupRepeatKey="1">
					<ItemData ItemOID="atemfrequenz_unit" Value="1"/>
				</ItemGroupData>
				<ItemGroupData ItemGroupOID="vitalparameter.atemfrequenz_code" ItemGroupRepeatKey="1">
					<ItemData ItemOID="atemfrequenz_code" Value="2.16.840.1.113883.6.1_9279-1__2.16.840.1.113883.6.96_86290005"/>
					<ItemData ItemOID="atemfrequenz" Value="100"/>
				</ItemGroupData>
				<ItemGroupData ItemGroupOID="vitalparameter.blutdruck_systolisch_unit" ItemGroupRepeatKey="1">
					<ItemData ItemOID="blutdruck_systolisch_unit" Value="1"/>
				</ItemGroupData>
				<ItemGroupData ItemGroupOID="vitalparameter.blutdruck_systolisch_code" ItemGroupRepeatKey="1">
					<ItemData ItemOID="blutdruck_systolisch_code" Value="2.16.840.1.113883.6.1_8480-6__2.16.840.1.113883.6.96_271649006"/>
					<ItemData ItemOID="blutdruck_systolisch" Value="70"/>
				</ItemGroupData>
				<ItemGroupData ItemGroupOID="vitalparameter.blutdruck_diastolisch_unit" ItemGroupRepeatKey="1">
					<ItemData ItemOID="blutdruck_diastolisch_unit" Value="1"/>
				</ItemGroupData>
				<ItemGroupData ItemGroupOID="vitalparameter.blutdruck_diastolisch_code" ItemGroupRepeatKey="1">
					<ItemData ItemOID="blutdruck_diastolisch_code" Value="2.16.840.1.113883.6.1_8462-4__2.16.840.1.113883.6.96_271650006"/>
					<ItemData ItemOID="blutdruck_diastolisch" Value="30"/>
				</ItemGroupData>
				<ItemGroupData ItemGroupOID="vitalparameter.herzfrequenz_unit" ItemGroupRepeatKey="1">
					<ItemData ItemOID="herzfrequenz_unit" Value="1"/>
				</ItemGroupData>
				<ItemGroupData ItemGroupOID="vitalparameter.herzfrequenz_code" ItemGroupRepeatKey="1">
					<ItemData ItemOID="herzfrequenz_code" Value="2.16.840.1.113883.6.1_8867-4__2.16.840.1.113883.6.96_364075005"/>
					<ItemData ItemOID="herzfrequenz" Value="5"/>
				</ItemGroupData>
				<ItemGroupData ItemGroupOID="vitalparameter.korpertemperatur_unit" ItemGroupRepeatKey="1">
					<ItemData ItemOID="korpertemperatur_unit" Value="1"/>
				</ItemGroupData>
				<ItemGroupData ItemGroupOID="vitalparameter.korpertemperatur_code" ItemGroupRepeatKey="1">
					<ItemData ItemOID="korpertemperatur_code" Value="2.16.840.1.113883.6.1_8310-5__2.16.840.1.113883.6.96_386725007"/>
					<ItemData ItemOID="korpertemperatur" Value="39"/>
				</ItemGroupData>
				<ItemGroupData ItemGroupOID="vitalparameter.periphere_sauerstoffsattigung_unit" ItemGroupRepeatKey="1">
					<ItemData ItemOID="periphere_sauerstoffsattigung_unit" Value="1"/>
				</ItemGroupData>
				<ItemGroupData ItemGroupOID="vitalparameter.periphere_sauerstoffsattigung_code" ItemGroupRepeatKey="1">
					<ItemData ItemOID="periphere_sauerstoffsattigung_code" Value="2.16.840.1.113883.6.1_2708-6__2.16.840.1.113883.6.1_59408-5__2.16.840.1.113883.6.1_20564-1__2.16.840.1.113883.6.96_431314004"/>
					<ItemData ItemOID="periphere_sauerstoffsattigung" Value="80"/>
				</ItemGroupData>
				<ItemGroupData ItemGroupOID="vitalparameter.vitalparameter_complete" ItemGroupRepeatKey="1">
					<ItemData ItemOID="vitalparameter_complete" Value="2"/>
				</ItemGroupData>
			</FormData>
			<FormData FormOID="Form.outcome_bei_entlassung" FormRepeatKey="1">
				<ItemGroupData ItemGroupOID="outcome_bei_entlassung.entlassdatum" ItemGroupRepeatKey="1">
					<ItemData ItemOID="entlassdatum" Value=""/>
				</ItemGroupData>
				<ItemGroupData ItemGroupOID="outcome_bei_entlassung.respiratorisches_outcome_code" ItemGroupRepeatKey="1">
					<ItemData ItemOID="respiratorisches_outcome_code" Value="2.16.840.1.113883.6.96_444932008"/>
					<ItemData ItemOID="respiratorisches_outcome" Value="2.16.840.1.113883.6.96_410605003"/>
				</ItemGroupData>
				<ItemGroupData ItemGroupOID="outcome_bei_entlassung.entlassungsart_code" ItemGroupRepeatKey="1">
					<ItemData ItemOID="entlassungsart_code" Value="2.16.840.1.113883.6.1_55128-3"/>
					<ItemData ItemOID="entlassungsart" Value="2.16.840.1.113883.6.96_419099009"/>
				</ItemGroupData>
				<ItemGroupData ItemGroupOID="outcome_bei_entlassung.ergebnis_folgeabstrich_code" ItemGroupRepeatKey="1">
					<ItemData ItemOID="ergebnis_folgeabstrich_code" Value="&lt;No code given!&gt;"/>
					<ItemData ItemOID="ergebnis_folgeabstrich" Value="2.16.840.1.113883.6.96_260415000"/>
				</ItemGroupData>
				<ItemGroupData ItemGroupOID="outcome_bei_entlassung.outcome_bei_entlassung_complete" ItemGroupRepeatKey="1">
					<ItemData ItemOID="outcome_bei_entlassung_complete" Value="2"/>
				</ItemGroupData>
			</FormData>
	</SubjectData>
	<SubjectData SubjectKey="21__test__" redcap:RecordIdField="record_id">
			<FormData FormOID="Form.krankheitsbeginn_aufnahme" FormRepeatKey="1">
				<ItemGroupData ItemGroupOID="krankheitsbeginn_aufnahme.record_id" ItemGroupRepeatKey="1">
					<ItemData ItemOID="record_id" Value="21__test__"/>
					<ItemData ItemOID="redcap_data_access_group" Value=""/>
				</ItemGroupData>
				<ItemGroupData ItemGroupOID="krankheitsbeginn_aufnahme.patient_id" ItemGroupRepeatKey="1">
					<ItemData ItemOID="patient_id" Value="21__test__"/>
				</ItemGroupData>
				<ItemGroupData ItemGroupOID="krankheitsbeginn_aufnahme.aufnahmedatum" ItemGroupRepeatKey="1">
					<ItemData ItemOID="aufnahmedatum" Value=""/>
				</ItemGroupData>
				<ItemGroupData ItemGroupOID="krankheitsbeginn_aufnahme.erkrankungsphase_zum_zeitpunkt_der_diagnose_code" ItemGroupRepeatKey="1">
					<ItemData ItemOID="erkrankungsphase_zum_zeitpunkt_der_diagnose_code" Value="2.16.840.1.113883.6.1_88859-4__2.16.840.1.113883.6.96_385349001"/>
					<ItemData ItemOID="erkrankungsphase_zum_zeitpunkt_der_diagnose" Value=""/>
				</ItemGroupData>
				<ItemGroupData ItemGroupOID="krankheitsbeginn_aufnahme.krankheitsbeginn_aufnahme_complete" ItemGroupRepeatKey="1">
					<ItemData ItemOID="krankheitsbeginn_aufnahme_complete" Value="2"/>
				</ItemGroupData>
			</FormData>
			<FormData FormOID="Form.studieneinschluss_einschlusskriterien" FormRepeatKey="1">
				<ItemGroupData ItemGroupOID="studieneinschluss_einschlusskriterien.covid19_aufnahme_code" ItemGroupRepeatKey="1">
					<ItemData ItemOID="covid19_aufnahme_code" Value=""/>
					<ItemData ItemOID="covid19_aufnahme" Value=""/>
				</ItemGroupData>
				<ItemGroupData ItemGroupOID="studieneinschluss_einschlusskriterien.interventionelle_studienteilnahme_code" ItemGroupRepeatKey="1">
					<ItemData ItemOID="interventionelle_studienteilnahme_code" Value=""/>
					<ItemData ItemOID="interventionelle_studienteilnahme" Value=""/>
				</ItemGroupData>
				<ItemGroupData ItemGroupOID="studieneinschluss_einschlusskriterien.studieneinschluss_einschlusskriterien_complete" ItemGroupRepeatKey="1">
					<ItemData ItemOID="studieneinschluss_einschlusskriterien_complete" Value="0"/>
				</ItemGroupData>
			</FormData>
			<FormData FormOID="Form.anamnese_risikofaktoren" FormRepeatKey="1">
				<ItemGroupData ItemGroupOID="anamnese_risikofaktoren.chronische_lungenerkrankungen_code" ItemGroupRepeatKey="1">
					<ItemData ItemOID="chronische_lungenerkrankungen_code" Value="1.2.276.0.76.5.409_J98.4__2.16.840.1.113883.6.96_413839001"/>
					<ItemData ItemOID="chronische_lungenerkrankungen" Value="1.2.276.0.76.5.409_J98.4__2.16.840.1.113883.6.96_413839001__2.16.840.1.113883.6.96_410605003"/>
				</ItemGroupData>
				<ItemGroupData ItemGroupOID="anamnese_risikofaktoren.chronische_lungenerkrankungen_asthma" ItemGroupRepeatKey="1">
					<ItemData ItemOID="chronische_lungenerkrankungen_asthma" Value=""/>
					<ItemData ItemOID="chronische_lungenerkrankungen_copd" Value=""/>
					<ItemData ItemOID="chronische_lungenerkrankungen_lungenfibrose" Value=""/>
					<ItemData ItemOID="chronische_lungenerkrankungen_lungenhochdruck_pulmonale_hypertonie" Value=""/>
					<ItemData ItemOID="chronische_lungenerkrankungen_ohs" Value=""/>
					<ItemData ItemOID="chronische_lungenerkrankungen_schlafapnoe" Value=""/>
					<ItemData ItemOID="chronische_lungenerkrankungen_osas" Value=""/>
					<ItemData ItemOID="chronische_lungenerkrankungen_cystische_fibrose" Value=""/>
					<ItemData ItemOID="chronische_lungenerkrankungen_andere" Value=""/>
					<ItemData ItemOID="chronische_lungenerkrankungen_andere_textfeld" Value=""/>
				</ItemGroupData>
				<ItemGroupData ItemGroupOID="anamnese_risikofaktoren.herzkreislauferkrankungen_code" ItemGroupRepeatKey="1">
					<ItemData ItemOID="herzkreislauferkrankungen_code" Value="1.2.276.0.76.5.409_I51.6__2.16.840.1.113883.6.96_49601007"/>
					<ItemData ItemOID="herzkreislauferkrankungen" Value="1.2.276.0.76.5.409_I51.6__2.16.840.1.113883.6.96_49601007__2.16.840.1.113883.6.96_410594000"/>
				</ItemGroupData>
				<ItemGroupData ItemGroupOID="anamnese_risikofaktoren.herzkreislauferkrankungen_bluthochdruck" ItemGroupRepeatKey="1">
					<ItemData ItemOID="herzkreislauferkrankungen_bluthochdruck" Value=""/>
					<ItemData ItemOID="herzkreislauferkrankungen_zustand_nach_herzinfarkt" Value=""/>
					<ItemData ItemOID="herzkreislauferkrankungen_herzrhythmusstoerungen" Value=""/>
					<ItemData ItemOID="herzkreislauferkrankungen_herzinsuffizienz" Value=""/>
					<ItemData ItemOID="herzkreislauferkrankungen_pavk" Value=""/>
					<ItemData ItemOID="herzkreislauferkrankungen_zustand_nach_revaskularisation" Value=""/>
					<ItemData ItemOID="herzkreislauferkrankungen_koronare_herzerkrankung_khk" Value=""/>
					<ItemData ItemOID="herzkreislauferkrankungen_carotisstenose" Value=""/>
					<ItemData ItemOID="herzkreislauferkrankungen_andere" Value=""/>
					<ItemData ItemOID="herzkreislauferkrankungen_andere_textfeld" Value=""/>
				</ItemGroupData>
				<ItemGroupData ItemGroupOID="anamnese_risikofaktoren.chronische_lebererkrankungen_code" ItemGroupRepeatKey="1">
					<ItemData ItemOID="chronische_lebererkrankungen_code" Value="1.2.276.0.76.5.409_K76.9__2.16.840.1.113883.6.96_328383001"/>
					<ItemData ItemOID="chronische_lebererkrankungen" Value="1.2.276.0.76.5.409_K76.9__2.16.840.1.113883.6.96_328383001__2.16.840.1.113883.6.96_261665006"/>
				</ItemGroupData>
				<ItemGroupData ItemGroupOID="anamnese_risikofaktoren.chronische_lebererkrankungen_fettleber" ItemGroupRepeatKey="1">
					<ItemData ItemOID="chronische_lebererkrankungen_fettleber" Value=""/>
					<ItemData ItemOID="chronische_lebererkrankungen_leberzirrhose" Value=""/>
					<ItemData ItemOID="chronische_lebererkrankungen_chronische_infektioese_hepatitis" Value=""/>
					<ItemData ItemOID="chronische_lebererkrankungen_autoimmune_lebererkrankungen" Value=""/>
					<ItemData ItemOID="chronische_lebererkrankungen_andere" Value=""/>
					<ItemData ItemOID="chronische_lebererkrankungen_andere_textfeld" Value=""/>
				</ItemGroupData>
				<ItemGroupData ItemGroupOID="anamnese_risikofaktoren.rheumatologischeimmunologische_erkrankungen_code" ItemGroupRepeatKey="1">
					<ItemData ItemOID="rheumatologischeimmunologische_erkrankungen_code" Value="2.16.840.1.113883.6.96_396332003__2.16.840.1.113883.6.96_414029004"/>
					<ItemData ItemOID="rheumatologischeimmunologische_erkrankungen" Value=""/>
				</ItemGroupData>
				<ItemGroupData ItemGroupOID="anamnese_risikofaktoren.rheumatologischeimmunologische_erkrankungen_chronisch_entzuendl_darmerkrankung" ItemGroupRepeatKey="1">
					<ItemData ItemOID="rheumatologischeimmunologische_erkrankungen_chronisch_entzuendl_darmerkrankung" Value=""/>
					<ItemData ItemOID="rheumatologischeimmunologische_erkrankungen_rheumatoide_arthritis" Value=""/>
					<ItemData ItemOID="rheumatologischeimmunologische_erkrankungen_kollagenosen" Value=""/>
					<ItemData ItemOID="rheumatologischeimmunologische_erkrankungen_vaskulitiden" Value=""/>
					<ItemData ItemOID="rheumatologischeimmunologische_erkrankungen_angeborene_immundefekte" Value=""/>
					<ItemData ItemOID="rheumatologischeimmunologische_erkrankungen_andere" Value=""/>
					<ItemData ItemOID="rheumatologischeimmunologische_erkrankungen_andere_textfeld" Value=""/>
				</ItemGroupData>
				<ItemGroupData ItemGroupOID="anamnese_risikofaktoren.bestehende_hivinfektion_code" ItemGroupRepeatKey="1">
					<ItemData ItemOID="bestehende_hivinfektion_code" Value="1.2.276.0.76.5.409_B24__2.16.840.1.113883.6.96_86406008"/>
					<ItemData ItemOID="bestehende_hivinfektion" Value=""/>
				</ItemGroupData>
				<ItemGroupData ItemGroupOID="anamnese_risikofaktoren.organtransplantiert_code" ItemGroupRepeatKey="1">
					<ItemData ItemOID="organtransplantiert_code" Value="1.2.276.0.76.5.409_Z94.9__2.16.840.1.113883.6.96_161663000"/>
					<ItemData ItemOID="organtransplantiert" Value=""/>
				</ItemGroupData>
				<ItemGroupData ItemGroupOID="anamnese_risikofaktoren.organtransplantiert_herz" ItemGroupRepeatKey="1">
					<ItemData ItemOID="organtransplantiert_herz" Value=""/>
					<ItemData ItemOID="organtransplantiert_lunge" Value=""/>
					<ItemData ItemOID="organtransplantiert_leber" Value=""/>
					<ItemData ItemOID="organtransplantiert_nieren" Value=""/>
					<ItemData ItemOID="organtransplantiert_darm" Value=""/>
					<ItemData ItemOID="organtransplantiert_haut" Value=""/>
					<ItemData ItemOID="organtransplantiert_hornhaut" Value=""/>
					<ItemData ItemOID="organtransplantiert_gehoerknoechelchen" Value=""/>
					<ItemData ItemOID="organtransplantiert_herzklappen" Value=""/>
					<ItemData ItemOID="organtransplantiert_blutgefaess" Value=""/>
					<ItemData ItemOID="organtransplantiert_hirnhaut" Value=""/>
					<ItemData ItemOID="organtransplantiert_knochengewebe" Value=""/>
					<ItemData ItemOID="organtransplantiert_knorpelgewebe" Value=""/>
					<ItemData ItemOID="organtransplantiert_sehne" Value=""/>
				</ItemGroupData>
				<ItemGroupData ItemGroupOID="anamnese_risikofaktoren.diabetes_code" ItemGroupRepeatKey="1">
					<ItemData ItemOID="diabetes_code" Value="1.2.276.0.76.5.409_E14__2.16.840.1.113883.6.96_73211009"/>
					<ItemData ItemOID="diabetes" Value=""/>
				</ItemGroupData>
				<ItemGroupData ItemGroupOID="anamnese_risikofaktoren.aktive_tumorkrebserkrankungen_code" ItemGroupRepeatKey="1">
					<ItemData ItemOID="aktive_tumorkrebserkrankungen_code" Value="1.2.276.0.76.5.409_C80.9__2.16.840.1.113883.6.96_363346000"/>
					<ItemData ItemOID="aktive_tumorkrebserkrankungen" Value=""/>
				</ItemGroupData>
				<ItemGroupData ItemGroupOID="anamnese_risikofaktoren.raucherstatus_code" ItemGroupRepeatKey="1">
					<ItemData ItemOID="raucherstatus_code" Value="2.16.840.1.113883.6.1_72166-2"/>
					<ItemData ItemOID="raucherstatus" Value=""/>
				</ItemGroupData>
				<ItemGroupData ItemGroupOID="anamnese_risikofaktoren.chronische_neurologische_oder_psychiatrische_erkrankungen_code" ItemGroupRepeatKey="1">
					<ItemData ItemOID="chronische_neurologische_oder_psychiatrische_erkrankungen_code" Value="1.2.276.0.76.5.409_F99__1.2.276.0.76.5.409_G96.9__2.16.840.1.113883.6.96_74732009__2.16.840.1.113883.6.96_128283000"/>
					<ItemData ItemOID="chronische_neurologische_oder_psychiatrische_erkrankungen" Value=""/>
				</ItemGroupData>
				<ItemGroupData ItemGroupOID="anamnese_risikofaktoren.chronische_neurologische_oder_psychiatrische_erkrankungen_m_parkinson" ItemGroupRepeatKey="1">
					<ItemData ItemOID="chronische_neurologische_oder_psychiatrische_erkrankungen_m_parkinson" Value=""/>
					<ItemData ItemOID="chronische_neurologische_oder_psychiatrische_erkrankungen_demenz" Value=""/>
					<ItemData ItemOID="chronische_neurologische_oder_psychiatrische_erkrankungen_multiple_sklerose" Value=""/>
					<ItemData ItemOID="chronische_neurologische_oder_psychiatrische_erkrankungen_neuromuskulaere_erkrankungen" Value=""/>
					<ItemData ItemOID="chronische_neurologische_oder_psychiatrische_erkrankungen_epilepsie" Value=""/>
					<ItemData ItemOID="chronische_neurologische_oder_psychiatrische_erkrankungen_migraene" Value=""/>
					<ItemData ItemOID="chronische_neurologische_oder_psychiatrische_erkrankungen_zn_apoplex_mit_residuen" Value=""/>
					<ItemData ItemOID="chronische_neurologische_oder_psychiatrische_erkrankungen_zn_apoplex_ohne_residuen" Value=""/>
					<ItemData ItemOID="chronische_neurologische_oder_psychiatrische_erkrankungen_psychose" Value=""/>
					<ItemData ItemOID="chronische_neurologische_oder_psychiatrische_erkrankungen_depression" Value=""/>
					<ItemData ItemOID="chronische_neurologische_oder_psychiatrische_erkrankungen_angsterkrankung" Value=""/>
				</ItemGroupData>
				<ItemGroupData ItemGroupOID="anamnese_risikofaktoren.bestehende_sauerstoff_oder_beatmungstherapie_code" ItemGroupRepeatKey="1">
					<ItemData ItemOID="bestehende_sauerstoff_oder_beatmungstherapie_code" Value="2.16.840.1.113883.6.96_53950000"/>
					<ItemData ItemOID="bestehende_sauerstoff_oder_beatmungstherapie" Value=""/>
				</ItemGroupData>
				<ItemGroupData ItemGroupOID="anamnese_risikofaktoren.chronische_nierenerkrankungen_code" ItemGroupRepeatKey="1">
					<ItemData ItemOID="chronische_nierenerkrankungen_code" Value="1.2.276.0.76.5.409_N18.9__2.16.840.1.113883.6.96_709044004"/>
					<ItemData ItemOID="chronische_nierenerkrankungen" Value=""/>
				</ItemGroupData>
				<ItemGroupData ItemGroupOID="anamnese_risikofaktoren.chronische_nierenerkrankungen_schweregrad" ItemGroupRepeatKey="1">
					<ItemData ItemOID="chronische_nierenerkrankungen_schweregrad" Value=""/>
				</ItemGroupData>
				<ItemGroupData ItemGroupOID="anamnese_risikofaktoren.reiseaktivitat_code" ItemGroupRepeatKey="1">
					<ItemData ItemOID="reiseaktivitat_code" Value="2.16.840.1.113883.6.1_8691-8__2.16.840.1.113883.6.96_443846001"/>
					<ItemData ItemOID="reiseaktivitat" Value=""/>
				</ItemGroupData>
				<ItemGroupData ItemGroupOID="anamnese_risikofaktoren.reiseaktivitat_start_date_1" ItemGroupRepeatKey="1">
					<ItemData ItemOID="reiseaktivitat_start_date_1" Value=""/>
				</ItemGroupData>
				<ItemGroupData ItemGroupOID="anamnese_risikofaktoren.reiseaktivitat_country_1" ItemGroupRepeatKey="1">
					<ItemData ItemOID="reiseaktivitat_country_1" Value=""/>
					<ItemData ItemOID="reiseaktivitat_state_1" Value=""/>
					<ItemData ItemOID="reiseaktivitat_city_1" Value=""/>
					<ItemData ItemOID="reiseaktivitat_end_date_1" Value=""/>
				</ItemGroupData>
				<ItemGroupData ItemGroupOID="anamnese_risikofaktoren.reiseaktivitat_start_date_2" ItemGroupRepeatKey="1">
					<ItemData ItemOID="reiseaktivitat_start_date_2" Value=""/>
				</ItemGroupData>
				<ItemGroupData ItemGroupOID="anamnese_risikofaktoren.reiseaktivitat_country_2" ItemGroupRepeatKey="1">
					<ItemData ItemOID="reiseaktivitat_country_2" Value=""/>
					<ItemData ItemOID="reiseaktivitat_state_2" Value=""/>
					<ItemData ItemOID="reiseaktivitat_city_2" Value=""/>
					<ItemData ItemOID="reiseaktivitat_end_date_2" Value=""/>
				</ItemGroupData>
				<ItemGroupData ItemGroupOID="anamnese_risikofaktoren.reiseaktivitat_start_date_3" ItemGroupRepeatKey="1">
					<ItemData ItemOID="reiseaktivitat_start_date_3" Value=""/>
				</ItemGroupData>
				<ItemGroupData ItemGroupOID="anamnese_risikofaktoren.reiseaktivitat_country_3" ItemGroupRepeatKey="1">
					<ItemData ItemOID="reiseaktivitat_country_3" Value=""/>
					<ItemData ItemOID="reiseaktivitat_state_3" Value=""/>
					<ItemData ItemOID="reiseaktivitat_city_3" Value=""/>
					<ItemData ItemOID="reiseaktivitat_end_date_3" Value=""/>
				</ItemGroupData>
				<ItemGroupData ItemGroupOID="anamnese_risikofaktoren.reiseaktivitat_start_date_4" ItemGroupRepeatKey="1">
					<ItemData ItemOID="reiseaktivitat_start_date_4" Value=""/>
				</ItemGroupData>
				<ItemGroupData ItemGroupOID="anamnese_risikofaktoren.reiseaktivitat_country_4" ItemGroupRepeatKey="1">
					<ItemData ItemOID="reiseaktivitat_country_4" Value=""/>
					<ItemData ItemOID="reiseaktivitat_state_4" Value=""/>
					<ItemData ItemOID="reiseaktivitat_city_4" Value=""/>
					<ItemData ItemOID="reiseaktivitat_end_date_4" Value=""/>
				</ItemGroupData>
				<ItemGroupData ItemGroupOID="anamnese_risikofaktoren.reiseaktivitat_start_date_5" ItemGroupRepeatKey="1">
					<ItemData ItemOID="reiseaktivitat_start_date_5" Value=""/>
				</ItemGroupData>
				<ItemGroupData ItemGroupOID="anamnese_risikofaktoren.reiseaktivitat_country_5" ItemGroupRepeatKey="1">
					<ItemData ItemOID="reiseaktivitat_country_5" Value=""/>
					<ItemData ItemOID="reiseaktivitat_state_5" Value=""/>
					<ItemData ItemOID="reiseaktivitat_city_5" Value=""/>
					<ItemData ItemOID="reiseaktivitat_end_date_5" Value=""/>
				</ItemGroupData>
				<ItemGroupData ItemGroupOID="anamnese_risikofaktoren.reiseaktivitat_start_date_6" ItemGroupRepeatKey="1">
					<ItemData ItemOID="reiseaktivitat_start_date_6" Value=""/>
				</ItemGroupData>
				<ItemGroupData ItemGroupOID="anamnese_risikofaktoren.reiseaktivitat_country_6" ItemGroupRepeatKey="1">
					<ItemData ItemOID="reiseaktivitat_country_6" Value=""/>
					<ItemData ItemOID="reiseaktivitat_state_6" Value=""/>
					<ItemData ItemOID="reiseaktivitat_city_6" Value=""/>
					<ItemData ItemOID="reiseaktivitat_end_date_6" Value=""/>
				</ItemGroupData>
				<ItemGroupData ItemGroupOID="anamnese_risikofaktoren.reiseaktivitat_start_date_7" ItemGroupRepeatKey="1">
					<ItemData ItemOID="reiseaktivitat_start_date_7" Value=""/>
				</ItemGroupData>
				<ItemGroupData ItemGroupOID="anamnese_risikofaktoren.reiseaktivitat_country_7" ItemGroupRepeatKey="1">
					<ItemData ItemOID="reiseaktivitat_country_7" Value=""/>
					<ItemData ItemOID="reiseaktivitat_state_7" Value=""/>
					<ItemData ItemOID="reiseaktivitat_city_7" Value=""/>
					<ItemData ItemOID="reiseaktivitat_end_date_7" Value=""/>
				</ItemGroupData>
				<ItemGroupData ItemGroupOID="anamnese_risikofaktoren.reiseaktivitat_start_date_8" ItemGroupRepeatKey="1">
					<ItemData ItemOID="reiseaktivitat_start_date_8" Value=""/>
				</ItemGroupData>
				<ItemGroupData ItemGroupOID="anamnese_risikofaktoren.reiseaktivitat_country_8" ItemGroupRepeatKey="1">
					<ItemData ItemOID="reiseaktivitat_country_8" Value=""/>
					<ItemData ItemOID="reiseaktivitat_state_8" Value=""/>
					<ItemData ItemOID="reiseaktivitat_city_8" Value=""/>
					<ItemData ItemOID="reiseaktivitat_end_date_8" Value=""/>
				</ItemGroupData>
				<ItemGroupData ItemGroupOID="anamnese_risikofaktoren.reiseaktivitat_start_date_9" ItemGroupRepeatKey="1">
					<ItemData ItemOID="reiseaktivitat_start_date_9" Value=""/>
				</ItemGroupData>
				<ItemGroupData ItemGroupOID="anamnese_risikofaktoren.reiseaktivitat_country_9" ItemGroupRepeatKey="1">
					<ItemData ItemOID="reiseaktivitat_country_9" Value=""/>
					<ItemData ItemOID="reiseaktivitat_state_9" Value=""/>
					<ItemData ItemOID="reiseaktivitat_city_9" Value=""/>
					<ItemData ItemOID="reiseaktivitat_end_date_9" Value=""/>
				</ItemGroupData>
				<ItemGroupData ItemGroupOID="anamnese_risikofaktoren.reiseaktivitat_start_date_10" ItemGroupRepeatKey="1">
					<ItemData ItemOID="reiseaktivitat_start_date_10" Value=""/>
				</ItemGroupData>
				<ItemGroupData ItemGroupOID="anamnese_risikofaktoren.reiseaktivitat_country_10" ItemGroupRepeatKey="1">
					<ItemData ItemOID="reiseaktivitat_country_10" Value=""/>
					<ItemData ItemOID="reiseaktivitat_state_10" Value=""/>
					<ItemData ItemOID="reiseaktivitat_city_10" Value=""/>
					<ItemData ItemOID="reiseaktivitat_end_date_10" Value=""/>
				</ItemGroupData>
				<ItemGroupData ItemGroupOID="anamnese_risikofaktoren.magengeschwure_code" ItemGroupRepeatKey="1">
					<ItemData ItemOID="magengeschwure_code" Value="1.2.276.0.76.5.409_K28__2.16.840.1.113883.6.96_40845000"/>
					<ItemData ItemOID="magengeschwure" Value=""/>
				</ItemGroupData>
				<ItemGroupData ItemGroupOID="anamnese_risikofaktoren.impfungen_code" ItemGroupRepeatKey="1">
					<ItemData ItemOID="impfungen_code" Value="&lt;No code given!&gt;"/>
				</ItemGroupData>
				<ItemGroupData ItemGroupOID="anamnese_risikofaktoren.impfungen_influenza" ItemGroupRepeatKey="1">
					<ItemData ItemOID="impfungen_influenza" Value=""/>
					<ItemData ItemOID="impfungen_pneumokokken" Value=""/>
					<ItemData ItemOID="impfungen_bcg" Value=""/>
					<ItemData ItemOID="impfungen_covid_19" Value=""/>
					<ItemData ItemOID="impfungen_andere" Value=""/>
					<ItemData ItemOID="impfungen_influenza_datum" Value=""/>
					<ItemData ItemOID="impfungen_pneumokokken_datum" Value=""/>
					<ItemData ItemOID="impfungen_bcg_datum" Value=""/>
					<ItemData ItemOID="impfungen_covid_19_datum" Value=""/>
					<ItemData ItemOID="impfungen_andere_datum" Value=""/>
					<ItemData ItemOID="impfungen_andere_textfeld" Value=""/>
				</ItemGroupData>
				<ItemGroupData ItemGroupOID="anamnese_risikofaktoren.dnranordnung_code" ItemGroupRepeatKey="1">
					<ItemData ItemOID="dnranordnung_code" Value="2.16.840.1.113883.6.96_304251008"/>
					<ItemData ItemOID="dnranordnung" Value=""/>
				</ItemGroupData>
				<ItemGroupData ItemGroupOID="anamnese_risikofaktoren.anamnese_risikofaktoren_complete" ItemGroupRepeatKey="1">
					<ItemData ItemOID="anamnese_risikofaktoren_complete" Value="2"/>
				</ItemGroupData>
			</FormData>
			<FormData FormOID="Form.bildgebung" FormRepeatKey="1">
				<ItemGroupData ItemGroupOID="bildgebung.bildgebende_verfahren_code" ItemGroupRepeatKey="1">
					<ItemData ItemOID="bildgebende_verfahren_code" Value=""/>
					<ItemData ItemOID="bildgebende_verfahren" Value=""/>
				</ItemGroupData>
				<ItemGroupData ItemGroupOID="bildgebung.bildgebende_verfahren_ct" ItemGroupRepeatKey="1">
					<ItemData ItemOID="bildgebende_verfahren_ct" Value=""/>
					<ItemData ItemOID="bildgebende_verfahren_roentgen" Value=""/>
					<ItemData ItemOID="bildgebende_verfahren_us" Value=""/>
				</ItemGroupData>
				<ItemGroupData ItemGroupOID="bildgebung.befund_bildgebender_verfahren_code" ItemGroupRepeatKey="1">
					<ItemData ItemOID="befund_bildgebender_verfahren_code" Value=""/>
				</ItemGroupData>
				<ItemGroupData ItemGroupOID="bildgebung.befund_bildgebender_verfahren_ct" ItemGroupRepeatKey="1">
					<ItemData ItemOID="befund_bildgebender_verfahren_ct" Value=""/>
					<ItemData ItemOID="befund_bildgebender_verfahren_roentgen" Value=""/>
					<ItemData ItemOID="befund_bildgebender_verfahren_us" Value=""/>
				</ItemGroupData>
				<ItemGroupData ItemGroupOID="bildgebung.bildgebung_complete" ItemGroupRepeatKey="1">
					<ItemData ItemOID="bildgebung_complete" Value="0"/>
				</ItemGroupData>
			</FormData>
			<FormData FormOID="Form.demographie" FormRepeatKey="1">
				<ItemGroupData ItemGroupOID="demographie.geburtsdatum_code" ItemGroupRepeatKey="1">
					<ItemData ItemOID="geburtsdatum_code" Value=""/>
					<ItemData ItemOID="geburtsdatum" Value=""/>
				</ItemGroupData>
				<ItemGroupData ItemGroupOID="demographie.ethnische_zugehorigkeit_code" ItemGroupRepeatKey="1">
					<ItemData ItemOID="ethnische_zugehorigkeit_code" Value=""/>
					<ItemData ItemOID="ethnische_zugehorigkeit" Value=""/>
				</ItemGroupData>
				<ItemGroupData ItemGroupOID="demographie.biologisches_geschlecht_code" ItemGroupRepeatKey="1">
					<ItemData ItemOID="biologisches_geschlecht_code" Value=""/>
					<ItemData ItemOID="biologisches_geschlecht" Value=""/>
				</ItemGroupData>
				<ItemGroupData ItemGroupOID="demographie.schwangerschaft_code" ItemGroupRepeatKey="1">
					<ItemData ItemOID="schwangerschaft_code" Value=""/>
					<ItemData ItemOID="schwangerschaft" Value=""/>
				</ItemGroupData>
				<ItemGroupData ItemGroupOID="demographie.alter_code" ItemGroupRepeatKey="1">
					<ItemData ItemOID="alter_code" Value=""/>
					<ItemData ItemOID="alter" Value=""/>
				</ItemGroupData>
				<ItemGroupData ItemGroupOID="demographie.frailtyscore_code" ItemGroupRepeatKey="1">
					<ItemData ItemOID="frailtyscore_code" Value=""/>
					<ItemData ItemOID="frailtyscore" Value=""/>
				</ItemGroupData>
				<ItemGroupData ItemGroupOID="demographie.gewicht_unit" ItemGroupRepeatKey="1">
					<ItemData ItemOID="gewicht_unit" Value=""/>
				</ItemGroupData>
				<ItemGroupData ItemGroupOID="demographie.gewicht_code" ItemGroupRepeatKey="1">
					<ItemData ItemOID="gewicht_code" Value=""/>
					<ItemData ItemOID="gewicht" Value=""/>
				</ItemGroupData>
				<ItemGroupData ItemGroupOID="demographie.korpergrose_unit" ItemGroupRepeatKey="1">
					<ItemData ItemOID="korpergrose_unit" Value=""/>
				</ItemGroupData>
				<ItemGroupData ItemGroupOID="demographie.korpergrose_code" ItemGroupRepeatKey="1">
					<ItemData ItemOID="korpergrose_code" Value=""/>
					<ItemData ItemOID="korpergrose" Value=""/>
				</ItemGroupData>
				<ItemGroupData ItemGroupOID="demographie.demographie_complete" ItemGroupRepeatKey="1">
					<ItemData ItemOID="demographie_complete" Value="0"/>
				</ItemGroupData>
			</FormData>
			<FormData FormOID="Form.epidemiologische_faktoren" FormRepeatKey="1">
				<ItemGroupData ItemGroupOID="epidemiologische_faktoren.kontakt_mit_an_covid19_erkrankter_personq_code" ItemGroupRepeatKey="1">
					<ItemData ItemOID="kontakt_mit_an_covid19_erkrankter_personq_code" Value=""/>
					<ItemData ItemOID="kontakt_mit_an_covid19_erkrankter_personq" Value=""/>
				</ItemGroupData>
				<ItemGroupData ItemGroupOID="epidemiologische_faktoren.epidemiologische_faktoren_complete" ItemGroupRepeatKey="1">
					<ItemData ItemOID="epidemiologische_faktoren_complete" Value="0"/>
				</ItemGroupData>
			</FormData>
			<FormData FormOID="Form.komplikationen" FormRepeatKey="1">
				<ItemGroupData ItemGroupOID="komplikationen.komplikation_code" ItemGroupRepeatKey="1">
					<ItemData ItemOID="komplikation_code" Value=""/>
					<ItemData ItemOID="komplikation" Value=""/>
				</ItemGroupData>
				<ItemGroupData ItemGroupOID="komplikationen.komplikation_thrombembolische_ereignisse" ItemGroupRepeatKey="1">
					<ItemData ItemOID="komplikation_thrombembolische_ereignisse" Value=""/>
					<ItemData ItemOID="komplikation_venoese_thrombose" Value=""/>
					<ItemData ItemOID="komplikation_lungenarterienembolie" Value=""/>
					<ItemData ItemOID="komplikation_stroke" Value=""/>
					<ItemData ItemOID="komplikation_myokardinfarkt" Value=""/>
					<ItemData ItemOID="komplikation_andere" Value=""/>
					<ItemData ItemOID="komplikation_andere_textfeld" Value=""/>
					<ItemData ItemOID="komplikation_pulmonale_co_infektionen" Value=""/>
					<ItemData ItemOID="komplikation_blutstrominfektionen" Value=""/>
				</ItemGroupData>
				<ItemGroupData ItemGroupOID="komplikationen.komplikationen_complete" ItemGroupRepeatKey="1">
					<ItemData ItemOID="komplikationen_complete" Value="0"/>
				</ItemGroupData>
			</FormData>
			<FormData FormOID="Form.symptome" FormRepeatKey="1">
				<ItemGroupData ItemGroupOID="symptome.symptome_code" ItemGroupRepeatKey="1">
					<ItemData ItemOID="symptome_code" Value=""/>
					<ItemData ItemOID="symptome" Value=""/>
				</ItemGroupData>
				<ItemGroupData ItemGroupOID="symptome.symptome_geruchs_bzw_geschmacksstoerungen" ItemGroupRepeatKey="1">
					<ItemData ItemOID="symptome_geruchs_bzw_geschmacksstoerungen" Value=""/>
					<ItemData ItemOID="symptome_bauchschmerzen" Value=""/>
					<ItemData ItemOID="symptome_bewusstseinsstoerungen_verwirrtheit" Value=""/>
					<ItemData ItemOID="symptome_durchfall" Value=""/>
					<ItemData ItemOID="symptome_erbrechen" Value=""/>
					<ItemData ItemOID="symptome_husten" Value=""/>
					<ItemData ItemOID="symptome_kurzatmigkeit_dyspnoe" Value=""/>
					<ItemData ItemOID="symptome_uebelkeit" Value=""/>
					<ItemData ItemOID="symptome_fieber" Value=""/>
					<ItemData ItemOID="symptome_kopfschmerzen" Value=""/>
					<ItemData ItemOID="symptome_andere_symptome" Value=""/>
					<ItemData ItemOID="symptome_andere_symptome_textfeld" Value=""/>
				</ItemGroupData>
				<ItemGroupData ItemGroupOID="symptome.schweregrad_code" ItemGroupRepeatKey="1">
					<ItemData ItemOID="schweregrad_code" Value=""/>
				</ItemGroupData>
				<ItemGroupData ItemGroupOID="symptome.symptome_geruchs_bzw_geschmacksstoerungen_schweregrad" ItemGroupRepeatKey="1">
					<ItemData ItemOID="symptome_geruchs_bzw_geschmacksstoerungen_schweregrad" Value=""/>
					<ItemData ItemOID="symptome_bauchschmerzen_schweregrad" Value=""/>
					<ItemData ItemOID="symptome_bewusstseinsstoerungen_verwirrtheit_schweregrad" Value=""/>
					<ItemData ItemOID="symptome_durchfall_schweregrad" Value=""/>
					<ItemData ItemOID="symptome_erbrechen_schweregrad" Value=""/>
					<ItemData ItemOID="symptome_husten_schweregrad" Value=""/>
					<ItemData ItemOID="symptome_kurzatmigkeit_dyspnoe_schweregrad" Value=""/>
					<ItemData ItemOID="symptome_uebelkeit_schweregrad" Value=""/>
					<ItemData ItemOID="symptome_fieber_schweregrad" Value=""/>
					<ItemData ItemOID="symptome_kopfschmerzen_schweregrad" Value=""/>
					<ItemData ItemOID="symptome_andere_symptome_schweregrad" Value=""/>
				</ItemGroupData>
				<ItemGroupData ItemGroupOID="symptome.symptome_complete" ItemGroupRepeatKey="1">
					<ItemData ItemOID="symptome_complete" Value="0"/>
				</ItemGroupData>
			</FormData>
			<FormData FormOID="Form.medikation" FormRepeatKey="1">
				<ItemGroupData ItemGroupOID="medikation.medikation_datum" ItemGroupRepeatKey="1">
					<ItemData ItemOID="medikation_datum" Value=""/>
				</ItemGroupData>
				<ItemGroupData ItemGroupOID="medikation.covid19therapie_code" ItemGroupRepeatKey="1">
					<ItemData ItemOID="covid19therapie_code" Value=""/>
					<ItemData ItemOID="covid19therapie" Value=""/>
				</ItemGroupData>
				<ItemGroupData ItemGroupOID="medikation.covid19therapie_antipyretika" ItemGroupRepeatKey="1">
					<ItemData ItemOID="covid19therapie_antipyretika" Value=""/>
					<ItemData ItemOID="covid19therapie_kortikosteroide" Value=""/>
					<ItemData ItemOID="covid19therapie_kortikosteroide_code" Value=""/>
					<ItemData ItemOID="covid19therapie_atazanavir" Value=""/>
					<ItemData ItemOID="covid19therapie_atazanavir_code" Value=""/>
					<ItemData ItemOID="covid19therapie_darunavir" Value=""/>
					<ItemData ItemOID="covid19therapie_darunavir_code" Value=""/>
					<ItemData ItemOID="covid19therapie_chloroquine_phosphate" Value=""/>
					<ItemData ItemOID="covid19therapie_hydroxychloroquine" Value=""/>
					<ItemData ItemOID="covid19therapie_ivermectin" Value=""/>
					<ItemData ItemOID="covid19therapie_lopinavir_ritonavir" Value=""/>
					<ItemData ItemOID="covid19therapie_ganciclovir" Value=""/>
					<ItemData ItemOID="covid19therapie_oseltamivir" Value=""/>
					<ItemData ItemOID="covid19therapie_remdesivir" Value=""/>
					<ItemData ItemOID="covid19therapie_ribavirin" Value=""/>
					<ItemData ItemOID="covid19therapie_camostat" Value=""/>
					<ItemData ItemOID="covid19therapie_favipiravir" Value=""/>
					<ItemData ItemOID="covid19therapie_convalescent_plasma" Value=""/>
					<ItemData ItemOID="covid19therapie_convalescent_plasma_code" Value=""/>
					<ItemData ItemOID="covid19therapie_steroids_gt_05_mg_kg_prednisone_equivalents" Value=""/>
					<ItemData ItemOID="covid19therapie_steroids_lt_05_mg_kg_prednisone_equivalents" Value=""/>
					<ItemData ItemOID="covid19therapie_tocilizumab" Value=""/>
					<ItemData ItemOID="covid19therapie_tocilizumab_code" Value=""/>
					<ItemData ItemOID="covid19therapie_sarilumab" Value=""/>
					<ItemData ItemOID="covid19therapie_cni_or_mtor_inhibitors_eg_cyclosporin_a_tacrolimus_sirolimus_everolimus" Value=""/>
					<ItemData ItemOID="covid19therapie_cni_or_mtor_inhibitors_eg_cyclosporin_a_tacrolimus_sirolimus_everolimus_code" Value=""/>
					<ItemData ItemOID="covid19therapie_anti_tnf_alpha_inhibitors_eg_adalimumab_etanercept" Value=""/>
					<ItemData ItemOID="covid19therapie_anti_tnf_alpha_inhibitors_eg_adalimumab_etanercept_code" Value=""/>
					<ItemData ItemOID="covid19therapie_il1_receptor_antangonists" Value=""/>
					<ItemData ItemOID="covid19therapie_ruxolitinib" Value=""/>
					<ItemData ItemOID="covid19therapie_colchicine" Value=""/>
					<ItemData ItemOID="covid19therapie_interferone_any" Value=""/>
					<ItemData ItemOID="covid19therapie_25_hydroxyvitamin_d" Value=""/>
					<ItemData ItemOID="covid19therapie_zinc" Value=""/>
					<ItemData ItemOID="covid19therapie_andere" Value=""/>
					<ItemData ItemOID="covid19therapie_andere_textfeld" Value=""/>
				</ItemGroupData>
				<ItemGroupData ItemGroupOID="medikation.acehemmer_code" ItemGroupRepeatKey="1">
					<ItemData ItemOID="acehemmer_code" Value=""/>
					<ItemData ItemOID="acehemmer" Value=""/>
				</ItemGroupData>
				<ItemGroupData ItemGroupOID="medikation.immunglobuline_code" ItemGroupRepeatKey="1">
					<ItemData ItemOID="immunglobuline_code" Value=""/>
					<ItemData ItemOID="immunglobuline" Value=""/>
				</ItemGroupData>
				<ItemGroupData ItemGroupOID="medikation.antikoagulation_code" ItemGroupRepeatKey="1">
					<ItemData ItemOID="antikoagulation_code" Value=""/>
					<ItemData ItemOID="antikoagulation" Value=""/>
				</ItemGroupData>
				<ItemGroupData ItemGroupOID="medikation.antikoagulation_unfraktioniertes_heparin" ItemGroupRepeatKey="1">
					<ItemData ItemOID="antikoagulation_unfraktioniertes_heparin" Value=""/>
					<ItemData ItemOID="antikoagulation_unfraktioniertes_heparin_code" Value=""/>
					<ItemData ItemOID="antikoagulation_niedermolekulares_heparin" Value=""/>
					<ItemData ItemOID="antikoagulation_niedermolekulares_heparin_code" Value=""/>
					<ItemData ItemOID="antikoagulation_argatroban" Value=""/>
					<ItemData ItemOID="antikoagulation_plaettchenaggregationshemmer" Value=""/>
					<ItemData ItemOID="antikoagulation_danaparoid" Value=""/>
					<ItemData ItemOID="antikoagulation_phenprocoumon" Value=""/>
					<ItemData ItemOID="antikoagulation_doak" Value=""/>
					<ItemData ItemOID="antikoagulation_doak_code" Value=""/>
					<ItemData ItemOID="antikoagulation_sonstige" Value=""/>
					<ItemData ItemOID="antikoagulation_sonstige_textfeld" Value=""/>
				</ItemGroupData>
				<ItemGroupData ItemGroupOID="medikation.medikation_complete" ItemGroupRepeatKey="1">
					<ItemData ItemOID="medikation_complete" Value="0"/>
				</ItemGroupData>
			</FormData>
			<FormData FormOID="Form.therapie" FormRepeatKey="1">
				<ItemGroupData ItemGroupOID="therapie.dialyse_hamofiltration_code" ItemGroupRepeatKey="1">
					<ItemData ItemOID="dialyse_hamofiltration_code" Value=""/>
					<ItemData ItemOID="dialyse_hamofiltration" Value=""/>
				</ItemGroupData>
				<ItemGroupData ItemGroupOID="therapie.apherese_code" ItemGroupRepeatKey="1">
					<ItemData ItemOID="apherese_code" Value=""/>
					<ItemData ItemOID="apherese" Value=""/>
				</ItemGroupData>
				<ItemGroupData ItemGroupOID="therapie.bauchlage_code" ItemGroupRepeatKey="1">
					<ItemData ItemOID="bauchlage_code" Value=""/>
					<ItemData ItemOID="bauchlage" Value=""/>
				</ItemGroupData>
				<ItemGroupData ItemGroupOID="therapie.liegt_der_patient_auf_der_intensivstationq_code" ItemGroupRepeatKey="1">
					<ItemData ItemOID="liegt_der_patient_auf_der_intensivstationq_code" Value=""/>
					<ItemData ItemOID="liegt_der_patient_auf_der_intensivstationq" Value=""/>
				</ItemGroupData>
				<ItemGroupData ItemGroupOID="therapie.ecmotherapie_code" ItemGroupRepeatKey="1">
					<ItemData ItemOID="ecmotherapie_code" Value=""/>
					<ItemData ItemOID="ecmotherapie" Value=""/>
				</ItemGroupData>
				<ItemGroupData ItemGroupOID="therapie.beatmungstherapie_code" ItemGroupRepeatKey="1">
					<ItemData ItemOID="beatmungstherapie_code" Value=""/>
					<ItemData ItemOID="beatmungstherapie" Value=""/>
				</ItemGroupData>
				<ItemGroupData ItemGroupOID="therapie.therapie_complete" ItemGroupRepeatKey="1">
					<ItemData ItemOID="therapie_complete" Value="0"/>
				</ItemGroupData>
			</FormData>
			<FormData FormOID="Form.vitalparameter" FormRepeatKey="1">
				<ItemGroupData ItemGroupOID="vitalparameter.vitalparameter_datum" ItemGroupRepeatKey="1">
					<ItemData ItemOID="vitalparameter_datum" Value=""/>
				</ItemGroupData>
				<ItemGroupData ItemGroupOID="vitalparameter.pa_co2_unit" ItemGroupRepeatKey="1">
					<ItemData ItemOID="pa_co2_unit" Value=""/>
				</ItemGroupData>
				<ItemGroupData ItemGroupOID="vitalparameter.pa_co2_code" ItemGroupRepeatKey="1">
					<ItemData ItemOID="pa_co2_code" Value=""/>
					<ItemData ItemOID="pa_co2" Value=""/>
				</ItemGroupData>
				<ItemGroupData ItemGroupOID="vitalparameter.pa_o2_unit" ItemGroupRepeatKey="1">
					<ItemData ItemOID="pa_o2_unit" Value=""/>
				</ItemGroupData>
				<ItemGroupData ItemGroupOID="vitalparameter.pa_o2_code" ItemGroupRepeatKey="1">
					<ItemData ItemOID="pa_o2_code" Value=""/>
					<ItemData ItemOID="pa_o2" Value=""/>
				</ItemGroupData>
				<ItemGroupData ItemGroupOID="vitalparameter.fi_o2_unit" ItemGroupRepeatKey="1">
					<ItemData ItemOID="fi_o2_unit" Value=""/>
				</ItemGroupData>
				<ItemGroupData ItemGroupOID="vitalparameter.fi_o2_code" ItemGroupRepeatKey="1">
					<ItemData ItemOID="fi_o2_code" Value=""/>
					<ItemData ItemOID="fi_o2" Value=""/>
				</ItemGroupData>
				<ItemGroupData ItemGroupOID="vitalparameter.p_hwert_unit" ItemGroupRepeatKey="1">
					<ItemData ItemOID="p_hwert_unit" Value=""/>
				</ItemGroupData>
				<ItemGroupData ItemGroupOID="vitalparameter.p_hwert_code" ItemGroupRepeatKey="1">
					<ItemData ItemOID="p_hwert_code" Value=""/>
					<ItemData ItemOID="p_hwert" Value=""/>
				</ItemGroupData>
				<ItemGroupData ItemGroupOID="vitalparameter.sofascore_code" ItemGroupRepeatKey="1">
					<ItemData ItemOID="sofascore_code" Value=""/>
				</ItemGroupData>
				<ItemGroupData ItemGroupOID="vitalparameter.sofa_score_resp" ItemGroupRepeatKey="1">
					<ItemData ItemOID="sofa_score_resp" Value=""/>
					<ItemData ItemOID="sofa_score_resp_calc" Value=""/>
					<ItemData ItemOID="sofa_score_ns" Value=""/>
					<ItemData ItemOID="sofa_score_ns_calc" Value=""/>
					<ItemData ItemOID="sofa_score_cvs" Value=""/>
					<ItemData ItemOID="sofa_score_cvs_calc" Value=""/>
					<ItemData ItemOID="sofa_score_liv" Value=""/>
					<ItemData ItemOID="sofa_score_liv_calc" Value=""/>
					<ItemData ItemOID="sofa_score_coa" Value=""/>
					<ItemData ItemOID="sofa_score_coa_calc" Value=""/>
					<ItemData ItemOID="sofa_score_kid" Value=""/>
					<ItemData ItemOID="sofa_score_kid_calc" Value=""/>
					<ItemData ItemOID="sofa_total_score" Value=""/>
				</ItemGroupData>
				<ItemGroupData ItemGroupOID="vitalparameter.atemfrequenz_unit" ItemGroupRepeatKey="1">
					<ItemData ItemOID="atemfrequenz_unit" Value=""/>
				</ItemGroupData>
				<ItemGroupData ItemGroupOID="vitalparameter.atemfrequenz_code" ItemGroupRepeatKey="1">
					<ItemData ItemOID="atemfrequenz_code" Value=""/>
					<ItemData ItemOID="atemfrequenz" Value=""/>
				</ItemGroupData>
				<ItemGroupData ItemGroupOID="vitalparameter.blutdruck_systolisch_unit" ItemGroupRepeatKey="1">
					<ItemData ItemOID="blutdruck_systolisch_unit" Value=""/>
				</ItemGroupData>
				<ItemGroupData ItemGroupOID="vitalparameter.blutdruck_systolisch_code" ItemGroupRepeatKey="1">
					<ItemData ItemOID="blutdruck_systolisch_code" Value=""/>
					<ItemData ItemOID="blutdruck_systolisch" Value=""/>
				</ItemGroupData>
				<ItemGroupData ItemGroupOID="vitalparameter.blutdruck_diastolisch_unit" ItemGroupRepeatKey="1">
					<ItemData ItemOID="blutdruck_diastolisch_unit" Value=""/>
				</ItemGroupData>
				<ItemGroupData ItemGroupOID="vitalparameter.blutdruck_diastolisch_code" ItemGroupRepeatKey="1">
					<ItemData ItemOID="blutdruck_diastolisch_code" Value=""/>
					<ItemData ItemOID="blutdruck_diastolisch" Value=""/>
				</ItemGroupData>
				<ItemGroupData ItemGroupOID="vitalparameter.herzfrequenz_unit" ItemGroupRepeatKey="1">
					<ItemData ItemOID="herzfrequenz_unit" Value=""/>
				</ItemGroupData>
				<ItemGroupData ItemGroupOID="vitalparameter.herzfrequenz_code" ItemGroupRepeatKey="1">
					<ItemData ItemOID="herzfrequenz_code" Value=""/>
					<ItemData ItemOID="herzfrequenz" Value=""/>
				</ItemGroupData>
				<ItemGroupData ItemGroupOID="vitalparameter.korpertemperatur_unit" ItemGroupRepeatKey="1">
					<ItemData ItemOID="korpertemperatur_unit" Value=""/>
				</ItemGroupData>
				<ItemGroupData ItemGroupOID="vitalparameter.korpertemperatur_code" ItemGroupRepeatKey="1">
					<ItemData ItemOID="korpertemperatur_code" Value=""/>
					<ItemData ItemOID="korpertemperatur" Value=""/>
				</ItemGroupData>
				<ItemGroupData ItemGroupOID="vitalparameter.periphere_sauerstoffsattigung_unit" ItemGroupRepeatKey="1">
					<ItemData ItemOID="periphere_sauerstoffsattigung_unit" Value=""/>
				</ItemGroupData>
				<ItemGroupData ItemGroupOID="vitalparameter.periphere_sauerstoffsattigung_code" ItemGroupRepeatKey="1">
					<ItemData ItemOID="periphere_sauerstoffsattigung_code" Value=""/>
					<ItemData ItemOID="periphere_sauerstoffsattigung" Value=""/>
				</ItemGroupData>
				<ItemGroupData ItemGroupOID="vitalparameter.vitalparameter_complete" ItemGroupRepeatKey="1">
					<ItemData ItemOID="vitalparameter_complete" Value="0"/>
				</ItemGroupData>
			</FormData>
			<FormData FormOID="Form.outcome_bei_entlassung" FormRepeatKey="1">
				<ItemGroupData ItemGroupOID="outcome_bei_entlassung.entlassdatum" ItemGroupRepeatKey="1">
					<ItemData ItemOID="entlassdatum" Value=""/>
				</ItemGroupData>
				<ItemGroupData ItemGroupOID="outcome_bei_entlassung.respiratorisches_outcome_code" ItemGroupRepeatKey="1">
					<ItemData ItemOID="respiratorisches_outcome_code" Value=""/>
					<ItemData ItemOID="respiratorisches_outcome" Value=""/>
				</ItemGroupData>
				<ItemGroupData ItemGroupOID="outcome_bei_entlassung.entlassungsart_code" ItemGroupRepeatKey="1">
					<ItemData ItemOID="entlassungsart_code" Value=""/>
					<ItemData ItemOID="entlassungsart" Value=""/>
				</ItemGroupData>
				<ItemGroupData ItemGroupOID="outcome_bei_entlassung.ergebnis_folgeabstrich_code" ItemGroupRepeatKey="1">
					<ItemData ItemOID="ergebnis_folgeabstrich_code" Value=""/>
					<ItemData ItemOID="ergebnis_folgeabstrich" Value=""/>
				</ItemGroupData>
				<ItemGroupData ItemGroupOID="outcome_bei_entlassung.outcome_bei_entlassung_complete" ItemGroupRepeatKey="1">
					<ItemData ItemOID="outcome_bei_entlassung_complete" Value="0"/>
				</ItemGroupData>
			</FormData>
			<FormData FormOID="Form.laborwerte" FormRepeatKey="1">
				<ItemGroupData ItemGroupOID="laborwerte.labor_datum" ItemGroupRepeatKey="1">
					<ItemData ItemOID="labor_datum" Value="2021-01-29"/>
				</ItemGroupData>
				<ItemGroupData ItemGroupOID="laborwerte.crp_code" ItemGroupRepeatKey="1">
					<ItemData ItemOID="crp_code" Value="2.16.840.1.113883.6.1_48421-2__2.16.840.1.113883.6.1_71426-1__2.16.840.1.113883.6.1_76486-0__2.16.840.1.113883.6.1_30522-7__2.16.840.1.113883.6.1_1988-5__2.16.840.1.113883.6.1_76485-2"/>
					<ItemData ItemOID="crp" Value="1"/>
				</ItemGroupData>
				<ItemGroupData ItemGroupOID="laborwerte.crp_unit" ItemGroupRepeatKey="1">
					<ItemData ItemOID="crp_unit" Value=""/>
				</ItemGroupData>
				<ItemGroupData ItemGroupOID="laborwerte.ferritin_code" ItemGroupRepeatKey="1">
					<ItemData ItemOID="ferritin_code" Value="2.16.840.1.113883.6.1_20567-4__2.16.840.1.113883.6.1_86914-9__2.16.840.1.113883.6.1_14723-1__2.16.840.1.113883.6.1_2276-4__2.16.840.1.113883.6.1_24373-3"/>
					<ItemData ItemOID="ferritin" Value=""/>
				</ItemGroupData>
				<ItemGroupData ItemGroupOID="laborwerte.ferritin_unit" ItemGroupRepeatKey="1">
					<ItemData ItemOID="ferritin_unit" Value=""/>
				</ItemGroupData>
				<ItemGroupData ItemGroupOID="laborwerte.bilirubin_code" ItemGroupRepeatKey="1">
					<ItemData ItemOID="bilirubin_code" Value="2.16.840.1.113883.6.1_59828-4__2.16.840.1.113883.6.1_59827-6__2.16.840.1.113883.6.1_42719-5__2.16.840.1.113883.6.1_14631-6__2.16.840.1.113883.6.1_1971-1__2.16.840.1.113883.6.1_1975-2"/>
					<ItemData ItemOID="bilirubin" Value=""/>
				</ItemGroupData>
				<ItemGroupData ItemGroupOID="laborwerte.bilirubin_unit" ItemGroupRepeatKey="1">
					<ItemData ItemOID="bilirubin_unit" Value=""/>
				</ItemGroupData>
				<ItemGroupData ItemGroupOID="laborwerte.ddimer_code" ItemGroupRepeatKey="1">
					<ItemData ItemOID="ddimer_code" Value="2.16.840.1.113883.6.1_48065-7__2.16.840.1.113883.6.1_48066-5__2.16.840.1.113883.6.1_48067-3__2.16.840.1.113883.6.1_55398-2__2.16.840.1.113883.6.1_71427-9__2.16.840.1.113883.6.1_7799-0__2.16.840.1.113883.6.1_91556-1__2.16.840.1.113883.6.1_38898-3__2.16.840.1.113883.6.1_3246-6__2.16.840.1.113883.6.1_48058-2"/>
					<ItemData ItemOID="ddimer" Value=""/>
				</ItemGroupData>
				<ItemGroupData ItemGroupOID="laborwerte.ddimer_unit" ItemGroupRepeatKey="1">
					<ItemData ItemOID="ddimer_unit" Value=""/>
				</ItemGroupData>
				<ItemGroupData ItemGroupOID="laborwerte.gammagt_code" ItemGroupRepeatKey="1">
					<ItemData ItemOID="gammagt_code" Value="2.16.840.1.113883.6.1_2325-9__2.16.840.1.113883.6.1_2324-2"/>
					<ItemData ItemOID="gammagt" Value=""/>
				</ItemGroupData>
				<ItemGroupData ItemGroupOID="laborwerte.gammagt_unit" ItemGroupRepeatKey="1">
					<ItemData ItemOID="gammagt_unit" Value="1"/>
				</ItemGroupData>
				<ItemGroupData ItemGroupOID="laborwerte.gotast_code" ItemGroupRepeatKey="1">
					<ItemData ItemOID="gotast_code" Value="2.16.840.1.113883.6.1_88112-8__2.16.840.1.113883.6.1_30239-8__2.16.840.1.113883.6.1_1920-8"/>
					<ItemData ItemOID="gotast" Value=""/>
				</ItemGroupData>
				<ItemGroupData ItemGroupOID="laborwerte.gotast_unit" ItemGroupRepeatKey="1">
					<ItemData ItemOID="gotast_unit" Value="1"/>
				</ItemGroupData>
				<ItemGroupData ItemGroupOID="laborwerte.ldh_code" ItemGroupRepeatKey="1">
					<ItemData ItemOID="ldh_code" Value="2.16.840.1.113883.6.1_2532-0__2.16.840.1.113883.6.1_60017-1__2.16.840.1.113883.6.1_14803-1__2.16.840.1.113883.6.1_14804-9__2.16.840.1.113883.6.1_14805-6"/>
					<ItemData ItemOID="ldh" Value=""/>
				</ItemGroupData>
				<ItemGroupData ItemGroupOID="laborwerte.ldh_unit" ItemGroupRepeatKey="1">
					<ItemData ItemOID="ldh_unit" Value="1"/>
				</ItemGroupData>
				<ItemGroupData ItemGroupOID="laborwerte.kardiale_troponine_code" ItemGroupRepeatKey="1">
					<ItemData ItemOID="kardiale_troponine_code" Value="2.16.840.1.113883.6.1_49563-0__2.16.840.1.113883.6.1_89579-7__2.16.840.1.113883.6.1_67151-1__2.16.840.1.113883.6.1_6598-7__2.16.840.1.113883.6.1_6597-9__2.16.840.1.113883.6.1_48425-3__2.16.840.1.113883.6.1_42757-5__2.16.840.1.113883.6.1_10839-9"/>
					<ItemData ItemOID="kardiale_troponine" Value=""/>
				</ItemGroupData>
				<ItemGroupData ItemGroupOID="laborwerte.kardiale_troponine_unit" ItemGroupRepeatKey="1">
					<ItemData ItemOID="kardiale_troponine_unit" Value=""/>
				</ItemGroupData>
				<ItemGroupData ItemGroupOID="laborwerte.hamoglobin_code" ItemGroupRepeatKey="1">
					<ItemData ItemOID="hamoglobin_code" Value="2.16.840.1.113883.6.1_76769-9__2.16.840.1.113883.6.1_718-7__2.16.840.1.113883.6.1_20509-6__2.16.840.1.113883.6.1_55782-7__2.16.840.1.113883.6.1_75928-2__2.16.840.1.113883.6.1_14775-1__2.16.840.1.113883.6.1_30313-1__2.16.840.1.113883.6.1_30350-3__2.16.840.1.113883.6.1_30351-1__2.16.840.1.113883.6.1_30352-9__2.16.840.1.113883.6.1_76768-1__2.16.840.1.113883.6.1_59260-0"/>
					<ItemData ItemOID="hamoglobin" Value=""/>
				</ItemGroupData>
				<ItemGroupData ItemGroupOID="laborwerte.hamoglobin_unit" ItemGroupRepeatKey="1">
					<ItemData ItemOID="hamoglobin_unit" Value=""/>
				</ItemGroupData>
				<ItemGroupData ItemGroupOID="laborwerte.kreatinin_code" ItemGroupRepeatKey="1">
					<ItemData ItemOID="kreatinin_code" Value="2.16.840.1.113883.6.1_14682-9__2.16.840.1.113883.6.1_2160-0__2.16.840.1.113883.6.1_21232-4__2.16.840.1.113883.6.1_25386-4__2.16.840.1.113883.6.1_12190-5__2.16.840.1.113883.6.1_59826-8__2.16.840.1.113883.6.1_38483-4"/>
					<ItemData ItemOID="kreatinin" Value=""/>
				</ItemGroupData>
				<ItemGroupData ItemGroupOID="laborwerte.kreatinin_unit" ItemGroupRepeatKey="1">
					<ItemData ItemOID="kreatinin_unit" Value=""/>
				</ItemGroupData>
				<ItemGroupData ItemGroupOID="laborwerte.laktat_code" ItemGroupRepeatKey="1">
					<ItemData ItemOID="laktat_code" Value="2.16.840.1.113883.6.1_14118-4__2.16.840.1.113883.6.1_30242-2__2.16.840.1.113883.6.1_2524-7__2.16.840.1.113883.6.1_2519-7__2.16.840.1.113883.6.1_2518-9__2.16.840.1.113883.6.1_19240-1__2.16.840.1.113883.6.1_19239-3__2.16.840.1.113883.6.1_2520-5__2.16.840.1.113883.6.1_32693-4__2.16.840.1.113883.6.1_59032-3__2.16.840.1.113883.6.1_27941-4"/>
					<ItemData ItemOID="laktat" Value=""/>
				</ItemGroupData>
				<ItemGroupData ItemGroupOID="laborwerte.laktat_unit" ItemGroupRepeatKey="1">
					<ItemData ItemOID="laktat_unit" Value=""/>
				</ItemGroupData>
				<ItemGroupData ItemGroupOID="laborwerte.leukozyten_absolut_code" ItemGroupRepeatKey="1">
					<ItemData ItemOID="leukozyten_absolut_code" Value="2.16.840.1.113883.6.1_804-5__2.16.840.1.113883.6.1_6690-2__2.16.840.1.113883.6.1_49498-9__2.16.840.1.113883.6.1_26464-8"/>
					<ItemData ItemOID="leukozyten_absolut" Value=""/>
				</ItemGroupData>
				<ItemGroupData ItemGroupOID="laborwerte.leukozyten_absolut_unit" ItemGroupRepeatKey="1">
					<ItemData ItemOID="leukozyten_absolut_unit" Value="1"/>
				</ItemGroupData>
				<ItemGroupData ItemGroupOID="laborwerte.lymphozyten_absolut_code" ItemGroupRepeatKey="1">
					<ItemData ItemOID="lymphozyten_absolut_code" Value="2.16.840.1.113883.6.1_732-8__2.16.840.1.113883.6.1_731-0__2.16.840.1.113883.6.1_30364-4__2.16.840.1.113883.6.1_26474-7"/>
					<ItemData ItemOID="lymphozyten_absolut" Value=""/>
				</ItemGroupData>
				<ItemGroupData ItemGroupOID="laborwerte.lymphozyten_absolut_unit" ItemGroupRepeatKey="1">
					<ItemData ItemOID="lymphozyten_absolut_unit" Value="1"/>
				</ItemGroupData>
				<ItemGroupData ItemGroupOID="laborwerte.neutrophile_absolut_code" ItemGroupRepeatKey="1">
					<ItemData ItemOID="neutrophile_absolut_code" Value="2.16.840.1.113883.6.1_753-4__2.16.840.1.113883.6.1_751-8__2.16.840.1.113883.6.1_26499-4"/>
					<ItemData ItemOID="neutrophile_absolut" Value=""/>
				</ItemGroupData>
				<ItemGroupData ItemGroupOID="laborwerte.neutrophile_absolut_unit" ItemGroupRepeatKey="1">
					<ItemData ItemOID="neutrophile_absolut_unit" Value="1"/>
				</ItemGroupData>
				<ItemGroupData ItemGroupOID="laborwerte.ptt_code" ItemGroupRepeatKey="1">
					<ItemData ItemOID="ptt_code" Value="2.16.840.1.113883.6.1_16631-4__2.16.840.1.113883.6.1_43734-3__2.16.840.1.113883.6.1_14979-9__2.16.840.1.113883.6.1_3173-2"/>
					<ItemData ItemOID="ptt" Value=""/>
				</ItemGroupData>
				<ItemGroupData ItemGroupOID="laborwerte.ptt_unit" ItemGroupRepeatKey="1">
					<ItemData ItemOID="ptt_unit" Value="1"/>
				</ItemGroupData>
				<ItemGroupData ItemGroupOID="laborwerte.thrombozyten_absolut_code" ItemGroupRepeatKey="1">
					<ItemData ItemOID="thrombozyten_absolut_code" Value="2.16.840.1.113883.6.1_74775-8__2.16.840.1.113883.6.1_13056-7__2.16.840.1.113883.6.1_26516-5__2.16.840.1.113883.6.1_74464-9__2.16.840.1.113883.6.1_778-1__2.16.840.1.113883.6.1_49497-1__2.16.840.1.113883.6.1_777-3__2.16.840.1.113883.6.1_26515-7"/>
					<ItemData ItemOID="thrombozyten_absolut" Value=""/>
				</ItemGroupData>
				<ItemGroupData ItemGroupOID="laborwerte.thrombozyten_absolut_unit" ItemGroupRepeatKey="1">
					<ItemData ItemOID="thrombozyten_absolut_unit" Value="1"/>
				</ItemGroupData>
				<ItemGroupData ItemGroupOID="laborwerte.inr_code" ItemGroupRepeatKey="1">
					<ItemData ItemOID="inr_code" Value="2.16.840.1.113883.6.1_6301-6__2.16.840.1.113883.6.1_46418-0__2.16.840.1.113883.6.1_34714-6"/>
					<ItemData ItemOID="inr" Value=""/>
				</ItemGroupData>
				<ItemGroupData ItemGroupOID="laborwerte.inr_unit" ItemGroupRepeatKey="1">
					<ItemData ItemOID="inr_unit" Value="1"/>
				</ItemGroupData>
				<ItemGroupData ItemGroupOID="laborwerte.serumalbumin_code" ItemGroupRepeatKey="1">
					<ItemData ItemOID="serumalbumin_code" Value="2.16.840.1.113883.6.1_76631-1__2.16.840.1.113883.6.1_62235-7__2.16.840.1.113883.6.1_62234-0__2.16.840.1.113883.6.1_61152-5__2.16.840.1.113883.6.1_61151-7__2.16.840.1.113883.6.1_2862-1__2.16.840.1.113883.6.1_1751-7__2.16.840.1.113883.6.1_54347-0"/>
					<ItemData ItemOID="serumalbumin" Value=""/>
				</ItemGroupData>
				<ItemGroupData ItemGroupOID="laborwerte.serumalbumin_unit" ItemGroupRepeatKey="1">
					<ItemData ItemOID="serumalbumin_unit" Value=""/>
				</ItemGroupData>
				<ItemGroupData ItemGroupOID="laborwerte.antithrombin_iii_code" ItemGroupRepeatKey="1">
					<ItemData ItemOID="antithrombin_iii_code" Value="2.16.840.1.113883.6.1_27811-9__2.16.840.1.113883.6.1_3176-5__2.16.840.1.113883.6.1_91120-6__2.16.840.1.113883.6.1_3174-0"/>
					<ItemData ItemOID="antithrombin_iii" Value=""/>
				</ItemGroupData>
				<ItemGroupData ItemGroupOID="laborwerte.antithrombin_iii_unit" ItemGroupRepeatKey="1">
					<ItemData ItemOID="antithrombin_iii_unit" Value=""/>
				</ItemGroupData>
				<ItemGroupData ItemGroupOID="laborwerte.pct_procalcitonin_code" ItemGroupRepeatKey="1">
					<ItemData ItemOID="pct_procalcitonin_code" Value="2.16.840.1.113883.6.1_75241-0__2.16.840.1.113883.6.1_33959-8"/>
					<ItemData ItemOID="pct_procalcitonin" Value=""/>
				</ItemGroupData>
				<ItemGroupData ItemGroupOID="laborwerte.pct_procalcitonin_unit" ItemGroupRepeatKey="1">
					<ItemData ItemOID="pct_procalcitonin_unit" Value="1"/>
				</ItemGroupData>
				<ItemGroupData ItemGroupOID="laborwerte.il6_interleukin_6_code" ItemGroupRepeatKey="1">
					<ItemData ItemOID="il6_interleukin_6_code" Value="2.16.840.1.113883.6.1_44322-6__2.16.840.1.113883.6.1_26881-3__2.16.840.1.113883.6.1_49919-4__2.16.840.1.113883.6.1_49732-1"/>
					<ItemData ItemOID="il6_interleukin_6" Value=""/>
				</ItemGroupData>
				<ItemGroupData ItemGroupOID="laborwerte.il6_interleukin_6_unit" ItemGroupRepeatKey="1">
					<ItemData ItemOID="il6_interleukin_6_unit" Value="1"/>
				</ItemGroupData>
				<ItemGroupData ItemGroupOID="laborwerte.ntprobnp_code" ItemGroupRepeatKey="1">
					<ItemData ItemOID="ntprobnp_code" Value="2.16.840.1.113883.6.1_83107-3__2.16.840.1.113883.6.1_33762-6"/>
					<ItemData ItemOID="ntprobnp" Value=""/>
				</ItemGroupData>
				<ItemGroupData ItemGroupOID="laborwerte.ntprobnp_unit" ItemGroupRepeatKey="1">
					<ItemData ItemOID="ntprobnp_unit" Value="1"/>
				</ItemGroupData>
				<ItemGroupData ItemGroupOID="laborwerte.fibrinogen_code" ItemGroupRepeatKey="1">
					<ItemData ItemOID="fibrinogen_code" Value="2.16.840.1.113883.6.1_30902-1__2.16.840.1.113883.6.1_48664-7__2.16.840.1.113883.6.1_3255-7"/>
					<ItemData ItemOID="fibrinogen" Value=""/>
				</ItemGroupData>
				<ItemGroupData ItemGroupOID="laborwerte.fibrinogen_unit" ItemGroupRepeatKey="1">
					<ItemData ItemOID="fibrinogen_unit" Value=""/>
				</ItemGroupData>
				<ItemGroupData ItemGroupOID="laborwerte.sarsco_v2rtpcr_code" ItemGroupRepeatKey="1">
					<ItemData ItemOID="sarsco_v2rtpcr_code" Value="2.16.840.1.113883.6.1_94500-6"/>
					<ItemData ItemOID="sarsco_v2rtpcr" Value=""/>
				</ItemGroupData>
				<ItemGroupData ItemGroupOID="laborwerte.sarsco_v2_covid19_ig_g_ia_ql_code" ItemGroupRepeatKey="1">
					<ItemData ItemOID="sarsco_v2_covid19_ig_g_ia_ql_code" Value="2.16.840.1.113883.6.1_94563-4"/>
					<ItemData ItemOID="sarsco_v2_covid19_ig_g_ia_ql" Value=""/>
				</ItemGroupData>
				<ItemGroupData ItemGroupOID="laborwerte.sarsco_v2_covid19_ig_g_ia_qn_code" ItemGroupRepeatKey="1">
					<ItemData ItemOID="sarsco_v2_covid19_ig_g_ia_qn_code" Value="2.16.840.1.113883.6.1_94505-5"/>
					<ItemData ItemOID="sarsco_v2_covid19_ig_g_ia_qn" Value=""/>
				</ItemGroupData>
				<ItemGroupData ItemGroupOID="laborwerte.sarsco_v2_covid19_ig_g_ia_qn_unit" ItemGroupRepeatKey="1">
					<ItemData ItemOID="sarsco_v2_covid19_ig_g_ia_qn_unit" Value="1"/>
				</ItemGroupData>
				<ItemGroupData ItemGroupOID="laborwerte.sarsco_v2_covid19_ig_m_ia_ql_code" ItemGroupRepeatKey="1">
					<ItemData ItemOID="sarsco_v2_covid19_ig_m_ia_ql_code" Value="2.16.840.1.113883.6.1_94564-2"/>
					<ItemData ItemOID="sarsco_v2_covid19_ig_m_ia_ql" Value=""/>
				</ItemGroupData>
				<ItemGroupData ItemGroupOID="laborwerte.sarsco_v2_covid19_ig_m_ia_qn_code" ItemGroupRepeatKey="1">
					<ItemData ItemOID="sarsco_v2_covid19_ig_m_ia_qn_code" Value="2.16.840.1.113883.6.1_94506-3"/>
					<ItemData ItemOID="sarsco_v2_covid19_ig_m_ia_qn" Value=""/>
				</ItemGroupData>
				<ItemGroupData ItemGroupOID="laborwerte.sarsco_v2_covid19_ig_m_ia_qn_unit" ItemGroupRepeatKey="1">
					<ItemData ItemOID="sarsco_v2_covid19_ig_m_ia_qn_unit" Value="1"/>
				</ItemGroupData>
				<ItemGroupData ItemGroupOID="laborwerte.sarsco_v2_covid19_ig_a_ia_ql_code" ItemGroupRepeatKey="1">
					<ItemData ItemOID="sarsco_v2_covid19_ig_a_ia_ql_code" Value="2.16.840.1.113883.6.1_94562-6"/>
					<ItemData ItemOID="sarsco_v2_covid19_ig_a_ia_ql" Value=""/>
				</ItemGroupData>
				<ItemGroupData ItemGroupOID="laborwerte.sarsco_v2_covid19_ig_a_ia_qn_code" ItemGroupRepeatKey="1">
					<ItemData ItemOID="sarsco_v2_covid19_ig_a_ia_qn_code" Value="2.16.840.1.113883.6.1_94720-0"/>
					<ItemData ItemOID="sarsco_v2_covid19_ig_a_ia_qn" Value=""/>
				</ItemGroupData>
				<ItemGroupData ItemGroupOID="laborwerte.sarsco_v2_covid19_ig_a_ia_qn_unit" ItemGroupRepeatKey="1">
					<ItemData ItemOID="sarsco_v2_covid19_ig_a_ia_qn_unit" Value="1"/>
				</ItemGroupData>
				<ItemGroupData ItemGroupOID="laborwerte.sarsco_v2_covid19_ab_ia_ql_code" ItemGroupRepeatKey="1">
					<ItemData ItemOID="sarsco_v2_covid19_ab_ia_ql_code" Value="2.16.840.1.113883.6.1_94762-2"/>
					<ItemData ItemOID="sarsco_v2_covid19_ab_ia_ql" Value=""/>
				</ItemGroupData>
				<ItemGroupData ItemGroupOID="laborwerte.sarsco_v2_covid19_ab_ia_qn_code" ItemGroupRepeatKey="1">
					<ItemData ItemOID="sarsco_v2_covid19_ab_ia_qn_code" Value="2.16.840.1.113883.6.1_94769-7"/>
					<ItemData ItemOID="sarsco_v2_covid19_ab_ia_qn" Value=""/>
				</ItemGroupData>
				<ItemGroupData ItemGroupOID="laborwerte.sarsco_v2_covid19_ab_ia_qn_unit" ItemGroupRepeatKey="1">
					<ItemData ItemOID="sarsco_v2_covid19_ab_ia_qn_unit" Value="1"/>
				</ItemGroupData>
				<ItemGroupData ItemGroupOID="laborwerte.laborwerte_complete" ItemGroupRepeatKey="1">
					<ItemData ItemOID="laborwerte_complete" Value="2"/>
				</ItemGroupData>
			</FormData>
			<FormData FormOID="Form.laborwerte" FormRepeatKey="2">
				<ItemGroupData ItemGroupOID="laborwerte.labor_datum" ItemGroupRepeatKey="1">
					<ItemData ItemOID="labor_datum" Value="2021-01-29"/>
				</ItemGroupData>
				<ItemGroupData ItemGroupOID="laborwerte.crp_code" ItemGroupRepeatKey="1">
					<ItemData ItemOID="crp_code" Value="2.16.840.1.113883.6.1_48421-2__2.16.840.1.113883.6.1_71426-1__2.16.840.1.113883.6.1_76486-0__2.16.840.1.113883.6.1_30522-7__2.16.840.1.113883.6.1_1988-5__2.16.840.1.113883.6.1_76485-2"/>
					<ItemData ItemOID="crp" Value="2"/>
				</ItemGroupData>
				<ItemGroupData ItemGroupOID="laborwerte.crp_unit" ItemGroupRepeatKey="1">
					<ItemData ItemOID="crp_unit" Value=""/>
				</ItemGroupData>
				<ItemGroupData ItemGroupOID="laborwerte.ferritin_code" ItemGroupRepeatKey="1">
					<ItemData ItemOID="ferritin_code" Value="2.16.840.1.113883.6.1_20567-4__2.16.840.1.113883.6.1_86914-9__2.16.840.1.113883.6.1_14723-1__2.16.840.1.113883.6.1_2276-4__2.16.840.1.113883.6.1_24373-3"/>
					<ItemData ItemOID="ferritin" Value=""/>
				</ItemGroupData>
				<ItemGroupData ItemGroupOID="laborwerte.ferritin_unit" ItemGroupRepeatKey="1">
					<ItemData ItemOID="ferritin_unit" Value=""/>
				</ItemGroupData>
				<ItemGroupData ItemGroupOID="laborwerte.bilirubin_code" ItemGroupRepeatKey="1">
					<ItemData ItemOID="bilirubin_code" Value="2.16.840.1.113883.6.1_59828-4__2.16.840.1.113883.6.1_59827-6__2.16.840.1.113883.6.1_42719-5__2.16.840.1.113883.6.1_14631-6__2.16.840.1.113883.6.1_1971-1__2.16.840.1.113883.6.1_1975-2"/>
					<ItemData ItemOID="bilirubin" Value=""/>
				</ItemGroupData>
				<ItemGroupData ItemGroupOID="laborwerte.bilirubin_unit" ItemGroupRepeatKey="1">
					<ItemData ItemOID="bilirubin_unit" Value=""/>
				</ItemGroupData>
				<ItemGroupData ItemGroupOID="laborwerte.ddimer_code" ItemGroupRepeatKey="1">
					<ItemData ItemOID="ddimer_code" Value="2.16.840.1.113883.6.1_48065-7__2.16.840.1.113883.6.1_48066-5__2.16.840.1.113883.6.1_48067-3__2.16.840.1.113883.6.1_55398-2__2.16.840.1.113883.6.1_71427-9__2.16.840.1.113883.6.1_7799-0__2.16.840.1.113883.6.1_91556-1__2.16.840.1.113883.6.1_38898-3__2.16.840.1.113883.6.1_3246-6__2.16.840.1.113883.6.1_48058-2"/>
					<ItemData ItemOID="ddimer" Value=""/>
				</ItemGroupData>
				<ItemGroupData ItemGroupOID="laborwerte.ddimer_unit" ItemGroupRepeatKey="1">
					<ItemData ItemOID="ddimer_unit" Value=""/>
				</ItemGroupData>
				<ItemGroupData ItemGroupOID="laborwerte.gammagt_code" ItemGroupRepeatKey="1">
					<ItemData ItemOID="gammagt_code" Value="2.16.840.1.113883.6.1_2325-9__2.16.840.1.113883.6.1_2324-2"/>
					<ItemData ItemOID="gammagt" Value=""/>
				</ItemGroupData>
				<ItemGroupData ItemGroupOID="laborwerte.gammagt_unit" ItemGroupRepeatKey="1">
					<ItemData ItemOID="gammagt_unit" Value="1"/>
				</ItemGroupData>
				<ItemGroupData ItemGroupOID="laborwerte.gotast_code" ItemGroupRepeatKey="1">
					<ItemData ItemOID="gotast_code" Value="2.16.840.1.113883.6.1_88112-8__2.16.840.1.113883.6.1_30239-8__2.16.840.1.113883.6.1_1920-8"/>
					<ItemData ItemOID="gotast" Value=""/>
				</ItemGroupData>
				<ItemGroupData ItemGroupOID="laborwerte.gotast_unit" ItemGroupRepeatKey="1">
					<ItemData ItemOID="gotast_unit" Value="1"/>
				</ItemGroupData>
				<ItemGroupData ItemGroupOID="laborwerte.ldh_code" ItemGroupRepeatKey="1">
					<ItemData ItemOID="ldh_code" Value="2.16.840.1.113883.6.1_2532-0__2.16.840.1.113883.6.1_60017-1__2.16.840.1.113883.6.1_14803-1__2.16.840.1.113883.6.1_14804-9__2.16.840.1.113883.6.1_14805-6"/>
					<ItemData ItemOID="ldh" Value=""/>
				</ItemGroupData>
				<ItemGroupData ItemGroupOID="laborwerte.ldh_unit" ItemGroupRepeatKey="1">
					<ItemData ItemOID="ldh_unit" Value="1"/>
				</ItemGroupData>
				<ItemGroupData ItemGroupOID="laborwerte.kardiale_troponine_code" ItemGroupRepeatKey="1">
					<ItemData ItemOID="kardiale_troponine_code" Value="2.16.840.1.113883.6.1_49563-0__2.16.840.1.113883.6.1_89579-7__2.16.840.1.113883.6.1_67151-1__2.16.840.1.113883.6.1_6598-7__2.16.840.1.113883.6.1_6597-9__2.16.840.1.113883.6.1_48425-3__2.16.840.1.113883.6.1_42757-5__2.16.840.1.113883.6.1_10839-9"/>
					<ItemData ItemOID="kardiale_troponine" Value=""/>
				</ItemGroupData>
				<ItemGroupData ItemGroupOID="laborwerte.kardiale_troponine_unit" ItemGroupRepeatKey="1">
					<ItemData ItemOID="kardiale_troponine_unit" Value=""/>
				</ItemGroupData>
				<ItemGroupData ItemGroupOID="laborwerte.hamoglobin_code" ItemGroupRepeatKey="1">
					<ItemData ItemOID="hamoglobin_code" Value="2.16.840.1.113883.6.1_76769-9__2.16.840.1.113883.6.1_718-7__2.16.840.1.113883.6.1_20509-6__2.16.840.1.113883.6.1_55782-7__2.16.840.1.113883.6.1_75928-2__2.16.840.1.113883.6.1_14775-1__2.16.840.1.113883.6.1_30313-1__2.16.840.1.113883.6.1_30350-3__2.16.840.1.113883.6.1_30351-1__2.16.840.1.113883.6.1_30352-9__2.16.840.1.113883.6.1_76768-1__2.16.840.1.113883.6.1_59260-0"/>
					<ItemData ItemOID="hamoglobin" Value=""/>
				</ItemGroupData>
				<ItemGroupData ItemGroupOID="laborwerte.hamoglobin_unit" ItemGroupRepeatKey="1">
					<ItemData ItemOID="hamoglobin_unit" Value=""/>
				</ItemGroupData>
				<ItemGroupData ItemGroupOID="laborwerte.kreatinin_code" ItemGroupRepeatKey="1">
					<ItemData ItemOID="kreatinin_code" Value="2.16.840.1.113883.6.1_14682-9__2.16.840.1.113883.6.1_2160-0__2.16.840.1.113883.6.1_21232-4__2.16.840.1.113883.6.1_25386-4__2.16.840.1.113883.6.1_12190-5__2.16.840.1.113883.6.1_59826-8__2.16.840.1.113883.6.1_38483-4"/>
					<ItemData ItemOID="kreatinin" Value=""/>
				</ItemGroupData>
				<ItemGroupData ItemGroupOID="laborwerte.kreatinin_unit" ItemGroupRepeatKey="1">
					<ItemData ItemOID="kreatinin_unit" Value=""/>
				</ItemGroupData>
				<ItemGroupData ItemGroupOID="laborwerte.laktat_code" ItemGroupRepeatKey="1">
					<ItemData ItemOID="laktat_code" Value="2.16.840.1.113883.6.1_14118-4__2.16.840.1.113883.6.1_30242-2__2.16.840.1.113883.6.1_2524-7__2.16.840.1.113883.6.1_2519-7__2.16.840.1.113883.6.1_2518-9__2.16.840.1.113883.6.1_19240-1__2.16.840.1.113883.6.1_19239-3__2.16.840.1.113883.6.1_2520-5__2.16.840.1.113883.6.1_32693-4__2.16.840.1.113883.6.1_59032-3__2.16.840.1.113883.6.1_27941-4"/>
					<ItemData ItemOID="laktat" Value=""/>
				</ItemGroupData>
				<ItemGroupData ItemGroupOID="laborwerte.laktat_unit" ItemGroupRepeatKey="1">
					<ItemData ItemOID="laktat_unit" Value=""/>
				</ItemGroupData>
				<ItemGroupData ItemGroupOID="laborwerte.leukozyten_absolut_code" ItemGroupRepeatKey="1">
					<ItemData ItemOID="leukozyten_absolut_code" Value="2.16.840.1.113883.6.1_804-5__2.16.840.1.113883.6.1_6690-2__2.16.840.1.113883.6.1_49498-9__2.16.840.1.113883.6.1_26464-8"/>
					<ItemData ItemOID="leukozyten_absolut" Value=""/>
				</ItemGroupData>
				<ItemGroupData ItemGroupOID="laborwerte.leukozyten_absolut_unit" ItemGroupRepeatKey="1">
					<ItemData ItemOID="leukozyten_absolut_unit" Value="1"/>
				</ItemGroupData>
				<ItemGroupData ItemGroupOID="laborwerte.lymphozyten_absolut_code" ItemGroupRepeatKey="1">
					<ItemData ItemOID="lymphozyten_absolut_code" Value="2.16.840.1.113883.6.1_732-8__2.16.840.1.113883.6.1_731-0__2.16.840.1.113883.6.1_30364-4__2.16.840.1.113883.6.1_26474-7"/>
					<ItemData ItemOID="lymphozyten_absolut" Value=""/>
				</ItemGroupData>
				<ItemGroupData ItemGroupOID="laborwerte.lymphozyten_absolut_unit" ItemGroupRepeatKey="1">
					<ItemData ItemOID="lymphozyten_absolut_unit" Value="1"/>
				</ItemGroupData>
				<ItemGroupData ItemGroupOID="laborwerte.neutrophile_absolut_code" ItemGroupRepeatKey="1">
					<ItemData ItemOID="neutrophile_absolut_code" Value="2.16.840.1.113883.6.1_753-4__2.16.840.1.113883.6.1_751-8__2.16.840.1.113883.6.1_26499-4"/>
					<ItemData ItemOID="neutrophile_absolut" Value=""/>
				</ItemGroupData>
				<ItemGroupData ItemGroupOID="laborwerte.neutrophile_absolut_unit" ItemGroupRepeatKey="1">
					<ItemData ItemOID="neutrophile_absolut_unit" Value="1"/>
				</ItemGroupData>
				<ItemGroupData ItemGroupOID="laborwerte.ptt_code" ItemGroupRepeatKey="1">
					<ItemData ItemOID="ptt_code" Value="2.16.840.1.113883.6.1_16631-4__2.16.840.1.113883.6.1_43734-3__2.16.840.1.113883.6.1_14979-9__2.16.840.1.113883.6.1_3173-2"/>
					<ItemData ItemOID="ptt" Value=""/>
				</ItemGroupData>
				<ItemGroupData ItemGroupOID="laborwerte.ptt_unit" ItemGroupRepeatKey="1">
					<ItemData ItemOID="ptt_unit" Value="1"/>
				</ItemGroupData>
				<ItemGroupData ItemGroupOID="laborwerte.thrombozyten_absolut_code" ItemGroupRepeatKey="1">
					<ItemData ItemOID="thrombozyten_absolut_code" Value="2.16.840.1.113883.6.1_74775-8__2.16.840.1.113883.6.1_13056-7__2.16.840.1.113883.6.1_26516-5__2.16.840.1.113883.6.1_74464-9__2.16.840.1.113883.6.1_778-1__2.16.840.1.113883.6.1_49497-1__2.16.840.1.113883.6.1_777-3__2.16.840.1.113883.6.1_26515-7"/>
					<ItemData ItemOID="thrombozyten_absolut" Value=""/>
				</ItemGroupData>
				<ItemGroupData ItemGroupOID="laborwerte.thrombozyten_absolut_unit" ItemGroupRepeatKey="1">
					<ItemData ItemOID="thrombozyten_absolut_unit" Value="1"/>
				</ItemGroupData>
				<ItemGroupData ItemGroupOID="laborwerte.inr_code" ItemGroupRepeatKey="1">
					<ItemData ItemOID="inr_code" Value="2.16.840.1.113883.6.1_6301-6__2.16.840.1.113883.6.1_46418-0__2.16.840.1.113883.6.1_34714-6"/>
					<ItemData ItemOID="inr" Value=""/>
				</ItemGroupData>
				<ItemGroupData ItemGroupOID="laborwerte.inr_unit" ItemGroupRepeatKey="1">
					<ItemData ItemOID="inr_unit" Value="1"/>
				</ItemGroupData>
				<ItemGroupData ItemGroupOID="laborwerte.serumalbumin_code" ItemGroupRepeatKey="1">
					<ItemData ItemOID="serumalbumin_code" Value="2.16.840.1.113883.6.1_76631-1__2.16.840.1.113883.6.1_62235-7__2.16.840.1.113883.6.1_62234-0__2.16.840.1.113883.6.1_61152-5__2.16.840.1.113883.6.1_61151-7__2.16.840.1.113883.6.1_2862-1__2.16.840.1.113883.6.1_1751-7__2.16.840.1.113883.6.1_54347-0"/>
					<ItemData ItemOID="serumalbumin" Value=""/>
				</ItemGroupData>
				<ItemGroupData ItemGroupOID="laborwerte.serumalbumin_unit" ItemGroupRepeatKey="1">
					<ItemData ItemOID="serumalbumin_unit" Value=""/>
				</ItemGroupData>
				<ItemGroupData ItemGroupOID="laborwerte.antithrombin_iii_code" ItemGroupRepeatKey="1">
					<ItemData ItemOID="antithrombin_iii_code" Value="2.16.840.1.113883.6.1_27811-9__2.16.840.1.113883.6.1_3176-5__2.16.840.1.113883.6.1_91120-6__2.16.840.1.113883.6.1_3174-0"/>
					<ItemData ItemOID="antithrombin_iii" Value=""/>
				</ItemGroupData>
				<ItemGroupData ItemGroupOID="laborwerte.antithrombin_iii_unit" ItemGroupRepeatKey="1">
					<ItemData ItemOID="antithrombin_iii_unit" Value=""/>
				</ItemGroupData>
				<ItemGroupData ItemGroupOID="laborwerte.pct_procalcitonin_code" ItemGroupRepeatKey="1">
					<ItemData ItemOID="pct_procalcitonin_code" Value="2.16.840.1.113883.6.1_75241-0__2.16.840.1.113883.6.1_33959-8"/>
					<ItemData ItemOID="pct_procalcitonin" Value=""/>
				</ItemGroupData>
				<ItemGroupData ItemGroupOID="laborwerte.pct_procalcitonin_unit" ItemGroupRepeatKey="1">
					<ItemData ItemOID="pct_procalcitonin_unit" Value="1"/>
				</ItemGroupData>
				<ItemGroupData ItemGroupOID="laborwerte.il6_interleukin_6_code" ItemGroupRepeatKey="1">
					<ItemData ItemOID="il6_interleukin_6_code" Value="2.16.840.1.113883.6.1_44322-6__2.16.840.1.113883.6.1_26881-3__2.16.840.1.113883.6.1_49919-4__2.16.840.1.113883.6.1_49732-1"/>
					<ItemData ItemOID="il6_interleukin_6" Value=""/>
				</ItemGroupData>
				<ItemGroupData ItemGroupOID="laborwerte.il6_interleukin_6_unit" ItemGroupRepeatKey="1">
					<ItemData ItemOID="il6_interleukin_6_unit" Value="1"/>
				</ItemGroupData>
				<ItemGroupData ItemGroupOID="laborwerte.ntprobnp_code" ItemGroupRepeatKey="1">
					<ItemData ItemOID="ntprobnp_code" Value="2.16.840.1.113883.6.1_83107-3__2.16.840.1.113883.6.1_33762-6"/>
					<ItemData ItemOID="ntprobnp" Value=""/>
				</ItemGroupData>
				<ItemGroupData ItemGroupOID="laborwerte.ntprobnp_unit" ItemGroupRepeatKey="1">
					<ItemData ItemOID="ntprobnp_unit" Value="1"/>
				</ItemGroupData>
				<ItemGroupData ItemGroupOID="laborwerte.fibrinogen_code" ItemGroupRepeatKey="1">
					<ItemData ItemOID="fibrinogen_code" Value="2.16.840.1.113883.6.1_30902-1__2.16.840.1.113883.6.1_48664-7__2.16.840.1.113883.6.1_3255-7"/>
					<ItemData ItemOID="fibrinogen" Value=""/>
				</ItemGroupData>
				<ItemGroupData ItemGroupOID="laborwerte.fibrinogen_unit" ItemGroupRepeatKey="1">
					<ItemData ItemOID="fibrinogen_unit" Value=""/>
				</ItemGroupData>
				<ItemGroupData ItemGroupOID="laborwerte.sarsco_v2rtpcr_code" ItemGroupRepeatKey="1">
					<ItemData ItemOID="sarsco_v2rtpcr_code" Value="2.16.840.1.113883.6.1_94500-6"/>
					<ItemData ItemOID="sarsco_v2rtpcr" Value=""/>
				</ItemGroupData>
				<ItemGroupData ItemGroupOID="laborwerte.sarsco_v2_covid19_ig_g_ia_ql_code" ItemGroupRepeatKey="1">
					<ItemData ItemOID="sarsco_v2_covid19_ig_g_ia_ql_code" Value="2.16.840.1.113883.6.1_94563-4"/>
					<ItemData ItemOID="sarsco_v2_covid19_ig_g_ia_ql" Value=""/>
				</ItemGroupData>
				<ItemGroupData ItemGroupOID="laborwerte.sarsco_v2_covid19_ig_g_ia_qn_code" ItemGroupRepeatKey="1">
					<ItemData ItemOID="sarsco_v2_covid19_ig_g_ia_qn_code" Value="2.16.840.1.113883.6.1_94505-5"/>
					<ItemData ItemOID="sarsco_v2_covid19_ig_g_ia_qn" Value=""/>
				</ItemGroupData>
				<ItemGroupData ItemGroupOID="laborwerte.sarsco_v2_covid19_ig_g_ia_qn_unit" ItemGroupRepeatKey="1">
					<ItemData ItemOID="sarsco_v2_covid19_ig_g_ia_qn_unit" Value="1"/>
				</ItemGroupData>
				<ItemGroupData ItemGroupOID="laborwerte.sarsco_v2_covid19_ig_m_ia_ql_code" ItemGroupRepeatKey="1">
					<ItemData ItemOID="sarsco_v2_covid19_ig_m_ia_ql_code" Value="2.16.840.1.113883.6.1_94564-2"/>
					<ItemData ItemOID="sarsco_v2_covid19_ig_m_ia_ql" Value=""/>
				</ItemGroupData>
				<ItemGroupData ItemGroupOID="laborwerte.sarsco_v2_covid19_ig_m_ia_qn_code" ItemGroupRepeatKey="1">
					<ItemData ItemOID="sarsco_v2_covid19_ig_m_ia_qn_code" Value="2.16.840.1.113883.6.1_94506-3"/>
					<ItemData ItemOID="sarsco_v2_covid19_ig_m_ia_qn" Value=""/>
				</ItemGroupData>
				<ItemGroupData ItemGroupOID="laborwerte.sarsco_v2_covid19_ig_m_ia_qn_unit" ItemGroupRepeatKey="1">
					<ItemData ItemOID="sarsco_v2_covid19_ig_m_ia_qn_unit" Value="1"/>
				</ItemGroupData>
				<ItemGroupData ItemGroupOID="laborwerte.sarsco_v2_covid19_ig_a_ia_ql_code" ItemGroupRepeatKey="1">
					<ItemData ItemOID="sarsco_v2_covid19_ig_a_ia_ql_code" Value="2.16.840.1.113883.6.1_94562-6"/>
					<ItemData ItemOID="sarsco_v2_covid19_ig_a_ia_ql" Value=""/>
				</ItemGroupData>
				<ItemGroupData ItemGroupOID="laborwerte.sarsco_v2_covid19_ig_a_ia_qn_code" ItemGroupRepeatKey="1">
					<ItemData ItemOID="sarsco_v2_covid19_ig_a_ia_qn_code" Value="2.16.840.1.113883.6.1_94720-0"/>
					<ItemData ItemOID="sarsco_v2_covid19_ig_a_ia_qn" Value=""/>
				</ItemGroupData>
				<ItemGroupData ItemGroupOID="laborwerte.sarsco_v2_covid19_ig_a_ia_qn_unit" ItemGroupRepeatKey="1">
					<ItemData ItemOID="sarsco_v2_covid19_ig_a_ia_qn_unit" Value="1"/>
				</ItemGroupData>
				<ItemGroupData ItemGroupOID="laborwerte.sarsco_v2_covid19_ab_ia_ql_code" ItemGroupRepeatKey="1">
					<ItemData ItemOID="sarsco_v2_covid19_ab_ia_ql_code" Value="2.16.840.1.113883.6.1_94762-2"/>
					<ItemData ItemOID="sarsco_v2_covid19_ab_ia_ql" Value=""/>
				</ItemGroupData>
				<ItemGroupData ItemGroupOID="laborwerte.sarsco_v2_covid19_ab_ia_qn_code" ItemGroupRepeatKey="1">
					<ItemData ItemOID="sarsco_v2_covid19_ab_ia_qn_code" Value="2.16.840.1.113883.6.1_94769-7"/>
					<ItemData ItemOID="sarsco_v2_covid19_ab_ia_qn" Value=""/>
				</ItemGroupData>
				<ItemGroupData ItemGroupOID="laborwerte.sarsco_v2_covid19_ab_ia_qn_unit" ItemGroupRepeatKey="1">
					<ItemData ItemOID="sarsco_v2_covid19_ab_ia_qn_unit" Value="1"/>
				</ItemGroupData>
				<ItemGroupData ItemGroupOID="laborwerte.laborwerte_complete" ItemGroupRepeatKey="1">
					<ItemData ItemOID="laborwerte_complete" Value="2"/>
				</ItemGroupData>
			</FormData>
	</SubjectData>
</ClinicalData>
</ODM>